#
# A fatal error has been detected by the Java Runtime Environment:
#
#  EXCEPTION_ACCESS_VIOLATION (0xc0000005) at pc=0x00000000663ddd80, pid=1796, tid=1648
#
# JRE version: Java(TM) SE Runtime Environment (8.0_45-b14) (build 1.8.0_45-b14)
# Java VM: Java HotSpot(TM) 64-Bit Server VM (25.45-b02 mixed mode windows-amd64 compressed oops)
# Problematic frame:
# V  [jvm.dll+0xadd80]
#
# Failed to write core dump. Minidumps are not enabled by default on client versions of Windows
#
# If you would like to submit a bug report, please visit:
#   http://bugreport.java.com/bugreport/crash.jsp
#

---------------  T H R E A D  ---------------

Current thread (0x0000000001ca3800):  GCTaskThread [stack: 0x0000000012290000,0x0000000012390000] [id=1648]

siginfo: ExceptionCode=0xc0000005, reading address 0x00000000d27420d8

Registers:
RAX=0x0000000000000001, RBX=0x00000000f1e3b190, RCX=0x00000000f1e3b190, RDX=0x00000000d27420d0
RSP=0x000000001238f6c8, RBP=0x0000000011ad0301, RSI=0x000000005705c680, RDI=0x0000000080c53400
R8 =0x000000005705c680, R9 =0x0000000016730208, R10=0x0000000000000008, R11=0x00000000f833fff0
R12=0x0000000011ad0290, R13=0x0000000000000051, R14=0x0000000000000000, R15=0x0000000001ca0a50
RIP=0x00000000663ddd80, EFLAGS=0x0000000000010202

Top of Stack: (sp=0x000000001238f6c8)
0x000000001238f6c8:   00000000667283a2 0000000000000059
0x000000001238f6d8:   0000000000000003 000000005705c680
0x000000001238f6e8:   0000000001c9c950 00000000f8338000
0x000000001238f6f8:   0000000000001000 000000005705c680
0x000000001238f708:   000000006672849f 0000000000000000
0x000000001238f718:   000000005705c600 0000000011ad0290
0x000000001238f728:   0000000066728710 00000000f833b12c
0x000000001238f738:   0000000011ad0301 000000005705c680
0x000000001238f748:   0000000080c53400 00000000f833b12c
0x000000001238f758:   00000000667292b5 00000000f1e1cfc0
0x000000001238f768:   0000000011ad0301 000000005705c680
0x000000001238f778:   0000000000000003 000000005705c680
0x000000001238f788:   000000005705c680 0000000080c3ea4c
0x000000001238f798:   0000000066442ed7 0000000080c3fa60
0x000000001238f7a8:   00000000664410d3 0000000080c3fa59
0x000000001238f7b8:   0000000080c3fa59 0000000080c533fc 

Instructions: (pc=0x00000000663ddd80)
0x00000000663ddd60:   3c 95 1d 00 48 8b 9c 24 d0 00 00 00 48 81 c4 c0
0x00000000663ddd70:   00 00 00 5d c3 cc cc cc cc cc cc cc cc cc cc cc
0x00000000663ddd80:   44 8b 42 08 4c 8b ca 45 85 c0 7e 0e 41 f6 c0 01
0x00000000663ddd90:   75 57 41 c1 f8 03 41 8b c0 c3 79 4d 80 3d 3e bf 


Register to memory mapping:

RAX=0x0000000000000001 is an unknown value
RBX=0x00000000f1e3b190 is an unknown value
RCX=0x00000000f1e3b190 is an unknown value
RDX=0x00000000d27420d0 is an unallocated location in the heap
RSP=0x000000001238f6c8 is an unknown value
RBP=0x0000000011ad0301 is an unknown value
RSI=0x000000005705c680 is an unknown value
RDI=0x0000000080c53400 is an oop
org.eclipse.sisu.inject.MildElements 
 - klass: 'org/eclipse/sisu/inject/MildElements'
R8 =0x000000005705c680 is an unknown value
R9 =0x0000000016730208 is pointing into metadata
R10=0x0000000000000008 is an unknown value
R11=0x00000000f833fff0 is an unknown value
R12=0x0000000011ad0290 is an unknown value
R13=0x0000000000000051 is an unknown value
R14=0x0000000000000000 is an unknown value
R15=0x0000000001ca0a50 is an unknown value


Stack: [0x0000000012290000,0x0000000012390000],  sp=0x000000001238f6c8,  free space=1021k
Native frames: (J=compiled Java code, j=interpreted, Vv=VM code, C=native code)
V  [jvm.dll+0xadd80]


---------------  P R O C E S S  ---------------

Java Threads: ( => current thread )
  0x000000005be87000 JavaThread "resolver-5" daemon [_thread_blocked, id=1132, stack(0x000000005e050000,0x000000005e150000)]
  0x000000005ce77000 JavaThread "resolver-4" daemon [_thread_blocked, id=4856, stack(0x000000005deb0000,0x000000005dfb0000)]
  0x000000005ba0b800 JavaThread "resolver-3" daemon [_thread_blocked, id=4452, stack(0x000000005dd60000,0x000000005de60000)]
  0x000000005a170000 JavaThread "resolver-2" daemon [_thread_blocked, id=804, stack(0x000000005d9d0000,0x000000005dad0000)]
  0x000000005be8c800 JavaThread "resolver-1" daemon [_thread_blocked, id=4676, stack(0x000000005db90000,0x000000005dc90000)]
  0x00000000585af000 JavaThread "Monitor Ctrl-Break" daemon [_thread_in_native, id=988, stack(0x0000000058e70000,0x0000000058f70000)]
  0x000000005712e800 JavaThread "Service Thread" daemon [_thread_blocked, id=4660, stack(0x00000000579d0000,0x0000000057ad0000)]
  0x00000000570ec800 JavaThread "C1 CompilerThread1" daemon [_thread_blocked, id=1380, stack(0x0000000058410000,0x0000000058510000)]
  0x00000000570dc800 JavaThread "C2 CompilerThread0" daemon [_thread_blocked, id=4568, stack(0x0000000058250000,0x0000000058350000)]
  0x00000000570db000 JavaThread "Attach Listener" daemon [_thread_blocked, id=4884, stack(0x0000000058120000,0x0000000058220000)]
  0x00000000570c3800 JavaThread "Signal Dispatcher" daemon [_thread_blocked, id=1196, stack(0x0000000057f30000,0x0000000058030000)]
  0x000000005706e000 JavaThread "Finalizer" daemon [_thread_blocked, id=3516, stack(0x0000000057dc0000,0x0000000057ec0000)]
  0x0000000057064000 JavaThread "Reference Handler" daemon [_thread_blocked, id=4464, stack(0x0000000057c40000,0x0000000057d40000)]
  0x00000000002be800 JavaThread "main" [_thread_blocked, id=5076, stack(0x0000000002610000,0x0000000002710000)]

Other Threads:
  0x000000005705e800 VMThread [stack: 0x0000000057b00000,0x0000000057c00000] [id=4584]
  0x000000005855f800 WatcherThread [stack: 0x0000000058a00000,0x0000000058b00000] [id=4272]

=>0x0000000001ca3800 (exited) GCTaskThread [stack: 0x0000000012290000,0x0000000012390000] [id=1648]

VM state:at safepoint (normal execution)

VM Mutex/Monitor currently owned by a thread:  ([mutex/lock_event])
[0x00000000002bc3c0] Threads_lock - owner thread: 0x000000005705e800
[0x00000000002bc8c0] Heap_lock - owner thread: 0x00000000002be800

Heap:
 PSYoungGen      total 479744K, used 479742K [0x00000000d5980000, 0x00000000f9d80000, 0x0000000100000000)
  eden space 463360K, 100% used [0x00000000d5980000,0x00000000f1e00000,0x00000000f1e00000)
  from space 16384K, 99% used [0x00000000f1e00000,0x00000000f2dffbf0,0x00000000f2e00000)
  to   space 27136K, 2% used [0x00000000f8300000,0x00000000f83a0000,0x00000000f9d80000)
 ParOldGen       total 93696K, used 54532K [0x0000000080c00000, 0x0000000086780000, 0x00000000d5980000)
  object space 93696K, 58% used [0x0000000080c00000,0x0000000084141108,0x0000000086780000)
 Metaspace       used 25050K, capacity 25752K, committed 25904K, reserved 1073152K
  class space    used 2870K, capacity 3035K, committed 3120K, reserved 1048576K

Card table byte_map: [0x0000000011ad0000,0x0000000011ed0000] byte_map_base: 0x00000000116ca000

Marking Bits: (ParMarkBitMap*) 0x0000000066b34040
 Begin Bits: [0x0000000012390000, 0x0000000014360000)
 End Bits:   [0x0000000014360000, 0x0000000016330000)

Polling page: 0x0000000000140000

CodeCache: size=245760Kb used=18210Kb max_used=18230Kb free=227549Kb
 bounds [0x0000000002710000, 0x0000000003900000, 0x0000000011710000]
 total_blobs=5642 nmethods=5270 adapters=285
 compilation: enabled

Compilation events (10 events):
Event: 18.553 Thread 0x00000000570ec800 6169       3       java.net.URI::access$500 (4 bytes)
Event: 18.553 Thread 0x00000000570ec800 nmethod 6169 0x00000000038db190 code [0x00000000038db2e0, 0x00000000038db410]
Event: 18.668 Thread 0x00000000570ec800 6170       3       java.net.URI::toString (60 bytes)
Event: 18.669 Thread 0x00000000570ec800 nmethod 6170 0x00000000038d9250 code [0x00000000038d9480, 0x00000000038da748]
Event: 18.669 Thread 0x00000000570ec800 6171       3       java.net.URI::checkPath (37 bytes)
Event: 18.669 Thread 0x00000000570ec800 nmethod 6171 0x00000000038d8810 code [0x00000000038d89c0, 0x00000000038d8f98]
Event: 18.669 Thread 0x00000000570ec800 6172       3       java.net.URI$Parser::parse (265 bytes)
Event: 18.671 Thread 0x00000000570ec800 nmethod 6172 0x00000000038e8c90 code [0x00000000038e90e0, 0x00000000038eb728]
Event: 19.001 Thread 0x00000000570dc800 6173       4       org.codehaus.plexus.archiver.zip.AbstractZipArchiver::addParentDirs (210 bytes)
Event: 19.059 Thread 0x00000000570dc800 nmethod 6173 0x00000000038f0a10 code [0x00000000038f0d00, 0x00000000038f3038]

GC Heap History (10 events):
Event: 10.106 GC heap after
Heap after GC invocations=14 (full 1):
 PSYoungGen      total 320000K, used 8576K [0x00000000d5980000, 0x00000000ef080000, 0x0000000100000000)
  eden space 303616K, 0% used [0x00000000d5980000,0x00000000d5980000,0x00000000e8200000)
  from space 16384K, 52% used [0x00000000e8200000,0x00000000e8a60020,0x00000000e9200000)
  to   space 15872K, 0% used [0x00000000ee100000,0x00000000ee100000,0x00000000ef080000)
 ParOldGen       total 93696K, used 31562K [0x0000000080c00000, 0x0000000086780000, 0x00000000d5980000)
  object space 93696K, 33% used [0x0000000080c00000,0x0000000082ad28e8,0x0000000086780000)
 Metaspace       used 24615K, capacity 25324K, committed 25648K, reserved 1071104K
  class space    used 2842K, capacity 3001K, committed 3120K, reserved 1048576K
}
Event: 14.449 GC heap before
{Heap before GC invocations=15 (full 1):
 PSYoungGen      total 320000K, used 312192K [0x00000000d5980000, 0x00000000ef080000, 0x0000000100000000)
  eden space 303616K, 100% used [0x00000000d5980000,0x00000000e8200000,0x00000000e8200000)
  from space 16384K, 52% used [0x00000000e8200000,0x00000000e8a60020,0x00000000e9200000)
  to   space 15872K, 0% used [0x00000000ee100000,0x00000000ee100000,0x00000000ef080000)
 ParOldGen       total 93696K, used 31562K [0x0000000080c00000, 0x0000000086780000, 0x00000000d5980000)
  object space 93696K, 33% used [0x0000000080c00000,0x0000000082ad28e8,0x0000000086780000)
 Metaspace       used 24866K, capacity 25560K, committed 25904K, reserved 1073152K
  class space    used 2864K, capacity 3035K, committed 3120K, reserved 1048576K
Event: 14.470 GC heap after
Heap after GC invocations=15 (full 1):
 PSYoungGen      total 384512K, used 10136K [0x00000000d5980000, 0x00000000eeb00000, 0x0000000100000000)
  eden space 374272K, 0% used [0x00000000d5980000,0x00000000d5980000,0x00000000ec700000)
  from space 10240K, 98% used [0x00000000ee100000,0x00000000eeae6090,0x00000000eeb00000)
  to   space 15872K, 0% used [0x00000000ecc00000,0x00000000ecc00000,0x00000000edb80000)
 ParOldGen       total 93696K, used 31570K [0x0000000080c00000, 0x0000000086780000, 0x00000000d5980000)
  object space 93696K, 33% used [0x0000000080c00000,0x0000000082ad48e8,0x0000000086780000)
 Metaspace       used 24866K, capacity 25560K, committed 25904K, reserved 1073152K
  class space    used 2864K, capacity 3035K, committed 3120K, reserved 1048576K
}
Event: 14.888 GC heap before
{Heap before GC invocations=16 (full 1):
 PSYoungGen      total 384512K, used 384408K [0x00000000d5980000, 0x00000000eeb00000, 0x0000000100000000)
  eden space 374272K, 100% used [0x00000000d5980000,0x00000000ec700000,0x00000000ec700000)
  from space 10240K, 98% used [0x00000000ee100000,0x00000000eeae6090,0x00000000eeb00000)
  to   space 15872K, 0% used [0x00000000ecc00000,0x00000000ecc00000,0x00000000edb80000)
 ParOldGen       total 93696K, used 31570K [0x0000000080c00000, 0x0000000086780000, 0x00000000d5980000)
  object space 93696K, 33% used [0x0000000080c00000,0x0000000082ad48e8,0x0000000086780000)
 Metaspace       used 24890K, capacity 25560K, committed 25904K, reserved 1073152K
  class space    used 2864K, capacity 3035K, committed 3120K, reserved 1048576K
Event: 14.901 GC heap after
Heap after GC invocations=16 (full 1):
 PSYoungGen      total 395264K, used 10480K [0x00000000d5980000, 0x00000000f3d80000, 0x0000000100000000)
  eden space 379392K, 0% used [0x00000000d5980000,0x00000000d5980000,0x00000000ecc00000)
  from space 15872K, 66% used [0x00000000ecc00000,0x00000000ed63c150,0x00000000edb80000)
  to   space 15872K, 0% used [0x00000000f2e00000,0x00000000f2e00000,0x00000000f3d80000)
 ParOldGen       total 93696K, used 31578K [0x0000000080c00000, 0x0000000086780000, 0x00000000d5980000)
  object space 93696K, 33% used [0x0000000080c00000,0x0000000082ad68e8,0x0000000086780000)
 Metaspace       used 24890K, capacity 25560K, committed 25904K, reserved 1073152K
  class space    used 2864K, capacity 3035K, committed 3120K, reserved 1048576K
}
Event: 15.215 GC heap before
{Heap before GC invocations=17 (full 1):
 PSYoungGen      total 395264K, used 389872K [0x00000000d5980000, 0x00000000f3d80000, 0x0000000100000000)
  eden space 379392K, 100% used [0x00000000d5980000,0x00000000ecc00000,0x00000000ecc00000)
  from space 15872K, 66% used [0x00000000ecc00000,0x00000000ed63c150,0x00000000edb80000)
  to   space 15872K, 0% used [0x00000000f2e00000,0x00000000f2e00000,0x00000000f3d80000)
 ParOldGen       total 93696K, used 31578K [0x0000000080c00000, 0x0000000086780000, 0x00000000d5980000)
  object space 93696K, 33% used [0x0000000080c00000,0x0000000082ad68e8,0x0000000086780000)
 Metaspace       used 24890K, capacity 25560K, committed 25904K, reserved 1073152K
  class space    used 2864K, capacity 3035K, committed 3120K, reserved 1048576K
Event: 15.231 GC heap after
Heap after GC invocations=17 (full 1):
 PSYoungGen      total 479232K, used 13056K [0x00000000d5980000, 0x00000000f4f00000, 0x0000000100000000)
  eden space 463360K, 0% used [0x00000000d5980000,0x00000000d5980000,0x00000000f1e00000)
  from space 15872K, 82% used [0x00000000f2e00000,0x00000000f3ac0030,0x00000000f3d80000)
  to   space 16384K, 0% used [0x00000000f1e00000,0x00000000f1e00000,0x00000000f2e00000)
 ParOldGen       total 93696K, used 31586K [0x0000000080c00000, 0x0000000086780000, 0x00000000d5980000)
  object space 93696K, 33% used [0x0000000080c00000,0x0000000082ad88e8,0x0000000086780000)
 Metaspace       used 24890K, capacity 25560K, committed 25904K, reserved 1073152K
  class space    used 2864K, capacity 3035K, committed 3120K, reserved 1048576K
}
Event: 17.178 GC heap before
{Heap before GC invocations=18 (full 1):
 PSYoungGen      total 479232K, used 476416K [0x00000000d5980000, 0x00000000f4f00000, 0x0000000100000000)
  eden space 463360K, 100% used [0x00000000d5980000,0x00000000f1e00000,0x00000000f1e00000)
  from space 15872K, 82% used [0x00000000f2e00000,0x00000000f3ac0030,0x00000000f3d80000)
  to   space 16384K, 0% used [0x00000000f1e00000,0x00000000f1e00000,0x00000000f2e00000)
 ParOldGen       total 93696K, used 31586K [0x0000000080c00000, 0x0000000086780000, 0x00000000d5980000)
  object space 93696K, 33% used [0x0000000080c00000,0x0000000082ad88e8,0x0000000086780000)
 Metaspace       used 25040K, capacity 25752K, committed 25904K, reserved 1073152K
  class space    used 2870K, capacity 3035K, committed 3120K, reserved 1048576K
Event: 17.208 GC heap after
Heap after GC invocations=18 (full 1):
 PSYoungGen      total 479744K, used 16382K [0x00000000d5980000, 0x00000000f9d80000, 0x0000000100000000)
  eden space 463360K, 0% used [0x00000000d5980000,0x00000000d5980000,0x00000000f1e00000)
  from space 16384K, 99% used [0x00000000f1e00000,0x00000000f2dffbf0,0x00000000f2e00000)
  to   space 27136K, 0% used [0x00000000f8300000,0x00000000f8300000,0x00000000f9d80000)
 ParOldGen       total 93696K, used 54532K [0x0000000080c00000, 0x0000000086780000, 0x00000000d5980000)
  object space 93696K, 58% used [0x0000000080c00000,0x0000000084141108,0x0000000086780000)
 Metaspace       used 25040K, capacity 25752K, committed 25904K, reserved 1073152K
  class space    used 2870K, capacity 3035K, committed 3120K, reserved 1048576K
}
Event: 19.885 GC heap before
{Heap before GC invocations=19 (full 1):
 PSYoungGen      total 479744K, used 479742K [0x00000000d5980000, 0x00000000f9d80000, 0x0000000100000000)
  eden space 463360K, 100% used [0x00000000d5980000,0x00000000f1e00000,0x00000000f1e00000)
  from space 16384K, 99% used [0x00000000f1e00000,0x00000000f2dffbf0,0x00000000f2e00000)
  to   space 27136K, 0% used [0x00000000f8300000,0x00000000f8300000,0x00000000f9d80000)
 ParOldGen       total 93696K, used 54532K [0x0000000080c00000, 0x0000000086780000, 0x00000000d5980000)
  object space 93696K, 58% used [0x0000000080c00000,0x0000000084141108,0x0000000086780000)
 Metaspace       used 25050K, capacity 25752K, committed 25904K, reserved 1073152K
  class space    used 2870K, capacity 3035K, committed 3120K, reserved 1048576K

Deoptimization events (10 events):
Event: 15.374 Thread 0x00000000002be800 Uncommon trap: reason=class_check action=maybe_recompile pc=0x000000000387e3c0 method=org.codehaus.plexus.archiver.filters.JarSecurityFileSelector.isSelected(Lorg/codehaus/plexus/components/io/fileselectors/FileInfo;)Z @ 1
Event: 15.376 Thread 0x00000000002be800 Uncommon trap: reason=class_check action=maybe_recompile pc=0x000000000388b41c method=org.codehaus.plexus.archiver.AbstractArchiver$1.hasNext()Z @ 184
Event: 15.376 Thread 0x00000000002be800 Uncommon trap: reason=class_check action=maybe_recompile pc=0x000000000388b41c method=org.codehaus.plexus.archiver.AbstractArchiver$1.hasNext()Z @ 184
Event: 15.376 Thread 0x00000000002be800 Uncommon trap: reason=class_check action=maybe_recompile pc=0x000000000388b41c method=org.codehaus.plexus.archiver.AbstractArchiver$1.hasNext()Z @ 184
Event: 15.386 Thread 0x00000000002be800 Uncommon trap: reason=unstable_if action=reinterpret pc=0x0000000002897e50 method=java.util.Vector.indexOf(Ljava/lang/Object;I)I @ 54
Event: 15.386 Thread 0x00000000002be800 Uncommon trap: reason=unstable_if action=reinterpret pc=0x000000000281e150 method=java.util.Vector.removeElementAt(I)V @ 75
Event: 15.389 Thread 0x00000000002be800 Uncommon trap: reason=unstable_if action=reinterpret pc=0x0000000002f0b324 method=sun.util.calendar.BaseCalendar.getCalendarDateFromFixedDate(Lsun/util/calendar/CalendarDate;J)V @ 74
Event: 17.467 Thread 0x00000000002be800 Uncommon trap: reason=unstable_if action=reinterpret pc=0x000000000388e858 method=java.util.Hashtable.contains(Ljava/lang/Object;)Z @ 24
Event: 17.467 Thread 0x00000000002be800 Uncommon trap: reason=unstable_if action=reinterpret pc=0x00000000036884d4 method=java.util.Hashtable.contains(Ljava/lang/Object;)Z @ 24
Event: 19.849 Thread 0x00000000002be800 Uncommon trap: reason=unstable_if action=reinterpret pc=0x00000000036921b0 method=sun.util.calendar.BaseCalendar$Date.hit(J)Z @ 6

Internal exceptions (10 events):
Event: 3.829 Thread 0x00000000002be800 Exception <a 'java/io/FileNotFoundException'> (0x00000000d837f430) thrown at [C:\re\workspace\8-2-build-windows-amd64-cygwin\jdk8u45\3457\hotspot\src\share\vm\prims\jni.cpp, line 709]
Event: 3.876 Thread 0x00000000002be800 Exception <a 'java/io/FileNotFoundException'> (0x00000000d8b9b7e0) thrown at [C:\re\workspace\8-2-build-windows-amd64-cygwin\jdk8u45\3457\hotspot\src\share\vm\prims\jni.cpp, line 709]
Event: 3.876 Thread 0x00000000002be800 Exception <a 'java/io/FileNotFoundException'> (0x00000000d8b9c570) thrown at [C:\re\workspace\8-2-build-windows-amd64-cygwin\jdk8u45\3457\hotspot\src\share\vm\prims\jni.cpp, line 709]
Event: 3.876 Thread 0x00000000002be800 Exception <a 'java/io/FileNotFoundException'> (0x00000000d8b9d330) thrown at [C:\re\workspace\8-2-build-windows-amd64-cygwin\jdk8u45\3457\hotspot\src\share\vm\prims\jni.cpp, line 709]
Event: 3.876 Thread 0x00000000002be800 Exception <a 'java/io/FileNotFoundException'> (0x00000000d8b9e100) thrown at [C:\re\workspace\8-2-build-windows-amd64-cygwin\jdk8u45\3457\hotspot\src\share\vm\prims\jni.cpp, line 709]
Event: 5.861 Thread 0x00000000002be800 Implicit null exception at 0x0000000003623d5f to 0x0000000003623fa1
Event: 7.929 Thread 0x00000000002be800 Implicit null exception at 0x00000000031cbe19 to 0x00000000031ce3a5
Event: 11.586 Thread 0x00000000002be800 Implicit null exception at 0x00000000037c254a to 0x00000000037c52a1
Event: 12.223 Thread 0x00000000002be800 Implicit null exception at 0x0000000002df7f82 to 0x0000000002dfab3d
Event: 14.215 Thread 0x00000000002be800 Implicit null exception at 0x0000000003206249 to 0x00000000032067e9

Events (10 events):
Event: 17.538 Thread 0x00000000002be800 DEOPT PACKING pc=0x00000000038aff59 sp=0x000000000270d740
Event: 17.538 Thread 0x00000000002be800 DEOPT UNPACKING pc=0x000000000275747f sp=0x000000000270d468 mode 0
Event: 17.542 Thread 0x00000000002be800 DEOPT PACKING pc=0x00000000038aff70 sp=0x000000000270d740
Event: 17.542 Thread 0x00000000002be800 DEOPT UNPACKING pc=0x000000000275747f sp=0x000000000270d468 mode 0
Event: 17.544 Thread 0x00000000002be800 DEOPT PACKING pc=0x00000000038aff70 sp=0x000000000270d740
Event: 17.544 Thread 0x00000000002be800 DEOPT UNPACKING pc=0x000000000275747f sp=0x000000000270d468 mode 0
Event: 19.849 Thread 0x00000000002be800 Uncommon trap: trap_request=0xffffff65 fr.pc=0x00000000036921b0
Event: 19.849 Thread 0x00000000002be800 DEOPT PACKING pc=0x00000000036921b0 sp=0x000000000270d640
Event: 19.849 Thread 0x00000000002be800 DEOPT UNPACKING pc=0x000000000275582a sp=0x000000000270d4a0 mode 2
Event: 19.885 Executing VM operation: ParallelGCFailedAllocation


Dynamic libraries:
0x000000013fb10000 - 0x000000013fb47000 	C:\Program Files\Java\jdk1.8.0_45\bin\java.exe
0x0000000077150000 - 0x00000000772f9000 	C:\windows\SYSTEM32\ntdll.dll
0x0000000076bc0000 - 0x0000000076cdf000 	C:\windows\system32\kernel32.dll
0x000007fefd8f0000 - 0x000007fefd95c000 	C:\windows\system32\KERNELBASE.dll
0x000007fefeab0000 - 0x000007fefeb8b000 	C:\windows\system32\ADVAPI32.dll
0x000007feff2c0000 - 0x000007feff35f000 	C:\windows\system32\msvcrt.dll
0x000007feff440000 - 0x000007feff45f000 	C:\windows\SYSTEM32\sechost.dll
0x000007fefeed0000 - 0x000007fefeffd000 	C:\windows\system32\RPCRT4.dll
0x0000000076e40000 - 0x0000000076f3a000 	C:\windows\system32\USER32.dll
0x000007fefed80000 - 0x000007fefede7000 	C:\windows\system32\GDI32.dll
0x000007feff360000 - 0x000007feff36e000 	C:\windows\system32\LPK.dll
0x000007feff370000 - 0x000007feff439000 	C:\windows\system32\USP10.dll
0x000007fefd100000 - 0x000007fefd2f4000 	C:\windows\WinSxS\amd64_microsoft.windows.common-controls_6595b64144ccf1df_6.0.7601.17514_none_fa396087175ac9ac\COMCTL32.dll
0x000007fefeb90000 - 0x000007fefec01000 	C:\windows\system32\SHLWAPI.dll
0x000007fefdcd0000 - 0x000007fefdcfe000 	C:\windows\system32\IMM32.DLL
0x000007fefec70000 - 0x000007fefed79000 	C:\windows\system32\MSCTF.dll
0x0000000069410000 - 0x00000000694e2000 	C:\Program Files\Java\jdk1.8.0_45\jre\bin\msvcr100.dll
0x0000000066330000 - 0x0000000066bb3000 	C:\Program Files\Java\jdk1.8.0_45\jre\bin\server\jvm.dll
0x000007fefb890000 - 0x000007fefb899000 	C:\windows\system32\WSOCK32.dll
0x000007fefdc80000 - 0x000007fefdccd000 	C:\windows\system32\WS2_32.dll
0x000007feff000000 - 0x000007feff008000 	C:\windows\system32\NSI.dll
0x000007fefadc0000 - 0x000007fefadfb000 	C:\windows\system32\WINMM.dll
0x000007fefc0d0000 - 0x000007fefc0dc000 	C:\windows\system32\VERSION.dll
0x0000000077320000 - 0x0000000077327000 	C:\windows\system32\PSAPI.DLL
0x0000000069400000 - 0x000000006940f000 	C:\Program Files\Java\jdk1.8.0_45\jre\bin\verify.dll
0x00000000693d0000 - 0x00000000693f9000 	C:\Program Files\Java\jdk1.8.0_45\jre\bin\java.dll
0x00000000693b0000 - 0x00000000693c6000 	C:\Program Files\Java\jdk1.8.0_45\jre\bin\zip.dll
0x000007fefdd20000 - 0x000007fefeaa8000 	C:\windows\system32\SHELL32.dll
0x000007feff010000 - 0x000007feff213000 	C:\windows\system32\ole32.dll
0x000007fefd5b0000 - 0x000007fefd5bf000 	C:\windows\system32\profapi.dll
0x000007fefb8a0000 - 0x000007fefb8b0000 	C:\Program Files (x86)\JetBrains\IntelliJ IDEA 12.1.7\bin\breakgen64.dll
0x0000000069390000 - 0x00000000693aa000 	C:\Program Files\Java\jdk1.8.0_45\jre\bin\net.dll
0x000007fefcb20000 - 0x000007fefcb75000 	C:\windows\system32\mswsock.dll
0x000007fefcb10000 - 0x000007fefcb17000 	C:\windows\System32\wship6.dll
0x0000000069370000 - 0x0000000069381000 	C:\Program Files\Java\jdk1.8.0_45\jre\bin\nio.dll
0x000007fefd480000 - 0x000007fefd4d7000 	C:\windows\system32\apphelp.dll
0x000007fef0c70000 - 0x000007fef0d95000 	C:\windows\system32\dbghelp.dll

VM Arguments:
jvm_args: -Dmaven.home=F:\apache-maven-3.2.3 -Dclassworlds.conf=F:\apache-maven-3.2.3\bin\m2.conf -Didea.launcher.port=7536 -Didea.launcher.bin.path=C:\Program Files (x86)\JetBrains\IntelliJ IDEA 12.1.7\bin -Dfile.encoding=UTF-8 
java_command: com.intellij.rt.execution.application.AppMain org.codehaus.classworlds.Launcher --fail-fast --strict-checksums deploy
java_class_path (initial): F:\apache-maven-3.2.3\boot\plexus-classworlds-2.5.1.jar;C:\Program Files (x86)\JetBrains\IntelliJ IDEA 12.1.7\lib\idea_rt.jar
Launcher Type: SUN_STANDARD

Environment Variables:
JAVA_HOME=C:\Program Files\Java\jdk1.8.0_45
CLASSPATH=C:\Program Files\Java\jdk1.8.0_45\lib\dt.jar;C:\Program Files\Java\jdk1.8.0_45\lib\tools.jar;
PATH=C:\Program Files (x86)\JetBrains\IntelliJ IDEA 12.1.7\bin\..\.\bin;C:\ProgramData\Oracle\Java\javapath;C:\Program Files (x86)\Common Files\NetSarang;C:\windows\system32;C:\windows;C:\windows\System32\Wbem;C:\windows\System32\WindowsPowerShell\v1.0\;C:\Program Files\Java\jdk1.8.0_45\bin;C:\Program Files\Java\jdk1.8.0_45\jre\bin;C:\Program Files\TortoiseSVN\bin;C:\cygwin\bin;C:\cygwin\bin;;c:\program files (x86)\jetbrains\intellij idea 12.1.7\jre\jre\bin
USERNAME=Administrator
OS=Windows_NT
PROCESSOR_IDENTIFIER=Intel64 Family 6 Model 58 Stepping 9, GenuineIntel



---------------  S Y S T E M  ---------------

OS: Windows 7 , 64 bit Build 7601 (6.1.7601.17965)

CPU:total 2 (2 cores per cpu, 1 threads per core) family 6 model 58 stepping 9, cmov, cx8, fxsr, mmx, sse, sse2, sse3, ssse3, sse4.1, sse4.2, popcnt, clmul, erms, tsc, tscinvbit, tscinv

Memory: 4k page, physical 8333864k(5226476k free), swap 25109228k(21119996k free)

vm_info: Java HotSpot(TM) 64-Bit Server VM (25.45-b02) for windows-amd64 JRE (1.8.0_45-b14), built on Apr 10 2015 10:34:15 by "java_re" with MS VC++ 10.0 (VS2010)

time: Tue Jan 26 15:24:49 2016
elapsed time: 19 seconds (0d 0h 0m 19s)

