#
# A fatal error has been detected by the Java Runtime Environment:
#
#  EXCEPTION_ACCESS_VIOLATION (0xc0000005) at pc=0x00000000623addf2, pid=5508, tid=2320
#
# JRE version: Java(TM) SE Runtime Environment (8.0_45-b14) (build 1.8.0_45-b14)
# Java VM: Java HotSpot(TM) 64-Bit Server VM (25.45-b02 mixed mode windows-amd64 compressed oops)
# Problematic frame:
# V  [jvm.dll+0xaddf2]
#
# Failed to write core dump. Minidumps are not enabled by default on client versions of Windows
#
# If you would like to submit a bug report, please visit:
#   http://bugreport.java.com/bugreport/crash.jsp
#

---------------  T H R E A D  ---------------

Current thread (0x0000000002453800):  GCTaskThread [stack: 0x0000000002530000,0x0000000002630000] [id=2320]

siginfo: ExceptionCode=0xc0000005, reading address 0x00000000000000e8

Registers:
RAX=0x0000000000000000, RBX=0x00000000d6c21610, RCX=0x00000000576816d0, RDX=0x00000000d6c21610
RSP=0x000000000262f3c8, RBP=0x000000000262f590, RSI=0x0000000056faa680, RDI=0x0000000056faa680
R8 =0x0000000000000000, R9 =0x00000000576816d0, R10=0x0000000016681ef8, R11=0x00000000d8155110
R12=0x0000000062946210, R13=0x0000000000000001, R14=0x0000000000000000, R15=0x00000000024540e0
RIP=0x00000000623addf2, EFLAGS=0x0000000000010246

Top of Stack: (sp=0x000000000262f3c8)
0x000000000262f3c8:   00000000626f83a2 00000000d6c21580
0x000000000262f3d8:   0000000056faa680 0000000056faa680
0x000000000262f3e8:   00000000624110d3 00000000d814e010
0x000000000262f3f8:   0000000000001000 00000000d7f00578
0x000000000262f408:   0000000062412ed7 0000000000000000
0x000000000262f418:   000000000244c900 0000000062946210
0x000000000262f428:   00000000626f8710 00000000d8155124
0x000000000262f438:   000000000262f590 0000000056faa680
0x000000000262f448:   0000000056faa680 00000000d8155124
0x000000000262f458:   00000000626f92b5 00000000d7622bf0
0x000000000262f468:   000000000262f590 0000000056faa680
0x000000000262f478:   0000000000001000 0000000080c004e4
0x000000000262f488:   0000000062412fc0 00000000024540d0
0x000000000262f498:   000000000244c950 0000000062946210
0x000000000262f4a8:   00000000626fb0c6 0000000062af90f0
0x000000000262f4b8:   000000000262f590 0000000000000000 

Instructions: (pc=0x00000000623addf2)
0x00000000623addd2:   e2 49 8d 0c 11 49 f7 d1 48 03 c1 49 c1 e9 03 48
0x00000000623adde2:   c1 e8 03 41 23 c1 c3 48 8b 02 48 8b d1 49 8b c9
0x00000000623addf2:   48 ff a0 e8 00 00 00 cc cc cc cc cc cc cc 80 3d
0x00000000623ade02:   da be 74 00 00 48 8b c1 74 1b 8b 51 08 8b 0d 93 


Register to memory mapping:

RAX=0x0000000000000000 is an unknown value
RBX=0x00000000d6c21610 is an oop

[error occurred during error reporting (printing register info), id 0xc0000005]

Stack: [0x0000000002530000,0x0000000002630000],  sp=0x000000000262f3c8,  free space=1020k
Native frames: (J=compiled Java code, j=interpreted, Vv=VM code, C=native code)
V  [jvm.dll+0xaddf2]


---------------  P R O C E S S  ---------------

Java Threads: ( => current thread )
  0x00000000584c4800 JavaThread "Monitor Ctrl-Break" daemon [_thread_in_native, id=2068, stack(0x0000000058e30000,0x0000000058f30000)]
  0x000000005707e000 JavaThread "Service Thread" daemon [_thread_blocked, id=5596, stack(0x0000000058950000,0x0000000058a50000)]
  0x000000005703c800 JavaThread "C1 CompilerThread1" daemon [_thread_blocked, id=5288, stack(0x0000000058320000,0x0000000058420000)]
  0x000000005702c000 JavaThread "C2 CompilerThread0" daemon [_thread_in_native, id=5180, stack(0x00000000581e0000,0x00000000582e0000)]
  0x000000005702b000 JavaThread "Attach Listener" daemon [_thread_blocked, id=3304, stack(0x0000000058030000,0x0000000058130000)]
  0x0000000057013800 JavaThread "Signal Dispatcher" daemon [_thread_blocked, id=5740, stack(0x0000000057a20000,0x0000000057b20000)]
  0x0000000056fbe800 JavaThread "Finalizer" daemon [_thread_blocked, id=4692, stack(0x0000000057de0000,0x0000000057ee0000)]
  0x0000000056fb2000 JavaThread "Reference Handler" daemon [_thread_blocked, id=5144, stack(0x0000000057c60000,0x0000000057d60000)]
  0x000000000241e800 JavaThread "main" [_thread_blocked, id=5952, stack(0x0000000002660000,0x0000000002760000)]

Other Threads:
  0x0000000056fac800 VMThread [stack: 0x0000000057b20000,0x0000000057c20000] [id=5016]
  0x000000005843b800 WatcherThread [stack: 0x0000000057ef0000,0x0000000057ff0000] [id=3236]

=>0x0000000002453800 (exited) GCTaskThread [stack: 0x0000000002530000,0x0000000002630000] [id=2320]

VM state:at safepoint (normal execution)

VM Mutex/Monitor currently owned by a thread:  ([mutex/lock_event])
[0x000000000241c3c0] Threads_lock - owner thread: 0x0000000056fac800
[0x000000000241c8c0] Heap_lock - owner thread: 0x000000000241e800

Heap:
 PSYoungGen      total 38400K, used 38077K [0x00000000d5980000, 0x00000000d8400000, 0x0000000100000000)
  eden space 33280K, 100% used [0x00000000d5980000,0x00000000d7a00000,0x00000000d7a00000)
  from space 5120K, 93% used [0x00000000d7a00000,0x00000000d7eaf550,0x00000000d7f00000)
  to   space 5120K, 46% used [0x00000000d7f00000,0x00000000d8156010,0x00000000d8400000)
 ParOldGen       total 87552K, used 8K [0x0000000080c00000, 0x0000000086180000, 0x00000000d5980000)
  object space 87552K, 0% used [0x0000000080c00000,0x0000000080c02000,0x0000000086180000)
 Metaspace       used 12832K, capacity 13018K, committed 13312K, reserved 1060864K
  class space    used 1586K, capacity 1673K, committed 1792K, reserved 1048576K

Card table byte_map: [0x0000000011b20000,0x0000000011f20000] byte_map_base: 0x000000001171a000

Marking Bits: (ParMarkBitMap*) 0x0000000062b04040
 Begin Bits: [0x00000000122e0000, 0x00000000142b0000)
 End Bits:   [0x00000000142b0000, 0x0000000016280000)

Polling page: 0x0000000000330000

CodeCache: size=245760Kb used=4412Kb max_used=4412Kb free=241347Kb
 bounds [0x0000000002760000, 0x0000000002bc0000, 0x0000000011760000]
 total_blobs=1599 nmethods=1277 adapters=235
 compilation: enabled

Compilation events (10 events):
Event: 1.143 Thread 0x000000005703c800 nmethod 1273 0x0000000002baf5d0 code [0x0000000002baf740, 0x0000000002bafa30]
Event: 1.174 Thread 0x000000005703c800 1279       3       java.util.regex.Pattern::peek (26 bytes)
Event: 1.174 Thread 0x000000005703c800 nmethod 1279 0x0000000002bb0110 code [0x0000000002bb0280, 0x0000000002bb0528]
Event: 1.174 Thread 0x000000005703c800 1277       3       java.util.LinkedHashMap$LinkedEntryIterator::next (5 bytes)
Event: 1.174 Thread 0x000000005703c800 nmethod 1277 0x0000000002bb0650 code [0x0000000002bb07c0, 0x0000000002bb0aa8]
Event: 1.174 Thread 0x000000005703c800 1278       3       java.util.LinkedHashMap$LinkedEntryIterator::next (5 bytes)
Event: 1.174 Thread 0x000000005703c800 nmethod 1278 0x0000000002bb0b50 code [0x0000000002bb0cc0, 0x0000000002bb0ec8]
Event: 1.178 Thread 0x000000005703c800 1280       3       java.util.AbstractSet::<init> (5 bytes)
Event: 1.178 Thread 0x000000005703c800 nmethod 1280 0x0000000002bb0f50 code [0x0000000002bb10c0, 0x0000000002bb12d0]
Event: 1.179 Thread 0x000000005703c800 1281       3       java.util.regex.Pattern$Curly::match0 (174 bytes)

GC Heap History (3 events):
Event: 0.637 GC heap before
{Heap before GC invocations=1 (full 0):
 PSYoungGen      total 38400K, used 33280K [0x00000000d5980000, 0x00000000d8400000, 0x0000000100000000)
  eden space 33280K, 100% used [0x00000000d5980000,0x00000000d7a00000,0x00000000d7a00000)
  from space 5120K, 0% used [0x00000000d7f00000,0x00000000d7f00000,0x00000000d8400000)
  to   space 5120K, 0% used [0x00000000d7a00000,0x00000000d7a00000,0x00000000d7f00000)
 ParOldGen       total 87552K, used 0K [0x0000000080c00000, 0x0000000086180000, 0x00000000d5980000)
  object space 87552K, 0% used [0x0000000080c00000,0x0000000080c00000,0x0000000086180000)
 Metaspace       used 7894K, capacity 8040K, committed 8192K, reserved 1056768K
  class space    used 963K, capacity 1020K, committed 1024K, reserved 1048576K
Event: 0.642 GC heap after
Heap after GC invocations=1 (full 0):
 PSYoungGen      total 38400K, used 4797K [0x00000000d5980000, 0x00000000d8400000, 0x0000000100000000)
  eden space 33280K, 0% used [0x00000000d5980000,0x00000000d5980000,0x00000000d7a00000)
  from space 5120K, 93% used [0x00000000d7a00000,0x00000000d7eaf550,0x00000000d7f00000)
  to   space 5120K, 0% used [0x00000000d7f00000,0x00000000d7f00000,0x00000000d8400000)
 ParOldGen       total 87552K, used 8K [0x0000000080c00000, 0x0000000086180000, 0x00000000d5980000)
  object space 87552K, 0% used [0x0000000080c00000,0x0000000080c02000,0x0000000086180000)
 Metaspace       used 7894K, capacity 8040K, committed 8192K, reserved 1056768K
  class space    used 963K, capacity 1020K, committed 1024K, reserved 1048576K
}
Event: 1.189 GC heap before
{Heap before GC invocations=2 (full 0):
 PSYoungGen      total 38400K, used 38077K [0x00000000d5980000, 0x00000000d8400000, 0x0000000100000000)
  eden space 33280K, 100% used [0x00000000d5980000,0x00000000d7a00000,0x00000000d7a00000)
  from space 5120K, 93% used [0x00000000d7a00000,0x00000000d7eaf550,0x00000000d7f00000)
  to   space 5120K, 0% used [0x00000000d7f00000,0x00000000d7f00000,0x00000000d8400000)
 ParOldGen       total 87552K, used 8K [0x0000000080c00000, 0x0000000086180000, 0x00000000d5980000)
  object space 87552K, 0% used [0x0000000080c00000,0x0000000080c02000,0x0000000086180000)
 Metaspace       used 12832K, capacity 13018K, committed 13312K, reserved 1060864K
  class space    used 1586K, capacity 1673K, committed 1792K, reserved 1048576K

Deoptimization events (5 events):
Event: 0.543 Thread 0x000000000241e800 Uncommon trap: reason=unstable_if action=reinterpret pc=0x00000000029f8f2c method=org.codehaus.plexus.util.xml.pull.MXParser.nextImpl()I @ 241
Event: 0.622 Thread 0x000000000241e800 Uncommon trap: reason=unstable_if action=reinterpret pc=0x00000000029f5c0c method=java.nio.charset.CharsetDecoder.decode(Ljava/nio/ByteBuffer;Ljava/nio/CharBuffer;Z)Ljava/nio/charset/CoderResult; @ 1
Event: 0.669 Thread 0x000000000241e800 Uncommon trap: reason=unstable_if action=reinterpret pc=0x0000000002a418f0 method=java.util.HashMap.getNode(ILjava/lang/Object;)Ljava/util/HashMap$Node; @ 129
Event: 0.669 Thread 0x000000000241e800 Uncommon trap: reason=unstable_if action=reinterpret pc=0x00000000029f76e8 method=java.util.HashMap.getNode(ILjava/lang/Object;)Ljava/util/HashMap$Node; @ 129
Event: 1.123 Thread 0x000000000241e800 Uncommon trap: reason=unstable_if action=reinterpret pc=0x0000000002a1c90c method=org.codehaus.plexus.util.xml.pull.MXParser.parseStartTag()I @ 443

Internal exceptions (10 events):
Event: 0.371 Thread 0x000000000241e800 Exception <a 'java/lang/ArrayIndexOutOfBoundsException': 18> (0x00000000d66f1238) thrown at [C:\re\workspace\8-2-build-windows-amd64-cygwin\jdk8u45\3457\hotspot\src\share\vm\interpreter\interpreterRuntime.cpp, line 366]
Event: 0.371 Thread 0x000000000241e800 Exception <a 'java/lang/ArrayIndexOutOfBoundsException': 43> (0x00000000d66f2028) thrown at [C:\re\workspace\8-2-build-windows-amd64-cygwin\jdk8u45\3457\hotspot\src\share\vm\interpreter\interpreterRuntime.cpp, line 366]
Event: 0.371 Thread 0x000000000241e800 Exception <a 'java/lang/ArrayIndexOutOfBoundsException': 92> (0x00000000d66f3810) thrown at [C:\re\workspace\8-2-build-windows-amd64-cygwin\jdk8u45\3457\hotspot\src\share\vm\interpreter\interpreterRuntime.cpp, line 366]
Event: 0.407 Thread 0x000000000241e800 Exception <a 'java/lang/ArrayIndexOutOfBoundsException'> (0x00000000d68ee758) thrown at [C:\re\workspace\8-2-build-windows-amd64-cygwin\jdk8u45\3457\hotspot\src\share\vm\runtime\sharedRuntime.cpp, line 605]
Event: 0.415 Thread 0x000000000241e800 Exception <a 'java/lang/ArrayIndexOutOfBoundsException'> (0x00000000d693c930) thrown at [C:\re\workspace\8-2-build-windows-amd64-cygwin\jdk8u45\3457\hotspot\src\share\vm\runtime\sharedRuntime.cpp, line 605]
Event: 0.567 Thread 0x000000000241e800 Exception <a 'java/lang/ArrayIndexOutOfBoundsException'> (0x00000000d7757a28) thrown at [C:\re\workspace\8-2-build-windows-amd64-cygwin\jdk8u45\3457\hotspot\src\share\vm\runtime\sharedRuntime.cpp, line 605]
Event: 0.567 Thread 0x000000000241e800 Exception <a 'java/lang/ArrayIndexOutOfBoundsException'> (0x00000000d7759320) thrown at [C:\re\workspace\8-2-build-windows-amd64-cygwin\jdk8u45\3457\hotspot\src\share\vm\runtime\sharedRuntime.cpp, line 605]
Event: 0.625 Thread 0x000000000241e800 Exception <a 'java/lang/ArrayIndexOutOfBoundsException'> (0x00000000d789d6e8) thrown at [C:\re\workspace\8-2-build-windows-amd64-cygwin\jdk8u45\3457\hotspot\src\share\vm\runtime\sharedRuntime.cpp, line 605]
Event: 0.634 Thread 0x000000000241e800 Exception <a 'java/lang/ArrayIndexOutOfBoundsException'> (0x00000000d793bab0) thrown at [C:\re\workspace\8-2-build-windows-amd64-cygwin\jdk8u45\3457\hotspot\src\share\vm\runtime\sharedRuntime.cpp, line 605]
Event: 0.634 Thread 0x000000000241e800 Exception <a 'java/lang/ArrayIndexOutOfBoundsException'> (0x00000000d793c808) thrown at [C:\re\workspace\8-2-build-windows-amd64-cygwin\jdk8u45\3457\hotspot\src\share\vm\runtime\sharedRuntime.cpp, line 605]

Events (10 events):
Event: 1.185 loading class org/codehaus/plexus/util/xml/Xpp3DomBuilder done
Event: 1.186 loading class org/codehaus/plexus/util/xml/XMLWriter
Event: 1.186 loading class org/codehaus/plexus/util/xml/XMLWriter done
Event: 1.187 loading class org/apache/maven/model/building/ModelProblemUtils
Event: 1.187 loading class org/apache/maven/model/building/ModelProblemUtils done
Event: 1.188 loading class org/apache/maven/model/building/ModelProblemCollectorRequest
Event: 1.188 loading class org/apache/maven/model/building/ModelProblemCollectorRequest done
Event: 1.188 loading class org/apache/maven/model/building/DefaultModelProblem
Event: 1.188 loading class org/apache/maven/model/building/DefaultModelProblem done
Event: 1.189 Executing VM operation: ParallelGCFailedAllocation


Dynamic libraries:
0x000000013f850000 - 0x000000013f887000 	C:\Program Files\Java\jdk1.8.0_45\bin\java.exe
0x0000000077150000 - 0x00000000772f9000 	C:\windows\SYSTEM32\ntdll.dll
0x0000000076bc0000 - 0x0000000076cdf000 	C:\windows\system32\kernel32.dll
0x000007fefd8f0000 - 0x000007fefd95c000 	C:\windows\system32\KERNELBASE.dll
0x000007fefeab0000 - 0x000007fefeb8b000 	C:\windows\system32\ADVAPI32.dll
0x000007feff2c0000 - 0x000007feff35f000 	C:\windows\system32\msvcrt.dll
0x000007feff440000 - 0x000007feff45f000 	C:\windows\SYSTEM32\sechost.dll
0x000007fefeed0000 - 0x000007fefeffd000 	C:\windows\system32\RPCRT4.dll
0x0000000076e40000 - 0x0000000076f3a000 	C:\windows\system32\USER32.dll
0x000007fefed80000 - 0x000007fefede7000 	C:\windows\system32\GDI32.dll
0x000007feff360000 - 0x000007feff36e000 	C:\windows\system32\LPK.dll
0x000007feff370000 - 0x000007feff439000 	C:\windows\system32\USP10.dll
0x000007fefd100000 - 0x000007fefd2f4000 	C:\windows\WinSxS\amd64_microsoft.windows.common-controls_6595b64144ccf1df_6.0.7601.17514_none_fa396087175ac9ac\COMCTL32.dll
0x000007fefeb90000 - 0x000007fefec01000 	C:\windows\system32\SHLWAPI.dll
0x000007fefdcd0000 - 0x000007fefdcfe000 	C:\windows\system32\IMM32.DLL
0x000007fefec70000 - 0x000007fefed79000 	C:\windows\system32\MSCTF.dll
0x0000000066280000 - 0x0000000066352000 	C:\Program Files\Java\jdk1.8.0_45\jre\bin\msvcr100.dll
0x0000000062300000 - 0x0000000062b83000 	C:\Program Files\Java\jdk1.8.0_45\jre\bin\server\jvm.dll
0x000007fefaf50000 - 0x000007fefaf59000 	C:\windows\system32\WSOCK32.dll
0x000007fefdc80000 - 0x000007fefdccd000 	C:\windows\system32\WS2_32.dll
0x000007feff000000 - 0x000007feff008000 	C:\windows\system32\NSI.dll
0x000007fefadc0000 - 0x000007fefadfb000 	C:\windows\system32\WINMM.dll
0x000007fefc0d0000 - 0x000007fefc0dc000 	C:\windows\system32\VERSION.dll
0x0000000077320000 - 0x0000000077327000 	C:\windows\system32\PSAPI.DLL
0x0000000071970000 - 0x000000007197f000 	C:\Program Files\Java\jdk1.8.0_45\jre\bin\verify.dll
0x00000000717a0000 - 0x00000000717c9000 	C:\Program Files\Java\jdk1.8.0_45\jre\bin\java.dll
0x0000000071950000 - 0x0000000071966000 	C:\Program Files\Java\jdk1.8.0_45\jre\bin\zip.dll
0x000007fefdd20000 - 0x000007fefeaa8000 	C:\windows\system32\SHELL32.dll
0x000007feff010000 - 0x000007feff213000 	C:\windows\system32\ole32.dll
0x000007fefd5b0000 - 0x000007fefd5bf000 	C:\windows\system32\profapi.dll
0x000007fefa000000 - 0x000007fefa010000 	C:\Program Files (x86)\JetBrains\IntelliJ IDEA 12.1.7\bin\breakgen64.dll
0x0000000071780000 - 0x000000007179a000 	C:\Program Files\Java\jdk1.8.0_45\jre\bin\net.dll
0x000007fefcb20000 - 0x000007fefcb75000 	C:\windows\system32\mswsock.dll
0x000007fefcb10000 - 0x000007fefcb17000 	C:\windows\System32\wship6.dll
0x000007fef0c70000 - 0x000007fef0d95000 	C:\windows\system32\dbghelp.dll

VM Arguments:
jvm_args: -Dmaven.home=F:\apache-maven-3.2.3 -Dclassworlds.conf=F:\apache-maven-3.2.3\bin\m2.conf -Didea.launcher.port=7536 -Didea.launcher.bin.path=C:\Program Files (x86)\JetBrains\IntelliJ IDEA 12.1.7\bin -Dfile.encoding=UTF-8 
java_command: com.intellij.rt.execution.application.AppMain org.codehaus.classworlds.Launcher --fail-fast --strict-checksums deploy
java_class_path (initial): F:\apache-maven-3.2.3\boot\plexus-classworlds-2.5.1.jar;C:\Program Files (x86)\JetBrains\IntelliJ IDEA 12.1.7\lib\idea_rt.jar
Launcher Type: SUN_STANDARD

Environment Variables:
JAVA_HOME=C:\Program Files\Java\jdk1.8.0_45
CLASSPATH=C:\Program Files\Java\jdk1.8.0_45\lib\dt.jar;C:\Program Files\Java\jdk1.8.0_45\lib\tools.jar;
PATH=C:\Program Files (x86)\JetBrains\IntelliJ IDEA 12.1.7\bin\..\.\bin;C:\ProgramData\Oracle\Java\javapath;C:\Program Files (x86)\Common Files\NetSarang;C:\windows\system32;C:\windows;C:\windows\System32\Wbem;C:\windows\System32\WindowsPowerShell\v1.0\;C:\Program Files\Java\jdk1.8.0_45\bin;C:\Program Files\Java\jdk1.8.0_45\jre\bin;C:\Program Files\TortoiseSVN\bin;C:\cygwin\bin;C:\cygwin\bin;;c:\program files (x86)\jetbrains\intellij idea 12.1.7\jre\jre\bin
USERNAME=Administrator
OS=Windows_NT
PROCESSOR_IDENTIFIER=Intel64 Family 6 Model 58 Stepping 9, GenuineIntel



---------------  S Y S T E M  ---------------

OS: Windows 7 , 64 bit Build 7601 (6.1.7601.17965)

CPU:total 2 (2 cores per cpu, 1 threads per core) family 6 model 58 stepping 9, cmov, cx8, fxsr, mmx, sse, sse2, sse3, ssse3, sse4.1, sse4.2, popcnt, clmul, erms, tsc, tscinvbit, tscinv

Memory: 4k page, physical 8333864k(3890444k free), swap 25109228k(19134268k free)

vm_info: Java HotSpot(TM) 64-Bit Server VM (25.45-b02) for windows-amd64 JRE (1.8.0_45-b14), built on Apr 10 2015 10:34:15 by "java_re" with MS VC++ 10.0 (VS2010)

time: Wed Jan 27 17:58:07 2016
elapsed time: 1 seconds (0d 0h 0m 1s)

