#
# A fatal error has been detected by the Java Runtime Environment:
#
#  EXCEPTION_ACCESS_VIOLATION (0xc0000005) at pc=0x0000000063c7669f, pid=4268, tid=2860
#
# JRE version: Java(TM) SE Runtime Environment (8.0_45-b14) (build 1.8.0_45-b14)
# Java VM: Java HotSpot(TM) 64-Bit Server VM (25.45-b02 mixed mode windows-amd64 compressed oops)
# Problematic frame:
# V  [jvm.dll+0x3f669f]
#
# Failed to write core dump. Minidumps are not enabled by default on client versions of Windows
#
# If you would like to submit a bug report, please visit:
#   http://bugreport.java.com/bugreport/crash.jsp
#

---------------  T H R E A D  ---------------

Current thread (0x0000000002355000):  GCTaskThread [stack: 0x0000000002500000,0x0000000002600000] [id=2860]

siginfo: ExceptionCode=0xc0000005, reading address 0x0000000000000008

Registers:
RAX=0x0000000083e55930, RBX=0x00000000025ff4e8, RCX=0x0000000000000000, RDX=0x0000000000757d90
RSP=0x00000000025ff440, RBP=0x0000000000740000, RSI=0x0000000000736681, RDI=0x0000000000000baa
R8 =0x0000000083e55930, R9 =0x0000000000000000, R10=0x0000000000000000, R11=0x0000000083e55930
R12=0x0000000064084040, R13=0x0000000000000073, R14=0x0000000084600000, R15=0x00000000025ff4e8
RIP=0x0000000063c7669f, EFLAGS=0x0000000000010246

Top of Stack: (sp=0x00000000025ff440)
0x00000000025ff440:   00000000025ff4e8 00000000007320b3
0x00000000025ff450:   00000000007320a9 0000000063c74d95
0x00000000025ff460:   0000000000740000 0000000063c6bccd
0x00000000025ff470:   0000000000735ad8 0000000063c7771e
0x00000000025ff480:   0000000000000000 0000000063c76678
0x00000000025ff490:   0000000085380d90 0000000084600000
0x00000000025ff4a0:   0000000000000073 0000000000000000
0x00000000025ff4b0:   0000000080c00000 0000000063c779e4
0x00000000025ff4c0:   0000000000000000 00000000025ff528
0x00000000025ff4d0:   000000000073042a 00000000025ff528
0x00000000025ff4e0:   0000000000370000 0000000063ec5cf8
0x00000000025ff4f0:   0000000064084040 0000000056faa470
0x00000000025ff500:   00000000000054da 00000000845ad6c0
0x00000000025ff510:   0000000002350a50 0000000083e55930
0x00000000025ff520:   00000000002e0001 00000000023559e0
0x00000000025ff530:   00000000023559d0 0000000000000000 

Instructions: (pc=0x0000000063c7669f)
0x0000000063c7667f:   4c 8b 43 30 74 16 45 8b 48 08 8b 0d 19 a1 39 00
0x0000000063c7668f:   49 d3 e1 4c 03 0d 07 a1 39 00 eb 04 4d 8b 48 08
0x0000000063c7669f:   41 81 79 08 00 00 00 c0 73 10 49 8b 01 48 8b 53
0x0000000063c766af:   10 49 8b c9 ff 90 28 01 00 00 48 29 7b 18 48 8d 


Register to memory mapping:

RAX=
[error occurred during error reporting (printing register info), id 0xc0000005]

Stack: [0x0000000002500000,0x0000000002600000],  sp=0x00000000025ff440,  free space=1021k
Native frames: (J=compiled Java code, j=interpreted, Vv=VM code, C=native code)
V  [jvm.dll+0x3f669f]
V  [jvm.dll+0x3ebccd]
V  [jvm.dll+0x3f79e4]
V  [jvm.dll+0x3ef45a]
V  [jvm.dll+0x3ece25]
V  [jvm.dll+0x3ea33e]
V  [jvm.dll+0x29853a]
C  [msvcr100.dll+0x21d9f]
C  [msvcr100.dll+0x21e3b]
C  [kernel32.dll+0x1652d]
C  [ntdll.dll+0x2c521]


---------------  P R O C E S S  ---------------

Java Threads: ( => current thread )
  0x0000000059ab3000 JavaThread "resolver-5" daemon [_thread_blocked, id=1440, stack(0x000000005cd20000,0x000000005ce20000)]
  0x0000000059fd6000 JavaThread "resolver-4" daemon [_thread_blocked, id=3260, stack(0x000000005caf0000,0x000000005cbf0000)]
  0x000000005a1cd800 JavaThread "resolver-3" daemon [_thread_blocked, id=1712, stack(0x000000005c9c0000,0x000000005cac0000)]
  0x000000005b6e7800 JavaThread "resolver-2" daemon [_thread_blocked, id=3348, stack(0x00000000590b0000,0x00000000591b0000)]
  0x000000005a1da800 JavaThread "resolver-1" daemon [_thread_blocked, id=4552, stack(0x0000000058e30000,0x0000000058f30000)]
  0x00000000585ff000 JavaThread "Monitor Ctrl-Break" daemon [_thread_in_native, id=2512, stack(0x0000000058f80000,0x0000000059080000)]
  0x0000000058580800 JavaThread "Service Thread" daemon [_thread_blocked, id=4152, stack(0x0000000058a50000,0x0000000058b50000)]
  0x000000005707c800 JavaThread "C1 CompilerThread1" daemon [_thread_blocked, id=3960, stack(0x0000000057f60000,0x0000000058060000)]
  0x000000005706d000 JavaThread "C2 CompilerThread0" daemon [_thread_blocked, id=3272, stack(0x0000000058460000,0x0000000058560000)]
  0x0000000057054000 JavaThread "Attach Listener" daemon [_thread_blocked, id=4136, stack(0x00000000582f0000,0x00000000583f0000)]
  0x0000000057053800 JavaThread "Signal Dispatcher" daemon [_thread_blocked, id=4720, stack(0x0000000058140000,0x0000000058240000)]
  0x0000000057000000 JavaThread "Finalizer" daemon [_thread_blocked, id=1776, stack(0x0000000057e60000,0x0000000057f60000)]
  0x0000000056ff6000 JavaThread "Reference Handler" daemon [_thread_blocked, id=2736, stack(0x0000000057cf0000,0x0000000057df0000)]
  0x00000000024de800 JavaThread "main" [_thread_blocked, id=1060, stack(0x0000000002640000,0x0000000002740000)]

Other Threads:
  0x0000000056fec800 VMThread [stack: 0x0000000057af0000,0x0000000057bf0000] [id=3852]
  0x00000000570bf800 WatcherThread [stack: 0x0000000058bc0000,0x0000000058cc0000] [id=4288]

=>0x0000000002355000 (exited) GCTaskThread [stack: 0x0000000002500000,0x0000000002600000] [id=2860]

VM state:at safepoint (normal execution)

VM Mutex/Monitor currently owned by a thread:  ([mutex/lock_event])
[0x00000000024dc3c0] Threads_lock - owner thread: 0x0000000056fec800
[0x00000000024dc8c0] Heap_lock - owner thread: 0x00000000024de800

Heap:
 PSYoungGen      total 515584K, used 15339K [0x00000000d5980000, 0x00000000fc880000, 0x0000000100000000)
  eden space 500224K, 0% used [0x00000000d5980000,0x00000000d5980000,0x00000000f4200000)
  from space 15360K, 99% used [0x00000000f4200000,0x00000000f50fafa0,0x00000000f5100000)
  to   space 32768K, 0% used [0x00000000fa880000,0x00000000fa880000,0x00000000fc880000)
 ParOldGen       total 88064K, used 73219K [0x0000000080c00000, 0x0000000086200000, 0x00000000d5980000)
  object space 88064K, 83% used [0x0000000080c00000,0x0000000085380d90,0x0000000086200000)
 Metaspace       used 24891K, capacity 25624K, committed 25904K, reserved 1073152K
  class space    used 2866K, capacity 3035K, committed 3120K, reserved 1048576K

Card table byte_map: [0x0000000011b00000,0x0000000011f00000] byte_map_base: 0x00000000116fa000

Marking Bits: (ParMarkBitMap*) 0x0000000064084040
 Begin Bits: [0x0000000012320000, 0x00000000142f0000)
 End Bits:   [0x00000000142f0000, 0x00000000162c0000)

Polling page: 0x0000000000240000

CodeCache: size=245760Kb used=17095Kb max_used=17253Kb free=228664Kb
 bounds [0x0000000002740000, 0x0000000003840000, 0x0000000011740000]
 total_blobs=5333 nmethods=4961 adapters=285
 compilation: enabled

Compilation events (10 events):
Event: 18.461 Thread 0x000000005706d000 nmethod 6225 0x00000000034fe950 code [0x00000000034feb00, 0x00000000034ff0c0]
Event: 18.465 Thread 0x000000005706d000 6227       4       java.io.WinNTFileSystem::canonicalize (372 bytes)
Event: 18.509 Thread 0x000000005706d000 nmethod 6227 0x00000000037e3d50 code [0x00000000037e4040, 0x00000000037e63b8]
Event: 18.526 Thread 0x000000005707c800 6228       3       java.nio.charset.Charset::forName (20 bytes)
Event: 18.526 Thread 0x000000005707c800 nmethod 6228 0x0000000002f2bf90 code [0x0000000002f2c100, 0x0000000002f2c378]
Event: 18.526 Thread 0x000000005707c800 6229       3       java.nio.charset.Charset::isSupported (13 bytes)
Event: 18.526 Thread 0x000000005707c800 nmethod 6229 0x000000000365cc90 code [0x000000000365ce00, 0x000000000365cfc8]
Event: 19.094 Thread 0x000000005706d000 6230       4       java.nio.CharBuffer::array (35 bytes)
Event: 19.095 Thread 0x000000005706d000 nmethod 6230 0x0000000002e43f10 code [0x0000000002e44040, 0x0000000002e440d8]
Event: 19.343 Thread 0x000000005706d000 6231 %     4       sun.nio.cs.ext.DoubleByte$Encoder::encode @ 13 (161 bytes)

GC Heap History (10 events):
Event: 11.604 GC heap after
Heap after GC invocations=14 (full 1):
 PSYoungGen      total 355328K, used 8808K [0x00000000d5980000, 0x00000000f1300000, 0x0000000100000000)
  eden space 338944K, 0% used [0x00000000d5980000,0x00000000d5980000,0x00000000ea480000)
  from space 16384K, 53% used [0x00000000ea480000,0x00000000ead1a0a0,0x00000000eb480000)
  to   space 15360K, 0% used [0x00000000f0400000,0x00000000f0400000,0x00000000f1300000)
 ParOldGen       total 88064K, used 31315K [0x0000000080c00000, 0x0000000086200000, 0x00000000d5980000)
  object space 88064K, 35% used [0x0000000080c00000,0x0000000082a94cc8,0x0000000086200000)
 Metaspace       used 24582K, capacity 25330K, committed 25648K, reserved 1071104K
  class space    used 2850K, capacity 3002K, committed 3120K, reserved 1048576K
}
Event: 15.369 GC heap before
{Heap before GC invocations=15 (full 1):
 PSYoungGen      total 355328K, used 347752K [0x00000000d5980000, 0x00000000f1300000, 0x0000000100000000)
  eden space 338944K, 100% used [0x00000000d5980000,0x00000000ea480000,0x00000000ea480000)
  from space 16384K, 53% used [0x00000000ea480000,0x00000000ead1a0a0,0x00000000eb480000)
  to   space 15360K, 0% used [0x00000000f0400000,0x00000000f0400000,0x00000000f1300000)
 ParOldGen       total 88064K, used 31315K [0x0000000080c00000, 0x0000000086200000, 0x00000000d5980000)
  object space 88064K, 35% used [0x0000000080c00000,0x0000000082a94cc8,0x0000000086200000)
 Metaspace       used 24726K, capacity 25432K, committed 25648K, reserved 1071104K
  class space    used 2860K, capacity 3035K, committed 3120K, reserved 1048576K
Event: 15.382 GC heap after
Heap after GC invocations=15 (full 1):
 PSYoungGen      total 419840K, used 10080K [0x00000000d5980000, 0x00000000f0e00000, 0x0000000100000000)
  eden space 409600K, 0% used [0x00000000d5980000,0x00000000d5980000,0x00000000ee980000)
  from space 10240K, 98% used [0x00000000f0400000,0x00000000f0dd8030,0x00000000f0e00000)
  to   space 15360K, 0% used [0x00000000ef000000,0x00000000ef000000,0x00000000eff00000)
 ParOldGen       total 88064K, used 31323K [0x0000000080c00000, 0x0000000086200000, 0x00000000d5980000)
  object space 88064K, 35% used [0x0000000080c00000,0x0000000082a96cc8,0x0000000086200000)
 Metaspace       used 24726K, capacity 25432K, committed 25648K, reserved 1071104K
  class space    used 2860K, capacity 3035K, committed 3120K, reserved 1048576K
}
Event: 15.799 GC heap before
{Heap before GC invocations=16 (full 1):
 PSYoungGen      total 419840K, used 419680K [0x00000000d5980000, 0x00000000f0e00000, 0x0000000100000000)
  eden space 409600K, 100% used [0x00000000d5980000,0x00000000ee980000,0x00000000ee980000)
  from space 10240K, 98% used [0x00000000f0400000,0x00000000f0dd8030,0x00000000f0e00000)
  to   space 15360K, 0% used [0x00000000ef000000,0x00000000ef000000,0x00000000eff00000)
 ParOldGen       total 88064K, used 31323K [0x0000000080c00000, 0x0000000086200000, 0x00000000d5980000)
  object space 88064K, 35% used [0x0000000080c00000,0x0000000082a96cc8,0x0000000086200000)
 Metaspace       used 24737K, capacity 25496K, committed 25648K, reserved 1071104K
  class space    used 2860K, capacity 3035K, committed 3120K, reserved 1048576K
Event: 15.812 GC heap after
Heap after GC invocations=16 (full 1):
 PSYoungGen      total 431616K, used 11232K [0x00000000d5980000, 0x00000000f6080000, 0x0000000100000000)
  eden space 416256K, 0% used [0x00000000d5980000,0x00000000d5980000,0x00000000ef000000)
  from space 15360K, 73% used [0x00000000ef000000,0x00000000efaf8030,0x00000000eff00000)
  to   space 15872K, 0% used [0x00000000f5100000,0x00000000f5100000,0x00000000f6080000)
 ParOldGen       total 88064K, used 31323K [0x0000000080c00000, 0x0000000086200000, 0x00000000d5980000)
  object space 88064K, 35% used [0x0000000080c00000,0x0000000082a96cc8,0x0000000086200000)
 Metaspace       used 24737K, capacity 25496K, committed 25648K, reserved 1071104K
  class space    used 2860K, capacity 3035K, committed 3120K, reserved 1048576K
}
Event: 16.346 GC heap before
{Heap before GC invocations=17 (full 1):
 PSYoungGen      total 431616K, used 427488K [0x00000000d5980000, 0x00000000f6080000, 0x0000000100000000)
  eden space 416256K, 100% used [0x00000000d5980000,0x00000000ef000000,0x00000000ef000000)
  from space 15360K, 73% used [0x00000000ef000000,0x00000000efaf8030,0x00000000eff00000)
  to   space 15872K, 0% used [0x00000000f5100000,0x00000000f5100000,0x00000000f6080000)
 ParOldGen       total 88064K, used 31323K [0x0000000080c00000, 0x0000000086200000, 0x00000000d5980000)
  object space 88064K, 35% used [0x0000000080c00000,0x0000000082a96cc8,0x0000000086200000)
 Metaspace       used 24866K, capacity 25560K, committed 25904K, reserved 1073152K
  class space    used 2865K, capacity 3035K, committed 3120K, reserved 1048576K
Event: 16.362 GC heap after
Heap after GC invocations=17 (full 1):
 PSYoungGen      total 516096K, used 10168K [0x00000000d5980000, 0x00000000f6b00000, 0x0000000100000000)
  eden space 500224K, 0% used [0x00000000d5980000,0x00000000d5980000,0x00000000f4200000)
  from space 15872K, 64% used [0x00000000f5100000,0x00000000f5aee220,0x00000000f6080000)
  to   space 15360K, 0% used [0x00000000f4200000,0x00000000f4200000,0x00000000f5100000)
 ParOldGen       total 88064K, used 31331K [0x0000000080c00000, 0x0000000086200000, 0x00000000d5980000)
  object space 88064K, 35% used [0x0000000080c00000,0x0000000082a98cc8,0x0000000086200000)
 Metaspace       used 24866K, capacity 25560K, committed 25904K, reserved 1073152K
  class space    used 2865K, capacity 3035K, committed 3120K, reserved 1048576K
}
Event: 19.347 GC heap before
{Heap before GC invocations=18 (full 1):
 PSYoungGen      total 516096K, used 510392K [0x00000000d5980000, 0x00000000f6b00000, 0x0000000100000000)
  eden space 500224K, 100% used [0x00000000d5980000,0x00000000f4200000,0x00000000f4200000)
  from space 15872K, 64% used [0x00000000f5100000,0x00000000f5aee220,0x00000000f6080000)
  to   space 15360K, 0% used [0x00000000f4200000,0x00000000f4200000,0x00000000f5100000)
 ParOldGen       total 88064K, used 31331K [0x0000000080c00000, 0x0000000086200000, 0x00000000d5980000)
  object space 88064K, 35% used [0x0000000080c00000,0x0000000082a98cc8,0x0000000086200000)
 Metaspace       used 24891K, capacity 25624K, committed 25904K, reserved 1073152K
  class space    used 2866K, capacity 3035K, committed 3120K, reserved 1048576K
Event: 19.394 GC heap after
Heap after GC invocations=18 (full 1):
 PSYoungGen      total 515584K, used 15339K [0x00000000d5980000, 0x00000000fc880000, 0x0000000100000000)
  eden space 500224K, 0% used [0x00000000d5980000,0x00000000d5980000,0x00000000f4200000)
  from space 15360K, 99% used [0x00000000f4200000,0x00000000f50fafa0,0x00000000f5100000)
  to   space 32768K, 0% used [0x00000000fa880000,0x00000000fa880000,0x00000000fc880000)
 ParOldGen       total 88064K, used 73219K [0x0000000080c00000, 0x0000000086200000, 0x00000000d5980000)
  object space 88064K, 83% used [0x0000000080c00000,0x0000000085380d90,0x0000000086200000)
 Metaspace       used 24891K, capacity 25624K, committed 25904K, reserved 1073152K
  class space    used 2866K, capacity 3035K, committed 3120K, reserved 1048576K
}
Event: 19.394 GC heap before
{Heap before GC invocations=19 (full 2):
 PSYoungGen      total 515584K, used 15339K [0x00000000d5980000, 0x00000000fc880000, 0x0000000100000000)
  eden space 500224K, 0% used [0x00000000d5980000,0x00000000d5980000,0x00000000f4200000)
  from space 15360K, 99% used [0x00000000f4200000,0x00000000f50fafa0,0x00000000f5100000)
  to   space 32768K, 0% used [0x00000000fa880000,0x00000000fa880000,0x00000000fc880000)
 ParOldGen       total 88064K, used 73219K [0x0000000080c00000, 0x0000000086200000, 0x00000000d5980000)
  object space 88064K, 83% used [0x0000000080c00000,0x0000000085380d90,0x0000000086200000)
 Metaspace       used 24891K, capacity 25624K, committed 25904K, reserved 1073152K
  class space    used 2866K, capacity 3035K, committed 3120K, reserved 1048576K

Deoptimization events (10 events):
Event: 16.177 Thread 0x00000000024de800 Uncommon trap: reason=unstable_if action=reinterpret pc=0x0000000003752a68 method=org.codehaus.plexus.archiver.ArchiveEntry.<init>(Ljava/lang/String;Lorg/codehaus/plexus/components/io/resources/PlexusIoResource;II)V @ 19
Event: 16.177 Thread 0x00000000024de800 Uncommon trap: reason=class_check action=maybe_recompile pc=0x0000000002fc3768 method=org.codehaus.plexus.archiver.AbstractArchiver$1.hasNext()Z @ 184
Event: 16.177 Thread 0x00000000024de800 Uncommon trap: reason=class_check action=maybe_recompile pc=0x0000000002f382e8 method=org.codehaus.plexus.archiver.AbstractArchiver.asArchiveEntry(Lorg/codehaus/plexus/components/io/resources/PlexusIoResource;Ljava/lang/String;I)Lorg/codehaus/plexus/archiv
Event: 16.177 Thread 0x00000000024de800 Uncommon trap: reason=class_check action=maybe_recompile pc=0x0000000002fc3768 method=org.codehaus.plexus.archiver.AbstractArchiver$1.hasNext()Z @ 184
Event: 16.177 Thread 0x00000000024de800 Uncommon trap: reason=class_check action=maybe_recompile pc=0x0000000002f382e8 method=org.codehaus.plexus.archiver.AbstractArchiver.asArchiveEntry(Lorg/codehaus/plexus/components/io/resources/PlexusIoResource;Ljava/lang/String;I)Lorg/codehaus/plexus/archivGR)Q-0@
Event: 16.177 Thread 0x00000000024de800 Uncommon trap: reason=class_check action=maybe_recompile pc=0x0000000002f382e8 method=org.codehaus.plexus.archiver.AbstractArchiver.asArchiveEntry(Lorg/codehaus/plexus/components/io/resources/PlexusIoResource;Ljava/lang/String;I)Lorg/codehaus/plexus/archiv)×a00@
Event: 16.188 Thread 0x00000000024de800 Uncommon trap: reason=unstable_if action=reinterpret pc=0x0000000002f7de10 method=java.util.Vector.indexOf(Ljava/lang/Object;I)I @ 54
Event: 16.188 Thread 0x00000000024de800 Uncommon trap: reason=unstable_if action=reinterpret pc=0x0000000003675050 method=java.util.Vector.removeElementAt(I)V @ 75
Event: 18.210 Thread 0x00000000024de800 Uncommon trap: reason=unstable_if action=reinterpret pc=0x0000000002caf3d0 method=java.util.Hashtable.contains(Ljava/lang/Object;)Z @ 24
Event: 18.210 Thread 0x00000000024de800 Uncommon trap: reason=unstable_if action=reinterpret pc=0x0000000002eb9dd4 method=java.util.Hashtable.contains(Ljava/lang/Object;)Z @ 24

Internal exceptions (10 events):
Event: 3.901 Thread 0x00000000024de800 Exception <a 'java/io/FileNotFoundException'> (0x00000000d8a52700) thrown at [C:\re\workspace\8-2-build-windows-amd64-cygwin\jdk8u45\3457\hotspot\src\share\vm\prims\jni.cpp, line 709]
Event: 3.901 Thread 0x00000000024de800 Exception <a 'java/io/FileNotFoundException'> (0x00000000d8a534c0) thrown at [C:\re\workspace\8-2-build-windows-amd64-cygwin\jdk8u45\3457\hotspot\src\share\vm\prims\jni.cpp, line 709]
Event: 3.901 Thread 0x00000000024de800 Exception <a 'java/io/FileNotFoundException'> (0x00000000d8a54290) thrown at [C:\re\workspace\8-2-build-windows-amd64-cygwin\jdk8u45\3457\hotspot\src\share\vm\prims\jni.cpp, line 709]
Event: 5.738 Thread 0x00000000024de800 Implicit null exception at 0x00000000036406df to 0x0000000003640921
Event: 8.184 Thread 0x00000000024de800 Implicit null exception at 0x0000000002f7ffe7 to 0x0000000002f810e6
Event: 8.350 Thread 0x00000000024de800 Implicit null exception at 0x0000000002e450e3 to 0x0000000002e467a1
Event: 10.992 Thread 0x00000000024de800 Implicit null exception at 0x0000000002fbd6ba to 0x0000000002fbf3fd
Event: 14.168 Thread 0x00000000024de800 Implicit null exception at 0x00000000037da928 to 0x00000000037df161
Event: 14.728 Thread 0x00000000024de800 Implicit null exception at 0x0000000002da7e0a to 0x0000000002daad55
Event: 14.985 Thread 0x00000000024de800 Implicit null exception at 0x0000000003615846 to 0x0000000003618009

Events (10 events):
Event: 18.210 Thread 0x00000000024de800 DEOPT UNPACKING pc=0x000000000278582a sp=0x000000000273d470 mode 2
Event: 18.224 Thread 0x00000000024de800 DEOPT PACKING pc=0x0000000003617519 sp=0x000000000273d4b0
Event: 18.224 Thread 0x00000000024de800 DEOPT UNPACKING pc=0x000000000278747f sp=0x000000000273d1e8 mode 0
Event: 18.232 Thread 0x00000000024de800 DEOPT PACKING pc=0x0000000003617519 sp=0x000000000273d3a0
Event: 18.232 Thread 0x00000000024de800 DEOPT UNPACKING pc=0x000000000278747f sp=0x000000000273d0c8 mode 0
Event: 18.234 Thread 0x00000000024de800 DEOPT PACKING pc=0x0000000003617519 sp=0x000000000273d3a0
Event: 18.234 Thread 0x00000000024de800 DEOPT UNPACKING pc=0x000000000278747f sp=0x000000000273d0c8 mode 0
Event: 18.236 Thread 0x00000000024de800 DEOPT PACKING pc=0x0000000003617519 sp=0x000000000273d3a0
Event: 18.236 Thread 0x00000000024de800 DEOPT UNPACKING pc=0x000000000278747f sp=0x000000000273d0c8 mode 0
Event: 19.347 Executing VM operation: ParallelGCFailedAllocation


Dynamic libraries:
0x000000013f040000 - 0x000000013f077000 	C:\Program Files\Java\jdk1.8.0_45\bin\java.exe
0x0000000077820000 - 0x00000000779c9000 	C:\windows\SYSTEM32\ntdll.dll
0x00000000775a0000 - 0x00000000776bf000 	C:\windows\system32\kernel32.dll
0x000007fefdd30000 - 0x000007fefdd9c000 	C:\windows\system32\KERNELBASE.dll
0x000007fefe5d0000 - 0x000007fefe6ab000 	C:\windows\system32\ADVAPI32.dll
0x000007fefe430000 - 0x000007fefe4cf000 	C:\windows\system32\msvcrt.dll
0x000007fefe050000 - 0x000007fefe06f000 	C:\windows\SYSTEM32\sechost.dll
0x000007feff620000 - 0x000007feff74d000 	C:\windows\system32\RPCRT4.dll
0x0000000077140000 - 0x000000007723a000 	C:\windows\system32\USER32.dll
0x000007feff5b0000 - 0x000007feff617000 	C:\windows\system32\GDI32.dll
0x000007feff5a0000 - 0x000007feff5ae000 	C:\windows\system32\LPK.dll
0x000007feff970000 - 0x000007feffa39000 	C:\windows\system32\USP10.dll
0x000007fefc8a0000 - 0x000007fefca94000 	C:\windows\WinSxS\amd64_microsoft.windows.common-controls_6595b64144ccf1df_6.0.7601.17514_none_fa396087175ac9ac\COMCTL32.dll
0x000007fefe4d0000 - 0x000007fefe541000 	C:\windows\system32\SHLWAPI.dll
0x000007feffa40000 - 0x000007feffa6e000 	C:\windows\system32\IMM32.DLL
0x000007fefe6b0000 - 0x000007fefe7b9000 	C:\windows\system32\MSCTF.dll
0x0000000066b50000 - 0x0000000066c22000 	C:\Program Files\Java\jdk1.8.0_45\jre\bin\msvcr100.dll
0x0000000063880000 - 0x0000000064103000 	C:\Program Files\Java\jdk1.8.0_45\jre\bin\server\jvm.dll
0x000007fef9650000 - 0x000007fef9659000 	C:\windows\system32\WSOCK32.dll
0x000007fefe7c0000 - 0x000007fefe80d000 	C:\windows\system32\WS2_32.dll
0x000007feff960000 - 0x000007feff968000 	C:\windows\system32\NSI.dll
0x000007fefba30000 - 0x000007fefba6b000 	C:\windows\system32\WINMM.dll
0x000007fefcdc0000 - 0x000007fefcdcc000 	C:\windows\system32\VERSION.dll
0x00000000779f0000 - 0x00000000779f7000 	C:\windows\system32\PSAPI.DLL
0x000000006c8d0000 - 0x000000006c8df000 	C:\Program Files\Java\jdk1.8.0_45\jre\bin\verify.dll
0x0000000067080000 - 0x00000000670a9000 	C:\Program Files\Java\jdk1.8.0_45\jre\bin\java.dll
0x0000000069310000 - 0x0000000069326000 	C:\Program Files\Java\jdk1.8.0_45\jre\bin\zip.dll
0x000007fefe810000 - 0x000007feff598000 	C:\windows\system32\SHELL32.dll
0x000007feff750000 - 0x000007feff953000 	C:\windows\system32\ole32.dll
0x000007fefdc80000 - 0x000007fefdc8f000 	C:\windows\system32\profapi.dll
0x000007fef9640000 - 0x000007fef9650000 	C:\Program Files (x86)\JetBrains\IntelliJ IDEA 12.1.7\bin\breakgen64.dll
0x0000000067060000 - 0x000000006707a000 	C:\Program Files\Java\jdk1.8.0_45\jre\bin\net.dll
0x000007fefd4b0000 - 0x000007fefd505000 	C:\windows\system32\mswsock.dll
0x000007fefd4a0000 - 0x000007fefd4a7000 	C:\windows\System32\wship6.dll
0x0000000066f20000 - 0x0000000066f31000 	C:\Program Files\Java\jdk1.8.0_45\jre\bin\nio.dll
0x000007fefdb50000 - 0x000007fefdba7000 	C:\windows\system32\apphelp.dll
0x000007fef3080000 - 0x000007fef31a5000 	C:\windows\system32\dbghelp.dll

VM Arguments:
jvm_args: -Dmaven.home=F:\apache-maven-3.2.3 -Dclassworlds.conf=F:\apache-maven-3.2.3\bin\m2.conf -Didea.launcher.port=7536 -Didea.launcher.bin.path=C:\Program Files (x86)\JetBrains\IntelliJ IDEA 12.1.7\bin -Dfile.encoding=UTF-8 
java_command: com.intellij.rt.execution.application.AppMain org.codehaus.classworlds.Launcher --fail-fast --strict-checksums deploy
java_class_path (initial): F:\apache-maven-3.2.3\boot\plexus-classworlds-2.5.1.jar;C:\Program Files (x86)\JetBrains\IntelliJ IDEA 12.1.7\lib\idea_rt.jar
Launcher Type: SUN_STANDARD

Environment Variables:
JAVA_HOME=C:\Program Files\Java\jdk1.8.0_45
CLASSPATH=C:\Program Files\Java\jdk1.8.0_45\lib\dt.jar;C:\Program Files\Java\jdk1.8.0_45\lib\tools.jar;
PATH=C:\Program Files (x86)\JetBrains\IntelliJ IDEA 12.1.7\bin\..\.\bin;C:\ProgramData\Oracle\Java\javapath;C:\Program Files (x86)\Common Files\NetSarang;C:\windows\system32;C:\windows;C:\windows\System32\Wbem;C:\windows\System32\WindowsPowerShell\v1.0\;C:\Program Files\Java\jdk1.8.0_45\bin;C:\Program Files\Java\jdk1.8.0_45\jre\bin;C:\Program Files\TortoiseSVN\bin;C:\cygwin\bin;C:\cygwin\bin;;c:\program files (x86)\jetbrains\intellij idea 12.1.7\jre\jre\bin
USERNAME=Administrator
OS=Windows_NT
PROCESSOR_IDENTIFIER=Intel64 Family 6 Model 58 Stepping 9, GenuineIntel



---------------  S Y S T E M  ---------------

OS: Windows 7 , 64 bit Build 7601 (6.1.7601.17965)

CPU:total 2 (2 cores per cpu, 1 threads per core) family 6 model 58 stepping 9, cmov, cx8, fxsr, mmx, sse, sse2, sse3, ssse3, sse4.1, sse4.2, popcnt, clmul, erms, tsc, tscinvbit, tscinv

Memory: 4k page, physical 8333864k(4695620k free), swap 25109228k(20516524k free)

vm_info: Java HotSpot(TM) 64-Bit Server VM (25.45-b02) for windows-amd64 JRE (1.8.0_45-b14), built on Apr 10 2015 10:34:15 by "java_re" with MS VC++ 10.0 (VS2010)

time: Mon Jan 25 17:07:37 2016
elapsed time: 19 seconds (0d 0h 0m 19s)

