#
# A fatal error has been detected by the Java Runtime Environment:
#
#  EXCEPTION_ACCESS_VIOLATION (0xc0000005) at pc=0x0000000066c6ddf2, pid=3548, tid=3056
#
# JRE version: Java(TM) SE Runtime Environment (8.0_45-b14) (build 1.8.0_45-b14)
# Java VM: Java HotSpot(TM) 64-Bit Server VM (25.45-b02 mixed mode windows-amd64 compressed oops)
# Problematic frame:
# V  [jvm.dll+0xaddf2]
#
# Failed to write core dump. Minidumps are not enabled by default on client versions of Windows
#
# If you would like to submit a bug report, please visit:
#   http://bugreport.java.com/bugreport/crash.jsp
#

---------------  T H R E A D  ---------------

Current thread (0x0000000000463800):  GCTaskThread [stack: 0x0000000012290000,0x0000000012390000] [id=3056]

siginfo: ExceptionCode=0xc0000005, reading address 0x00000000000000e8

Registers:
RAX=0x0000000000000000, RBX=0x00000000f19ff450, RCX=0x00000000128b6410, RDX=0x00000000f19ff450
RSP=0x000000001238f858, RBP=0x0000000000000000, RSI=0x00000000571ca740, RDI=0x00000000571ca740
R8 =0x0000000000000000, R9 =0x00000000128b6410, R10=0x0000000816b90c40, R11=0x00000000f455cec8
R12=0x00000000671d42f0, R13=0x0000000000000005, R14=0x0000000000000000, R15=0x00000000004640e0
RIP=0x0000000066c6ddf2, EFLAGS=0x0000000000010246

Top of Stack: (sp=0x000000001238f858)
0x000000001238f858:   0000000066fb83a2 00000000f19ff3e8
0x000000001238f868:   000000000000000d 00000000571ca740
0x000000001238f878:   0000000066fb7df5 00000000f455c030
0x000000001238f888:   0000000000001000 0000000000000005
0x000000001238f898:   0000000000516a80 0000000000000000
0x000000001238f8a8:   000000000045c900 00000000671d42f0
0x000000001238f8b8:   0000000066fb8710 00000000f455cf24
0x000000001238f8c8:   0000000000000000 00000000571ca740
0x000000001238f8d8:   00000000571ca740 00000000f455cf24
0x000000001238f8e8:   0000000066fb92b5 00000000e5973340
0x000000001238f8f8:   0000000000000000 00000000571ca740
0x000000001238f908:   0000000066fbb0c6 0000000000516b60
0x000000001238f918:   0000000000000c00 0000000000000000
0x000000001238f928:   0000000000000000 0000000000464000
0x000000001238f938:   000000000252e800 00000000671d4201
0x000000001238f948:   0000000066dd2f01 00005836bdbf7ef3 

Instructions: (pc=0x0000000066c6ddf2)
0x0000000066c6ddd2:   e2 49 8d 0c 11 49 f7 d1 48 03 c1 49 c1 e9 03 48
0x0000000066c6dde2:   c1 e8 03 41 23 c1 c3 48 8b 02 48 8b d1 49 8b c9
0x0000000066c6ddf2:   48 ff a0 e8 00 00 00 cc cc cc cc cc cc cc 80 3d
0x0000000066c6de02:   da be 74 00 00 48 8b c1 74 1b 8b 51 08 8b 0d 93 


Register to memory mapping:

RAX=0x0000000000000000 is an unknown value
RBX=0x00000000f19ff450 is an oop

[error occurred during error reporting (printing register info), id 0xc0000005]

Stack: [0x0000000012290000,0x0000000012390000],  sp=0x000000001238f858,  free space=1022k
Native frames: (J=compiled Java code, j=interpreted, Vv=VM code, C=native code)


---------------  P R O C E S S  ---------------

Java Threads: ( => current thread )
  0x000000005a4d9000 JavaThread "resolver-5" daemon [_thread_blocked, id=5080, stack(0x000000005cac0000,0x000000005cbc0000)]
  0x000000005b5a2000 JavaThread "resolver-4" daemon [_thread_blocked, id=4412, stack(0x0000000058db0000,0x0000000058eb0000)]
  0x000000005d325800 JavaThread "resolver-3" daemon [_thread_blocked, id=1664, stack(0x00000000589b0000,0x0000000058ab0000)]
  0x000000005d206800 JavaThread "resolver-2" daemon [_thread_blocked, id=3252, stack(0x000000005c9c0000,0x000000005cac0000)]
  0x000000005abea800 JavaThread "resolver-1" daemon [_thread_blocked, id=1780, stack(0x000000005c7c0000,0x000000005c8c0000)]
  0x0000000058666800 JavaThread "Monitor Ctrl-Break" daemon [_thread_in_native, id=5012, stack(0x0000000058eb0000,0x0000000058fb0000)]
  0x00000000585f0000 JavaThread "Service Thread" daemon [_thread_blocked, id=4884, stack(0x0000000058bb0000,0x0000000058cb0000)]
  0x00000000585c8800 JavaThread "C1 CompilerThread1" daemon [_thread_blocked, id=1384, stack(0x0000000058ab0000,0x0000000058bb0000)]
  0x000000005724a800 JavaThread "C2 CompilerThread0" daemon [_thread_blocked, id=2760, stack(0x00000000584b0000,0x00000000585b0000)]
  0x0000000057249000 JavaThread "Attach Listener" daemon [_thread_blocked, id=2592, stack(0x0000000058320000,0x0000000058420000)]
  0x0000000057231800 JavaThread "Signal Dispatcher" daemon [_thread_blocked, id=2956, stack(0x0000000058190000,0x0000000058290000)]
  0x00000000571dc800 JavaThread "Finalizer" daemon [_thread_blocked, id=3400, stack(0x0000000057d40000,0x0000000057e40000)]
  0x00000000571d2000 JavaThread "Reference Handler" daemon [_thread_blocked, id=1668, stack(0x0000000057ec0000,0x0000000057fc0000)]
  0x000000000252e800 JavaThread "main" [_thread_blocked, id=3312, stack(0x0000000002530000,0x0000000002630000)]

Other Threads:
  0x00000000571cc800 VMThread [stack: 0x0000000057be0000,0x0000000057ce0000] [id=4460]
  0x0000000058612800 WatcherThread [stack: 0x0000000058cb0000,0x0000000058db0000] [id=1808]

=>0x0000000000463800 (exited) GCTaskThread [stack: 0x0000000012290000,0x0000000012390000] [id=3056]

VM state:at safepoint (normal execution)

VM Mutex/Monitor currently owned by a thread:  ([mutex/lock_event])
[0x000000000252c3c0] Threads_lock - owner thread: 0x00000000571cc800
[0x000000000252c8c0] Heap_lock - owner thread: 0x000000000252e800

Heap:
 PSYoungGen      total 513024K, used 501472K [0x00000000d5980000, 0x00000000f6000000, 0x0000000100000000)
  eden space 497664K, 100% used [0x00000000d5980000,0x00000000f3f80000,0x00000000f3f80000)
  from space 15360K, 24% used [0x00000000f4e80000,0x00000000f5238000,0x00000000f5d80000)
  to   space 15360K, 44% used [0x00000000f3f80000,0x00000000f461c040,0x00000000f4e80000)
 ParOldGen       total 90624K, used 35652K [0x0000000080c00000, 0x0000000086480000, 0x00000000d5980000)
  object space 90624K, 39% used [0x0000000080c00000,0x0000000082ed1160,0x0000000086480000)
 Metaspace       used 25109K, capacity 25812K, committed 26160K, reserved 1073152K
  class space    used 2866K, capacity 3035K, committed 3120K, reserved 1048576K

Card table byte_map: [0x0000000011ae0000,0x0000000011ee0000] byte_map_base: 0x00000000116da000

Marking Bits: (ParMarkBitMap*) 0x00000000673c4040
 Begin Bits: [0x0000000012500000, 0x00000000144d0000)
 End Bits:   [0x00000000144d0000, 0x00000000164a0000)

Polling page: 0x0000000000530000

CodeCache: size=245760Kb used=18969Kb max_used=18969Kb free=226791Kb
 bounds [0x0000000002720000, 0x00000000039d0000, 0x0000000011720000]
 total_blobs=5690 nmethods=5317 adapters=285
 compilation: enabled

Compilation events (10 events):
Event: 17.467 Thread 0x00000000585c8800 6288       3       java.nio.charset.CharsetDecoder::implOnUnmappableCharacter (1 bytes)
Event: 17.467 Thread 0x00000000585c8800 nmethod 6288 0x0000000002b9f310 code [0x0000000002b9f460, 0x0000000002b9f5b0]
Event: 17.467 Thread 0x00000000585c8800 6289       3       java.nio.charset.Charset::forName (20 bytes)
Event: 17.467 Thread 0x00000000585c8800 nmethod 6289 0x0000000002b9ee10 code [0x0000000002b9ef80, 0x0000000002b9f1f8]
Event: 17.472 Thread 0x00000000585c8800 6290       3       java.net.URI::<init> (81 bytes)
Event: 17.472 Thread 0x00000000585c8800 nmethod 6290 0x0000000002b9e490 code [0x0000000002b9e640, 0x0000000002b9ebc8]
Event: 17.472 Thread 0x00000000585c8800 6291       3       java.net.URI::appendSchemeSpecificPart (183 bytes)
Event: 17.473 Thread 0x00000000585c8800 nmethod 6291 0x00000000036d4290 code [0x00000000036d45a0, 0x00000000036d6538]
Event: 17.473 Thread 0x00000000585c8800 6292       3       java.net.URI$Parser::parseHierarchical (180 bytes)
Event: 17.474 Thread 0x00000000585c8800 nmethod 6292 0x00000000039c4190 code [0x00000000039c44c0, 0x00000000039c5cc8]

GC Heap History (10 events):
Event: 9.131 GC heap after
Heap after GC invocations=13 (full 1):
 PSYoungGen      total 349184K, used 7424K [0x00000000d5980000, 0x00000000ec300000, 0x0000000100000000)
  eden space 332288K, 0% used [0x00000000d5980000,0x00000000d5980000,0x00000000e9e00000)
  from space 16896K, 43% used [0x00000000eae00000,0x00000000eb540040,0x00000000ebe80000)
  to   space 16384K, 0% used [0x00000000e9e00000,0x00000000e9e00000,0x00000000eae00000)
 ParOldGen       total 90624K, used 31658K [0x0000000080c00000, 0x0000000086480000, 0x00000000d5980000)
  object space 90624K, 34% used [0x0000000080c00000,0x0000000082aea8f0,0x0000000086480000)
 Metaspace       used 24667K, capacity 25320K, committed 25648K, reserved 1071104K
  class space    used 2838K, capacity 3001K, committed 3120K, reserved 1048576K
}
Event: 10.746 GC heap before
{Heap before GC invocations=14 (full 1):
 PSYoungGen      total 349184K, used 339712K [0x00000000d5980000, 0x00000000ec300000, 0x0000000100000000)
  eden space 332288K, 100% used [0x00000000d5980000,0x00000000e9e00000,0x00000000e9e00000)
  from space 16896K, 43% used [0x00000000eae00000,0x00000000eb540040,0x00000000ebe80000)
  to   space 16384K, 0% used [0x00000000e9e00000,0x00000000e9e00000,0x00000000eae00000)
 ParOldGen       total 90624K, used 31658K [0x0000000080c00000, 0x0000000086480000, 0x00000000d5980000)
  object space 90624K, 34% used [0x0000000080c00000,0x0000000082aea8f0,0x0000000086480000)
 Metaspace       used 24785K, capacity 25518K, committed 25904K, reserved 1073152K
  class space    used 2850K, capacity 3002K, committed 3120K, reserved 1048576K
Event: 10.758 GC heap after
Heap after GC invocations=14 (full 1):
 PSYoungGen      total 348672K, used 4664K [0x00000000d5980000, 0x00000000f1280000, 0x0000000100000000)
  eden space 332288K, 0% used [0x00000000d5980000,0x00000000d5980000,0x00000000e9e00000)
  from space 16384K, 28% used [0x00000000e9e00000,0x00000000ea28e070,0x00000000eae00000)
  to   space 16384K, 0% used [0x00000000f0280000,0x00000000f0280000,0x00000000f1280000)
 ParOldGen       total 90624K, used 35620K [0x0000000080c00000, 0x0000000086480000, 0x00000000d5980000)
  object space 90624K, 39% used [0x0000000080c00000,0x0000000082ec9160,0x0000000086480000)
 Metaspace       used 24785K, capacity 25518K, committed 25904K, reserved 1073152K
  class space    used 2850K, capacity 3002K, committed 3120K, reserved 1048576K
}
Event: 13.976 GC heap before
{Heap before GC invocations=15 (full 1):
 PSYoungGen      total 348672K, used 336952K [0x00000000d5980000, 0x00000000f1280000, 0x0000000100000000)
  eden space 332288K, 100% used [0x00000000d5980000,0x00000000e9e00000,0x00000000e9e00000)
  from space 16384K, 28% used [0x00000000e9e00000,0x00000000ea28e070,0x00000000eae00000)
  to   space 16384K, 0% used [0x00000000f0280000,0x00000000f0280000,0x00000000f1280000)
 ParOldGen       total 90624K, used 35620K [0x0000000080c00000, 0x0000000086480000, 0x00000000d5980000)
  object space 90624K, 39% used [0x0000000080c00000,0x0000000082ec9160,0x0000000086480000)
 Metaspace       used 24931K, capacity 25620K, committed 25904K, reserved 1073152K
  class space    used 2860K, capacity 3035K, committed 3120K, reserved 1048576K
Event: 13.986 GC heap after
Heap after GC invocations=15 (full 1):
 PSYoungGen      total 413184K, used 6432K [0x00000000d5980000, 0x00000000f0900000, 0x0000000100000000)
  eden space 406528K, 0% used [0x00000000d5980000,0x00000000d5980000,0x00000000ee680000)
  from space 6656K, 96% used [0x00000000f0280000,0x00000000f08c8010,0x00000000f0900000)
  to   space 15872K, 0% used [0x00000000eea00000,0x00000000eea00000,0x00000000ef980000)
 ParOldGen       total 90624K, used 35628K [0x0000000080c00000, 0x0000000086480000, 0x00000000d5980000)
  object space 90624K, 39% used [0x0000000080c00000,0x0000000082ecb160,0x0000000086480000)
 Metaspace       used 24931K, capacity 25620K, committed 25904K, reserved 1073152K
  class space    used 2860K, capacity 3035K, committed 3120K, reserved 1048576K
}
Event: 14.371 GC heap before
{Heap before GC invocations=16 (full 1):
 PSYoungGen      total 413184K, used 412960K [0x00000000d5980000, 0x00000000f0900000, 0x0000000100000000)
  eden space 406528K, 100% used [0x00000000d5980000,0x00000000ee680000,0x00000000ee680000)
  from space 6656K, 96% used [0x00000000f0280000,0x00000000f08c8010,0x00000000f0900000)
  to   space 15872K, 0% used [0x00000000eea00000,0x00000000eea00000,0x00000000ef980000)
 ParOldGen       total 90624K, used 35628K [0x0000000080c00000, 0x0000000086480000, 0x00000000d5980000)
  object space 90624K, 39% used [0x0000000080c00000,0x0000000082ecb160,0x0000000086480000)
 Metaspace       used 24955K, capacity 25684K, committed 25904K, reserved 1073152K
  class space    used 2860K, capacity 3035K, committed 3120K, reserved 1048576K
Event: 14.381 GC heap after
Heap after GC invocations=16 (full 1):
 PSYoungGen      total 425984K, used 7488K [0x00000000d5980000, 0x00000000f5d80000, 0x0000000100000000)
  eden space 410112K, 0% used [0x00000000d5980000,0x00000000d5980000,0x00000000eea00000)
  from space 15872K, 47% used [0x00000000eea00000,0x00000000ef150010,0x00000000ef980000)
  to   space 15360K, 0% used [0x00000000f4e80000,0x00000000f4e80000,0x00000000f5d80000)
 ParOldGen       total 90624K, used 35636K [0x0000000080c00000, 0x0000000086480000, 0x00000000d5980000)
  object space 90624K, 39% used [0x0000000080c00000,0x0000000082ecd160,0x0000000086480000)
 Metaspace       used 24955K, capacity 25684K, committed 25904K, reserved 1073152K
  class space    used 2860K, capacity 3035K, committed 3120K, reserved 1048576K
}
Event: 14.765 GC heap before
{Heap before GC invocations=17 (full 1):
 PSYoungGen      total 425984K, used 417600K [0x00000000d5980000, 0x00000000f5d80000, 0x0000000100000000)
  eden space 410112K, 100% used [0x00000000d5980000,0x00000000eea00000,0x00000000eea00000)
  from space 15872K, 47% used [0x00000000eea00000,0x00000000ef150010,0x00000000ef980000)
  to   space 15360K, 0% used [0x00000000f4e80000,0x00000000f4e80000,0x00000000f5d80000)
 ParOldGen       total 90624K, used 35636K [0x0000000080c00000, 0x0000000086480000, 0x00000000d5980000)
  object space 90624K, 39% used [0x0000000080c00000,0x0000000082ecd160,0x0000000086480000)
 Metaspace       used 25026K, capacity 25748K, committed 26160K, reserved 1073152K
  class space    used 2865K, capacity 3035K, committed 3120K, reserved 1048576K
Event: 14.774 GC heap after
Heap after GC invocations=17 (full 1):
 PSYoungGen      total 513024K, used 3808K [0x00000000d5980000, 0x00000000f6000000, 0x0000000100000000)
  eden space 497664K, 0% used [0x00000000d5980000,0x00000000d5980000,0x00000000f3f80000)
  from space 15360K, 24% used [0x00000000f4e80000,0x00000000f5238000,0x00000000f5d80000)
  to   space 15360K, 0% used [0x00000000f3f80000,0x00000000f3f80000,0x00000000f4e80000)
 ParOldGen       total 90624K, used 35644K [0x0000000080c00000, 0x0000000086480000, 0x00000000d5980000)
  object space 90624K, 39% used [0x0000000080c00000,0x0000000082ecf160,0x0000000086480000)
 Metaspace       used 25026K, capacity 25748K, committed 26160K, reserved 1073152K
  class space    used 2865K, capacity 3035K, committed 3120K, reserved 1048576K
}
Event: 17.692 GC heap before
{Heap before GC invocations=18 (full 1):
 PSYoungGen      total 513024K, used 501472K [0x00000000d5980000, 0x00000000f6000000, 0x0000000100000000)
  eden space 497664K, 100% used [0x00000000d5980000,0x00000000f3f80000,0x00000000f3f80000)
  from space 15360K, 24% used [0x00000000f4e80000,0x00000000f5238000,0x00000000f5d80000)
  to   space 15360K, 0% used [0x00000000f3f80000,0x00000000f3f80000,0x00000000f4e80000)
 ParOldGen       total 90624K, used 35644K [0x0000000080c00000, 0x0000000086480000, 0x00000000d5980000)
  object space 90624K, 39% used [0x0000000080c00000,0x0000000082ecf160,0x0000000086480000)
 Metaspace       used 25109K, capacity 25812K, committed 26160K, reserved 1073152K
  class space    used 2866K, capacity 3035K, committed 3120K, reserved 1048576K

Deoptimization events (10 events):
Event: 14.736 Thread 0x000000000252e800 Uncommon trap: reason=class_check action=maybe_recompile pc=0x00000000039849c0 method=org.codehaus.plexus.archiver.filters.JarSecurityFileSelector.isSelected(Lorg/codehaus/plexus/components/io/fileselectors/FileInfo;)Z @ 1
Event: 14.736 Thread 0x000000000252e800 Uncommon trap: reason=class_check action=maybe_recompile pc=0x000000000398cedc method=org.apache.maven.plugin.assembly.filter.ComponentsXmlArchiverFileFilter.isSelected(Lorg/codehaus/plexus/components/io/fileselectors/FileInfo;)Z @ 1
Event: 14.736 Thread 0x000000000252e800 Uncommon trap: reason=class_check action=maybe_recompile pc=0x00000000039849c0 method=org.codehaus.plexus.archiver.filters.JarSecurityFileSelector.isSelected(Lorg/codehaus/plexus/components/io/fileselectors/FileInfo;)Z @ 1
Event: 14.739 Thread 0x000000000252e800 Uncommon trap: reason=class_check action=maybe_recompile pc=0x0000000002bc0e90 method=org.codehaus.plexus.archiver.AbstractArchiver$1.hasNext()Z @ 184
Event: 14.739 Thread 0x000000000252e800 Uncommon trap: reason=class_check action=maybe_recompile pc=0x0000000002bc0e90 method=org.codehaus.plexus.archiver.AbstractArchiver$1.hasNext()Z @ 184
Event: 14.739 Thread 0x000000000252e800 Uncommon trap: reason=class_check action=maybe_recompile pc=0x0000000002bc0e90 method=org.codehaus.plexus.archiver.AbstractArchiver$1.hasNext()Z @ 184
Event: 14.749 Thread 0x000000000252e800 Uncommon trap: reason=unstable_if action=reinterpret pc=0x000000000352a510 method=java.util.Vector.indexOf(Ljava/lang/Object;I)I @ 54
Event: 14.749 Thread 0x000000000252e800 Uncommon trap: reason=unstable_if action=reinterpret pc=0x0000000002b65950 method=java.util.Vector.removeElementAt(I)V @ 75
Event: 16.791 Thread 0x000000000252e800 Uncommon trap: reason=unstable_if action=reinterpret pc=0x00000000036c9c10 method=java.util.Hashtable.contains(Ljava/lang/Object;)Z @ 24
Event: 16.791 Thread 0x000000000252e800 Uncommon trap: reason=unstable_if action=reinterpret pc=0x0000000002f7280c method=java.util.Hashtable.contains(Ljava/lang/Object;)Z @ 24

Internal exceptions (10 events):
Event: 3.703 Thread 0x000000000252e800 Exception <a 'java/io/FileNotFoundException'> (0x00000000d8144018) thrown at [C:\re\workspace\8-2-build-windows-amd64-cygwin\jdk8u45\3457\hotspot\src\share\vm\prims\jni.cpp, line 709]
Event: 3.745 Thread 0x000000000252e800 Exception <a 'java/io/FileNotFoundException'> (0x00000000d8960468) thrown at [C:\re\workspace\8-2-build-windows-amd64-cygwin\jdk8u45\3457\hotspot\src\share\vm\prims\jni.cpp, line 709]
Event: 3.745 Thread 0x000000000252e800 Exception <a 'java/io/FileNotFoundException'> (0x00000000d89611f8) thrown at [C:\re\workspace\8-2-build-windows-amd64-cygwin\jdk8u45\3457\hotspot\src\share\vm\prims\jni.cpp, line 709]
Event: 3.745 Thread 0x000000000252e800 Exception <a 'java/io/FileNotFoundException'> (0x00000000d8961fb8) thrown at [C:\re\workspace\8-2-build-windows-amd64-cygwin\jdk8u45\3457\hotspot\src\share\vm\prims\jni.cpp, line 709]
Event: 3.745 Thread 0x000000000252e800 Exception <a 'java/io/FileNotFoundException'> (0x00000000d8962d88) thrown at [C:\re\workspace\8-2-build-windows-amd64-cygwin\jdk8u45\3457\hotspot\src\share\vm\prims\jni.cpp, line 709]
Event: 4.768 Thread 0x000000000252e800 Implicit null exception at 0x0000000003027d00 to 0x0000000003028fa5
Event: 6.259 Thread 0x000000000252e800 Implicit null exception at 0x0000000002832c9f to 0x0000000002832ee1
Event: 8.962 Thread 0x000000000252e800 Implicit null exception at 0x000000000378beab to 0x000000000378f245
Event: 10.105 Thread 0x000000000252e800 Implicit null exception at 0x0000000002c95179 to 0x0000000002c97eb5
Event: 11.505 Thread 0x000000000252e800 Implicit null exception at 0x000000000386aac6 to 0x000000000386ca71

Events (10 events):
Event: 16.806 Thread 0x000000000252e800 DEOPT UNPACKING pc=0x000000000276747f sp=0x000000000262d648 mode 0
Event: 16.810 Thread 0x000000000252e800 DEOPT PACKING pc=0x00000000033b65b0 sp=0x000000000262d910
Event: 16.810 Thread 0x000000000252e800 DEOPT UNPACKING pc=0x000000000276747f sp=0x000000000262d648 mode 0
Event: 16.812 Thread 0x000000000252e800 DEOPT PACKING pc=0x00000000033b65b0 sp=0x000000000262d910
Event: 16.812 Thread 0x000000000252e800 DEOPT UNPACKING pc=0x000000000276747f sp=0x000000000262d648 mode 0
Event: 16.814 Thread 0x000000000252e800 DEOPT PACKING pc=0x00000000033b6599 sp=0x000000000262d910
Event: 16.814 Thread 0x000000000252e800 DEOPT UNPACKING pc=0x000000000276747f sp=0x000000000262d648 mode 0
Event: 16.816 Thread 0x000000000252e800 DEOPT PACKING pc=0x00000000033b65b0 sp=0x000000000262d910
Event: 16.816 Thread 0x000000000252e800 DEOPT UNPACKING pc=0x000000000276747f sp=0x000000000262d648 mode 0
Event: 17.692 Executing VM operation: ParallelGCFailedAllocation


Dynamic libraries:
0x000000013f3e0000 - 0x000000013f417000 	C:\Program Files\Java\jdk1.8.0_45\bin\java.exe
0x0000000077150000 - 0x00000000772f9000 	C:\windows\SYSTEM32\ntdll.dll
0x0000000076bc0000 - 0x0000000076cdf000 	C:\windows\system32\kernel32.dll
0x000007fefd8f0000 - 0x000007fefd95c000 	C:\windows\system32\KERNELBASE.dll
0x000007fefeab0000 - 0x000007fefeb8b000 	C:\windows\system32\ADVAPI32.dll
0x000007feff2c0000 - 0x000007feff35f000 	C:\windows\system32\msvcrt.dll
0x000007feff440000 - 0x000007feff45f000 	C:\windows\SYSTEM32\sechost.dll
0x000007fefeed0000 - 0x000007fefeffd000 	C:\windows\system32\RPCRT4.dll
0x0000000076e40000 - 0x0000000076f3a000 	C:\windows\system32\USER32.dll
0x000007fefed80000 - 0x000007fefede7000 	C:\windows\system32\GDI32.dll
0x000007feff360000 - 0x000007feff36e000 	C:\windows\system32\LPK.dll
0x000007feff370000 - 0x000007feff439000 	C:\windows\system32\USP10.dll
0x000007fefd100000 - 0x000007fefd2f4000 	C:\windows\WinSxS\amd64_microsoft.windows.common-controls_6595b64144ccf1df_6.0.7601.17514_none_fa396087175ac9ac\COMCTL32.dll
0x000007fefeb90000 - 0x000007fefec01000 	C:\windows\system32\SHLWAPI.dll
0x000007fefdcd0000 - 0x000007fefdcfe000 	C:\windows\system32\IMM32.DLL
0x000007fefec70000 - 0x000007fefed79000 	C:\windows\system32\MSCTF.dll
0x0000000068f00000 - 0x0000000068fd2000 	C:\Program Files\Java\jdk1.8.0_45\jre\bin\msvcr100.dll
0x0000000066bc0000 - 0x0000000067443000 	C:\Program Files\Java\jdk1.8.0_45\jre\bin\server\jvm.dll
0x000007fefba20000 - 0x000007fefba29000 	C:\windows\system32\WSOCK32.dll
0x000007fefdc80000 - 0x000007fefdccd000 	C:\windows\system32\WS2_32.dll
0x000007feff000000 - 0x000007feff008000 	C:\windows\system32\NSI.dll
0x000007fefadc0000 - 0x000007fefadfb000 	C:\windows\system32\WINMM.dll
0x000007fefc0d0000 - 0x000007fefc0dc000 	C:\windows\system32\VERSION.dll
0x0000000077320000 - 0x0000000077327000 	C:\windows\system32\PSAPI.DLL
0x00000000694a0000 - 0x00000000694af000 	C:\Program Files\Java\jdk1.8.0_45\jre\bin\verify.dll
0x0000000069470000 - 0x0000000069499000 	C:\Program Files\Java\jdk1.8.0_45\jre\bin\java.dll
0x0000000069450000 - 0x0000000069466000 	C:\Program Files\Java\jdk1.8.0_45\jre\bin\zip.dll
0x000007fefdd20000 - 0x000007fefeaa8000 	C:\windows\system32\SHELL32.dll
0x000007feff010000 - 0x000007feff213000 	C:\windows\system32\ole32.dll
0x000007fefd5b0000 - 0x000007fefd5bf000 	C:\windows\system32\profapi.dll
0x000007fefba30000 - 0x000007fefba40000 	C:\Program Files (x86)\JetBrains\IntelliJ IDEA 12.1.7\bin\breakgen64.dll
0x00000000693f0000 - 0x000000006940a000 	C:\Program Files\Java\jdk1.8.0_45\jre\bin\net.dll
0x000007fefcb20000 - 0x000007fefcb75000 	C:\windows\system32\mswsock.dll
0x000007fefcb10000 - 0x000007fefcb17000 	C:\windows\System32\wship6.dll
0x0000000069410000 - 0x0000000069421000 	C:\Program Files\Java\jdk1.8.0_45\jre\bin\nio.dll
0x000007fefd480000 - 0x000007fefd4d7000 	C:\windows\system32\apphelp.dll
0x000007fef0c70000 - 0x000007fef0d95000 	C:\windows\system32\dbghelp.dll

VM Arguments:
jvm_args: -Dmaven.home=F:\apache-maven-3.2.3 -Dclassworlds.conf=F:\apache-maven-3.2.3\bin\m2.conf -Didea.launcher.port=7533 -Didea.launcher.bin.path=C:\Program Files (x86)\JetBrains\IntelliJ IDEA 12.1.7\bin -Dfile.encoding=UTF-8 
java_command: com.intellij.rt.execution.application.AppMain org.codehaus.classworlds.Launcher --fail-fast --strict-checksums deploy
java_class_path (initial): F:\apache-maven-3.2.3\boot\plexus-classworlds-2.5.1.jar;C:\Program Files (x86)\JetBrains\IntelliJ IDEA 12.1.7\lib\idea_rt.jar
Launcher Type: SUN_STANDARD

Environment Variables:
JAVA_HOME=C:\Program Files\Java\jdk1.8.0_45
CLASSPATH=C:\Program Files\Java\jdk1.8.0_45\lib\dt.jar;C:\Program Files\Java\jdk1.8.0_45\lib\tools.jar;
PATH=C:\Program Files (x86)\JetBrains\IntelliJ IDEA 12.1.7\bin\..\.\bin;C:\ProgramData\Oracle\Java\javapath;C:\Program Files (x86)\Common Files\NetSarang;C:\windows\system32;C:\windows;C:\windows\System32\Wbem;C:\windows\System32\WindowsPowerShell\v1.0\;C:\Program Files\Java\jdk1.8.0_45\bin;C:\Program Files\Java\jdk1.8.0_45\jre\bin;C:\Program Files\TortoiseSVN\bin;C:\cygwin\bin;C:\cygwin\bin;;c:\program files (x86)\jetbrains\intellij idea 12.1.7\jre\jre\bin
USERNAME=Administrator
OS=Windows_NT
PROCESSOR_IDENTIFIER=Intel64 Family 6 Model 58 Stepping 9, GenuineIntel



---------------  S Y S T E M  ---------------

OS: Windows 7 , 64 bit Build 7601 (6.1.7601.17965)

CPU:total 2 (2 cores per cpu, 1 threads per core) family 6 model 58 stepping 9, cmov, cx8, fxsr, mmx, sse, sse2, sse3, ssse3, sse4.1, sse4.2, popcnt, clmul, erms, tsc, tscinvbit, tscinv

Memory: 4k page, physical 8333864k(4746716k free), swap 25109228k(20844124k free)

vm_info: Java HotSpot(TM) 64-Bit Server VM (25.45-b02) for windows-amd64 JRE (1.8.0_45-b14), built on Apr 10 2015 10:34:15 by "java_re" with MS VC++ 10.0 (VS2010)

time: Tue Jan 26 18:53:21 2016
elapsed time: 17 seconds (0d 0h 0m 17s)

