#
# A fatal error has been detected by the Java Runtime Environment:
#
#  EXCEPTION_ACCESS_VIOLATION (0xc0000005) at pc=0x0000000002762fa6, pid=4160, tid=4436
#
# JRE version: Java(TM) SE Runtime Environment (8.0_45-b14) (build 1.8.0_45-b14)
# Java VM: Java HotSpot(TM) 64-Bit Server VM (25.45-b02 mixed mode windows-amd64 compressed oops)
# Problematic frame:
# j  com.sun.tools.javac.file.ZipFileIndex$DirectoryEntry.getFiles()Lcom/sun/tools/javac/util/List;+31
#
# Failed to write core dump. Minidumps are not enabled by default on client versions of Windows
#
# If you would like to submit a bug report, please visit:
#   http://bugreport.java.com/bugreport/crash.jsp
#

---------------  T H R E A D  ---------------

Current thread (0x0000000001c0e800):  JavaThread "main" [_thread_in_Java, id=4436, stack(0x0000000002640000,0x0000000002740000)]

siginfo: ExceptionCode=0xc0000005, reading address 0x0000000017b8eec0

Registers:
RAX=0x0000000016b8ee90, RBX=0x0000000017b8ee90, RCX=0x0000000000000030, RDX=0x00000000822b0290
RSP=0x000000000273c538, RBP=0x000000000273c578, RSI=0x0000000000000000, RDI=0x0000000000000001
R8 =0x0000000000000043, R9 =0x00000000d5a00e20, R10=0x000000005f3d3bf0, R11=0x0000000000000044
R12=0x0000000000000000, R13=0x000000005c3ac164, R14=0x000000000273c598, R15=0x0000000001c0e800
RIP=0x0000000002762fa6, EFLAGS=0x0000000000010206

Top of Stack: (sp=0x000000000273c538)
0x000000000273c538:   000000000273c538 000000005c3ac15f
0x000000000273c548:   000000000273c598 000000005c3acc20
0x000000000273c558:   000000005c3ba2d8 000000005c3ac1a0
0x000000000273c568:   0000000000000000 000000000273c5a0
0x000000000273c578:   000000000273c898 00000000031c43fc
0x000000000273c588:   00000000822b0328 00000000d5a010c0
0x000000000273c598:   000000008216a970 00000000d5a007d8
0x000000000273c5a8:   00000000030c27cf 00000000d5a00208
0x000000000273c5b8:   000000005ecd9026 000000000273c6b0
0x000000000273c5c8:   000000008213e908 00000000d5a00530
0x000000000273c5d8:   0000000000000001 000000008213e908
0x000000000273c5e8:   0000000000000070 000000000273c898
0x000000000273c5f8:   00000000031b33e4 0000000080c018f0
0x000000000273c608:   000000005edea525 0000000001c0f1d0
0x000000000273c618:   000000005ecd9244 000000000273c898
0x000000000273c628:   0000000002e6f804 000000000273c898 

Instructions: (pc=0x0000000002762fa6)
0x0000000002762f86:   89 59 10 bf 01 00 00 00 48 89 79 18 48 83 c1 30
0x0000000002762f96:   48 89 4d e0 48 3b d8 0f 84 5b 00 00 00 8b 48 0c
0x0000000002762fa6:   48 3b 04 0b 0f 84 4e 00 00 00 83 f9 18 0f 85 22
0x0000000002762fb6:   00 00 00 50 48 8b c0 57 48 8b 7b 20 8b 0f 48 83 


Register to memory mapping:

RAX=0x0000000016b8ee90 is pointing into metadata
RBX=0x0000000017b8ee90 is an unknown value
RCX=0x0000000000000030 is an unknown value
RDX=
[error occurred during error reporting (printing register info), id 0xc0000005]

Stack: [0x0000000002640000,0x0000000002740000],  sp=0x000000000273c538,  free space=1009k
Native frames: (J=compiled Java code, j=interpreted, Vv=VM code, C=native code)
C  0x0000000002762fa6


---------------  P R O C E S S  ---------------

Java Threads: ( => current thread )
  0x00000000586d6000 JavaThread "Monitor Ctrl-Break" daemon [_thread_in_native, id=4248, stack(0x0000000058f80000,0x0000000059080000)]
  0x000000005865e800 JavaThread "Service Thread" daemon [_thread_blocked, id=1740, stack(0x0000000058bc0000,0x0000000058cc0000)]
  0x0000000057319000 JavaThread "C1 CompilerThread1" daemon [_thread_blocked, id=4920, stack(0x0000000058430000,0x0000000058530000)]
  0x00000000572cc800 JavaThread "C2 CompilerThread0" daemon [_thread_in_native, id=4648, stack(0x0000000058530000,0x0000000058630000)]
  0x00000000572cb000 JavaThread "Attach Listener" daemon [_thread_blocked, id=5040, stack(0x00000000582c0000,0x00000000583c0000)]
  0x00000000572b1800 JavaThread "Signal Dispatcher" daemon [_thread_blocked, id=5024, stack(0x0000000058160000,0x0000000058260000)]
  0x000000005725c800 JavaThread "Finalizer" daemon [_thread_blocked, id=3036, stack(0x0000000057e60000,0x0000000057f60000)]
  0x0000000057252000 JavaThread "Reference Handler" daemon [_thread_blocked, id=4424, stack(0x0000000057f80000,0x0000000058080000)]
=>0x0000000001c0e800 JavaThread "main" [_thread_in_Java, id=4436, stack(0x0000000002640000,0x0000000002740000)]

Other Threads:
  0x000000005724c800 VMThread [stack: 0x0000000057cf0000,0x0000000057df0000] [id=4956]
  0x0000000058661000 WatcherThread [stack: 0x0000000057bd0000,0x0000000057cd0000] [id=4636]

VM state:not at safepoint (normal execution)

VM Mutex/Monitor currently owned by a thread: None

Heap:
 PSYoungGen      total 138240K, used 7719K [0x00000000d5980000, 0x00000000e8780000, 0x0000000100000000)
  eden space 133120K, 1% used [0x00000000d5980000,0x00000000d5c0ff48,0x00000000ddb80000)
  from space 5120K, 99% used [0x00000000ddb80000,0x00000000de07a020,0x00000000de080000)
  to   space 21504K, 0% used [0x00000000e7280000,0x00000000e7280000,0x00000000e8780000)
 ParOldGen       total 87552K, used 28923K [0x0000000080c00000, 0x0000000086180000, 0x00000000d5980000)
  object space 87552K, 33% used [0x0000000080c00000,0x000000008283eeb8,0x0000000086180000)
 Metaspace       used 20139K, capacity 20624K, committed 20736K, reserved 1067008K
  class space    used 2367K, capacity 2512K, committed 2560K, reserved 1048576K

Card table byte_map: [0x0000000011b00000,0x0000000011f00000] byte_map_base: 0x00000000116fa000

Marking Bits: (ParMarkBitMap*) 0x000000005f3e4040
 Begin Bits: [0x0000000012580000, 0x0000000014550000)
 End Bits:   [0x0000000014550000, 0x0000000016520000)

Polling page: 0x00000000001d0000

CodeCache: size=245760Kb used=11012Kb max_used=11012Kb free=234747Kb
 bounds [0x0000000002740000, 0x0000000003210000, 0x0000000011740000]
 total_blobs=3812 nmethods=3448 adapters=276
 compilation: enabled

Compilation events (10 events):
Event: 4.424 Thread 0x0000000057319000 3469       2       com.sun.tools.javac.comp.Check$1::inferenceContext (11 bytes)
Event: 4.425 Thread 0x0000000057319000 nmethod 3469 0x00000000032080d0 code [0x0000000003208220, 0x0000000003208370]
Event: 4.425 Thread 0x0000000057319000 3470       2       com.sun.tools.javac.comp.Infer$InferenceContext::free (9 bytes)
Event: 4.425 Thread 0x0000000057319000 nmethod 3470 0x0000000003208450 code [0x00000000032085c0, 0x0000000003208748]
Event: 4.500 Thread 0x0000000057319000 3471       2       java.io.FileInputStream::finalize (22 bytes)
Event: 4.500 Thread 0x0000000057319000 nmethod 3471 0x0000000003208810 code [0x0000000003208980, 0x0000000003208b08]
Event: 4.500 Thread 0x0000000057319000 3472   !   2       java.util.zip.Inflater::end (50 bytes)
Event: 4.500 Thread 0x0000000057319000 nmethod 3472 0x0000000003208b90 code [0x0000000003208d00, 0x0000000003209048]
Event: 4.502 Thread 0x0000000057319000 3474       2       com.sun.tools.javac.tree.TreeInfo::skipParens (20 bytes)
Event: 4.503 Thread 0x0000000057319000 nmethod 3474 0x00000000032091d0 code [0x0000000003209360, 0x00000000032095f8]

GC Heap History (10 events):
Event: 0.631 GC heap before
{Heap before GC invocations=1 (full 0):
 PSYoungGen      total 38400K, used 33280K [0x00000000d5980000, 0x00000000d8400000, 0x0000000100000000)
  eden space 33280K, 100% used [0x00000000d5980000,0x00000000d7a00000,0x00000000d7a00000)
  from space 5120K, 0% used [0x00000000d7f00000,0x00000000d7f00000,0x00000000d8400000)
  to   space 5120K, 0% used [0x00000000d7a00000,0x00000000d7a00000,0x00000000d7f00000)
 ParOldGen       total 87552K, used 0K [0x0000000080c00000, 0x0000000086180000, 0x00000000d5980000)
  object space 87552K, 0% used [0x0000000080c00000,0x0000000080c00000,0x0000000086180000)
 Metaspace       used 7889K, capacity 8104K, committed 8192K, reserved 1056768K
  class space    used 964K, capacity 1020K, committed 1024K, reserved 1048576K
Event: 0.638 GC heap after
Heap after GC invocations=1 (full 0):
 PSYoungGen      total 38400K, used 4798K [0x00000000d5980000, 0x00000000da480000, 0x0000000100000000)
  eden space 33280K, 0% used [0x00000000d5980000,0x00000000d5980000,0x00000000d7a00000)
  from space 5120K, 93% used [0x00000000d7a00000,0x00000000d7eaf9a8,0x00000000d7f00000)
  to   space 5120K, 0% used [0x00000000d9f80000,0x00000000d9f80000,0x00000000da480000)
 ParOldGen       total 87552K, used 8K [0x0000000080c00000, 0x0000000086180000, 0x00000000d5980000)
  object space 87552K, 0% used [0x0000000080c00000,0x0000000080c02000,0x0000000086180000)
 Metaspace       used 7889K, capacity 8104K, committed 8192K, reserved 1056768K
  class space    used 964K, capacity 1020K, committed 1024K, reserved 1048576K
}
Event: 1.256 GC heap before
{Heap before GC invocations=2 (full 0):
 PSYoungGen      total 38400K, used 38078K [0x00000000d5980000, 0x00000000da480000, 0x0000000100000000)
  eden space 33280K, 100% used [0x00000000d5980000,0x00000000d7a00000,0x00000000d7a00000)
  from space 5120K, 93% used [0x00000000d7a00000,0x00000000d7eaf9a8,0x00000000d7f00000)
  to   space 5120K, 0% used [0x00000000d9f80000,0x00000000d9f80000,0x00000000da480000)
 ParOldGen       total 87552K, used 8K [0x0000000080c00000, 0x0000000086180000, 0x00000000d5980000)
  object space 87552K, 0% used [0x0000000080c00000,0x0000000080c02000,0x0000000086180000)
 Metaspace       used 12839K, capacity 13018K, committed 13312K, reserved 1060864K
  class space    used 1586K, capacity 1673K, committed 1792K, reserved 1048576K
Event: 1.271 GC heap after
Heap after GC invocations=2 (full 0):
 PSYoungGen      total 71680K, used 5095K [0x00000000d5980000, 0x00000000da480000, 0x0000000100000000)
  eden space 66560K, 0% used [0x00000000d5980000,0x00000000d5980000,0x00000000d9a80000)
  from space 5120K, 99% used [0x00000000d9f80000,0x00000000da479c30,0x00000000da480000)
  to   space 5120K, 0% used [0x00000000d9a80000,0x00000000d9a80000,0x00000000d9f80000)
 ParOldGen       total 87552K, used 2864K [0x0000000080c00000, 0x0000000086180000, 0x00000000d5980000)
  object space 87552K, 3% used [0x0000000080c00000,0x0000000080ecc268,0x0000000086180000)
 Metaspace       used 12839K, capacity 13018K, committed 13312K, reserved 1060864K
  class space    used 1586K, capacity 1673K, committed 1792K, reserved 1048576K
}
Event: 2.372 GC heap before
{Heap before GC invocations=3 (full 0):
 PSYoungGen      total 71680K, used 71655K [0x00000000d5980000, 0x00000000da480000, 0x0000000100000000)
  eden space 66560K, 100% used [0x00000000d5980000,0x00000000d9a80000,0x00000000d9a80000)
  from space 5120K, 99% used [0x00000000d9f80000,0x00000000da479c30,0x00000000da480000)
  to   space 5120K, 0% used [0x00000000d9a80000,0x00000000d9a80000,0x00000000d9f80000)
 ParOldGen       total 87552K, used 2864K [0x0000000080c00000, 0x0000000086180000, 0x00000000d5980000)
  object space 87552K, 3% used [0x0000000080c00000,0x0000000080ecc268,0x0000000086180000)
 Metaspace       used 14303K, capacity 14594K, committed 14848K, reserved 1062912K
  class space    used 1705K, capacity 1781K, committed 1792K, reserved 1048576K
Event: 2.411 GC heap after
Heap after GC invocations=3 (full 0):
 PSYoungGen      total 71680K, used 5096K [0x00000000d5980000, 0x00000000de580000, 0x0000000100000000)
  eden space 66560K, 0% used [0x00000000d5980000,0x00000000d5980000,0x00000000d9a80000)
  from space 5120K, 99% used [0x00000000d9a80000,0x00000000d9f7a020,0x00000000d9f80000)
  to   space 5120K, 0% used [0x00000000de080000,0x00000000de080000,0x00000000de580000)
 ParOldGen       total 87552K, used 6471K [0x0000000080c00000, 0x0000000086180000, 0x00000000d5980000)
  object space 87552K, 7% used [0x0000000080c00000,0x0000000081251c68,0x0000000086180000)
 Metaspace       used 14303K, capacity 14594K, committed 14848K, reserved 1062912K
  class space    used 1705K, capacity 1781K, committed 1792K, reserved 1048576K
}
Event: 3.036 GC heap before
{Heap before GC invocations=4 (full 0):
 PSYoungGen      total 71680K, used 71656K [0x00000000d5980000, 0x00000000de580000, 0x0000000100000000)
  eden space 66560K, 100% used [0x00000000d5980000,0x00000000d9a80000,0x00000000d9a80000)
  from space 5120K, 99% used [0x00000000d9a80000,0x00000000d9f7a020,0x00000000d9f80000)
  to   space 5120K, 0% used [0x00000000de080000,0x00000000de080000,0x00000000de580000)
 ParOldGen       total 87552K, used 6471K [0x0000000080c00000, 0x0000000086180000, 0x00000000d5980000)
  object space 87552K, 7% used [0x0000000080c00000,0x0000000081251c68,0x0000000086180000)
 Metaspace       used 14653K, capacity 14926K, committed 15104K, reserved 1062912K
  class space    used 1706K, capacity 1783K, committed 1792K, reserved 1048576K
Event: 3.051 GC heap after
Heap after GC invocations=4 (full 0):
 PSYoungGen      total 138240K, used 5096K [0x00000000d5980000, 0x00000000de580000, 0x0000000100000000)
  eden space 133120K, 0% used [0x00000000d5980000,0x00000000d5980000,0x00000000ddb80000)
  from space 5120K, 99% used [0x00000000de080000,0x00000000de57a040,0x00000000de580000)
  to   space 5120K, 0% used [0x00000000ddb80000,0x00000000ddb80000,0x00000000de080000)
 ParOldGen       total 87552K, used 10239K [0x0000000080c00000, 0x0000000086180000, 0x00000000d5980000)
  object space 87552K, 11% used [0x0000000080c00000,0x00000000815ffc88,0x0000000086180000)
 Metaspace       used 14653K, capacity 14926K, committed 15104K, reserved 1062912K
  class space    used 1706K, capacity 1783K, committed 1792K, reserved 1048576K
}
Event: 4.426 GC heap before
{Heap before GC invocations=5 (full 0):
 PSYoungGen      total 138240K, used 138216K [0x00000000d5980000, 0x00000000de580000, 0x0000000100000000)
  eden space 133120K, 100% used [0x00000000d5980000,0x00000000ddb80000,0x00000000ddb80000)
  from space 5120K, 99% used [0x00000000de080000,0x00000000de57a040,0x00000000de580000)
  to   space 5120K, 0% used [0x00000000ddb80000,0x00000000ddb80000,0x00000000de080000)
 ParOldGen       total 87552K, used 10239K [0x0000000080c00000, 0x0000000086180000, 0x00000000d5980000)
  object space 87552K, 11% used [0x0000000080c00000,0x00000000815ffc88,0x0000000086180000)
 Metaspace       used 20137K, capacity 20624K, committed 20736K, reserved 1067008K
  class space    used 2367K, capacity 2512K, committed 2560K, reserved 1048576K
Event: 4.498 GC heap after
Heap after GC invocations=5 (full 0):
 PSYoungGen      total 138240K, used 5096K [0x00000000d5980000, 0x00000000e8780000, 0x0000000100000000)
  eden space 133120K, 0% used [0x00000000d5980000,0x00000000d5980000,0x00000000ddb80000)
  from space 5120K, 99% used [0x00000000ddb80000,0x00000000de07a020,0x00000000de080000)
  to   space 21504K, 0% used [0x00000000e7280000,0x00000000e7280000,0x00000000e8780000)
 ParOldGen       total 87552K, used 28923K [0x0000000080c00000, 0x0000000086180000, 0x00000000d5980000)
  object space 87552K, 33% used [0x0000000080c00000,0x000000008283eeb8,0x0000000086180000)
 Metaspace       used 20137K, capacity 20624K, committed 20736K, reserved 1067008K
  class space    used 2367K, capacity 2512K, committed 2560K, reserved 1048576K
}

Deoptimization events (10 events):
Event: 3.480 Thread 0x0000000001c0e800 Uncommon trap: reason=unstable_if action=reinterpret pc=0x0000000002f94070 method=java.util.ArrayList.remove(Ljava/lang/Object;)Z @ 46
Event: 3.494 Thread 0x0000000001c0e800 Uncommon trap: reason=unstable_if action=reinterpret pc=0x0000000002f699b0 method=org.apache.maven.model.ConfigurationContainer.clone()Lorg/apache/maven/model/ConfigurationContainer; @ 37
Event: 3.807 Thread 0x0000000001c0e800 Uncommon trap: reason=unstable_if action=reinterpret pc=0x0000000002a83f88 method=sun.net.www.ParseUtil.encodePath(Ljava/lang/String;Z)Ljava/lang/String; @ 109
Event: 3.984 Thread 0x0000000001c0e800 Uncommon trap: reason=unstable_if action=reinterpret pc=0x00000000030e5654 method=java.util.jar.Manifest$FastInputStream.readLine([BII)I @ 87
Event: 3.997 Thread 0x0000000001c0e800 Uncommon trap: reason=unstable_if action=reinterpret pc=0x0000000002f968e0 method=java.util.StringTokenizer.setMaxDelimCodePoint()V @ 71
Event: 4.040 Thread 0x0000000001c0e800 Uncommon trap: reason=unstable_if action=reinterpret pc=0x00000000030ef094 method=java.io.WinNTFileSystem.parentOrNull(Ljava/lang/String;)Ljava/lang/String; @ 62
Event: 4.045 Thread 0x0000000001c0e800 Uncommon trap: reason=unstable_if action=reinterpret pc=0x00000000030e6ab4 method=java.util.jar.Attributes$Name.isDigit(C)Z @ 3
Event: 4.080 Thread 0x0000000001c0e800 Uncommon trap: reason=unstable_if action=reinterpret pc=0x00000000028f84bc method=sun.misc.URLClassPath.getLoader(I)Lsun/misc/URLClassPath$Loader; @ 101
Event: 4.083 Thread 0x0000000001c0e800 Uncommon trap: reason=unstable_if action=reinterpret pc=0x000000000292699c method=sun.misc.URLClassPath$JarLoader.getResource(Ljava/lang/String;Z)Lsun/misc/Resource; @ 62
Event: 4.099 Thread 0x0000000001c0e800 Uncommon trap: reason=bimorphic action=maybe_recompile pc=0x0000000002e1e6a0 method=java.util.regex.Matcher.match(II)Z @ 86

Internal exceptions (10 events):
Event: 4.080 Thread 0x0000000001c0e800 Exception <a 'java/security/PrivilegedActionException'> (0x00000000dbcc08b0) thrown at [C:\re\workspace\8-2-build-windows-amd64-cygwin\jdk8u45\3457\hotspot\src\share\vm\prims\jvm.cpp, line 1382]
Event: 4.080 Thread 0x0000000001c0e800 Exception <a 'java/security/PrivilegedActionException'> (0x00000000dbcc0bf8) thrown at [C:\re\workspace\8-2-build-windows-amd64-cygwin\jdk8u45\3457\hotspot\src\share\vm\prims\jvm.cpp, line 1382]
Event: 4.081 Thread 0x0000000001c0e800 Exception <a 'java/security/PrivilegedActionException'> (0x00000000dbcc20b0) thrown at [C:\re\workspace\8-2-build-windows-amd64-cygwin\jdk8u45\3457\hotspot\src\share\vm\prims\jvm.cpp, line 1382]
Event: 4.081 Thread 0x0000000001c0e800 Exception <a 'java/security/PrivilegedActionException'> (0x00000000dbcc23f8) thrown at [C:\re\workspace\8-2-build-windows-amd64-cygwin\jdk8u45\3457\hotspot\src\share\vm\prims\jvm.cpp, line 1382]
Event: 4.215 Thread 0x0000000001c0e800 Exception <a 'java/io/FileNotFoundException'> (0x00000000dc3a7938) thrown at [C:\re\workspace\8-2-build-windows-amd64-cygwin\jdk8u45\3457\hotspot\src\share\vm\prims\jni.cpp, line 709]
Event: 4.217 Thread 0x0000000001c0e800 Exception <a 'java/io/FileNotFoundException'> (0x00000000dc3db778) thrown at [C:\re\workspace\8-2-build-windows-amd64-cygwin\jdk8u45\3457\hotspot\src\share\vm\prims\jni.cpp, line 709]
Event: 4.263 Thread 0x0000000001c0e800 Exception <a 'java/io/FileNotFoundException'> (0x00000000dcbfabf8) thrown at [C:\re\workspace\8-2-build-windows-amd64-cygwin\jdk8u45\3457\hotspot\src\share\vm\prims\jni.cpp, line 709]
Event: 4.263 Thread 0x0000000001c0e800 Exception <a 'java/io/FileNotFoundException'> (0x00000000dcbfb988) thrown at [C:\re\workspace\8-2-build-windows-amd64-cygwin\jdk8u45\3457\hotspot\src\share\vm\prims\jni.cpp, line 709]
Event: 4.263 Thread 0x0000000001c0e800 Exception <a 'java/io/FileNotFoundException'> (0x00000000dcbfc748) thrown at [C:\re\workspace\8-2-build-windows-amd64-cygwin\jdk8u45\3457\hotspot\src\share\vm\prims\jni.cpp, line 709]
Event: 4.263 Thread 0x0000000001c0e800 Exception <a 'java/io/FileNotFoundException'> (0x00000000dcbfd518) thrown at [C:\re\workspace\8-2-build-windows-amd64-cygwin\jdk8u45\3457\hotspot\src\share\vm\prims\jni.cpp, line 709]

Events (10 events):
Event: 4.382 loading class com/sun/tools/javac/code/Type$ArrayType$1
Event: 4.382 loading class com/sun/tools/javac/code/Type$ArrayType$1 done
Event: 4.400 Thread 0x0000000001c0e800 DEOPT PACKING pc=0x00000000031cf4d0 sp=0x000000000273c7c0
Event: 4.400 Thread 0x0000000001c0e800 DEOPT UNPACKING pc=0x000000000278747f sp=0x000000000273c4f8 mode 0
Event: 4.415 Thread 0x0000000001c0e800 DEOPT PACKING pc=0x00000000031e8fcf sp=0x000000000273bd50
Event: 4.415 Thread 0x0000000001c0e800 DEOPT UNPACKING pc=0x000000000278747f sp=0x000000000273bb88 mode 0
Event: 4.417 loading class com/sun/tools/javac/util/Pair
Event: 4.417 loading class com/sun/tools/javac/util/Pair done
Event: 4.426 Executing VM operation: ParallelGCFailedAllocation
Event: 4.498 Executing VM operation: ParallelGCFailedAllocation done


Dynamic libraries:
0x000000013f240000 - 0x000000013f277000 	C:\Program Files\Java\jdk1.8.0_45\bin\java.exe
0x00000000772f0000 - 0x0000000077499000 	C:\windows\SYSTEM32\ntdll.dll
0x0000000076f20000 - 0x000000007703f000 	C:\windows\system32\kernel32.dll
0x000007fefdab0000 - 0x000007fefdb1c000 	C:\windows\system32\KERNELBASE.dll
0x000007fefdbc0000 - 0x000007fefdc9b000 	C:\windows\system32\ADVAPI32.dll
0x000007fefde80000 - 0x000007fefdf1f000 	C:\windows\system32\msvcrt.dll
0x000007feff4b0000 - 0x000007feff4cf000 	C:\windows\SYSTEM32\sechost.dll
0x000007fefdcd0000 - 0x000007fefddfd000 	C:\windows\system32\RPCRT4.dll
0x0000000076c10000 - 0x0000000076d0a000 	C:\windows\system32\USER32.dll
0x000007fefe1d0000 - 0x000007fefe237000 	C:\windows\system32\GDI32.dll
0x000007fefe460000 - 0x000007fefe46e000 	C:\windows\system32\LPK.dll
0x000007fefe100000 - 0x000007fefe1c9000 	C:\windows\system32\USP10.dll
0x000007fefd2a0000 - 0x000007fefd494000 	C:\windows\WinSxS\amd64_microsoft.windows.common-controls_6595b64144ccf1df_6.0.7601.17514_none_fa396087175ac9ac\COMCTL32.dll
0x000007fefde00000 - 0x000007fefde71000 	C:\windows\system32\SHLWAPI.dll
0x000007fefdca0000 - 0x000007fefdcce000 	C:\windows\system32\IMM32.DLL
0x000007fefe350000 - 0x000007fefe459000 	C:\windows\system32\MSCTF.dll
0x00000000600c0000 - 0x0000000060192000 	C:\Program Files\Java\jdk1.8.0_45\jre\bin\msvcr100.dll
0x000000005ebe0000 - 0x000000005f463000 	C:\Program Files\Java\jdk1.8.0_45\jre\bin\server\jvm.dll
0x000007fef7970000 - 0x000007fef7979000 	C:\windows\system32\WSOCK32.dll
0x000007feff5b0000 - 0x000007feff5fd000 	C:\windows\system32\WS2_32.dll
0x000007fefe340000 - 0x000007fefe348000 	C:\windows\system32\NSI.dll
0x000007fefb410000 - 0x000007fefb44b000 	C:\windows\system32\WINMM.dll
0x000007fefc580000 - 0x000007fefc58c000 	C:\windows\system32\VERSION.dll
0x00000000774c0000 - 0x00000000774c7000 	C:\windows\system32\PSAPI.DLL
0x0000000069840000 - 0x000000006984f000 	C:\Program Files\Java\jdk1.8.0_45\jre\bin\verify.dll
0x00000000686c0000 - 0x00000000686e9000 	C:\Program Files\Java\jdk1.8.0_45\jre\bin\java.dll
0x0000000068700000 - 0x0000000068716000 	C:\Program Files\Java\jdk1.8.0_45\jre\bin\zip.dll
0x000007fefe700000 - 0x000007feff488000 	C:\windows\system32\SHELL32.dll
0x000007fefe470000 - 0x000007fefe673000 	C:\windows\system32\ole32.dll
0x000007fefd750000 - 0x000007fefd75f000 	C:\windows\system32\profapi.dll
0x000007fef7a10000 - 0x000007fef7a20000 	C:\Program Files (x86)\JetBrains\IntelliJ IDEA 12.1.7\bin\breakgen64.dll
0x0000000068b80000 - 0x0000000068b9a000 	C:\Program Files\Java\jdk1.8.0_45\jre\bin\net.dll
0x000007fefcca0000 - 0x000007fefccf5000 	C:\windows\system32\mswsock.dll
0x000007fefcc90000 - 0x000007fefcc97000 	C:\windows\System32\wship6.dll
0x00000000686a0000 - 0x00000000686b1000 	C:\Program Files\Java\jdk1.8.0_45\jre\bin\nio.dll
0x000007fef2830000 - 0x000007fef2955000 	C:\windows\system32\dbghelp.dll

VM Arguments:
jvm_args: -Dmaven.home=F:\apache-maven-3.2.3 -Dclassworlds.conf=F:\apache-maven-3.2.3\bin\m2.conf -Didea.launcher.port=7536 -Didea.launcher.bin.path=C:\Program Files (x86)\JetBrains\IntelliJ IDEA 12.1.7\bin -Dfile.encoding=UTF-8 
java_command: com.intellij.rt.execution.application.AppMain org.codehaus.classworlds.Launcher --fail-fast --strict-checksums deploy
java_class_path (initial): F:\apache-maven-3.2.3\boot\plexus-classworlds-2.5.1.jar;C:\Program Files (x86)\JetBrains\IntelliJ IDEA 12.1.7\lib\idea_rt.jar
Launcher Type: SUN_STANDARD

Environment Variables:
JAVA_HOME=C:\Program Files\Java\jdk1.8.0_45
CLASSPATH=C:\Program Files\Java\jdk1.8.0_45\lib\dt.jar;C:\Program Files\Java\jdk1.8.0_45\lib\tools.jar;
PATH=C:\Program Files (x86)\JetBrains\IntelliJ IDEA 12.1.7\bin\..\.\bin;C:\ProgramData\Oracle\Java\javapath;C:\Program Files (x86)\Common Files\NetSarang;C:\windows\system32;C:\windows;C:\windows\System32\Wbem;C:\windows\System32\WindowsPowerShell\v1.0\;C:\Program Files\Java\jdk1.8.0_45\bin;C:\Program Files\Java\jdk1.8.0_45\jre\bin;C:\Program Files\TortoiseSVN\bin;C:\cygwin\bin;C:\cygwin\bin;;c:\program files (x86)\jetbrains\intellij idea 12.1.7\jre\jre\bin
USERNAME=Administrator
OS=Windows_NT
PROCESSOR_IDENTIFIER=Intel64 Family 6 Model 58 Stepping 9, GenuineIntel



---------------  S Y S T E M  ---------------

OS: Windows 7 , 64 bit Build 7601 (6.1.7601.17965)

CPU:total 2 (2 cores per cpu, 1 threads per core) family 6 model 58 stepping 9, cmov, cx8, fxsr, mmx, sse, sse2, sse3, ssse3, sse4.1, sse4.2, popcnt, clmul, erms, tsc, tscinvbit, tscinv

Memory: 4k page, physical 8333864k(5287416k free), swap 25109228k(21132288k free)

vm_info: Java HotSpot(TM) 64-Bit Server VM (25.45-b02) for windows-amd64 JRE (1.8.0_45-b14), built on Apr 10 2015 10:34:15 by "java_re" with MS VC++ 10.0 (VS2010)

time: Tue Jan 26 10:45:31 2016
elapsed time: 4 seconds (0d 0h 0m 4s)

