#
# A fatal error has been detected by the Java Runtime Environment:
#
#  EXCEPTION_ACCESS_VIOLATION (0xc0000005) at pc=0x00000000663ddd80, pid=1480, tid=4616
#
# JRE version: Java(TM) SE Runtime Environment (8.0_45-b14) (build 1.8.0_45-b14)
# Java VM: Java HotSpot(TM) 64-Bit Server VM (25.45-b02 mixed mode windows-amd64 compressed oops)
# Problematic frame:
# V  [jvm.dll+0xadd80]
#
# Failed to write core dump. Minidumps are not enabled by default on client versions of Windows
#
# If you would like to submit a bug report, please visit:
#   http://bugreport.java.com/bugreport/crash.jsp
#

---------------  T H R E A D  ---------------

Current thread (0x0000000002393800):  GCTaskThread [stack: 0x0000000012190000,0x0000000012290000] [id=4616]

siginfo: ExceptionCode=0xc0000005, reading address 0x0000000092638208

Registers:
RAX=0x0000000000000001, RBX=0x00000000d7c13150, RCX=0x00000000d7c13150, RDX=0x0000000092638200
RSP=0x000000001228f6c8, RBP=0x00000000119e1a81, RSI=0x0000000056f5a680, RDI=0x0000000080f4ca00
R8 =0x0000000056f5a680, R9 =0x0000000016630208, R10=0x0000000000000008, R11=0x00000000da3e2030
R12=0x00000000119e1a04, R13=0x0000000000000011, R14=0x0000000000000000, R15=0x0000000002390a50
RIP=0x00000000663ddd80, EFLAGS=0x0000000000010206

Top of Stack: (sp=0x000000001228f6c8)
0x000000001228f6c8:   00000000667283a2 0000000000000019
0x000000001228f6d8:   0000000000000003 0000000056f5a680
0x000000001228f6e8:   0000000080fe1409 00000000da3da040
0x000000001228f6f8:   0000000000001000 0000000056f5a680
0x000000001228f708:   00000000665bb401 0000000000000000
0x000000001228f718:   0000000056f5a600 00000000119e1a04
0x000000001228f728:   0000000066728710 00000000da3dd1d0
0x000000001228f738:   00000000119e1a81 0000000056f5a680
0x000000001228f748:   0000000080f4ca00 00000000da3dd1d0
0x000000001228f758:   00000000667292b5 00000000d7adb550
0x000000001228f768:   00000000119e1a81 0000000056f5a680
0x000000001228f778:   0000000056f5a680 0000000056f5a680
0x000000001228f788:   000000000238c900 0000000000000000
0x000000001228f798:   0000000066728aeb 0000000056f5a680
0x000000001228f7a8:   00000000664410d3 0000000080f4b2dd
0x000000001228f7b8:   0000000080f4b2dd 0000000080f4c59c 

Instructions: (pc=0x00000000663ddd80)
0x00000000663ddd60:   3c 95 1d 00 48 8b 9c 24 d0 00 00 00 48 81 c4 c0
0x00000000663ddd70:   00 00 00 5d c3 cc cc cc cc cc cc cc cc cc cc cc
0x00000000663ddd80:   44 8b 42 08 4c 8b ca 45 85 c0 7e 0e 41 f6 c0 01
0x00000000663ddd90:   75 57 41 c1 f8 03 41 8b c0 c3 79 4d 80 3d 3e bf 


Register to memory mapping:

RAX=0x0000000000000001 is an unknown value
RBX=0x00000000d7c13150 is an unknown value
RCX=0x00000000d7c13150 is an unknown value
RDX=0x0000000092638200 is an unallocated location in the heap
RSP=0x000000001228f6c8 is an unknown value
RBP=0x00000000119e1a81 is an unknown value
RSI=0x0000000056f5a680 is an unknown value
RDI=0x0000000080f4ca00 is an oop
java.util.HashMap$Node 
 - klass: 'java/util/HashMap$Node'
R8 =0x0000000056f5a680 is an unknown value
R9 =0x0000000016630208 is pointing into metadata
R10=0x0000000000000008 is an unknown value
R11=0x00000000da3e2030 is an unknown value
R12=0x00000000119e1a04 is an unknown value
R13=0x0000000000000011 is an unknown value
R14=0x0000000000000000 is an unknown value
R15=0x0000000002390a50 is an unknown value


Stack: [0x0000000012190000,0x0000000012290000],  sp=0x000000001228f6c8,  free space=1021k
Native frames: (J=compiled Java code, j=interpreted, Vv=VM code, C=native code)
V  [jvm.dll+0xadd80]


---------------  P R O C E S S  ---------------

Java Threads: ( => current thread )
  0x00000000584ad000 JavaThread "Monitor Ctrl-Break" daemon [_thread_in_native, id=3288, stack(0x0000000058d30000,0x0000000058e30000)]
  0x000000005702d800 JavaThread "Service Thread" daemon [_thread_blocked, id=3876, stack(0x0000000058900000,0x0000000058a00000)]
  0x0000000056fed800 JavaThread "C1 CompilerThread1" daemon [_thread_blocked, id=436, stack(0x0000000057cf0000,0x0000000057df0000)]
  0x0000000056fda000 JavaThread "C2 CompilerThread0" daemon [_thread_blocked, id=4464, stack(0x0000000058300000,0x0000000058400000)]
  0x0000000056fd9000 JavaThread "Attach Listener" daemon [_thread_blocked, id=3480, stack(0x00000000580b0000,0x00000000581b0000)]
  0x0000000056fc1800 JavaThread "Signal Dispatcher" daemon [_thread_blocked, id=3980, stack(0x0000000057f60000,0x0000000058060000)]
  0x0000000056f6c800 JavaThread "Finalizer" daemon [_thread_blocked, id=4224, stack(0x0000000057e10000,0x0000000057f10000)]
  0x0000000056f62000 JavaThread "Reference Handler" daemon [_thread_blocked, id=1032, stack(0x00000000579d0000,0x0000000057ad0000)]
  0x00000000024ae800 JavaThread "main" [_thread_blocked, id=2228, stack(0x0000000002520000,0x0000000002620000)]

Other Threads:
  0x0000000056f5c800 VMThread [stack: 0x0000000057bb0000,0x0000000057cb0000] [id=1384]
  0x0000000058428800 WatcherThread [stack: 0x0000000058af0000,0x0000000058bf0000] [id=2156]

=>0x0000000002393800 (exited) GCTaskThread [stack: 0x0000000012190000,0x0000000012290000] [id=4616]

VM state:at safepoint (normal execution)

VM Mutex/Monitor currently owned by a thread:  ([mutex/lock_event])
[0x00000000024ac3c0] Threads_lock - owner thread: 0x0000000056f5c800
[0x00000000024ac8c0] Heap_lock - owner thread: 0x00000000024ae800

Heap:
 PSYoungGen      total 38400K, used 38392K [0x00000000d5980000, 0x00000000da480000, 0x0000000100000000)
  eden space 33280K, 100% used [0x00000000d5980000,0x00000000d7a00000,0x00000000d7a00000)
  from space 5120K, 99% used [0x00000000d7a00000,0x00000000d7efe050,0x00000000d7f00000)
  to   space 5120K, 99% used [0x00000000d9f80000,0x00000000da47a040,0x00000000da480000)
 ParOldGen       total 87552K, used 5860K [0x0000000080c00000, 0x0000000086180000, 0x00000000d5980000)
  object space 87552K, 6% used [0x0000000080c00000,0x00000000811bb140,0x0000000086180000)
 Metaspace       used 14368K, capacity 14646K, committed 14848K, reserved 1062912K
  class space    used 1705K, capacity 1781K, committed 1792K, reserved 1048576K

Card table byte_map: [0x00000000119e0000,0x0000000011de0000] byte_map_base: 0x00000000115da000

Marking Bits: (ParMarkBitMap*) 0x0000000066b34040
 Begin Bits: [0x0000000012290000, 0x0000000014260000)
 End Bits:   [0x0000000014260000, 0x0000000016230000)

Polling page: 0x0000000000140000

CodeCache: size=245760Kb used=7020Kb max_used=7021Kb free=238739Kb
 bounds [0x0000000002620000, 0x0000000002d10000, 0x0000000011620000]
 total_blobs=2662 nmethods=2329 adapters=246
 compilation: enabled

Compilation events (10 events):
Event: 1.977 Thread 0x0000000056fed800 nmethod 2326 0x0000000002d00650 code [0x0000000002d007a0, 0x0000000002d008b0]
Event: 1.977 Thread 0x0000000056fda000 2327       4       java.util.Hashtable$Enumerator::nextElement (111 bytes)
Event: 1.977 Thread 0x0000000056fed800 2328       3       org.codehaus.plexus.util.xml.pull.MXParser::requireInput (94 bytes)
Event: 1.977 Thread 0x0000000056fda000 nmethod 2327 0x0000000002cfb350 code [0x0000000002cfb480, 0x0000000002cfb538]
Event: 1.978 Thread 0x0000000056fed800 nmethod 2328 0x0000000002d020d0 code [0x0000000002d02380, 0x0000000002d03578]
Event: 1.978 Thread 0x0000000056fda000 2329       4       org.eclipse.sisu.inject.RankedSequence$Itr::hasNext (114 bytes)
Event: 1.978 Thread 0x0000000056fed800 2332       3       java.util.ArrayList$SubList$1::hasNext (20 bytes)
Event: 1.979 Thread 0x0000000056fed800 nmethod 2332 0x0000000002cfaf90 code [0x0000000002cfb0e0, 0x0000000002cfb2b0]
Event: 1.979 Thread 0x0000000056fed800 2333       3       org.eclipse.aether.util.graph.selector.ExclusionDependencySelector::selectDependency (50 bytes)
Event: 1.979 Thread 0x0000000056fed800 nmethod 2333 0x0000000002cfa950 code [0x0000000002cfaac0, 0x0000000002cfae28]

GC Heap History (7 events):
Event: 0.595 GC heap before
{Heap before GC invocations=1 (full 0):
 PSYoungGen      total 38400K, used 33280K [0x00000000d5980000, 0x00000000d8400000, 0x0000000100000000)
  eden space 33280K, 100% used [0x00000000d5980000,0x00000000d7a00000,0x00000000d7a00000)
  from space 5120K, 0% used [0x00000000d7f00000,0x00000000d7f00000,0x00000000d8400000)
  to   space 5120K, 0% used [0x00000000d7a00000,0x00000000d7a00000,0x00000000d7f00000)
 ParOldGen       total 87552K, used 0K [0x0000000080c00000, 0x0000000086180000, 0x00000000d5980000)
  object space 87552K, 0% used [0x0000000080c00000,0x0000000080c00000,0x0000000086180000)
 Metaspace       used 7891K, capacity 8028K, committed 8192K, reserved 1056768K
  class space    used 963K, capacity 1020K, committed 1024K, reserved 1048576K
Event: 0.601 GC heap after
Heap after GC invocations=1 (full 0):
 PSYoungGen      total 38400K, used 4781K [0x00000000d5980000, 0x00000000d8400000, 0x0000000100000000)
  eden space 33280K, 0% used [0x00000000d5980000,0x00000000d5980000,0x00000000d7a00000)
  from space 5120K, 93% used [0x00000000d7a00000,0x00000000d7eab530,0x00000000d7f00000)
  to   space 5120K, 0% used [0x00000000d7f00000,0x00000000d7f00000,0x00000000d8400000)
 ParOldGen       total 87552K, used 8K [0x0000000080c00000, 0x0000000086180000, 0x00000000d5980000)
  object space 87552K, 0% used [0x0000000080c00000,0x0000000080c02000,0x0000000086180000)
 Metaspace       used 7891K, capacity 8028K, committed 8192K, reserved 1056768K
  class space    used 963K, capacity 1020K, committed 1024K, reserved 1048576K
}
Event: 1.126 GC heap before
{Heap before GC invocations=2 (full 0):
 PSYoungGen      total 38400K, used 38061K [0x00000000d5980000, 0x00000000d8400000, 0x0000000100000000)
  eden space 33280K, 100% used [0x00000000d5980000,0x00000000d7a00000,0x00000000d7a00000)
  from space 5120K, 93% used [0x00000000d7a00000,0x00000000d7eab530,0x00000000d7f00000)
  to   space 5120K, 0% used [0x00000000d7f00000,0x00000000d7f00000,0x00000000d8400000)
 ParOldGen       total 87552K, used 8K [0x0000000080c00000, 0x0000000086180000, 0x00000000d5980000)
  object space 87552K, 0% used [0x0000000080c00000,0x0000000080c02000,0x0000000086180000)
 Metaspace       used 12845K, capacity 13070K, committed 13312K, reserved 1060864K
  class space    used 1586K, capacity 1673K, committed 1792K, reserved 1048576K
Event: 1.154 GC heap after
Heap after GC invocations=2 (full 0):
 PSYoungGen      total 38400K, used 5108K [0x00000000d5980000, 0x00000000da480000, 0x0000000100000000)
  eden space 33280K, 0% used [0x00000000d5980000,0x00000000d5980000,0x00000000d7a00000)
  from space 5120K, 99% used [0x00000000d7f00000,0x00000000d83fd350,0x00000000d8400000)
  to   space 5120K, 0% used [0x00000000d7a00000,0x00000000d7a00000,0x00000000d7f00000)
 ParOldGen       total 87552K, used 2929K [0x0000000080c00000, 0x0000000086180000, 0x00000000d5980000)
  object space 87552K, 3% used [0x0000000080c00000,0x0000000080edc6e8,0x0000000086180000)
 Metaspace       used 12845K, capacity 13070K, committed 13312K, reserved 1060864K
  class space    used 1586K, capacity 1673K, committed 1792K, reserved 1048576K
}
Event: 1.586 GC heap before
{Heap before GC invocations=3 (full 0):
 PSYoungGen      total 38400K, used 38388K [0x00000000d5980000, 0x00000000da480000, 0x0000000100000000)
  eden space 33280K, 100% used [0x00000000d5980000,0x00000000d7a00000,0x00000000d7a00000)
  from space 5120K, 99% used [0x00000000d7f00000,0x00000000d83fd350,0x00000000d8400000)
  to   space 5120K, 0% used [0x00000000d7a00000,0x00000000d7a00000,0x00000000d7f00000)
 ParOldGen       total 87552K, used 2929K [0x0000000080c00000, 0x0000000086180000, 0x00000000d5980000)
  object space 87552K, 3% used [0x0000000080c00000,0x0000000080edc6e8,0x0000000086180000)
 Metaspace       used 14049K, capacity 14284K, committed 14336K, reserved 1062912K
  class space    used 1699K, capacity 1774K, committed 1792K, reserved 1048576K
Event: 1.598 GC heap after
Heap after GC invocations=3 (full 0):
 PSYoungGen      total 38400K, used 5112K [0x00000000d5980000, 0x00000000da480000, 0x0000000100000000)
  eden space 33280K, 0% used [0x00000000d5980000,0x00000000d5980000,0x00000000d7a00000)
  from space 5120K, 99% used [0x00000000d7a00000,0x00000000d7efe050,0x00000000d7f00000)
  to   space 5120K, 0% used [0x00000000d9f80000,0x00000000d9f80000,0x00000000da480000)
 ParOldGen       total 87552K, used 4996K [0x0000000080c00000, 0x0000000086180000, 0x00000000d5980000)
  object space 87552K, 5% used [0x0000000080c00000,0x00000000810e1140,0x0000000086180000)
 Metaspace       used 14049K, capacity 14284K, committed 14336K, reserved 1062912K
  class space    used 1699K, capacity 1774K, committed 1792K, reserved 1048576K
}
Event: 1.979 GC heap before
{Heap before GC invocations=4 (full 0):
 PSYoungGen      total 38400K, used 38392K [0x00000000d5980000, 0x00000000da480000, 0x0000000100000000)
  eden space 33280K, 100% used [0x00000000d5980000,0x00000000d7a00000,0x00000000d7a00000)
  from space 5120K, 99% used [0x00000000d7a00000,0x00000000d7efe050,0x00000000d7f00000)
  to   space 5120K, 0% used [0x00000000d9f80000,0x00000000d9f80000,0x00000000da480000)
 ParOldGen       total 87552K, used 4996K [0x0000000080c00000, 0x0000000086180000, 0x00000000d5980000)
  object space 87552K, 5% used [0x0000000080c00000,0x00000000810e1140,0x0000000086180000)
 Metaspace       used 14368K, capacity 14646K, committed 14848K, reserved 1062912K
  class space    used 1705K, capacity 1781K, committed 1792K, reserved 1048576K

Deoptimization events (10 events):
Event: 1.631 Thread 0x00000000024ae800 Uncommon trap: reason=bimorphic action=maybe_recompile pc=0x0000000002bd7d60 method=java.util.concurrent.ConcurrentHashMap.get(Ljava/lang/Object;)Ljava/lang/Object; @ 149
Event: 1.655 Thread 0x00000000024ae800 Uncommon trap: reason=bimorphic action=maybe_recompile pc=0x0000000002bd7d60 method=java.util.concurrent.ConcurrentHashMap.get(Ljava/lang/Object;)Ljava/lang/Object; @ 149
Event: 1.706 Thread 0x00000000024ae800 Uncommon trap: reason=unstable_if action=reinterpret pc=0x0000000002b707bc method=org.codehaus.plexus.util.xml.pull.MXParser.parseStartTag()I @ 100
Event: 1.745 Thread 0x00000000024ae800 Uncommon trap: reason=unstable_if action=reinterpret pc=0x0000000002b349fc method=org.codehaus.plexus.util.xml.pull.MXParser.nextImpl()I @ 1149
Event: 1.854 Thread 0x00000000024ae800 Uncommon trap: reason=speculate_class_check action=maybe_recompile pc=0x0000000002bfd5bc method=java.nio.charset.CharsetDecoder.decode(Ljava/nio/ByteBuffer;Ljava/nio/CharBuffer;Z)Ljava/nio/charset/CoderResult; @ 57
Event: 1.854 Thread 0x00000000024ae800 Uncommon trap: reason=speculate_class_check action=maybe_recompile pc=0x0000000002bfd5bc method=java.nio.charset.CharsetDecoder.decode(Ljava/nio/ByteBuffer;Ljava/nio/CharBuffer;Z)Ljava/nio/charset/CoderResult; @ 57
Event: 1.855 Thread 0x00000000024ae800 Uncommon trap: reason=speculate_class_check action=maybe_recompile pc=0x0000000002bfd5bc method=java.nio.charset.CharsetDecoder.decode(Ljava/nio/ByteBuffer;Ljava/nio/CharBuffer;Z)Ljava/nio/charset/CoderResult; @ 57
Event: 1.855 Thread 0x00000000024ae800 Uncommon trap: reason=speculate_class_check action=maybe_recompile pc=0x0000000002bfd5bc method=java.nio.charset.CharsetDecoder.decode(Ljava/nio/ByteBuffer;Ljava/nio/CharBuffer;Z)Ljava/nio/charset/CoderResult; @ 57
Event: 1.907 Thread 0x00000000024ae800 Uncommon trap: reason=unstable_if action=reinterpret pc=0x0000000002cca4cc method=java.util.LinkedHashMap.afterNodeInsertion(Z)V @ 18
Event: 1.953 Thread 0x00000000024ae800 Uncommon trap: reason=unstable_if action=reinterpret pc=0x0000000002cb61b8 method=org.codehaus.plexus.util.xml.pull.MXParser.nextImpl()I @ 310

Internal exceptions (10 events):
Event: 0.400 Thread 0x00000000024ae800 Exception <a 'java/lang/ArrayIndexOutOfBoundsException'> (0x00000000d68ed3b8) thrown at [C:\re\workspace\8-2-build-windows-amd64-cygwin\jdk8u45\3457\hotspot\src\share\vm\runtime\sharedRuntime.cpp, line 605]
Event: 0.408 Thread 0x00000000024ae800 Exception <a 'java/lang/ArrayIndexOutOfBoundsException'> (0x00000000d693b588) thrown at [C:\re\workspace\8-2-build-windows-amd64-cygwin\jdk8u45\3457\hotspot\src\share\vm\runtime\sharedRuntime.cpp, line 605]
Event: 0.547 Thread 0x00000000024ae800 Exception <a 'java/lang/ArrayIndexOutOfBoundsException'> (0x00000000d7755760) thrown at [C:\re\workspace\8-2-build-windows-amd64-cygwin\jdk8u45\3457\hotspot\src\share\vm\runtime\sharedRuntime.cpp, line 605]
Event: 0.547 Thread 0x00000000024ae800 Exception <a 'java/lang/ArrayIndexOutOfBoundsException'> (0x00000000d7757058) thrown at [C:\re\workspace\8-2-build-windows-amd64-cygwin\jdk8u45\3457\hotspot\src\share\vm\runtime\sharedRuntime.cpp, line 605]
Event: 0.583 Thread 0x00000000024ae800 Exception <a 'java/lang/ArrayIndexOutOfBoundsException'> (0x00000000d789b4f8) thrown at [C:\re\workspace\8-2-build-windows-amd64-cygwin\jdk8u45\3457\hotspot\src\share\vm\runtime\sharedRuntime.cpp, line 605]
Event: 0.592 Thread 0x00000000024ae800 Exception <a 'java/lang/ArrayIndexOutOfBoundsException'> (0x00000000d793a678) thrown at [C:\re\workspace\8-2-build-windows-amd64-cygwin\jdk8u45\3457\hotspot\src\share\vm\runtime\sharedRuntime.cpp, line 605]
Event: 0.592 Thread 0x00000000024ae800 Exception <a 'java/lang/ArrayIndexOutOfBoundsException'> (0x00000000d793b3d0) thrown at [C:\re\workspace\8-2-build-windows-amd64-cygwin\jdk8u45\3457\hotspot\src\share\vm\runtime\sharedRuntime.cpp, line 605]
Event: 1.259 Thread 0x00000000024ae800 Implicit null exception at 0x00000000029a8405 to 0x00000000029a85d1
Event: 1.259 Thread 0x00000000024ae800 Implicit null exception at 0x00000000029597ef to 0x0000000002959855
Event: 1.518 Thread 0x00000000024ae800 Implicit null exception at 0x0000000002bb604e to 0x0000000002bb7399

Events (10 events):
Event: 1.962 Thread 0x00000000024ae800 DEOPT UNPACKING pc=0x000000000266747f sp=0x000000000261c2c0 mode 0
Event: 1.962 Thread 0x00000000024ae800 DEOPT PACKING pc=0x0000000002cf2271 sp=0x000000000261c260
Event: 1.962 Thread 0x00000000024ae800 DEOPT UNPACKING pc=0x000000000266747f sp=0x000000000261c040 mode 0
Event: 1.972 Thread 0x00000000024ae800 DEOPT PACKING pc=0x0000000002cf2271 sp=0x000000000261c400
Event: 1.972 Thread 0x00000000024ae800 DEOPT UNPACKING pc=0x000000000266747f sp=0x000000000261c1e0 mode 0
Event: 1.972 Thread 0x00000000024ae800 DEOPT PACKING pc=0x0000000002cf2271 sp=0x000000000261c2b0
Event: 1.972 Thread 0x00000000024ae800 DEOPT UNPACKING pc=0x000000000266747f sp=0x000000000261c090 mode 0
Event: 1.973 Thread 0x00000000024ae800 DEOPT PACKING pc=0x0000000002cf2271 sp=0x000000000261c480
Event: 1.973 Thread 0x00000000024ae800 DEOPT UNPACKING pc=0x000000000266747f sp=0x000000000261c260 mode 0
Event: 1.979 Executing VM operation: ParallelGCFailedAllocation


Dynamic libraries:
0x000000013f3e0000 - 0x000000013f417000 	C:\Program Files\Java\jdk1.8.0_45\bin\java.exe
0x0000000077150000 - 0x00000000772f9000 	C:\windows\SYSTEM32\ntdll.dll
0x0000000076bc0000 - 0x0000000076cdf000 	C:\windows\system32\kernel32.dll
0x000007fefd8f0000 - 0x000007fefd95c000 	C:\windows\system32\KERNELBASE.dll
0x000007fefeab0000 - 0x000007fefeb8b000 	C:\windows\system32\ADVAPI32.dll
0x000007feff2c0000 - 0x000007feff35f000 	C:\windows\system32\msvcrt.dll
0x000007feff440000 - 0x000007feff45f000 	C:\windows\SYSTEM32\sechost.dll
0x000007fefeed0000 - 0x000007fefeffd000 	C:\windows\system32\RPCRT4.dll
0x0000000076e40000 - 0x0000000076f3a000 	C:\windows\system32\USER32.dll
0x000007fefed80000 - 0x000007fefede7000 	C:\windows\system32\GDI32.dll
0x000007feff360000 - 0x000007feff36e000 	C:\windows\system32\LPK.dll
0x000007feff370000 - 0x000007feff439000 	C:\windows\system32\USP10.dll
0x000007fefd100000 - 0x000007fefd2f4000 	C:\windows\WinSxS\amd64_microsoft.windows.common-controls_6595b64144ccf1df_6.0.7601.17514_none_fa396087175ac9ac\COMCTL32.dll
0x000007fefeb90000 - 0x000007fefec01000 	C:\windows\system32\SHLWAPI.dll
0x000007fefdcd0000 - 0x000007fefdcfe000 	C:\windows\system32\IMM32.DLL
0x000007fefec70000 - 0x000007fefed79000 	C:\windows\system32\MSCTF.dll
0x0000000069410000 - 0x00000000694e2000 	C:\Program Files\Java\jdk1.8.0_45\jre\bin\msvcr100.dll
0x0000000066330000 - 0x0000000066bb3000 	C:\Program Files\Java\jdk1.8.0_45\jre\bin\server\jvm.dll
0x000007fefb890000 - 0x000007fefb899000 	C:\windows\system32\WSOCK32.dll
0x000007fefdc80000 - 0x000007fefdccd000 	C:\windows\system32\WS2_32.dll
0x000007feff000000 - 0x000007feff008000 	C:\windows\system32\NSI.dll
0x000007fefadc0000 - 0x000007fefadfb000 	C:\windows\system32\WINMM.dll
0x000007fefc0d0000 - 0x000007fefc0dc000 	C:\windows\system32\VERSION.dll
0x0000000077320000 - 0x0000000077327000 	C:\windows\system32\PSAPI.DLL
0x0000000069400000 - 0x000000006940f000 	C:\Program Files\Java\jdk1.8.0_45\jre\bin\verify.dll
0x00000000693d0000 - 0x00000000693f9000 	C:\Program Files\Java\jdk1.8.0_45\jre\bin\java.dll
0x00000000693b0000 - 0x00000000693c6000 	C:\Program Files\Java\jdk1.8.0_45\jre\bin\zip.dll
0x000007fefdd20000 - 0x000007fefeaa8000 	C:\windows\system32\SHELL32.dll
0x000007feff010000 - 0x000007feff213000 	C:\windows\system32\ole32.dll
0x000007fefd5b0000 - 0x000007fefd5bf000 	C:\windows\system32\profapi.dll
0x000007fefb8a0000 - 0x000007fefb8b0000 	C:\Program Files (x86)\JetBrains\IntelliJ IDEA 12.1.7\bin\breakgen64.dll
0x0000000069390000 - 0x00000000693aa000 	C:\Program Files\Java\jdk1.8.0_45\jre\bin\net.dll
0x000007fefcb20000 - 0x000007fefcb75000 	C:\windows\system32\mswsock.dll
0x000007fefcb10000 - 0x000007fefcb17000 	C:\windows\System32\wship6.dll
0x0000000069370000 - 0x0000000069381000 	C:\Program Files\Java\jdk1.8.0_45\jre\bin\nio.dll
0x000007fef0c70000 - 0x000007fef0d95000 	C:\windows\system32\dbghelp.dll

VM Arguments:
jvm_args: -Dmaven.home=F:\apache-maven-3.2.3 -Dclassworlds.conf=F:\apache-maven-3.2.3\bin\m2.conf -Didea.launcher.port=7539 -Didea.launcher.bin.path=C:\Program Files (x86)\JetBrains\IntelliJ IDEA 12.1.7\bin -Dfile.encoding=UTF-8 
java_command: com.intellij.rt.execution.application.AppMain org.codehaus.classworlds.Launcher --fail-fast --strict-checksums deploy
java_class_path (initial): F:\apache-maven-3.2.3\boot\plexus-classworlds-2.5.1.jar;C:\Program Files (x86)\JetBrains\IntelliJ IDEA 12.1.7\lib\idea_rt.jar
Launcher Type: SUN_STANDARD

Environment Variables:
JAVA_HOME=C:\Program Files\Java\jdk1.8.0_45
CLASSPATH=C:\Program Files\Java\jdk1.8.0_45\lib\dt.jar;C:\Program Files\Java\jdk1.8.0_45\lib\tools.jar;
PATH=C:\Program Files (x86)\JetBrains\IntelliJ IDEA 12.1.7\bin\..\.\bin;C:\ProgramData\Oracle\Java\javapath;C:\Program Files (x86)\Common Files\NetSarang;C:\windows\system32;C:\windows;C:\windows\System32\Wbem;C:\windows\System32\WindowsPowerShell\v1.0\;C:\Program Files\Java\jdk1.8.0_45\bin;C:\Program Files\Java\jdk1.8.0_45\jre\bin;C:\Program Files\TortoiseSVN\bin;C:\cygwin\bin;C:\cygwin\bin;;c:\program files (x86)\jetbrains\intellij idea 12.1.7\jre\jre\bin
USERNAME=Administrator
OS=Windows_NT
PROCESSOR_IDENTIFIER=Intel64 Family 6 Model 58 Stepping 9, GenuineIntel



---------------  S Y S T E M  ---------------

OS: Windows 7 , 64 bit Build 7601 (6.1.7601.17965)

CPU:total 2 (2 cores per cpu, 1 threads per core) family 6 model 58 stepping 9, cmov, cx8, fxsr, mmx, sse, sse2, sse3, ssse3, sse4.1, sse4.2, popcnt, clmul, erms, tsc, tscinvbit, tscinv

Memory: 4k page, physical 8333864k(5790532k free), swap 25109228k(21678116k free)

vm_info: Java HotSpot(TM) 64-Bit Server VM (25.45-b02) for windows-amd64 JRE (1.8.0_45-b14), built on Apr 10 2015 10:34:15 by "java_re" with MS VC++ 10.0 (VS2010)

time: Tue Jan 26 15:34:00 2016
elapsed time: 1 seconds (0d 0h 0m 1s)

