#
# A fatal error has been detected by the Java Runtime Environment:
#
#  EXCEPTION_ACCESS_VIOLATION (0xc0000005) at pc=0x0000000066333fd4, pid=4520, tid=1868
#
# JRE version: Java(TM) SE Runtime Environment (8.0_45-b14) (build 1.8.0_45-b14)
# Java VM: Java HotSpot(TM) 64-Bit Server VM (25.45-b02 mixed mode windows-amd64 compressed oops)
# Problematic frame:
# V  [jvm.dll+0x3fd4]
#
# Failed to write core dump. Minidumps are not enabled by default on client versions of Windows
#
# If you would like to submit a bug report, please visit:
#   http://bugreport.java.com/bugreport/crash.jsp
#

---------------  T H R E A D  ---------------

Current thread (0x0000000001e2e800):  JavaThread "main" [_thread_in_vm, id=1868, stack(0x00000000025f0000,0x00000000026f0000)]

siginfo: ExceptionCode=0xc0000005, reading address 0xffffffffffffffff

Registers:
RAX=0x0000000000000000, RBX=0x0000000002000000, RCX=0xddfed84802b8c717, RDX=0x0000000081cfae80
RSP=0x00000000026ec0f0, RBP=0x00000000000003d8, RSI=0x0000000001e2ed80, RDI=0x0000000001e2e800
R8 =0x0000000081cbbf38, R9 =0x0000000000000000, R10=0x0000000016aaf6e8, R11=0x0000000000000288
R12=0x0000000001e2ed90, R13=0x0000000001e2f168, R14=0x000000005c6f8930, R15=0x0000000001e2e800
RIP=0x0000000066333fd4, EFLAGS=0x0000000000010206

Top of Stack: (sp=0x00000000026ec0f0)
0x00000000026ec0f0:   0000000000000000 0000000066426041
0x00000000026ec100:   000000008272a6a0 0000000081e2afd0
0x00000000026ec110:   0000000081e85238 00000000664537be
0x00000000026ec120:   000000008272a6a0 0000000081ca0018
0x00000000026ec130:   00000000026ec130 0000000016a83380
0x00000000026ec140:   00000000026ec1a8 000000005af34278
0x00000000026ec150:   000000005c6f8900 000000005af1b880
0x00000000026ec160:   0000000000000000 00005836d6171707
0x00000000026ec170:   0000000001e2d910 0000000066770f8b
0x00000000026ec180:   0000000000000000 0000000001e2ed80
0x00000000026ec190:   0000000001e2e800 0000000081ca0018
0x00000000026ec1a0:   00000000026ec420 0000000000000000
0x00000000026ec1b0:   0000000002000000 00000000027eb532
0x00000000026ec1c0:   0000000001e2e800 0000000016a8a440
0x00000000026ec1d0:   00000000026ec3b0 0000000081cfae80
0x00000000026ec1e0:   00000000026ec2f0 4064000000000000 

Instructions: (pc=0x0000000066333fd4)
0x0000000066333fb4:   41 ff 53 08 4c 8b 1b 48 8d 15 46 5c 7d 00 48 8b
0x0000000066333fc4:   cb 48 83 c4 20 5b 49 ff 63 08 cc cc 48 83 ec 28
0x0000000066333fd4:   48 8b 11 4c 8b c1 0f b6 c2 24 07 3c 01 75 0e 48
0x0000000066333fe4:   8b c2 48 c1 e8 08 25 ff ff ff 7f 75 22 0f b6 ca 


Register to memory mapping:

RAX=0x0000000000000000 is an unknown value
RBX=0x0000000002000000 is an unknown value
RCX=0xddfed84802b8c717 is an unknown value
RDX=0x0000000081cfae80 is pointing into object: 0x0000000081cfae78
com.sun.tools.javac.code.Symbol$ClassSymbol 
 - klass: 'com/sun/tools/javac/code/Symbol$ClassSymbol'
RSP=0x00000000026ec0f0 is pointing into the stack for thread: 0x0000000001e2e800
RBP=0x00000000000003d8 is an unknown value
RSI=0x0000000001e2ed80 is an unknown value
RDI=0x0000000001e2e800 is a thread
R8 =0x0000000081cbbf38 is an oop
com.sun.tools.javac.code.Type$ClassType 
 - klass: 'com/sun/tools/javac/code/Type$ClassType'
R9 =0x0000000000000000 is an unknown value
R10=0x0000000016aaf6e8 is pointing into metadata
R11=0x0000000000000288 is an unknown value
R12=0x0000000001e2ed90 is an unknown value
R13=0x0000000001e2f168 is an unknown value
R14=0x000000005c6f8930 is pointing into metadata
R15=0x0000000001e2e800 is a thread


Stack: [0x00000000025f0000,0x00000000026f0000],  sp=0x00000000026ec0f0,  free space=1008k
Native frames: (J=compiled Java code, j=interpreted, Vv=VM code, C=native code)
V  [jvm.dll+0x3fd4]
V  [jvm.dll+0x1237be]
V  [jvm.dll+0x440f8b]
C  0x00000000027eb532

Java frames: (J=compiled Java code, j=interpreted, Vv=VM code)
v  ~RuntimeStub::throw_class_cast_exception Runtime1 stub
J 3542 C1 com.sun.tools.javac.code.Types.supertype(Lcom/sun/tools/javac/code/Type;)Lcom/sun/tools/javac/code/Type; (12 bytes) @ 0x00000000031a3d20 [0x00000000031a3c40+0xe0]
j  com.sun.tools.javac.code.Types$13.visitClassType(Lcom/sun/tools/javac/code/Type$ClassType;Lcom/sun/tools/javac/code/Symbol;)Lcom/sun/tools/javac/code/Type;+15
J 3621 C1 com.sun.tools.javac.code.Types$13.visitClassType(Lcom/sun/tools/javac/code/Type$ClassType;Ljava/lang/Object;)Ljava/lang/Object; (10 bytes) @ 0x00000000031cd204 [0x00000000031cd180+0x84]
J 3517 C1 com.sun.tools.javac.code.Type$ClassType.accept(Lcom/sun/tools/javac/code/Type$Visitor;Ljava/lang/Object;)Ljava/lang/Object; (9 bytes) @ 0x000000000319b134 [0x000000000319b0c0+0x74]
J 3622 C1 com.sun.tools.javac.code.Types.asSuper(Lcom/sun/tools/javac/code/Type;Lcom/sun/tools/javac/code/Symbol;)Lcom/sun/tools/javac/code/Type; (35 bytes) @ 0x00000000031cd624 [0x00000000031cd580+0xa4]
j  com.sun.tools.javac.code.Types$4.visitClassType(Lcom/sun/tools/javac/code/Type$ClassType;Lcom/sun/tools/javac/code/Type;)Ljava/lang/Boolean;+9
j  com.sun.tools.javac.code.Types$4.visitClassType(Lcom/sun/tools/javac/code/Type$ClassType;Ljava/lang/Object;)Ljava/lang/Object;+6
J 3517 C1 com.sun.tools.javac.code.Type$ClassType.accept(Lcom/sun/tools/javac/code/Type$Visitor;Ljava/lang/Object;)Ljava/lang/Object; (9 bytes) @ 0x000000000319b134 [0x000000000319b0c0+0x74]
J 3610 C1 com.sun.tools.javac.code.Types$DefaultTypeVisitor.visit(Lcom/sun/tools/javac/code/Type;Ljava/lang/Object;)Ljava/lang/Object; (7 bytes) @ 0x00000000031c4834 [0x00000000031c47c0+0x74]
j  com.sun.tools.javac.code.Types.isSubtype(Lcom/sun/tools/javac/code/Type;Lcom/sun/tools/javac/code/Type;Z)Z+176
j  com.sun.tools.javac.code.Types.isSubtype(Lcom/sun/tools/javac/code/Type;Lcom/sun/tools/javac/code/Type;)Z+4
j  com.sun.tools.javac.code.Types.isSubtypeUncheckedInternal(Lcom/sun/tools/javac/code/Type;Lcom/sun/tools/javac/code/Type;Lcom/sun/tools/javac/util/Warner;)Z+77
j  com.sun.tools.javac.code.Types.isSubtypeUnchecked(Lcom/sun/tools/javac/code/Type;Lcom/sun/tools/javac/code/Type;Lcom/sun/tools/javac/util/Warner;)Z+4
j  com.sun.tools.javac.code.Types.isConvertible(Lcom/sun/tools/javac/code/Type;Lcom/sun/tools/javac/code/Type;Lcom/sun/tools/javac/util/Warner;)Z+35
j  com.sun.tools.javac.code.Types.isAssignable(Lcom/sun/tools/javac/code/Type;Lcom/sun/tools/javac/code/Type;Lcom/sun/tools/javac/util/Warner;)Z+196
j  com.sun.tools.javac.comp.Check$1.compatible(Lcom/sun/tools/javac/code/Type;Lcom/sun/tools/javac/code/Type;Lcom/sun/tools/javac/util/Warner;)Z+10
J 3509 C1 com.sun.tools.javac.comp.Check.checkType(Lcom/sun/tools/javac/util/JCDiagnostic$DiagnosticPosition;Lcom/sun/tools/javac/code/Type;Lcom/sun/tools/javac/code/Type;Lcom/sun/tools/javac/comp/Check$CheckContext;)Lcom/sun/tools/javac/code/Type; (188 bytes) @ 0x0000000003190a7c [0x0000000003190740+0x33c]
j  com.sun.tools.javac.comp.Check.checkType(Lcom/sun/tools/javac/util/JCDiagnostic$DiagnosticPosition;Lcom/sun/tools/javac/code/Type;Lcom/sun/tools/javac/code/Type;)Lcom/sun/tools/javac/code/Type;+8
j  com.sun.tools.javac.comp.Attr.visitMethodDef(Lcom/sun/tools/javac/tree/JCTree$JCMethodDecl;)V+661
j  com.sun.tools.javac.tree.JCTree$JCMethodDecl.accept(Lcom/sun/tools/javac/tree/JCTree$Visitor;)V+2
J 3494 C1 com.sun.tools.javac.comp.Attr.attribTree(Lcom/sun/tools/javac/tree/JCTree;Lcom/sun/tools/javac/comp/Env;Lcom/sun/tools/javac/comp/Attr$ResultInfo;)Lcom/sun/tools/javac/code/Type; (148 bytes) @ 0x0000000003184cd4 [0x0000000003184c00+0xd4]
j  com.sun.tools.javac.comp.Attr.attribStat(Lcom/sun/tools/javac/tree/JCTree;Lcom/sun/tools/javac/comp/Env;)Lcom/sun/tools/javac/code/Type;+7
j  com.sun.tools.javac.comp.Attr.attribClassBody(Lcom/sun/tools/javac/comp/Env;Lcom/sun/tools/javac/code/Symbol$ClassSymbol;)V+464
j  com.sun.tools.javac.comp.Attr.attribClass(Lcom/sun/tools/javac/code/Symbol$ClassSymbol;)V+392
j  com.sun.tools.javac.comp.Attr.attribClass(Lcom/sun/tools/javac/util/JCDiagnostic$DiagnosticPosition;Lcom/sun/tools/javac/code/Symbol$ClassSymbol;)V+9
j  com.sun.tools.javac.comp.Attr.attrib(Lcom/sun/tools/javac/comp/Env;)V+36
j  com.sun.tools.javac.main.JavaCompiler.attribute(Lcom/sun/tools/javac/comp/Env;)Lcom/sun/tools/javac/comp/Env;+176
j  com.sun.tools.javac.main.JavaCompiler.compile2()V+177
j  com.sun.tools.javac.main.JavaCompiler.compile(Lcom/sun/tools/javac/util/List;Lcom/sun/tools/javac/util/List;Ljava/lang/Iterable;)V+165
j  com.sun.tools.javac.main.Main.compile([Ljava/lang/String;[Ljava/lang/String;Lcom/sun/tools/javac/util/Context;Lcom/sun/tools/javac/util/List;Ljava/lang/Iterable;)Lcom/sun/tools/javac/main/Main$Result;+1299
j  com.sun.tools.javac.api.JavacTaskImpl.doCall()Lcom/sun/tools/javac/main/Main$Result;+59
j  com.sun.tools.javac.api.JavacTaskImpl.call()Ljava/lang/Boolean;+1
j  org.codehaus.plexus.compiler.javac.JavaxToolsCompiler.compileInProcess([Ljava/lang/String;Lorg/codehaus/plexus/compiler/CompilerConfiguration;[Ljava/lang/String;)Lorg/codehaus/plexus/compiler/CompilerResult;+125
j  org.codehaus.plexus.compiler.javac.JavacCompiler.performCompile(Lorg/codehaus/plexus/compiler/CompilerConfiguration;)Lorg/codehaus/plexus/compiler/CompilerResult;+216
j  org.apache.maven.plugin.compiler.AbstractCompilerMojo.execute()V+2006
j  org.apache.maven.plugin.compiler.CompilerMojo.execute()V+20
j  org.apache.maven.plugin.DefaultBuildPluginManager.executeMojo(Lorg/apache/maven/execution/MavenSession;Lorg/apache/maven/plugin/MojoExecution;)V+155
j  org.apache.maven.lifecycle.internal.MojoExecutor.execute(Lorg/apache/maven/execution/MavenSession;Lorg/apache/maven/plugin/MojoExecution;Lorg/apache/maven/lifecycle/internal/ProjectIndex;Lorg/apache/maven/lifecycle/internal/DependencyContext;)V+215
j  org.apache.maven.lifecycle.internal.MojoExecutor.execute(Lorg/apache/maven/execution/MavenSession;Lorg/apache/maven/plugin/MojoExecution;Lorg/apache/maven/lifecycle/internal/ProjectIndex;Lorg/apache/maven/lifecycle/internal/DependencyContext;Lorg/apache/maven/lifecycle/internal/PhaseRecorder;)V+6
j  org.apache.maven.lifecycle.internal.MojoExecutor.execute(Lorg/apache/maven/execution/MavenSession;Ljava/util/List;Lorg/apache/maven/lifecycle/internal/ProjectIndex;)V+60
j  org.apache.maven.lifecycle.internal.LifecycleModuleBuilder.buildProject(Lorg/apache/maven/execution/MavenSession;Lorg/apache/maven/execution/MavenSession;Lorg/apache/maven/lifecycle/internal/ReactorContext;Lorg/apache/maven/project/MavenProject;Lorg/apache/maven/lifecycle/internal/TaskSegment;)V+176
j  org.apache.maven.lifecycle.internal.LifecycleModuleBuilder.buildProject(Lorg/apache/maven/execution/MavenSession;Lorg/apache/maven/lifecycle/internal/ReactorContext;Lorg/apache/maven/project/MavenProject;Lorg/apache/maven/lifecycle/internal/TaskSegment;)V+7
j  org.apache.maven.lifecycle.internal.builder.singlethreaded.SingleThreadedBuilder.build(Lorg/apache/maven/execution/MavenSession;Lorg/apache/maven/lifecycle/internal/ReactorContext;Lorg/apache/maven/lifecycle/internal/ProjectBuildList;Ljava/util/List;Lorg/apache/maven/lifecycle/internal/ReactorBuildStatus;)V+77
j  org.apache.maven.lifecycle.internal.LifecycleStarter.execute(Lorg/apache/maven/execution/MavenSession;)V+346
j  org.apache.maven.DefaultMaven.doExecute(Lorg/apache/maven/execution/MavenExecutionRequest;)Lorg/apache/maven/execution/MavenExecutionResult;+554
j  org.apache.maven.DefaultMaven.execute(Lorg/apache/maven/execution/MavenExecutionRequest;)Lorg/apache/maven/execution/MavenExecutionResult;+11
j  org.apache.maven.cli.MavenCli.execute(Lorg/apache/maven/cli/MavenCli$CliRequest;)I+19
j  org.apache.maven.cli.MavenCli.doMain(Lorg/apache/maven/cli/MavenCli$CliRequest;)I+61
j  org.apache.maven.cli.MavenCli.main([Ljava/lang/String;Lorg/codehaus/plexus/classworlds/ClassWorld;)I+18
v  ~StubRoutines::call_stub
j  sun.reflect.NativeMethodAccessorImpl.invoke0(Ljava/lang/reflect/Method;Ljava/lang/Object;[Ljava/lang/Object;)Ljava/lang/Object;+0
j  sun.reflect.NativeMethodAccessorImpl.invoke(Ljava/lang/Object;[Ljava/lang/Object;)Ljava/lang/Object;+100
j  sun.reflect.DelegatingMethodAccessorImpl.invoke(Ljava/lang/Object;[Ljava/lang/Object;)Ljava/lang/Object;+6
j  java.lang.reflect.Method.invoke(Ljava/lang/Object;[Ljava/lang/Object;)Ljava/lang/Object;+56
j  org.codehaus.plexus.classworlds.launcher.Launcher.launchEnhanced([Ljava/lang/String;)V+45
j  org.codehaus.plexus.classworlds.launcher.Launcher.launch([Ljava/lang/String;)V+2
j  org.codehaus.plexus.classworlds.launcher.Launcher.mainWithExitCode([Ljava/lang/String;)I+101
j  org.codehaus.plexus.classworlds.launcher.Launcher.main([Ljava/lang/String;)V+1
j  org.codehaus.classworlds.Launcher.main([Ljava/lang/String;)V+1
v  ~StubRoutines::call_stub
j  sun.reflect.NativeMethodAccessorImpl.invoke0(Ljava/lang/reflect/Method;Ljava/lang/Object;[Ljava/lang/Object;)Ljava/lang/Object;+0
j  sun.reflect.NativeMethodAccessorImpl.invoke(Ljava/lang/Object;[Ljava/lang/Object;)Ljava/lang/Object;+100
j  sun.reflect.DelegatingMethodAccessorImpl.invoke(Ljava/lang/Object;[Ljava/lang/Object;)Ljava/lang/Object;+6
j  java.lang.reflect.Method.invoke(Ljava/lang/Object;[Ljava/lang/Object;)Ljava/lang/Object;+56
j  com.intellij.rt.execution.application.AppMain.main([Ljava/lang/String;)V+140
v  ~StubRoutines::call_stub

---------------  P R O C E S S  ---------------

Java Threads: ( => current thread )
  0x00000000584ca000 JavaThread "Monitor Ctrl-Break" daemon [_thread_in_native, id=112, stack(0x0000000058f00000,0x0000000059000000)]
  0x0000000058452800 JavaThread "Service Thread" daemon [_thread_blocked, id=4532, stack(0x00000000589a0000,0x0000000058aa0000)]
  0x000000005728d000 JavaThread "C1 CompilerThread1" daemon [_thread_blocked, id=3476, stack(0x0000000058850000,0x0000000058950000)]
  0x000000005723c000 JavaThread "C2 CompilerThread0" daemon [_thread_in_native, id=4684, stack(0x0000000058320000,0x0000000058420000)]
  0x0000000057239000 JavaThread "Attach Listener" daemon [_thread_blocked, id=4808, stack(0x0000000057b40000,0x0000000057c40000)]
  0x0000000057221800 JavaThread "Signal Dispatcher" daemon [_thread_blocked, id=1120, stack(0x0000000058070000,0x0000000058170000)]
  0x00000000571cc800 JavaThread "Finalizer" daemon [_thread_blocked, id=4760, stack(0x0000000057f10000,0x0000000058010000)]
  0x00000000571c2000 JavaThread "Reference Handler" daemon [_thread_blocked, id=3648, stack(0x0000000057db0000,0x0000000057eb0000)]
=>0x0000000001e2e800 JavaThread "main" [_thread_in_vm, id=1868, stack(0x00000000025f0000,0x00000000026f0000)]

Other Threads:
  0x00000000571bc800 VMThread [stack: 0x0000000057c90000,0x0000000057d90000] [id=4452]
  0x000000005845d000 WatcherThread [stack: 0x0000000058af0000,0x0000000058bf0000] [id=3644]

VM state:not at safepoint (normal execution)

VM Mutex/Monitor currently owned by a thread: None

Heap:
 PSYoungGen      total 142336K, used 2609K [0x00000000d5980000, 0x00000000e8080000, 0x0000000100000000)
  eden space 132608K, 1% used [0x00000000d5980000,0x00000000d5c0c490,0x00000000ddb00000)
  from space 9728K, 0% used [0x00000000ddb00000,0x00000000ddb00000,0x00000000de480000)
  to   space 18432K, 0% used [0x00000000e6e80000,0x00000000e6e80000,0x00000000e8080000)
 ParOldGen       total 90624K, used 31439K [0x0000000080c00000, 0x0000000086480000, 0x00000000d5980000)
  object space 90624K, 34% used [0x0000000080c00000,0x0000000082ab3fb8,0x0000000086480000)
 Metaspace       used 20759K, capacity 21264K, committed 21552K, reserved 1069056K
  class space    used 2430K, capacity 2576K, committed 2608K, reserved 1048576K

Card table byte_map: [0x0000000011ab0000,0x0000000011eb0000] byte_map_base: 0x00000000116aa000

Marking Bits: (ParMarkBitMap*) 0x0000000066b34040
 Begin Bits: [0x00000000124f0000, 0x00000000144c0000)
 End Bits:   [0x00000000144c0000, 0x0000000016490000)

Polling page: 0x0000000000130000

CodeCache: size=245760Kb used=11207Kb max_used=11220Kb free=234552Kb
 bounds [0x00000000026f0000, 0x00000000031f0000, 0x00000000116f0000]
 total_blobs=3988 nmethods=3622 adapters=279
 compilation: enabled

Compilation events (10 events):
Event: 4.284 Thread 0x000000005723c000 nmethod 3290 0x00000000031d4d50 code [0x00000000031d4e80, 0x00000000031d4f58]
Event: 4.284 Thread 0x000000005723c000 3311       4       com.sun.tools.javac.file.ZipFileIndex$Entry::compareTo (40 bytes)
Event: 4.285 Thread 0x000000005723c000 nmethod 3311 0x00000000031d6250 code [0x00000000031d63a0, 0x00000000031d6618]
Event: 4.285 Thread 0x000000005723c000 3312       4       com.sun.tools.javac.file.ZipFileIndex$Entry::compareTo (9 bytes)
Event: 4.287 Thread 0x000000005723c000 nmethod 3312 0x00000000031d5c10 code [0x00000000031d5d60, 0x00000000031d5ff8]
Event: 4.287 Thread 0x000000005723c000 3321       4       com.sun.tools.javac.file.RelativePath::hashCode (8 bytes)
Event: 4.288 Thread 0x000000005723c000 nmethod 3321 0x00000000031d5890 code [0x00000000031d59c0, 0x00000000031d5b18]
Event: 4.288 Thread 0x000000005723c000 3304   !   4       java.lang.StringCoding::decode (120 bytes)
Event: 4.294 Thread 0x000000005723c000 nmethod 3304 0x00000000031d2010 code [0x00000000031d21c0, 0x00000000031d2848]
Event: 4.294 Thread 0x000000005723c000 3305       4       java.lang.String::<init> (38 bytes)

GC Heap History (10 events):
Event: 2.021 GC heap before
{Heap before GC invocations=4 (full 0):
 PSYoungGen      total 38400K, used 38392K [0x00000000d5980000, 0x00000000da480000, 0x0000000100000000)
  eden space 33280K, 100% used [0x00000000d5980000,0x00000000d7a00000,0x00000000d7a00000)
  from space 5120K, 99% used [0x00000000d7a00000,0x00000000d7efe010,0x00000000d7f00000)
  to   space 5120K, 0% used [0x00000000d9f80000,0x00000000d9f80000,0x00000000da480000)
 ParOldGen       total 87552K, used 4718K [0x0000000080c00000, 0x0000000086180000, 0x00000000d5980000)
  object space 87552K, 5% used [0x0000000080c00000,0x000000008109ba98,0x0000000086180000)
 Metaspace       used 14348K, capacity 14594K, committed 14848K, reserved 1062912K
  class space    used 1705K, capacity 1781K, committed 1792K, reserved 1048576K
Event: 2.063 GC heap after
Heap after GC invocations=4 (full 0):
 PSYoungGen      total 71680K, used 5096K [0x00000000d5980000, 0x00000000da480000, 0x0000000100000000)
  eden space 66560K, 0% used [0x00000000d5980000,0x00000000d5980000,0x00000000d9a80000)
  from space 5120K, 99% used [0x00000000d9f80000,0x00000000da47a040,0x00000000da480000)
  to   space 5120K, 0% used [0x00000000d9a80000,0x00000000d9a80000,0x00000000d9f80000)
 ParOldGen       total 87552K, used 6358K [0x0000000080c00000, 0x0000000086180000, 0x00000000d5980000)
  object space 87552K, 7% used [0x0000000080c00000,0x0000000081235a98,0x0000000086180000)
 Metaspace       used 14348K, capacity 14594K, committed 14848K, reserved 1062912K
  class space    used 1705K, capacity 1781K, committed 1792K, reserved 1048576K
}
Event: 2.463 GC heap before
{Heap before GC invocations=5 (full 0):
 PSYoungGen      total 71680K, used 71656K [0x00000000d5980000, 0x00000000da480000, 0x0000000100000000)
  eden space 66560K, 100% used [0x00000000d5980000,0x00000000d9a80000,0x00000000d9a80000)
  from space 5120K, 99% used [0x00000000d9f80000,0x00000000da47a040,0x00000000da480000)
  to   space 5120K, 0% used [0x00000000d9a80000,0x00000000d9a80000,0x00000000d9f80000)
 ParOldGen       total 87552K, used 6358K [0x0000000080c00000, 0x0000000086180000, 0x00000000d5980000)
  object space 87552K, 7% used [0x0000000080c00000,0x0000000081235a98,0x0000000086180000)
 Metaspace       used 14639K, capacity 14862K, committed 15104K, reserved 1062912K
  class space    used 1706K, capacity 1783K, committed 1792K, reserved 1048576K
Event: 2.502 GC heap after
Heap after GC invocations=5 (full 0):
 PSYoungGen      total 71680K, used 5096K [0x00000000d5980000, 0x00000000ded80000, 0x0000000100000000)
  eden space 66560K, 0% used [0x00000000d5980000,0x00000000d5980000,0x00000000d9a80000)
  from space 5120K, 99% used [0x00000000d9a80000,0x00000000d9f7a040,0x00000000d9f80000)
  to   space 9216K, 0% used [0x00000000de480000,0x00000000de480000,0x00000000ded80000)
 ParOldGen       total 87552K, used 9878K [0x0000000080c00000, 0x0000000086180000, 0x00000000d5980000)
  object space 87552K, 11% used [0x0000000080c00000,0x00000000815a5a98,0x0000000086180000)
 Metaspace       used 14639K, capacity 14862K, committed 15104K, reserved 1062912K
  class space    used 1706K, capacity 1783K, committed 1792K, reserved 1048576K
}
Event: 3.020 GC heap before
{Heap before GC invocations=6 (full 0):
 PSYoungGen      total 71680K, used 71656K [0x00000000d5980000, 0x00000000ded80000, 0x0000000100000000)
  eden space 66560K, 100% used [0x00000000d5980000,0x00000000d9a80000,0x00000000d9a80000)
  from space 5120K, 99% used [0x00000000d9a80000,0x00000000d9f7a040,0x00000000d9f80000)
  to   space 9216K, 0% used [0x00000000de480000,0x00000000de480000,0x00000000ded80000)
 ParOldGen       total 87552K, used 9878K [0x0000000080c00000, 0x0000000086180000, 0x00000000d5980000)
  object space 87552K, 11% used [0x0000000080c00000,0x00000000815a5a98,0x0000000086180000)
 Metaspace       used 15411K, capacity 15852K, committed 16000K, reserved 1062912K
  class space    used 1792K, capacity 1920K, committed 1920K, reserved 1048576K
Event: 3.042 GC heap after
Heap after GC invocations=6 (full 0):
 PSYoungGen      total 141824K, used 8488K [0x00000000d5980000, 0x00000000dee80000, 0x0000000100000000)
  eden space 132608K, 0% used [0x00000000d5980000,0x00000000d5980000,0x00000000ddb00000)
  from space 9216K, 92% used [0x00000000de480000,0x00000000decca080,0x00000000ded80000)
  to   space 9728K, 0% used [0x00000000ddb00000,0x00000000ddb00000,0x00000000de480000)
 ParOldGen       total 87552K, used 9878K [0x0000000080c00000, 0x0000000086180000, 0x00000000d5980000)
  object space 87552K, 11% used [0x0000000080c00000,0x00000000815a5a98,0x0000000086180000)
 Metaspace       used 15411K, capacity 15852K, committed 16000K, reserved 1062912K
  class space    used 1792K, capacity 1920K, committed 1920K, reserved 1048576K
}
Event: 4.058 GC heap before
{Heap before GC invocations=7 (full 0):
 PSYoungGen      total 141824K, used 87814K [0x00000000d5980000, 0x00000000dee80000, 0x0000000100000000)
  eden space 132608K, 59% used [0x00000000d5980000,0x00000000da6f77a8,0x00000000ddb00000)
  from space 9216K, 92% used [0x00000000de480000,0x00000000decca080,0x00000000ded80000)
  to   space 9728K, 0% used [0x00000000ddb00000,0x00000000ddb00000,0x00000000de480000)
 ParOldGen       total 87552K, used 9878K [0x0000000080c00000, 0x0000000086180000, 0x00000000d5980000)
  object space 87552K, 11% used [0x0000000080c00000,0x00000000815a5a98,0x0000000086180000)
 Metaspace       used 20707K, capacity 21200K, committed 21296K, reserved 1069056K
  class space    used 2419K, capacity 2576K, committed 2608K, reserved 1048576K
Event: 4.102 GC heap after
Heap after GC invocations=7 (full 0):
 PSYoungGen      total 142336K, used 9721K [0x00000000d5980000, 0x00000000e8080000, 0x0000000100000000)
  eden space 132608K, 0% used [0x00000000d5980000,0x00000000d5980000,0x00000000ddb00000)
  from space 9728K, 99% used [0x00000000ddb00000,0x00000000de47e6f0,0x00000000de480000)
  to   space 18432K, 0% used [0x00000000e6e80000,0x00000000e6e80000,0x00000000e8080000)
 ParOldGen       total 87552K, used 25371K [0x0000000080c00000, 0x0000000086180000, 0x00000000d5980000)
  object space 87552K, 28% used [0x0000000080c00000,0x00000000824c6f10,0x0000000086180000)
 Metaspace       used 20707K, capacity 21200K, committed 21296K, reserved 1069056K
  class space    used 2419K, capacity 2576K, committed 2608K, reserved 1048576K
}
Event: 4.103 GC heap before
{Heap before GC invocations=8 (full 1):
 PSYoungGen      total 142336K, used 9721K [0x00000000d5980000, 0x00000000e8080000, 0x0000000100000000)
  eden space 132608K, 0% used [0x00000000d5980000,0x00000000d5980000,0x00000000ddb00000)
  from space 9728K, 99% used [0x00000000ddb00000,0x00000000de47e6f0,0x00000000de480000)
  to   space 18432K, 0% used [0x00000000e6e80000,0x00000000e6e80000,0x00000000e8080000)
 ParOldGen       total 87552K, used 25371K [0x0000000080c00000, 0x0000000086180000, 0x00000000d5980000)
  object space 87552K, 28% used [0x0000000080c00000,0x00000000824c6f10,0x0000000086180000)
 Metaspace       used 20707K, capacity 21200K, committed 21296K, reserved 1069056K
  class space    used 2419K, capacity 2576K, committed 2608K, reserved 1048576K
Event: 4.262 GC heap after
Heap after GC invocations=8 (full 1):
 PSYoungGen      total 142336K, used 0K [0x00000000d5980000, 0x00000000e8080000, 0x0000000100000000)
  eden space 132608K, 0% used [0x00000000d5980000,0x00000000d5980000,0x00000000ddb00000)
  from space 9728K, 0% used [0x00000000ddb00000,0x00000000ddb00000,0x00000000de480000)
  to   space 18432K, 0% used [0x00000000e6e80000,0x00000000e6e80000,0x00000000e8080000)
 ParOldGen       total 90624K, used 31439K [0x0000000080c00000, 0x0000000086480000, 0x00000000d5980000)
  object space 90624K, 34% used [0x0000000080c00000,0x0000000082ab3fb8,0x0000000086480000)
 Metaspace       used 20707K, capacity 21200K, committed 21296K, reserved 1069056K
  class space    used 2419K, capacity 2576K, committed 2608K, reserved 1048576K
}

Deoptimization events (10 events):
Event: 2.675 Thread 0x0000000001e2e800 Uncommon trap: reason=bimorphic action=maybe_recompile pc=0x0000000002d3fb44 method=java.util.regex.Pattern$Curly.match(Ljava/util/regex/Matcher;ILjava/lang/CharSequence;)Z @ 19
Event: 2.678 Thread 0x0000000001e2e800 Uncommon trap: reason=bimorphic action=maybe_recompile pc=0x0000000002d3fb44 method=java.util.regex.Pattern$Curly.match(Ljava/util/regex/Matcher;ILjava/lang/CharSequence;)Z @ 19
Event: 3.257 Thread 0x0000000001e2e800 Uncommon trap: reason=unstable_if action=reinterpret pc=0x0000000002a09cc8 method=sun.net.www.ParseUtil.encodePath(Ljava/lang/String;Z)Ljava/lang/String; @ 109
Event: 3.445 Thread 0x0000000001e2e800 Uncommon trap: reason=unstable_if action=reinterpret pc=0x000000000302f594 method=java.util.jar.Manifest$FastInputStream.readLine([BII)I @ 87
Event: 3.459 Thread 0x0000000001e2e800 Uncommon trap: reason=unstable_if action=reinterpret pc=0x0000000003010520 method=java.util.StringTokenizer.setMaxDelimCodePoint()V @ 71
Event: 3.500 Thread 0x0000000001e2e800 Uncommon trap: reason=unstable_if action=reinterpret pc=0x000000000304e794 method=java.io.WinNTFileSystem.parentOrNull(Ljava/lang/String;)Ljava/lang/String; @ 62
Event: 3.505 Thread 0x0000000001e2e800 Uncommon trap: reason=unstable_if action=reinterpret pc=0x000000000303ef74 method=java.util.jar.Attributes$Name.isDigit(C)Z @ 3
Event: 3.545 Thread 0x0000000001e2e800 Uncommon trap: reason=unstable_if action=reinterpret pc=0x0000000002892c34 method=sun.misc.URLClassPath.getLoader(I)Lsun/misc/URLClassPath$Loader; @ 101
Event: 3.547 Thread 0x0000000001e2e800 Uncommon trap: reason=unstable_if action=reinterpret pc=0x00000000028ba1a0 method=sun.misc.URLClassPath$JarLoader.getResource(Ljava/lang/String;Z)Lsun/misc/Resource; @ 62
Event: 3.566 Thread 0x0000000001e2e800 Uncommon trap: reason=bimorphic action=maybe_recompile pc=0x0000000002d3fbb0 method=java.util.regex.Matcher.match(II)Z @ 86

Internal exceptions (10 events):
Event: 3.545 Thread 0x0000000001e2e800 Exception <a 'java/security/PrivilegedActionException'> (0x00000000d7bb5f50) thrown at [C:\re\workspace\8-2-build-windows-amd64-cygwin\jdk8u45\3457\hotspot\src\share\vm\prims\jvm.cpp, line 1382]
Event: 3.545 Thread 0x0000000001e2e800 Exception <a 'java/security/PrivilegedActionException'> (0x00000000d7bb6298) thrown at [C:\re\workspace\8-2-build-windows-amd64-cygwin\jdk8u45\3457\hotspot\src\share\vm\prims\jvm.cpp, line 1382]
Event: 3.546 Thread 0x0000000001e2e800 Exception <a 'java/security/PrivilegedActionException'> (0x00000000d7bb7750) thrown at [C:\re\workspace\8-2-build-windows-amd64-cygwin\jdk8u45\3457\hotspot\src\share\vm\prims\jvm.cpp, line 1382]
Event: 3.546 Thread 0x0000000001e2e800 Exception <a 'java/security/PrivilegedActionException'> (0x00000000d7bb7a98) thrown at [C:\re\workspace\8-2-build-windows-amd64-cygwin\jdk8u45\3457\hotspot\src\share\vm\prims\jvm.cpp, line 1382]
Event: 3.689 Thread 0x0000000001e2e800 Exception <a 'java/io/FileNotFoundException'> (0x00000000d8322668) thrown at [C:\re\workspace\8-2-build-windows-amd64-cygwin\jdk8u45\3457\hotspot\src\share\vm\prims\jni.cpp, line 709]
Event: 3.690 Thread 0x0000000001e2e800 Exception <a 'java/io/FileNotFoundException'> (0x00000000d83564a8) thrown at [C:\re\workspace\8-2-build-windows-amd64-cygwin\jdk8u45\3457\hotspot\src\share\vm\prims\jni.cpp, line 709]
Event: 3.736 Thread 0x0000000001e2e800 Exception <a 'java/io/FileNotFoundException'> (0x00000000d8b72700) thrown at [C:\re\workspace\8-2-build-windows-amd64-cygwin\jdk8u45\3457\hotspot\src\share\vm\prims\jni.cpp, line 709]
Event: 3.736 Thread 0x0000000001e2e800 Exception <a 'java/io/FileNotFoundException'> (0x00000000d8b73490) thrown at [C:\re\workspace\8-2-build-windows-amd64-cygwin\jdk8u45\3457\hotspot\src\share\vm\prims\jni.cpp, line 709]
Event: 3.736 Thread 0x0000000001e2e800 Exception <a 'java/io/FileNotFoundException'> (0x00000000d8b74250) thrown at [C:\re\workspace\8-2-build-windows-amd64-cygwin\jdk8u45\3457\hotspot\src\share\vm\prims\jni.cpp, line 709]
Event: 3.736 Thread 0x0000000001e2e800 Exception <a 'java/io/FileNotFoundException'> (0x00000000d8b75020) thrown at [C:\re\workspace\8-2-build-windows-amd64-cygwin\jdk8u45\3457\hotspot\src\share\vm\prims\jni.cpp, line 709]

Events (10 events):
Event: 4.269 loading class com/sun/tools/javac/jvm/ClassWriter$1
Event: 4.269 loading class com/sun/tools/javac/jvm/ClassWriter$1 done
Event: 4.269 loading class com/sun/tools/javac/code/Attribute$RetentionPolicy
Event: 4.269 loading class com/sun/tools/javac/code/Attribute$RetentionPolicy done
Event: 4.271 loading class com/sun/tools/javac/jvm/ClassFile$NameAndType
Event: 4.271 loading class com/sun/tools/javac/jvm/ClassFile$NameAndType done
Event: 4.271 loading class com/sun/tools/javac/jvm/Pool$Variable
Event: 4.271 loading class com/sun/tools/javac/jvm/Pool$Variable done
Event: 4.272 loading class java/io/FileOutputStream$1
Event: 4.272 loading class java/io/FileOutputStream$1 done


Dynamic libraries:
0x000000013f2a0000 - 0x000000013f2d7000 	C:\Program Files\Java\jdk1.8.0_45\bin\java.exe
0x0000000077150000 - 0x00000000772f9000 	C:\windows\SYSTEM32\ntdll.dll
0x0000000076bc0000 - 0x0000000076cdf000 	C:\windows\system32\kernel32.dll
0x000007fefd8f0000 - 0x000007fefd95c000 	C:\windows\system32\KERNELBASE.dll
0x000007fefeab0000 - 0x000007fefeb8b000 	C:\windows\system32\ADVAPI32.dll
0x000007feff2c0000 - 0x000007feff35f000 	C:\windows\system32\msvcrt.dll
0x000007feff440000 - 0x000007feff45f000 	C:\windows\SYSTEM32\sechost.dll
0x000007fefeed0000 - 0x000007fefeffd000 	C:\windows\system32\RPCRT4.dll
0x0000000076e40000 - 0x0000000076f3a000 	C:\windows\system32\USER32.dll
0x000007fefed80000 - 0x000007fefede7000 	C:\windows\system32\GDI32.dll
0x000007feff360000 - 0x000007feff36e000 	C:\windows\system32\LPK.dll
0x000007feff370000 - 0x000007feff439000 	C:\windows\system32\USP10.dll
0x000007fefd100000 - 0x000007fefd2f4000 	C:\windows\WinSxS\amd64_microsoft.windows.common-controls_6595b64144ccf1df_6.0.7601.17514_none_fa396087175ac9ac\COMCTL32.dll
0x000007fefeb90000 - 0x000007fefec01000 	C:\windows\system32\SHLWAPI.dll
0x000007fefdcd0000 - 0x000007fefdcfe000 	C:\windows\system32\IMM32.DLL
0x000007fefec70000 - 0x000007fefed79000 	C:\windows\system32\MSCTF.dll
0x0000000068d50000 - 0x0000000068e22000 	C:\Program Files\Java\jdk1.8.0_45\jre\bin\msvcr100.dll
0x0000000066330000 - 0x0000000066bb3000 	C:\Program Files\Java\jdk1.8.0_45\jre\bin\server\jvm.dll
0x000007fefba30000 - 0x000007fefba39000 	C:\windows\system32\WSOCK32.dll
0x000007fefdc80000 - 0x000007fefdccd000 	C:\windows\system32\WS2_32.dll
0x000007feff000000 - 0x000007feff008000 	C:\windows\system32\NSI.dll
0x000007fefadc0000 - 0x000007fefadfb000 	C:\windows\system32\WINMM.dll
0x000007fefc0d0000 - 0x000007fefc0dc000 	C:\windows\system32\VERSION.dll
0x0000000077320000 - 0x0000000077327000 	C:\windows\system32\PSAPI.DLL
0x00000000694b0000 - 0x00000000694bf000 	C:\Program Files\Java\jdk1.8.0_45\jre\bin\verify.dll
0x0000000069480000 - 0x00000000694a9000 	C:\Program Files\Java\jdk1.8.0_45\jre\bin\java.dll
0x0000000069460000 - 0x0000000069476000 	C:\Program Files\Java\jdk1.8.0_45\jre\bin\zip.dll
0x000007fefdd20000 - 0x000007fefeaa8000 	C:\windows\system32\SHELL32.dll
0x000007feff010000 - 0x000007feff213000 	C:\windows\system32\ole32.dll
0x000007fefd5b0000 - 0x000007fefd5bf000 	C:\windows\system32\profapi.dll
0x000007fefba20000 - 0x000007fefba30000 	C:\Program Files (x86)\JetBrains\IntelliJ IDEA 12.1.7\bin\breakgen64.dll
0x0000000069410000 - 0x000000006942a000 	C:\Program Files\Java\jdk1.8.0_45\jre\bin\net.dll
0x000007fefcb20000 - 0x000007fefcb75000 	C:\windows\system32\mswsock.dll
0x000007fefcb10000 - 0x000007fefcb17000 	C:\windows\System32\wship6.dll
0x00000000693f0000 - 0x0000000069401000 	C:\Program Files\Java\jdk1.8.0_45\jre\bin\nio.dll
0x000007fef0c70000 - 0x000007fef0d95000 	C:\windows\system32\dbghelp.dll

VM Arguments:
jvm_args: -Dmaven.home=F:\apache-maven-3.2.3 -Dclassworlds.conf=F:\apache-maven-3.2.3\bin\m2.conf -Didea.launcher.port=7533 -Didea.launcher.bin.path=C:\Program Files (x86)\JetBrains\IntelliJ IDEA 12.1.7\bin -Dfile.encoding=UTF-8 
java_command: com.intellij.rt.execution.application.AppMain org.codehaus.classworlds.Launcher --fail-fast --strict-checksums deploy
java_class_path (initial): F:\apache-maven-3.2.3\boot\plexus-classworlds-2.5.1.jar;C:\Program Files (x86)\JetBrains\IntelliJ IDEA 12.1.7\lib\idea_rt.jar
Launcher Type: SUN_STANDARD

Environment Variables:
JAVA_HOME=C:\Program Files\Java\jdk1.8.0_45
CLASSPATH=C:\Program Files\Java\jdk1.8.0_45\lib\dt.jar;C:\Program Files\Java\jdk1.8.0_45\lib\tools.jar;
PATH=C:\Program Files (x86)\JetBrains\IntelliJ IDEA 12.1.7\bin\..\.\bin;C:\ProgramData\Oracle\Java\javapath;C:\Program Files (x86)\Common Files\NetSarang;C:\windows\system32;C:\windows;C:\windows\System32\Wbem;C:\windows\System32\WindowsPowerShell\v1.0\;C:\Program Files\Java\jdk1.8.0_45\bin;C:\Program Files\Java\jdk1.8.0_45\jre\bin;C:\Program Files\TortoiseSVN\bin;C:\cygwin\bin;C:\cygwin\bin;;c:\program files (x86)\jetbrains\intellij idea 12.1.7\jre\jre\bin
USERNAME=Administrator
OS=Windows_NT
PROCESSOR_IDENTIFIER=Intel64 Family 6 Model 58 Stepping 9, GenuineIntel



---------------  S Y S T E M  ---------------

OS: Windows 7 , 64 bit Build 7601 (6.1.7601.17965)

CPU:total 2 (2 cores per cpu, 1 threads per core) family 6 model 58 stepping 9, cmov, cx8, fxsr, mmx, sse, sse2, sse3, ssse3, sse4.1, sse4.2, popcnt, clmul, erms, tsc, tscinvbit, tscinv

Memory: 4k page, physical 8333864k(5212888k free), swap 25109228k(21094832k free)

vm_info: Java HotSpot(TM) 64-Bit Server VM (25.45-b02) for windows-amd64 JRE (1.8.0_45-b14), built on Apr 10 2015 10:34:15 by "java_re" with MS VC++ 10.0 (VS2010)

time: Tue Jan 26 18:43:32 2016
elapsed time: 4 seconds (0d 0h 0m 4s)

