#
# A fatal error has been detected by the Java Runtime Environment:
#
#  EXCEPTION_ACCESS_VIOLATION (0xc0000005) at pc=0x000000006682dd80, pid=3724, tid=4524
#
# JRE version: Java(TM) SE Runtime Environment (8.0_45-b14) (build 1.8.0_45-b14)
# Java VM: Java HotSpot(TM) 64-Bit Server VM (25.45-b02 mixed mode windows-amd64 compressed oops)
# Problematic frame:
# V  [jvm.dll+0xadd80]
#
# Failed to write core dump. Minidumps are not enabled by default on client versions of Windows
#
# If you would like to submit a bug report, please visit:
#   http://bugreport.java.com/bugreport/crash.jsp
#

---------------  T H R E A D  ---------------

Current thread (0x0000000002403800):  GCTaskThread [stack: 0x00000000121f0000,0x00000000122f0000] [id=4524]

siginfo: ExceptionCode=0xc0000005, reading address 0x00000000d3a2e430

Registers:
RAX=0x0000000000000001, RBX=0x00000000f903c490, RCX=0x00000000f903c490, RDX=0x00000000d3a2e428
RSP=0x00000000122ef938, RBP=0x0000000000000000, RSI=0x000000005710a680, RDI=0x000000005710a680
R8 =0x000000005710a680, R9 =0x0000000000000001, R10=0x000000000000000c, R11=0x000000000000000c
R12=0x0000000066d942f0, R13=0x0000000000000005, R14=0x0000000000000000, R15=0x00000000024040e0
RIP=0x000000006682dd80, EFLAGS=0x0000000000010206

Top of Stack: (sp=0x00000000122ef938)
0x00000000122ef938:   0000000066b783a2 00000000f90417d0
0x00000000122ef948:   000000005710a680 000000005710a680
0x00000000122ef958:   0000000066dc64a8 00000000ff38c020
0x00000000122ef968:   0000000000001000 0000000000000009
0x00000000122ef978:   0000000000000003 0000000000000000
0x00000000122ef988:   00000000023fc900 0000000066d942f0
0x00000000122ef998:   0000000066b78710 00000000ff2c79ec
0x00000000122ef9a8:   0000000000000000 000000005710a680
0x00000000122ef9b8:   000000005710a680 00000000ff2c79ec
0x00000000122ef9c8:   0000000066b792b5 00000000f7c61880
0x00000000122ef9d8:   0000000000000000 000000005710a680
0x00000000122ef9e8:   0000000011b39b01 000000005710a680
0x00000000122ef9f8:   0000000000000c00 0000000000000000
0x00000000122efa08:   0000000000000000 0000000002404000
0x00000000122efa18:   00000000024ee800 0000000066d94201
0x00000000122efa28:   0000000066992f01 000059ea93b7372e 

Instructions: (pc=0x000000006682dd80)
0x000000006682dd60:   3c 95 1d 00 48 8b 9c 24 d0 00 00 00 48 81 c4 c0
0x000000006682dd70:   00 00 00 5d c3 cc cc cc cc cc cc cc cc cc cc cc
0x000000006682dd80:   44 8b 42 08 4c 8b ca 45 85 c0 7e 0e 41 f6 c0 01
0x000000006682dd90:   75 57 41 c1 f8 03 41 8b c0 c3 79 4d 80 3d 3e bf 


Register to memory mapping:

RAX=0x0000000000000001 is an unknown value
RBX=0x00000000f903c490 is an unknown value
RCX=0x00000000f903c490 is an unknown value
RDX=0x00000000d3a2e428 is an unallocated location in the heap
RSP=0x00000000122ef938 is an unknown value
RBP=0x0000000000000000 is an unknown value
RSI=0x000000005710a680 is an unknown value
RDI=0x000000005710a680 is an unknown value
R8 =0x000000005710a680 is an unknown value
R9 =0x0000000000000001 is an unknown value
R10=0x000000000000000c is an unknown value
R11=0x000000000000000c is an unknown value
R12=0x0000000066d942f0 is an unknown value
R13=0x0000000000000005 is an unknown value
R14=0x0000000000000000 is an unknown value
R15=0x00000000024040e0 is an unknown value


Stack: [0x00000000121f0000,0x00000000122f0000],  sp=0x00000000122ef938,  free space=1022k
Native frames: (J=compiled Java code, j=interpreted, Vv=VM code, C=native code)


---------------  P R O C E S S  ---------------

Java Threads: ( => current thread )
  0x000000005c638800 JavaThread "resolver-5" daemon [_thread_blocked, id=5220, stack(0x000000005db00000,0x000000005dc00000)]
  0x000000005948b800 JavaThread "resolver-4" daemon [_thread_blocked, id=5584, stack(0x000000005d990000,0x000000005da90000)]
  0x000000005a0d5800 JavaThread "resolver-3" daemon [_thread_blocked, id=3720, stack(0x000000005d7e0000,0x000000005d8e0000)]
  0x0000000059641000 JavaThread "resolver-2" daemon [_thread_blocked, id=5124, stack(0x000000005d670000,0x000000005d770000)]
  0x00000000597f0800 JavaThread "resolver-1" daemon [_thread_blocked, id=2888, stack(0x000000005c4a0000,0x000000005c5a0000)]
  0x0000000058638000 JavaThread "Monitor Ctrl-Break" daemon [_thread_in_native, id=4936, stack(0x0000000058f00000,0x0000000059000000)]
  0x00000000585b2800 JavaThread "Service Thread" daemon [_thread_blocked, id=5596, stack(0x0000000058ac0000,0x0000000058bc0000)]
  0x000000005719c000 JavaThread "C1 CompilerThread1" daemon [_thread_blocked, id=1548, stack(0x0000000058490000,0x0000000058590000)]
  0x000000005718c800 JavaThread "C2 CompilerThread0" daemon [_thread_blocked, id=5188, stack(0x0000000058320000,0x0000000058420000)]
  0x000000005718b000 JavaThread "Attach Listener" daemon [_thread_blocked, id=2320, stack(0x0000000057b20000,0x0000000057c20000)]
  0x0000000057173800 JavaThread "Signal Dispatcher" daemon [_thread_blocked, id=784, stack(0x00000000580a0000,0x00000000581a0000)]
  0x000000005711e800 JavaThread "Finalizer" daemon [_thread_blocked, id=5708, stack(0x0000000057f60000,0x0000000058060000)]
  0x0000000057112800 JavaThread "Reference Handler" daemon [_thread_blocked, id=172, stack(0x0000000057dd0000,0x0000000057ed0000)]
  0x00000000024ee800 JavaThread "main" [_thread_blocked, id=5320, stack(0x0000000002670000,0x0000000002770000)]

Other Threads:
  0x000000005710c800 VMThread [stack: 0x0000000057c40000,0x0000000057d40000] [id=2068]
  0x00000000585b8800 WatcherThread [stack: 0x0000000058c80000,0x0000000058d80000] [id=3728]

=>0x0000000002403800 (exited) GCTaskThread [stack: 0x00000000121f0000,0x00000000122f0000] [id=4524]

VM state:at safepoint (normal execution)

VM Mutex/Monitor currently owned by a thread:  ([mutex/lock_event])
[0x00000000024ec3c0] Threads_lock - owner thread: 0x000000005710c800
[0x00000000024ec8c0] Heap_lock - owner thread: 0x00000000024ee800

Heap:
 PSYoungGen      total 673280K, used 673248K [0x00000000d5980000, 0x00000000fff00000, 0x0000000100000000)
  eden space 668160K, 100% used [0x00000000d5980000,0x00000000fe600000,0x00000000fe600000)
  from space 5120K, 99% used [0x00000000fe600000,0x00000000feaf8010,0x00000000feb00000)
  to   space 12800K, 16% used [0x00000000ff280000,0x00000000ff498030,0x00000000fff00000)
 ParOldGen       total 87552K, used 26786K [0x0000000080c00000, 0x0000000086180000, 0x00000000d5980000)
  object space 87552K, 30% used [0x0000000080c00000,0x0000000082628be8,0x0000000086180000)
 Metaspace       used 19356K, capacity 20032K, committed 20352K, reserved 1067008K
  class space    used 2207K, capacity 2387K, committed 2432K, reserved 1048576K

Card table byte_map: [0x0000000011b30000,0x0000000011f30000] byte_map_base: 0x000000001172a000

Marking Bits: (ParMarkBitMap*) 0x0000000066f84040
 Begin Bits: [0x0000000012440000, 0x0000000014410000)
 End Bits:   [0x0000000014410000, 0x00000000163e0000)

Polling page: 0x0000000000330000

CodeCache: size=245760Kb used=15269Kb max_used=15281Kb free=230490Kb
 bounds [0x0000000002770000, 0x0000000003680000, 0x0000000011770000]
 total_blobs=4536 nmethods=4196 adapters=253
 compilation: enabled

Compilation events (10 events):
Event: 16.373 Thread 0x000000005718c800 4967       4       org.codehaus.plexus.archiver.zip.AbstractZipArchiver::zipFile (334 bytes)
Event: 16.395 Thread 0x000000005718c800 nmethod 4967 0x00000000036511d0 code [0x0000000003651420, 0x0000000003652610]
Event: 16.395 Thread 0x000000005718c800 4968   !   4       org.codehaus.plexus.archiver.zip.AbstractZipArchiver::zipFile (91 bytes)
Event: 16.412 Thread 0x000000005719c000 4969  s    3       java.util.Hashtable::contains (66 bytes)
Event: 16.413 Thread 0x000000005719c000 nmethod 4969 0x0000000002dfe0d0 code [0x0000000002dfe280, 0x0000000002dfe8f8]
Event: 16.422 Thread 0x000000005718c800 nmethod 4968 0x000000000366ae50 code [0x000000000366b060, 0x000000000366c630]
Event: 16.433 Thread 0x000000005719c000 4970       3       org.codehaus.plexus.archiver.zip.AbstractZipArchiver::addParentDirs (210 bytes)
Event: 16.435 Thread 0x000000005718c800 4971  s    4       java.util.Hashtable::contains (66 bytes)
Event: 16.435 Thread 0x000000005719c000 nmethod 4970 0x000000000366e5d0 code [0x000000000366e9e0, 0x0000000003671d78]
Event: 16.440 Thread 0x000000005718c800 nmethod 4971 0x0000000002ea6510 code [0x0000000002ea6660, 0x0000000002ea6b38]

GC Heap History (10 events):
Event: 6.100 GC heap after
Heap after GC invocations=9 (full 0):
 PSYoungGen      total 279040K, used 5472K [0x00000000d5980000, 0x00000000f1280000, 0x0000000100000000)
  eden space 266240K, 0% used [0x00000000d5980000,0x00000000d5980000,0x00000000e5d80000)
  from space 12800K, 42% used [0x00000000e5d80000,0x00000000e62d8000,0x00000000e6a00000)
  to   space 12800K, 0% used [0x00000000f0600000,0x00000000f0600000,0x00000000f1280000)
 ParOldGen       total 87552K, used 19502K [0x0000000080c00000, 0x0000000086180000, 0x00000000d5980000)
  object space 87552K, 22% used [0x0000000080c00000,0x0000000081f0bbb8,0x0000000086180000)
 Metaspace       used 18767K, capacity 19394K, committed 19584K, reserved 1067008K
  class space    used 2170K, capacity 2350K, committed 2432K, reserved 1048576K
}
Event: 6.885 GC heap before
{Heap before GC invocations=10 (full 0):
 PSYoungGen      total 279040K, used 271712K [0x00000000d5980000, 0x00000000f1280000, 0x0000000100000000)
  eden space 266240K, 100% used [0x00000000d5980000,0x00000000e5d80000,0x00000000e5d80000)
  from space 12800K, 42% used [0x00000000e5d80000,0x00000000e62d8000,0x00000000e6a00000)
  to   space 12800K, 0% used [0x00000000f0600000,0x00000000f0600000,0x00000000f1280000)
 ParOldGen       total 87552K, used 19502K [0x0000000080c00000, 0x0000000086180000, 0x00000000d5980000)
  object space 87552K, 22% used [0x0000000080c00000,0x0000000081f0bbb8,0x0000000086180000)
 Metaspace       used 18905K, capacity 19534K, committed 19840K, reserved 1067008K
  class space    used 2180K, capacity 2352K, committed 2432K, reserved 1048576K
Event: 6.931 GC heap after
Heap after GC invocations=10 (full 0):
 PSYoungGen      total 438272K, used 2368K [0x00000000d5980000, 0x00000000f1380000, 0x0000000100000000)
  eden space 425472K, 0% used [0x00000000d5980000,0x00000000d5980000,0x00000000ef900000)
  from space 12800K, 18% used [0x00000000f0600000,0x00000000f0850000,0x00000000f1280000)
  to   space 13312K, 0% used [0x00000000ef900000,0x00000000ef900000,0x00000000f0600000)
 ParOldGen       total 87552K, used 22742K [0x0000000080c00000, 0x0000000086180000, 0x00000000d5980000)
  object space 87552K, 25% used [0x0000000080c00000,0x0000000082235bd8,0x0000000086180000)
 Metaspace       used 18905K, capacity 19534K, committed 19840K, reserved 1067008K
  class space    used 2180K, capacity 2352K, committed 2432K, reserved 1048576K
}
Event: 8.334 GC heap before
{Heap before GC invocations=11 (full 0):
 PSYoungGen      total 438272K, used 427840K [0x00000000d5980000, 0x00000000f1380000, 0x0000000100000000)
  eden space 425472K, 100% used [0x00000000d5980000,0x00000000ef900000,0x00000000ef900000)
  from space 12800K, 18% used [0x00000000f0600000,0x00000000f0850000,0x00000000f1280000)
  to   space 13312K, 0% used [0x00000000ef900000,0x00000000ef900000,0x00000000f0600000)
 ParOldGen       total 87552K, used 22742K [0x0000000080c00000, 0x0000000086180000, 0x00000000d5980000)
  object space 87552K, 25% used [0x0000000080c00000,0x0000000082235bd8,0x0000000086180000)
 Metaspace       used 18930K, capacity 19534K, committed 19840K, reserved 1067008K
  class space    used 2180K, capacity 2352K, committed 2432K, reserved 1048576K
Event: 8.350 GC heap after
Heap after GC invocations=11 (full 0):
 PSYoungGen      total 438784K, used 2272K [0x00000000d5980000, 0x0000000100000000, 0x0000000100000000)
  eden space 425472K, 0% used [0x00000000d5980000,0x00000000d5980000,0x00000000ef900000)
  from space 13312K, 17% used [0x00000000ef900000,0x00000000efb38000,0x00000000f0600000)
  to   space 13312K, 0% used [0x00000000ff300000,0x00000000ff300000,0x0000000100000000)
 ParOldGen       total 87552K, used 24334K [0x0000000080c00000, 0x0000000086180000, 0x00000000d5980000)
  object space 87552K, 27% used [0x0000000080c00000,0x00000000823c3bd8,0x0000000086180000)
 Metaspace       used 18930K, capacity 19534K, committed 19840K, reserved 1067008K
  class space    used 2180K, capacity 2352K, committed 2432K, reserved 1048576K
}
Event: 12.945 GC heap before
{Heap before GC invocations=12 (full 0):
 PSYoungGen      total 438784K, used 427744K [0x00000000d5980000, 0x0000000100000000, 0x0000000100000000)
  eden space 425472K, 100% used [0x00000000d5980000,0x00000000ef900000,0x00000000ef900000)
  from space 13312K, 17% used [0x00000000ef900000,0x00000000efb38000,0x00000000f0600000)
  to   space 13312K, 0% used [0x00000000ff300000,0x00000000ff300000,0x0000000100000000)
 ParOldGen       total 87552K, used 24334K [0x0000000080c00000, 0x0000000086180000, 0x00000000d5980000)
  object space 87552K, 27% used [0x0000000080c00000,0x00000000823c3bd8,0x0000000086180000)
 Metaspace       used 19052K, capacity 19738K, committed 20096K, reserved 1067008K
  class space    used 2191K, capacity 2354K, committed 2432K, reserved 1048576K
Event: 12.954 GC heap after
Heap after GC invocations=12 (full 0):
 PSYoungGen      total 681472K, used 3784K [0x00000000d5980000, 0x0000000100000000, 0x0000000100000000)
  eden space 668160K, 0% used [0x00000000d5980000,0x00000000d5980000,0x00000000fe600000)
  from space 13312K, 28% used [0x00000000ff300000,0x00000000ff6b2080,0x0000000100000000)
  to   space 13312K, 0% used [0x00000000fe600000,0x00000000fe600000,0x00000000ff300000)
 ParOldGen       total 87552K, used 25834K [0x0000000080c00000, 0x0000000086180000, 0x00000000d5980000)
  object space 87552K, 29% used [0x0000000080c00000,0x000000008253abe8,0x0000000086180000)
 Metaspace       used 19052K, capacity 19738K, committed 20096K, reserved 1067008K
  class space    used 2191K, capacity 2354K, committed 2432K, reserved 1048576K
}
Event: 13.980 GC heap before
{Heap before GC invocations=13 (full 0):
 PSYoungGen      total 681472K, used 671944K [0x00000000d5980000, 0x0000000100000000, 0x0000000100000000)
  eden space 668160K, 100% used [0x00000000d5980000,0x00000000fe600000,0x00000000fe600000)
  from space 13312K, 28% used [0x00000000ff300000,0x00000000ff6b2080,0x0000000100000000)
  to   space 13312K, 0% used [0x00000000fe600000,0x00000000fe600000,0x00000000ff300000)
 ParOldGen       total 87552K, used 25834K [0x0000000080c00000, 0x0000000086180000, 0x00000000d5980000)
  object space 87552K, 29% used [0x0000000080c00000,0x000000008253abe8,0x0000000086180000)
 Metaspace       used 19175K, capacity 19834K, committed 20096K, reserved 1067008K
  class space    used 2199K, capacity 2386K, committed 2432K, reserved 1048576K
Event: 13.991 GC heap after
Heap after GC invocations=13 (full 0):
 PSYoungGen      total 673280K, used 5088K [0x00000000d5980000, 0x00000000fff00000, 0x0000000100000000)
  eden space 668160K, 0% used [0x00000000d5980000,0x00000000d5980000,0x00000000fe600000)
  from space 5120K, 99% used [0x00000000fe600000,0x00000000feaf8010,0x00000000feb00000)
  to   space 12800K, 0% used [0x00000000ff280000,0x00000000ff280000,0x00000000fff00000)
 ParOldGen       total 87552K, used 26762K [0x0000000080c00000, 0x0000000086180000, 0x00000000d5980000)
  object space 87552K, 30% used [0x0000000080c00000,0x0000000082622be8,0x0000000086180000)
 Metaspace       used 19175K, capacity 19834K, committed 20096K, reserved 1067008K
  class space    used 2199K, capacity 2386K, committed 2432K, reserved 1048576K
}
Event: 16.474 GC heap before
{Heap before GC invocations=14 (full 0):
 PSYoungGen      total 673280K, used 673248K [0x00000000d5980000, 0x00000000fff00000, 0x0000000100000000)
  eden space 668160K, 100% used [0x00000000d5980000,0x00000000fe600000,0x00000000fe600000)
  from space 5120K, 99% used [0x00000000fe600000,0x00000000feaf8010,0x00000000feb00000)
  to   space 12800K, 0% used [0x00000000ff280000,0x00000000ff280000,0x00000000fff00000)
 ParOldGen       total 87552K, used 26762K [0x0000000080c00000, 0x0000000086180000, 0x00000000d5980000)
  object space 87552K, 30% used [0x0000000080c00000,0x0000000082622be8,0x0000000086180000)
 Metaspace       used 19356K, capacity 20032K, committed 20352K, reserved 1067008K
  class space    used 2207K, capacity 2387K, committed 2432K, reserved 1048576K

Deoptimization events (10 events):
Event: 14.266 Thread 0x00000000024ee800 Uncommon trap: reason=class_check action=maybe_recompile pc=0x00000000029cef34 method=org.codehaus.plexus.archiver.AbstractArchiver.asArchiveEntry(Lorg/codehaus/plexus/components/io/resources/PlexusIoResource;Ljava/lang/String;I)Lorg/codehaus/plexus/archivù
¢Ú°à,@
Event: 14.267 Thread 0x00000000024ee800 Uncommon trap: reason=class_check action=maybe_recompile pc=0x0000000002f0f428 method=java.util.Hashtable.addEntry(ILjava/lang/Object;Ljava/lang/Object;I)V @ 38
Event: 14.267 Thread 0x00000000024ee800 Uncommon trap: reason=class_check action=maybe_recompile pc=0x0000000002c6218c method=org.codehaus.plexus.archiver.ArchiveEntry.createFileEntry(Ljava/lang/String;Lorg/codehaus/plexus/components/io/resources/PlexusIoResource;I)Lorg/codehaus/plexus/archiver/$êè§~â,@
Event: 14.269 Thread 0x00000000024ee800 Uncommon trap: reason=class_check action=maybe_recompile pc=0x0000000002c6218c method=org.codehaus.plexus.archiver.ArchiveEntry.createFileEntry(Ljava/lang/String;Lorg/codehaus/plexus/components/io/resources/PlexusIoResource;I)Lorg/codehaus/plexus/archiver/≤¢&Æä,@
Event: 14.271 Thread 0x00000000024ee800 Uncommon trap: reason=class_check action=maybe_recompile pc=0x0000000002c6218c method=org.codehaus.plexus.archiver.ArchiveEntry.createFileEntry(Ljava/lang/String;Lorg/codehaus/plexus/components/io/resources/PlexusIoResource;I)Lorg/codehaus/plexus/archiver/≠Bö’“ä,@
Event: 14.271 Thread 0x00000000024ee800 Uncommon trap: reason=class_check action=maybe_recompile pc=0x0000000002f0f428 method=java.util.Hashtable.addEntry(ILjava/lang/Object;Ljava/lang/Object;I)V @ 38
Event: 14.272 Thread 0x00000000024ee800 Uncommon trap: reason=class_check action=maybe_recompile pc=0x0000000002c6218c method=org.codehaus.plexus.archiver.ArchiveEntry.createFileEntry(Ljava/lang/String;Lorg/codehaus/plexus/components/io/resources/PlexusIoResource;I)Lorg/codehaus/plexus/archiver/gåSŸ;ê,@
Event: 14.282 Thread 0x00000000024ee800 Uncommon trap: reason=class_check action=maybe_recompile pc=0x0000000002f0f428 method=java.util.Hashtable.addEntry(ILjava/lang/Object;Ljava/lang/Object;I)V @ 38
Event: 16.412 Thread 0x00000000024ee800 Uncommon trap: reason=unstable_if action=reinterpret pc=0x000000000364a798 method=java.util.Hashtable.contains(Ljava/lang/Object;)Z @ 24
Event: 16.412 Thread 0x00000000024ee800 Uncommon trap: reason=unstable_if action=reinterpret pc=0x00000000029b0d94 method=java.util.Hashtable.contains(Ljava/lang/Object;)Z @ 24

Internal exceptions (10 events):
Event: 0.649 Thread 0x00000000024ee800 Exception <a 'java/lang/ArrayIndexOutOfBoundsException'> (0x00000000d5aa0e70) thrown at [C:\re\workspace\8-2-build-windows-amd64-cygwin\jdk8u45\3457\hotspot\src\share\vm\runtime\sharedRuntime.cpp, line 605]
Event: 1.367 Thread 0x00000000024ee800 Implicit null exception at 0x0000000002aeaac5 to 0x0000000002aeac91
Event: 1.367 Thread 0x00000000024ee800 Implicit null exception at 0x0000000002ab962f to 0x0000000002ab9695
Event: 1.444 Thread 0x00000000024ee800 Implicit null exception at 0x0000000002cc070d to 0x0000000002cc18bd
Event: 4.382 Thread 0x00000000024ee800 Implicit null exception at 0x000000000324719f to 0x00000000032473e1
Event: 4.875 Thread 0x00000000024ee800 Implicit null exception at 0x000000000332da59 to 0x000000000332ed09
Event: 8.357 Thread 0x00000000024ee800 Implicit null exception at 0x00000000029b870b to 0x00000000029bc18f
Event: 10.820 Thread 0x00000000024ee800 Implicit null exception at 0x00000000032bfbe0 to 0x00000000032c3641
Event: 11.958 Thread 0x00000000024ee800 Implicit null exception at 0x0000000002d819e7 to 0x0000000002d82f7a
Event: 14.265 Thread 0x00000000024ee800 Implicit null exception at 0x0000000002e79a06 to 0x0000000002e7a751

Events (10 events):
Event: 16.412 Thread 0x00000000024ee800 Uncommon trap: trap_request=0xffffff65 fr.pc=0x00000000029b0d94
Event: 16.412 Thread 0x00000000024ee800 DEOPT PACKING pc=0x00000000029b0d94 sp=0x000000000276d7d0
Event: 16.412 Thread 0x00000000024ee800 DEOPT UNPACKING pc=0x00000000027b582a sp=0x000000000276d790 mode 2
Event: 16.428 Thread 0x00000000024ee800 DEOPT PACKING pc=0x0000000002dfe770 sp=0x000000000276d7d0
Event: 16.428 Thread 0x00000000024ee800 DEOPT UNPACKING pc=0x00000000027b747f sp=0x000000000276d508 mode 0
Event: 16.436 Thread 0x00000000024ee800 DEOPT PACKING pc=0x0000000002dfe770 sp=0x000000000276d7d0
Event: 16.436 Thread 0x00000000024ee800 DEOPT UNPACKING pc=0x00000000027b747f sp=0x000000000276d508 mode 0
Event: 16.438 Thread 0x00000000024ee800 DEOPT PACKING pc=0x0000000002dfe770 sp=0x000000000276d6c0
Event: 16.438 Thread 0x00000000024ee800 DEOPT UNPACKING pc=0x00000000027b747f sp=0x000000000276d3e8 mode 0
Event: 16.474 Executing VM operation: ParallelGCFailedAllocation


Dynamic libraries:
0x000000013fa00000 - 0x000000013fa37000 	C:\Program Files\Java\jdk1.8.0_45\bin\java.exe
0x0000000077150000 - 0x00000000772f9000 	C:\windows\SYSTEM32\ntdll.dll
0x0000000076bc0000 - 0x0000000076cdf000 	C:\windows\system32\kernel32.dll
0x000007fefd8f0000 - 0x000007fefd95c000 	C:\windows\system32\KERNELBASE.dll
0x000007fefeab0000 - 0x000007fefeb8b000 	C:\windows\system32\ADVAPI32.dll
0x000007feff2c0000 - 0x000007feff35f000 	C:\windows\system32\msvcrt.dll
0x000007feff440000 - 0x000007feff45f000 	C:\windows\SYSTEM32\sechost.dll
0x000007fefeed0000 - 0x000007fefeffd000 	C:\windows\system32\RPCRT4.dll
0x0000000076e40000 - 0x0000000076f3a000 	C:\windows\system32\USER32.dll
0x000007fefed80000 - 0x000007fefede7000 	C:\windows\system32\GDI32.dll
0x000007feff360000 - 0x000007feff36e000 	C:\windows\system32\LPK.dll
0x000007feff370000 - 0x000007feff439000 	C:\windows\system32\USP10.dll
0x000007fefd100000 - 0x000007fefd2f4000 	C:\windows\WinSxS\amd64_microsoft.windows.common-controls_6595b64144ccf1df_6.0.7601.17514_none_fa396087175ac9ac\COMCTL32.dll
0x000007fefeb90000 - 0x000007fefec01000 	C:\windows\system32\SHLWAPI.dll
0x000007fefdcd0000 - 0x000007fefdcfe000 	C:\windows\system32\IMM32.DLL
0x000007fefec70000 - 0x000007fefed79000 	C:\windows\system32\MSCTF.dll
0x0000000067010000 - 0x00000000670e2000 	C:\Program Files\Java\jdk1.8.0_45\jre\bin\msvcr100.dll
0x0000000066780000 - 0x0000000067003000 	C:\Program Files\Java\jdk1.8.0_45\jre\bin\server\jvm.dll
0x000007fefb8a0000 - 0x000007fefb8a9000 	C:\windows\system32\WSOCK32.dll
0x000007fefdc80000 - 0x000007fefdccd000 	C:\windows\system32\WS2_32.dll
0x000007feff000000 - 0x000007feff008000 	C:\windows\system32\NSI.dll
0x000007fefadc0000 - 0x000007fefadfb000 	C:\windows\system32\WINMM.dll
0x000007fefc0d0000 - 0x000007fefc0dc000 	C:\windows\system32\VERSION.dll
0x0000000077320000 - 0x0000000077327000 	C:\windows\system32\PSAPI.DLL
0x0000000071990000 - 0x000000007199f000 	C:\Program Files\Java\jdk1.8.0_45\jre\bin\verify.dll
0x0000000071950000 - 0x0000000071979000 	C:\Program Files\Java\jdk1.8.0_45\jre\bin\java.dll
0x00000000717b0000 - 0x00000000717c6000 	C:\Program Files\Java\jdk1.8.0_45\jre\bin\zip.dll
0x000007fefdd20000 - 0x000007fefeaa8000 	C:\windows\system32\SHELL32.dll
0x000007feff010000 - 0x000007feff213000 	C:\windows\system32\ole32.dll
0x000007fefd5b0000 - 0x000007fefd5bf000 	C:\windows\system32\profapi.dll
0x000007fefaf50000 - 0x000007fefaf60000 	C:\Program Files (x86)\JetBrains\IntelliJ IDEA 12.1.7\bin\breakgen64.dll
0x0000000071790000 - 0x00000000717aa000 	C:\Program Files\Java\jdk1.8.0_45\jre\bin\net.dll
0x000007fefcb20000 - 0x000007fefcb75000 	C:\windows\system32\mswsock.dll
0x000007fefcb10000 - 0x000007fefcb17000 	C:\windows\System32\wship6.dll
0x0000000071420000 - 0x0000000071431000 	C:\Program Files\Java\jdk1.8.0_45\jre\bin\nio.dll
0x000007fefd480000 - 0x000007fefd4d7000 	C:\windows\system32\apphelp.dll
0x000007fef0c70000 - 0x000007fef0d95000 	C:\windows\system32\dbghelp.dll

VM Arguments:
jvm_args: -Dmaven.home=F:\apache-maven-3.2.3 -Dclassworlds.conf=F:\apache-maven-3.2.3\bin\m2.conf -Didea.launcher.port=7533 -Didea.launcher.bin.path=C:\Program Files (x86)\JetBrains\IntelliJ IDEA 12.1.7\bin -Dfile.encoding=UTF-8 
java_command: com.intellij.rt.execution.application.AppMain org.codehaus.classworlds.Launcher --fail-fast --strict-checksums deploy
java_class_path (initial): F:\apache-maven-3.2.3\boot\plexus-classworlds-2.5.1.jar;C:\Program Files (x86)\JetBrains\IntelliJ IDEA 12.1.7\lib\idea_rt.jar
Launcher Type: SUN_STANDARD

Environment Variables:
JAVA_HOME=C:\Program Files\Java\jdk1.8.0_45
CLASSPATH=C:\Program Files\Java\jdk1.8.0_45\lib\dt.jar;C:\Program Files\Java\jdk1.8.0_45\lib\tools.jar;
PATH=C:\Program Files (x86)\JetBrains\IntelliJ IDEA 12.1.7\bin\..\.\bin;C:\ProgramData\Oracle\Java\javapath;C:\Program Files (x86)\Common Files\NetSarang;C:\windows\system32;C:\windows;C:\windows\System32\Wbem;C:\windows\System32\WindowsPowerShell\v1.0\;C:\Program Files\Java\jdk1.8.0_45\bin;C:\Program Files\Java\jdk1.8.0_45\jre\bin;C:\Program Files\TortoiseSVN\bin;C:\cygwin\bin;C:\cygwin\bin;;c:\program files (x86)\jetbrains\intellij idea 12.1.7\jre\jre\bin
USERNAME=Administrator
OS=Windows_NT
PROCESSOR_IDENTIFIER=Intel64 Family 6 Model 58 Stepping 9, GenuineIntel



---------------  S Y S T E M  ---------------

OS: Windows 7 , 64 bit Build 7601 (6.1.7601.17965)

CPU:total 2 (2 cores per cpu, 1 threads per core) family 6 model 58 stepping 9, cmov, cx8, fxsr, mmx, sse, sse2, sse3, ssse3, sse4.1, sse4.2, popcnt, clmul, erms, tsc, tscinvbit, tscinv

Memory: 4k page, physical 8333864k(3216604k free), swap 25109228k(18427544k free)

vm_info: Java HotSpot(TM) 64-Bit Server VM (25.45-b02) for windows-amd64 JRE (1.8.0_45-b14), built on Apr 10 2015 10:34:15 by "java_re" with MS VC++ 10.0 (VS2010)

time: Thu Jan 28 13:53:18 2016
elapsed time: 16 seconds (0d 0h 0m 16s)

