#
# A fatal error has been detected by the Java Runtime Environment:
#
#  EXCEPTION_ACCESS_VIOLATION (0xc0000005) at pc=0x000000005e6a7080, pid=572, tid=5080
#
# JRE version: Java(TM) SE Runtime Environment (8.0_45-b14) (build 1.8.0_45-b14)
# Java VM: Java HotSpot(TM) 64-Bit Server VM (25.45-b02 mixed mode windows-amd64 compressed oops)
# Problematic frame:
# V  [jvm.dll+0x477080]
#
# Failed to write core dump. Minidumps are not enabled by default on client versions of Windows
#
# If you would like to submit a bug report, please visit:
#   http://bugreport.java.com/bugreport/crash.jsp
#

---------------  T H R E A D  ---------------

Current thread (0x000000005722c000):  JavaThread "C2 CompilerThread0" daemon [_thread_in_native, id=5080, stack(0x0000000058010000,0x0000000058110000)]

siginfo: ExceptionCode=0xc0000005, reading address 0x000000001c15dac8

Registers:
RAX=0x00000000000044f5, RBX=0x0000000000000000, RCX=0x0000000000000000, RDX=0x000000001c15dac0
RSP=0x000000005810bc80, RBP=0x000000005c15dcf0, RSI=0x0000000000000000, RDI=0x0000000000000000
R8 =0x000000005c15dac0, R9 =0x000000005c15dd90, R10=0x0000000000000003, R11=0x000000005c15dcf0
R12=0x000000005c150050, R13=0x000000005af6e710, R14=0x000000005a7c87a8, R15=0x0000000000000018
RIP=0x000000005e6a7080, EFLAGS=0x0000000000010246

Top of Stack: (sp=0x000000005810bc80)
0x000000005810bc80:   00000000000000a8 0000000000000000
0x000000005810bc90:   0000000000000015 000000005af6e710
0x000000005810bca0:   00000000000002c1 000000005af599d0
0x000000005810bcb0:   00000000003df0c8 000000005af6e6f0
0x000000005810bcc0:   000000005af6e710 000000005af6e6f0
0x000000005810bcd0:   00000000571b32f0 000000005e898538
0x000000005810bce0:   00000000571b32f0 0000000000000400
0x000000005810bcf0:   0000000059d0f1e0 0000000000000001
0x000000005810bd00:   0000000000000001 00000000571b32f0
0x000000005810bd10:   0000000000000000 0000000059348a90
0x000000005810bd20:   00000000571b32f0 000000005810c170
0x000000005810bd30:   0000000000000000 000000005810be50
0x000000005810bd40:   000000005810c190 000000005e6e955f
0x000000005810bd50:   000000005810c170 0000000000000bc8
0x000000005810bd60:   000000005c150050 000000005c15dcf0
0x000000005810bd70:   0000000059348ae0 0000000059350a78 

Instructions: (pc=0x000000005e6a7080)
0x000000005e6a7060:   50 18 49 8b 41 20 49 89 40 20 49 8b 40 20 49 8b
0x000000005e6a7070:   48 18 48 8b 50 18 8b 41 08 39 42 08 48 0f 43 d1
0x000000005e6a7080:   8b 42 08 3b 45 08 73 03 89 45 08 ff c7 48 83 c3
0x000000005e6a7090:   08 41 3b 7e 18 0f 82 55 ff ff ff 8b 45 08 4d 8b 


Register to memory mapping:

RAX=0x00000000000044f5 is an unknown value
RBX=0x0000000000000000 is an unknown value
RCX=0x0000000000000000 is an unknown value
RDX=0x000000001c15dac0 is an unknown value
RSP=0x000000005810bc80 is pointing into the stack for thread: 0x000000005722c000
RBP=0x000000005c15dcf0 is an unknown value
RSI=0x0000000000000000 is an unknown value
RDI=0x0000000000000000 is an unknown value
R8 =0x000000005c15dac0 is an unknown value
R9 =0x000000005c15dd90 is an unknown value
R10=0x0000000000000003 is an unknown value
R11=0x000000005c15dcf0 is an unknown value
R12=0x000000005c150050 is an unknown value
R13=0x000000005af6e710 is an unknown value
R14=0x000000005a7c87a8 is an unknown value
R15=0x0000000000000018 is an unknown value


Stack: [0x0000000058010000,0x0000000058110000],  sp=0x000000005810bc80,  free space=1007k
Native frames: (J=compiled Java code, j=interpreted, Vv=VM code, C=native code)
V  [jvm.dll+0x477080]
V  [jvm.dll+0x4b955f]
V  [jvm.dll+0x46bf81]
V  [jvm.dll+0x46ccbe]
V  [jvm.dll+0x4500f2]
V  [jvm.dll+0xa4352]
V  [jvm.dll+0xa4c8f]
V  [jvm.dll+0x241984]
V  [jvm.dll+0x29853a]
C  [msvcr100.dll+0x21d9f]
C  [msvcr100.dll+0x21e3b]
C  [kernel32.dll+0x1652d]
C  [ntdll.dll+0x2c521]


Current CompileTask:
C2:   4874 3704       4       org.apache.maven.model.inheritance.DefaultInheritanceAssembler$InheritanceModelMerger::mergePluginContainer_Plugins (430 bytes)


---------------  P R O C E S S  ---------------

Java Threads: ( => current thread )
  0x00000000584e8000 JavaThread "Monitor Ctrl-Break" daemon [_thread_in_native, id=2684, stack(0x0000000058cd0000,0x0000000058dd0000)]
  0x000000005727f000 JavaThread "Service Thread" daemon [_thread_blocked, id=3124, stack(0x00000000588a0000,0x00000000589a0000)]
  0x000000005727e800 JavaThread "C1 CompilerThread1" daemon [_thread_blocked, id=3292, stack(0x0000000058220000,0x0000000058320000)]
=>0x000000005722c000 JavaThread "C2 CompilerThread0" daemon [_thread_in_native, id=5080, stack(0x0000000058010000,0x0000000058110000)]
  0x000000005722b000 JavaThread "Attach Listener" daemon [_thread_blocked, id=2108, stack(0x0000000058340000,0x0000000058440000)]
  0x0000000057211800 JavaThread "Signal Dispatcher" daemon [_thread_blocked, id=1956, stack(0x0000000058110000,0x0000000058210000)]
  0x00000000571bc800 JavaThread "Finalizer" daemon [_thread_blocked, id=4648, stack(0x0000000057ea0000,0x0000000057fa0000)]
  0x00000000571b2000 JavaThread "Reference Handler" daemon [_thread_blocked, id=4484, stack(0x0000000057d70000,0x0000000057e70000)]
  0x000000000234e800 JavaThread "main" [_thread_in_native, id=4640, stack(0x0000000002550000,0x0000000002650000)]

Other Threads:
  0x00000000571ac800 VMThread [stack: 0x0000000057b70000,0x0000000057c70000] [id=3996]
  0x000000005845e800 WatcherThread [stack: 0x0000000058a00000,0x0000000058b00000] [id=3132]

VM state:not at safepoint (normal execution)

VM Mutex/Monitor currently owned by a thread: None

Heap:
 PSYoungGen      total 142848K, used 69786K [0x00000000d5980000, 0x00000000e7580000, 0x0000000100000000)
  eden space 132608K, 44% used [0x00000000d5980000,0x00000000d93a98b8,0x00000000ddb00000)
  from space 10240K, 99% used [0x00000000ddb00000,0x00000000de4fd2c8,0x00000000de500000)
  to   space 12800K, 0% used [0x00000000e6900000,0x00000000e6900000,0x00000000e7580000)
 ParOldGen       total 87552K, used 13576K [0x0000000080c00000, 0x0000000086180000, 0x00000000d5980000)
  object space 87552K, 15% used [0x0000000080c00000,0x0000000081942260,0x0000000086180000)
 Metaspace       used 18652K, capacity 19316K, committed 19584K, reserved 1067008K
  class space    used 2167K, capacity 2347K, committed 2432K, reserved 1048576K

Card table byte_map: [0x0000000011a10000,0x0000000011e10000] byte_map_base: 0x000000001160a000

Marking Bits: (ParMarkBitMap*) 0x000000005ea34040
 Begin Bits: [0x00000000124e0000, 0x00000000144b0000)
 End Bits:   [0x00000000144b0000, 0x0000000016480000)

Polling page: 0x0000000000130000

CodeCache: size=245760Kb used=12109Kb max_used=12109Kb free=233650Kb
 bounds [0x0000000002650000, 0x0000000003230000, 0x0000000011650000]
 total_blobs=4142 nmethods=3803 adapters=252
 compilation: enabled

Compilation events (10 events):
Event: 4.854 Thread 0x000000005727e800 3828       2       org.apache.maven.model.Parent::setArtifactId (6 bytes)
Event: 4.854 Thread 0x000000005727e800 nmethod 3828 0x00000000032207d0 code [0x0000000003220920, 0x0000000003220a90]
Event: 4.854 Thread 0x000000005727e800 3829       2       org.apache.maven.model.Parent::setGroupId (6 bytes)
Event: 4.854 Thread 0x000000005727e800 nmethod 3829 0x0000000003220b10 code [0x0000000003220c60, 0x0000000003220dd0]
Event: 4.856 Thread 0x000000005727e800 3830       2       org.apache.maven.project.ReactorModelCache$CacheKey::<init> (133 bytes)
Event: 4.856 Thread 0x000000005727e800 nmethod 3830 0x0000000003220e50 code [0x0000000003220fe0, 0x00000000032212b8]
Event: 4.858 Thread 0x000000005727e800 3831       2       org.apache.maven.model.io.xpp3.MavenXpp3ReaderEx::parseBuild (1167 bytes)
Event: 4.862 Thread 0x000000005727e800 nmethod 3831 0x0000000003221490 code [0x0000000003221d20, 0x0000000003224fa8]
Event: 4.863 Thread 0x000000005727e800 3832       2       org.eclipse.aether.internal.impl.DefaultUpdatePolicyAnalyzer::getEffectiveUpdatePolicy (19 bytes)
Event: 4.863 Thread 0x000000005727e800 nmethod 3832 0x0000000003227e10 code [0x0000000003227f80, 0x0000000003228138]

GC Heap History (10 events):
Event: 1.716 GC heap before
{Heap before GC invocations=3 (full 0):
 PSYoungGen      total 38400K, used 38375K [0x00000000d5980000, 0x00000000da480000, 0x0000000100000000)
  eden space 33280K, 100% used [0x00000000d5980000,0x00000000d7a00000,0x00000000d7a00000)
  from space 5120K, 99% used [0x00000000d7f00000,0x00000000d83f9c30,0x00000000d8400000)
  to   space 5120K, 0% used [0x00000000d7a00000,0x00000000d7a00000,0x00000000d7f00000)
 ParOldGen       total 87552K, used 2929K [0x0000000080c00000, 0x0000000086180000, 0x00000000d5980000)
  object space 87552K, 3% used [0x0000000080c00000,0x0000000080edc600,0x0000000086180000)
 Metaspace       used 14024K, capacity 14232K, committed 14592K, reserved 1062912K
  class space    used 1699K, capacity 1774K, committed 1792K, reserved 1048576K
Event: 1.735 GC heap after
Heap after GC invocations=3 (full 0):
 PSYoungGen      total 38400K, used 5096K [0x00000000d5980000, 0x00000000da480000, 0x0000000100000000)
  eden space 33280K, 0% used [0x00000000d5980000,0x00000000d5980000,0x00000000d7a00000)
  from space 5120K, 99% used [0x00000000d7a00000,0x00000000d7efa040,0x00000000d7f00000)
  to   space 5120K, 0% used [0x00000000d9f80000,0x00000000d9f80000,0x00000000da480000)
 ParOldGen       total 87552K, used 5008K [0x0000000080c00000, 0x0000000086180000, 0x00000000d5980000)
  object space 87552K, 5% used [0x0000000080c00000,0x00000000810e4218,0x0000000086180000)
 Metaspace       used 14024K, capacity 14232K, committed 14592K, reserved 1062912K
  class space    used 1699K, capacity 1774K, committed 1792K, reserved 1048576K
}
Event: 2.014 GC heap before
{Heap before GC invocations=4 (full 0):
 PSYoungGen      total 38400K, used 38376K [0x00000000d5980000, 0x00000000da480000, 0x0000000100000000)
  eden space 33280K, 100% used [0x00000000d5980000,0x00000000d7a00000,0x00000000d7a00000)
  from space 5120K, 99% used [0x00000000d7a00000,0x00000000d7efa040,0x00000000d7f00000)
  to   space 5120K, 0% used [0x00000000d9f80000,0x00000000d9f80000,0x00000000da480000)
 ParOldGen       total 87552K, used 5008K [0x0000000080c00000, 0x0000000086180000, 0x00000000d5980000)
  object space 87552K, 5% used [0x0000000080c00000,0x00000000810e4218,0x0000000086180000)
 Metaspace       used 14306K, capacity 14594K, committed 14848K, reserved 1062912K
  class space    used 1705K, capacity 1781K, committed 1792K, reserved 1048576K
Event: 2.026 GC heap after
Heap after GC invocations=4 (full 0):
 PSYoungGen      total 71680K, used 5112K [0x00000000d5980000, 0x00000000da480000, 0x0000000100000000)
  eden space 66560K, 0% used [0x00000000d5980000,0x00000000d5980000,0x00000000d9a80000)
  from space 5120K, 99% used [0x00000000d9f80000,0x00000000da47e030,0x00000000da480000)
  to   space 5120K, 0% used [0x00000000d9a80000,0x00000000d9a80000,0x00000000d9f80000)
 ParOldGen       total 87552K, used 6612K [0x0000000080c00000, 0x0000000086180000, 0x00000000d5980000)
  object space 87552K, 7% used [0x0000000080c00000,0x0000000081275228,0x0000000086180000)
 Metaspace       used 14306K, capacity 14594K, committed 14848K, reserved 1062912K
  class space    used 1705K, capacity 1781K, committed 1792K, reserved 1048576K
}
Event: 2.443 GC heap before
{Heap before GC invocations=5 (full 0):
 PSYoungGen      total 71680K, used 71672K [0x00000000d5980000, 0x00000000da480000, 0x0000000100000000)
  eden space 66560K, 100% used [0x00000000d5980000,0x00000000d9a80000,0x00000000d9a80000)
  from space 5120K, 99% used [0x00000000d9f80000,0x00000000da47e030,0x00000000da480000)
  to   space 5120K, 0% used [0x00000000d9a80000,0x00000000d9a80000,0x00000000d9f80000)
 ParOldGen       total 87552K, used 6612K [0x0000000080c00000, 0x0000000086180000, 0x00000000d5980000)
  object space 87552K, 7% used [0x0000000080c00000,0x0000000081275228,0x0000000086180000)
 Metaspace       used 14648K, capacity 14926K, committed 15104K, reserved 1062912K
  class space    used 1706K, capacity 1783K, committed 1792K, reserved 1048576K
Event: 2.521 GC heap after
Heap after GC invocations=5 (full 0):
 PSYoungGen      total 71680K, used 5112K [0x00000000d5980000, 0x00000000dee80000, 0x0000000100000000)
  eden space 66560K, 0% used [0x00000000d5980000,0x00000000d5980000,0x00000000d9a80000)
  from space 5120K, 99% used [0x00000000d9a80000,0x00000000d9f7e030,0x00000000d9f80000)
  to   space 9728K, 0% used [0x00000000de500000,0x00000000de500000,0x00000000dee80000)
 ParOldGen       total 87552K, used 10352K [0x0000000080c00000, 0x0000000086180000, 0x00000000d5980000)
  object space 87552K, 11% used [0x0000000080c00000,0x000000008161c248,0x0000000086180000)
 Metaspace       used 14648K, capacity 14926K, committed 15104K, reserved 1062912K
  class space    used 1706K, capacity 1783K, committed 1792K, reserved 1048576K
}
Event: 3.029 GC heap before
{Heap before GC invocations=6 (full 0):
 PSYoungGen      total 71680K, used 71672K [0x00000000d5980000, 0x00000000dee80000, 0x0000000100000000)
  eden space 66560K, 100% used [0x00000000d5980000,0x00000000d9a80000,0x00000000d9a80000)
  from space 5120K, 99% used [0x00000000d9a80000,0x00000000d9f7e030,0x00000000d9f80000)
  to   space 9728K, 0% used [0x00000000de500000,0x00000000de500000,0x00000000dee80000)
 ParOldGen       total 87552K, used 10352K [0x0000000080c00000, 0x0000000086180000, 0x00000000d5980000)
  object space 87552K, 11% used [0x0000000080c00000,0x000000008161c248,0x0000000086180000)
 Metaspace       used 15477K, capacity 15852K, committed 16000K, reserved 1062912K
  class space    used 1792K, capacity 1920K, committed 1920K, reserved 1048576K
Event: 3.044 GC heap after
Heap after GC invocations=6 (full 0):
 PSYoungGen      total 142336K, used 8504K [0x00000000d5980000, 0x00000000def80000, 0x0000000100000000)
  eden space 132608K, 0% used [0x00000000d5980000,0x00000000d5980000,0x00000000ddb00000)
  from space 9728K, 87% used [0x00000000de500000,0x00000000ded4e050,0x00000000dee80000)
  to   space 10240K, 0% used [0x00000000ddb00000,0x00000000ddb00000,0x00000000de500000)
 ParOldGen       total 87552K, used 10352K [0x0000000080c00000, 0x0000000086180000, 0x00000000d5980000)
  object space 87552K, 11% used [0x0000000080c00000,0x000000008161c248,0x0000000086180000)
 Metaspace       used 15477K, capacity 15852K, committed 16000K, reserved 1062912K
  class space    used 1792K, capacity 1920K, committed 1920K, reserved 1048576K
}
Event: 4.545 GC heap before
{Heap before GC invocations=7 (full 0):
 PSYoungGen      total 142336K, used 141112K [0x00000000d5980000, 0x00000000def80000, 0x0000000100000000)
  eden space 132608K, 100% used [0x00000000d5980000,0x00000000ddb00000,0x00000000ddb00000)
  from space 9728K, 87% used [0x00000000de500000,0x00000000ded4e050,0x00000000dee80000)
  to   space 10240K, 0% used [0x00000000ddb00000,0x00000000ddb00000,0x00000000de500000)
 ParOldGen       total 87552K, used 10352K [0x0000000080c00000, 0x0000000086180000, 0x00000000d5980000)
  object space 87552K, 11% used [0x0000000080c00000,0x000000008161c248,0x0000000086180000)
 Metaspace       used 18504K, capacity 19124K, committed 19328K, reserved 1067008K
  class space    used 2166K, capacity 2347K, committed 2432K, reserved 1048576K
Event: 4.567 GC heap after
Heap after GC invocations=7 (full 0):
 PSYoungGen      total 142848K, used 10228K [0x00000000d5980000, 0x00000000e7580000, 0x0000000100000000)
  eden space 132608K, 0% used [0x00000000d5980000,0x00000000d5980000,0x00000000ddb00000)
  from space 10240K, 99% used [0x00000000ddb00000,0x00000000de4fd2c8,0x00000000de500000)
  to   space 12800K, 0% used [0x00000000e6900000,0x00000000e6900000,0x00000000e7580000)
 ParOldGen       total 87552K, used 13576K [0x0000000080c00000, 0x0000000086180000, 0x00000000d5980000)
  object space 87552K, 15% used [0x0000000080c00000,0x0000000081942260,0x0000000086180000)
 Metaspace       used 18504K, capacity 19124K, committed 19328K, reserved 1067008K
  class space    used 2166K, capacity 2347K, committed 2432K, reserved 1048576K
}

Deoptimization events (10 events):
Event: 3.215 Thread 0x000000000234e800 Uncommon trap: reason=null_check action=make_not_entrant pc=0x0000000002f08634 method=org.codehaus.plexus.interpolation.reflection.MethodMap.get(Ljava/lang/String;)Ljava/util/List; @ 10
Event: 3.907 Thread 0x000000000234e800 Uncommon trap: reason=unstable_if action=reinterpret pc=0x0000000003004830 method=com.google.inject.internal.MoreTypes.canonicalize(Ljava/lang/reflect/Type;)Ljava/lang/reflect/Type; @ 16
Event: 3.907 Thread 0x000000000234e800 Uncommon trap: reason=class_check action=maybe_recompile pc=0x0000000002f970ac method=com.google.inject.internal.MoreTypes.getRawType(Ljava/lang/reflect/Type;)Ljava/lang/Class; @ 13
Event: 3.987 Thread 0x000000000234e800 Uncommon trap: reason=predicate action=maybe_recompile pc=0x00000000029844b8 method=sun.net.www.ParseUtil.encodePath(Ljava/lang/String;Z)Ljava/lang/String; @ 36
Event: 4.027 Thread 0x000000000234e800 Uncommon trap: reason=bimorphic action=maybe_recompile pc=0x0000000002d03a80 method=java.util.regex.Matcher.match(II)Z @ 86
Event: 4.027 Thread 0x000000000234e800 Uncommon trap: reason=bimorphic action=maybe_recompile pc=0x0000000002d03a80 method=java.util.regex.Matcher.match(II)Z @ 86
Event: 4.027 Thread 0x000000000234e800 Uncommon trap: reason=bimorphic action=maybe_recompile pc=0x0000000002d03a80 method=java.util.regex.Matcher.match(II)Z @ 86
Event: 4.027 Thread 0x000000000234e800 Uncommon trap: reason=bimorphic action=maybe_recompile pc=0x0000000002d03a80 method=java.util.regex.Matcher.match(II)Z @ 86
Event: 4.218 Thread 0x000000000234e800 Uncommon trap: reason=unstable_if action=reinterpret pc=0x000000000300acac method=java.util.regex.Pattern$Curly.match(Ljava/util/regex/Matcher;ILjava/lang/CharSequence;)Z @ 45
Event: 4.297 Thread 0x000000000234e800 Uncommon trap: reason=null_check action=make_not_entrant pc=0x00000000030b7afc method=org.apache.maven.model.io.xpp3.MavenXpp3ReaderEx.checkFieldWithDuplicate(Lorg/codehaus/plexus/util/xml/pull/XmlPullParser;Ljava/lang/String;Ljava/lang/String;Ljava/util/S?ÞsY·	@

Internal exceptions (10 events):
Event: 0.595 Thread 0x000000000234e800 Exception <a 'java/lang/ArrayIndexOutOfBoundsException'> (0x00000000d7754bc0) thrown at [C:\re\workspace\8-2-build-windows-amd64-cygwin\jdk8u45\3457\hotspot\src\share\vm\runtime\sharedRuntime.cpp, line 605]
Event: 0.597 Thread 0x000000000234e800 Exception <a 'java/lang/ArrayIndexOutOfBoundsException'> (0x00000000d77564b8) thrown at [C:\re\workspace\8-2-build-windows-amd64-cygwin\jdk8u45\3457\hotspot\src\share\vm\runtime\sharedRuntime.cpp, line 605]
Event: 0.634 Thread 0x000000000234e800 Exception <a 'java/lang/ArrayIndexOutOfBoundsException'> (0x00000000d789a998) thrown at [C:\re\workspace\8-2-build-windows-amd64-cygwin\jdk8u45\3457\hotspot\src\share\vm\runtime\sharedRuntime.cpp, line 605]
Event: 0.644 Thread 0x000000000234e800 Exception <a 'java/lang/ArrayIndexOutOfBoundsException'> (0x00000000d7937888) thrown at [C:\re\workspace\8-2-build-windows-amd64-cygwin\jdk8u45\3457\hotspot\src\share\vm\runtime\sharedRuntime.cpp, line 605]
Event: 0.644 Thread 0x000000000234e800 Exception <a 'java/lang/ArrayIndexOutOfBoundsException'> (0x00000000d79385e0) thrown at [C:\re\workspace\8-2-build-windows-amd64-cygwin\jdk8u45\3457\hotspot\src\share\vm\runtime\sharedRuntime.cpp, line 605]
Event: 1.410 Thread 0x000000000234e800 Implicit null exception at 0x00000000029e5405 to 0x00000000029e55d9
Event: 1.410 Thread 0x000000000234e800 Implicit null exception at 0x0000000002928c2f to 0x0000000002928c95
Event: 1.626 Thread 0x000000000234e800 Implicit null exception at 0x0000000002bf6fce to 0x0000000002bf8319
Event: 3.215 Thread 0x000000000234e800 Implicit null exception at 0x0000000002f07bef to 0x0000000002f08625
Event: 4.297 Thread 0x000000000234e800 Implicit null exception at 0x00000000030b789f to 0x00000000030b7ae1

Events (10 events):
Event: 4.756 Thread 0x000000000234e800 DEOPT PACKING pc=0x0000000002d5f357 sp=0x000000000264b890
Event: 4.756 Thread 0x000000000234e800 DEOPT UNPACKING pc=0x000000000269747f sp=0x000000000264b5e8 mode 0
Event: 4.758 Thread 0x000000000234e800 DEOPT PACKING pc=0x0000000003092e3a sp=0x000000000264b430
Event: 4.758 Thread 0x000000000234e800 DEOPT UNPACKING pc=0x000000000269747f sp=0x000000000264b1f8 mode 0
Event: 4.788 Thread 0x000000000234e800 DEOPT PACKING pc=0x0000000003060ac2 sp=0x000000000264c4f0
Event: 4.788 Thread 0x000000000234e800 DEOPT UNPACKING pc=0x000000000269747f sp=0x000000000264c220 mode 0
Event: 4.848 loading class org/apache/maven/repository/legacy/LegacyRepositorySystem$UnknownRepositoryLayout
Event: 4.848 loading class org/apache/maven/repository/legacy/LegacyRepositorySystem$UnknownRepositoryLayout done
Event: 4.860 Thread 0x000000000234e800 DEOPT PACKING pc=0x0000000002d5f357 sp=0x000000000264b6f0
Event: 4.860 Thread 0x000000000234e800 DEOPT UNPACKING pc=0x000000000269747f sp=0x000000000264b448 mode 0


Dynamic libraries:
0x000000013f0c0000 - 0x000000013f0f7000 	C:\Program Files\Java\jdk1.8.0_45\bin\java.exe
0x0000000077820000 - 0x00000000779c9000 	C:\windows\SYSTEM32\ntdll.dll
0x00000000775a0000 - 0x00000000776bf000 	C:\windows\system32\kernel32.dll
0x000007fefdd30000 - 0x000007fefdd9c000 	C:\windows\system32\KERNELBASE.dll
0x000007fefe5d0000 - 0x000007fefe6ab000 	C:\windows\system32\ADVAPI32.dll
0x000007fefe430000 - 0x000007fefe4cf000 	C:\windows\system32\msvcrt.dll
0x000007fefe050000 - 0x000007fefe06f000 	C:\windows\SYSTEM32\sechost.dll
0x000007feff620000 - 0x000007feff74d000 	C:\windows\system32\RPCRT4.dll
0x0000000077140000 - 0x000000007723a000 	C:\windows\system32\USER32.dll
0x000007feff5b0000 - 0x000007feff617000 	C:\windows\system32\GDI32.dll
0x000007feff5a0000 - 0x000007feff5ae000 	C:\windows\system32\LPK.dll
0x000007feff970000 - 0x000007feffa39000 	C:\windows\system32\USP10.dll
0x000007fefc8a0000 - 0x000007fefca94000 	C:\windows\WinSxS\amd64_microsoft.windows.common-controls_6595b64144ccf1df_6.0.7601.17514_none_fa396087175ac9ac\COMCTL32.dll
0x000007fefe4d0000 - 0x000007fefe541000 	C:\windows\system32\SHLWAPI.dll
0x000007feffa40000 - 0x000007feffa6e000 	C:\windows\system32\IMM32.DLL
0x000007fefe6b0000 - 0x000007fefe7b9000 	C:\windows\system32\MSCTF.dll
0x0000000066820000 - 0x00000000668f2000 	C:\Program Files\Java\jdk1.8.0_45\jre\bin\msvcr100.dll
0x000000005e230000 - 0x000000005eab3000 	C:\Program Files\Java\jdk1.8.0_45\jre\bin\server\jvm.dll
0x000007fef96c0000 - 0x000007fef96c9000 	C:\windows\system32\WSOCK32.dll
0x000007fefe7c0000 - 0x000007fefe80d000 	C:\windows\system32\WS2_32.dll
0x000007feff960000 - 0x000007feff968000 	C:\windows\system32\NSI.dll
0x000007fefba30000 - 0x000007fefba6b000 	C:\windows\system32\WINMM.dll
0x000007fefcdc0000 - 0x000007fefcdcc000 	C:\windows\system32\VERSION.dll
0x00000000779f0000 - 0x00000000779f7000 	C:\windows\system32\PSAPI.DLL
0x000000006c8d0000 - 0x000000006c8df000 	C:\Program Files\Java\jdk1.8.0_45\jre\bin\verify.dll
0x0000000067060000 - 0x0000000067089000 	C:\Program Files\Java\jdk1.8.0_45\jre\bin\java.dll
0x0000000069310000 - 0x0000000069326000 	C:\Program Files\Java\jdk1.8.0_45\jre\bin\zip.dll
0x000007fefe810000 - 0x000007feff598000 	C:\windows\system32\SHELL32.dll
0x000007feff750000 - 0x000007feff953000 	C:\windows\system32\ole32.dll
0x000007fefdc80000 - 0x000007fefdc8f000 	C:\windows\system32\profapi.dll
0x000007fef96a0000 - 0x000007fef96b0000 	C:\Program Files (x86)\JetBrains\IntelliJ IDEA 12.1.7\bin\breakgen64.dll
0x0000000068950000 - 0x000000006896a000 	C:\Program Files\Java\jdk1.8.0_45\jre\bin\net.dll
0x000007fefd4b0000 - 0x000007fefd505000 	C:\windows\system32\mswsock.dll
0x000007fefd4a0000 - 0x000007fefd4a7000 	C:\windows\System32\wship6.dll
0x0000000066f20000 - 0x0000000066f31000 	C:\Program Files\Java\jdk1.8.0_45\jre\bin\nio.dll
0x000007fefdb50000 - 0x000007fefdba7000 	C:\windows\system32\apphelp.dll
0x000007fef3080000 - 0x000007fef31a5000 	C:\windows\system32\dbghelp.dll

VM Arguments:
jvm_args: -Dmaven.home=F:\apache-maven-3.2.3 -Dclassworlds.conf=F:\apache-maven-3.2.3\bin\m2.conf -Didea.launcher.port=7534 -Didea.launcher.bin.path=C:\Program Files (x86)\JetBrains\IntelliJ IDEA 12.1.7\bin -Dfile.encoding=UTF-8 
java_command: com.intellij.rt.execution.application.AppMain org.codehaus.classworlds.Launcher --fail-fast --strict-checksums deploy
java_class_path (initial): F:\apache-maven-3.2.3\boot\plexus-classworlds-2.5.1.jar;C:\Program Files (x86)\JetBrains\IntelliJ IDEA 12.1.7\lib\idea_rt.jar
Launcher Type: SUN_STANDARD

Environment Variables:
JAVA_HOME=C:\Program Files\Java\jdk1.8.0_45
CLASSPATH=C:\Program Files\Java\jdk1.8.0_45\lib\dt.jar;C:\Program Files\Java\jdk1.8.0_45\lib\tools.jar;
PATH=C:\Program Files (x86)\JetBrains\IntelliJ IDEA 12.1.7\bin\..\.\bin;C:\ProgramData\Oracle\Java\javapath;C:\Program Files (x86)\Common Files\NetSarang;C:\windows\system32;C:\windows;C:\windows\System32\Wbem;C:\windows\System32\WindowsPowerShell\v1.0\;C:\Program Files\Java\jdk1.8.0_45\bin;C:\Program Files\Java\jdk1.8.0_45\jre\bin;C:\Program Files\TortoiseSVN\bin;C:\cygwin\bin;C:\cygwin\bin;;c:\program files (x86)\jetbrains\intellij idea 12.1.7\jre\jre\bin
USERNAME=Administrator
OS=Windows_NT
PROCESSOR_IDENTIFIER=Intel64 Family 6 Model 58 Stepping 9, GenuineIntel



---------------  S Y S T E M  ---------------

OS: Windows 7 , 64 bit Build 7601 (6.1.7601.17965)

CPU:total 2 (2 cores per cpu, 1 threads per core) family 6 model 58 stepping 9, cmov, cx8, fxsr, mmx, sse, sse2, sse3, ssse3, sse4.1, sse4.2, popcnt, clmul, erms, tsc, tscinvbit, tscinv

Memory: 4k page, physical 8333864k(5149148k free), swap 25109228k(20841944k free)

vm_info: Java HotSpot(TM) 64-Bit Server VM (25.45-b02) for windows-amd64 JRE (1.8.0_45-b14), built on Apr 10 2015 10:34:15 by "java_re" with MS VC++ 10.0 (VS2010)

time: Mon Jan 25 16:50:48 2016
elapsed time: 4 seconds (0d 0h 0m 4s)

