#
# A fatal error has been detected by the Java Runtime Environment:
#
#  EXCEPTION_ACCESS_VIOLATION (0xc0000005) at pc=0x000000005d24dd80, pid=4852, tid=4964
#
# JRE version: Java(TM) SE Runtime Environment (8.0_45-b14) (build 1.8.0_45-b14)
# Java VM: Java HotSpot(TM) 64-Bit Server VM (25.45-b02 mixed mode windows-amd64 compressed oops)
# Problematic frame:
# V  [jvm.dll+0xadd80]
#
# Failed to write core dump. Minidumps are not enabled by default on client versions of Windows
#
# If you would like to submit a bug report, please visit:
#   http://bugreport.java.com/bugreport/crash.jsp
#

---------------  T H R E A D  ---------------

Current thread (0x0000000001ce5000):  GCTaskThread [stack: 0x0000000012300000,0x0000000012400000] [id=4964]

siginfo: ExceptionCode=0xc0000005, reading address 0x0000000000000008

Registers:
RAX=0x0000000000000000, RBX=0x00000000d9213670, RCX=0x00000000d9213670, RDX=0x0000000000000000
RSP=0x00000000123ff1c8, RBP=0x00000000123ff390, RSI=0x00000000570ca8c0, RDI=0x00000000570ca8c0
R8 =0x00000000570ca8c0, R9 =0x0000000000000005, R10=0x0000000000000008, R11=0x0000000000000000
R12=0x000000005d7e6210, R13=0x0000000000000000, R14=0x0000000000000000, R15=0x0000000001ce59e0
RIP=0x000000005d24dd80, EFLAGS=0x0000000000010246

Top of Stack: (sp=0x00000000123ff1c8)
0x00000000123ff1c8:   000000005d5983a2 00000000d8223188
0x00000000123ff1d8:   0000000000000005 00000000570ca8c0
0x00000000123ff1e8:   000000005d598621 00000000d81f3de8
0x00000000123ff1f8:   000000005d598aeb 000000008103b800
0x00000000123ff208:   0000000000000400 0000000000000000
0x00000000123ff218:   0000000001cdca00 000000005d7e6210
0x00000000123ff228:   000000005d598710 000000008103c548
0x00000000123ff238:   00000000123ff390 00000000570ca8c0
0x00000000123ff248:   00000000570ca8c0 000000008103c548
0x00000000123ff258:   000000005d5992b5 00000000d8208af8
0x00000000123ff268:   00000000123ff390 00000000570ca8c0
0x00000000123ff278:   000000005d59b925 00000000167a0028
0x00000000123ff288:   0000000000000000 00000000123ff360
0x00000000123ff298:   00000000123ff370 0000000001ce6830
0x00000000123ff2a8:   000000005d59b280 00000000123ff360
0x00000000123ff2b8:   0000000000000000 00000000123ff360 

Instructions: (pc=0x000000005d24dd80)
0x000000005d24dd60:   3c 95 1d 00 48 8b 9c 24 d0 00 00 00 48 81 c4 c0
0x000000005d24dd70:   00 00 00 5d c3 cc cc cc cc cc cc cc cc cc cc cc
0x000000005d24dd80:   44 8b 42 08 4c 8b ca 45 85 c0 7e 0e 41 f6 c0 01
0x000000005d24dd90:   75 57 41 c1 f8 03 41 8b c0 c3 79 4d 80 3d 3e bf 


Register to memory mapping:

RAX=0x0000000000000000 is an unknown value
RBX=0x00000000d9213670 is an unknown value
RCX=0x00000000d9213670 is an unknown value
RDX=0x0000000000000000 is an unknown value
RSP=0x00000000123ff1c8 is an unknown value
RBP=0x00000000123ff390 is an unknown value
RSI=0x00000000570ca8c0 is an unknown value
RDI=0x00000000570ca8c0 is an unknown value
R8 =0x00000000570ca8c0 is an unknown value
R9 =0x0000000000000005 is an unknown value
R10=0x0000000000000008 is an unknown value
R11=0x0000000000000000 is an unknown value
R12=0x000000005d7e6210 is an unknown value
R13=0x0000000000000000 is an unknown value
R14=0x0000000000000000 is an unknown value
R15=0x0000000001ce59e0 is an unknown value


Stack: [0x0000000012300000,0x0000000012400000],  sp=0x00000000123ff1c8,  free space=1020k
Native frames: (J=compiled Java code, j=interpreted, Vv=VM code, C=native code)
V  [jvm.dll+0xadd80]


---------------  P R O C E S S  ---------------

Java Threads: ( => current thread )
  0x0000000058567000 JavaThread "Monitor Ctrl-Break" daemon [_thread_in_native, id=1716, stack(0x0000000059030000,0x0000000059130000)]
  0x00000000584e5000 JavaThread "Service Thread" daemon [_thread_blocked, id=4192, stack(0x0000000058930000,0x0000000058a30000)]
  0x0000000057159800 JavaThread "C1 CompilerThread1" daemon [_thread_blocked, id=3456, stack(0x0000000057ed0000,0x0000000057fd0000)]
  0x0000000057156000 JavaThread "C2 CompilerThread0" daemon [_thread_blocked, id=4352, stack(0x00000000583c0000,0x00000000584c0000)]
  0x0000000057149000 JavaThread "Attach Listener" daemon [_thread_blocked, id=5064, stack(0x00000000581f0000,0x00000000582f0000)]
  0x0000000057131800 JavaThread "Signal Dispatcher" daemon [_thread_blocked, id=4956, stack(0x0000000057ba0000,0x0000000057ca0000)]
  0x00000000570dc800 JavaThread "Finalizer" daemon [_thread_blocked, id=3156, stack(0x0000000058010000,0x0000000058110000)]
  0x00000000570d2000 JavaThread "Reference Handler" daemon [_thread_blocked, id=4260, stack(0x0000000057db0000,0x0000000057eb0000)]
  0x000000000047e800 JavaThread "main" [_thread_blocked, id=4360, stack(0x00000000025b0000,0x00000000026b0000)]

Other Threads:
  0x00000000570cc800 VMThread [stack: 0x0000000057cb0000,0x0000000057db0000] [id=3132]
  0x00000000584ef000 WatcherThread [stack: 0x0000000058ac0000,0x0000000058bc0000] [id=4532]

=>0x0000000001ce5000 (exited) GCTaskThread [stack: 0x0000000012300000,0x0000000012400000] [id=4964]

VM state:at safepoint (normal execution)

VM Mutex/Monitor currently owned by a thread:  ([mutex/lock_event])
[0x000000000047c3c0] Threads_lock - owner thread: 0x00000000570cc800
[0x000000000047c8c0] Heap_lock - owner thread: 0x000000000047e800

Heap:
 PSYoungGen      total 38400K, used 38375K [0x00000000d5980000, 0x00000000da480000, 0x0000000100000000)
  eden space 33280K, 100% used [0x00000000d5980000,0x00000000d7a00000,0x00000000d7a00000)
  from space 5120K, 99% used [0x00000000d7f00000,0x00000000d83f9c30,0x00000000d8400000)
  to   space 5120K, 99% used [0x00000000d7a00000,0x00000000d7efa020,0x00000000d7f00000)
 ParOldGen       total 87552K, used 4974K [0x0000000080c00000, 0x0000000086180000, 0x00000000d5980000)
  object space 87552K, 5% used [0x0000000080c00000,0x00000000810db800,0x0000000086180000)
 Metaspace       used 14037K, capacity 14296K, committed 14592K, reserved 1062912K
  class space    used 1699K, capacity 1774K, committed 1792K, reserved 1048576K

Card table byte_map: [0x0000000011a70000,0x0000000011e70000] byte_map_base: 0x000000001166a000

Marking Bits: (ParMarkBitMap*) 0x000000005d9a4040
 Begin Bits: [0x0000000012400000, 0x00000000143d0000)
 End Bits:   [0x00000000143d0000, 0x00000000163a0000)

Polling page: 0x0000000000430000

CodeCache: size=245760Kb used=5751Kb max_used=5766Kb free=240008Kb
 bounds [0x00000000026b0000, 0x0000000002c60000, 0x00000000116b0000]
 total_blobs=2204 nmethods=1871 adapters=246
 compilation: enabled

Compilation events (10 events):
Event: 1.625 Thread 0x0000000057159800 1884       2       org.apache.maven.model.BuildBase::getResources (23 bytes)
Event: 1.625 Thread 0x0000000057159800 nmethod 1884 0x0000000002c4db90 code [0x0000000002c4dce0, 0x0000000002c4deb0]
Event: 1.626 Thread 0x0000000057156000 nmethod 1545 0x0000000002c522d0 code [0x0000000002c52500, 0x0000000002c53c10]
Event: 1.626 Thread 0x0000000057156000 1730       4       sun.reflect.UnsafeObjectFieldAccessorImpl::get (17 bytes)
Event: 1.627 Thread 0x0000000057159800 1885       1       org.eclipse.aether.resolution.ArtifactDescriptorRequest::getRequestContext (5 bytes)
Event: 1.627 Thread 0x0000000057159800 nmethod 1885 0x0000000002c52010 code [0x0000000002c52160, 0x0000000002c52270]
Event: 1.627 Thread 0x0000000057159800 1886       1       org.eclipse.aether.resolution.ArtifactDescriptorRequest::getRepositories (5 bytes)
Event: 1.627 Thread 0x0000000057159800 nmethod 1886 0x0000000002c51d50 code [0x0000000002c51ea0, 0x0000000002c51fb0]
Event: 1.628 Thread 0x0000000057156000 nmethod 1730 0x0000000002c4ec90 code [0x0000000002c4ede0, 0x0000000002c4eef8]
Event: 1.628 Thread 0x0000000057156000 1887       4       org.apache.maven.model.io.xpp3.MavenXpp3Reader::checkFieldWithDuplicate (75 bytes)

GC Heap History (5 events):
Event: 0.684 GC heap before
{Heap before GC invocations=1 (full 0):
 PSYoungGen      total 38400K, used 33280K [0x00000000d5980000, 0x00000000d8400000, 0x0000000100000000)
  eden space 33280K, 100% used [0x00000000d5980000,0x00000000d7a00000,0x00000000d7a00000)
  from space 5120K, 0% used [0x00000000d7f00000,0x00000000d7f00000,0x00000000d8400000)
  to   space 5120K, 0% used [0x00000000d7a00000,0x00000000d7a00000,0x00000000d7f00000)
 ParOldGen       total 87552K, used 0K [0x0000000080c00000, 0x0000000086180000, 0x00000000d5980000)
  object space 87552K, 0% used [0x0000000080c00000,0x0000000080c00000,0x0000000086180000)
 Metaspace       used 7884K, capacity 8040K, committed 8192K, reserved 1056768K
  class space    used 963K, capacity 1020K, committed 1024K, reserved 1048576K
Event: 0.690 GC heap after
Heap after GC invocations=1 (full 0):
 PSYoungGen      total 38400K, used 4797K [0x00000000d5980000, 0x00000000d8400000, 0x0000000100000000)
  eden space 33280K, 0% used [0x00000000d5980000,0x00000000d5980000,0x00000000d7a00000)
  from space 5120K, 93% used [0x00000000d7a00000,0x00000000d7eaf520,0x00000000d7f00000)
  to   space 5120K, 0% used [0x00000000d7f00000,0x00000000d7f00000,0x00000000d8400000)
 ParOldGen       total 87552K, used 8K [0x0000000080c00000, 0x0000000086180000, 0x00000000d5980000)
  object space 87552K, 0% used [0x0000000080c00000,0x0000000080c02000,0x0000000086180000)
 Metaspace       used 7884K, capacity 8040K, committed 8192K, reserved 1056768K
  class space    used 963K, capacity 1020K, committed 1024K, reserved 1048576K
}
Event: 1.228 GC heap before
{Heap before GC invocations=2 (full 0):
 PSYoungGen      total 38400K, used 38077K [0x00000000d5980000, 0x00000000d8400000, 0x0000000100000000)
  eden space 33280K, 100% used [0x00000000d5980000,0x00000000d7a00000,0x00000000d7a00000)
  from space 5120K, 93% used [0x00000000d7a00000,0x00000000d7eaf520,0x00000000d7f00000)
  to   space 5120K, 0% used [0x00000000d7f00000,0x00000000d7f00000,0x00000000d8400000)
 ParOldGen       total 87552K, used 8K [0x0000000080c00000, 0x0000000086180000, 0x00000000d5980000)
  object space 87552K, 0% used [0x0000000080c00000,0x0000000080c02000,0x0000000086180000)
 Metaspace       used 12864K, capacity 13082K, committed 13312K, reserved 1060864K
  class space    used 1586K, capacity 1673K, committed 1792K, reserved 1048576K
Event: 1.256 GC heap after
Heap after GC invocations=2 (full 0):
 PSYoungGen      total 38400K, used 5095K [0x00000000d5980000, 0x00000000da480000, 0x0000000100000000)
  eden space 33280K, 0% used [0x00000000d5980000,0x00000000d5980000,0x00000000d7a00000)
  from space 5120K, 99% used [0x00000000d7f00000,0x00000000d83f9c30,0x00000000d8400000)
  to   space 5120K, 0% used [0x00000000d7a00000,0x00000000d7a00000,0x00000000d7f00000)
 ParOldGen       total 87552K, used 2887K [0x0000000080c00000, 0x0000000086180000, 0x00000000d5980000)
  object space 87552K, 3% used [0x0000000080c00000,0x0000000080ed1d90,0x0000000086180000)
 Metaspace       used 12864K, capacity 13082K, committed 13312K, reserved 1060864K
  class space    used 1586K, capacity 1673K, committed 1792K, reserved 1048576K
}
Event: 1.628 GC heap before
{Heap before GC invocations=3 (full 0):
 PSYoungGen      total 38400K, used 38375K [0x00000000d5980000, 0x00000000da480000, 0x0000000100000000)
  eden space 33280K, 100% used [0x00000000d5980000,0x00000000d7a00000,0x00000000d7a00000)
  from space 5120K, 99% used [0x00000000d7f00000,0x00000000d83f9c30,0x00000000d8400000)
  to   space 5120K, 0% used [0x00000000d7a00000,0x00000000d7a00000,0x00000000d7f00000)
 ParOldGen       total 87552K, used 2887K [0x0000000080c00000, 0x0000000086180000, 0x00000000d5980000)
  object space 87552K, 3% used [0x0000000080c00000,0x0000000080ed1d90,0x0000000086180000)
 Metaspace       used 14037K, capacity 14296K, committed 14592K, reserved 1062912K
  class space    used 1699K, capacity 1774K, committed 1792K, reserved 1048576K

Deoptimization events (10 events):
Event: 1.170 Thread 0x000000000047e800 Uncommon trap: reason=unstable_if action=reinterpret pc=0x0000000002985fa4 method=org.codehaus.plexus.util.xml.pull.MXParser.isS(C)Z @ 21
Event: 1.295 Thread 0x000000000047e800 Uncommon trap: reason=unstable_if action=reinterpret pc=0x0000000002893d94 method=java.lang.String.replace(CC)Ljava/lang/String; @ 2
Event: 1.346 Thread 0x000000000047e800 Uncommon trap: reason=unstable_if action=reinterpret pc=0x0000000002b41bd4 method=org.codehaus.plexus.util.xml.pull.MXParser.nextImpl()I @ 867
Event: 1.349 Thread 0x000000000047e800 Uncommon trap: reason=unstable_if action=reinterpret pc=0x0000000002b4d178 method=sun.nio.cs.UTF_8$Decoder.decode([BII[C)I @ 30
Event: 1.349 Thread 0x000000000047e800 Uncommon trap: reason=unstable_if action=reinterpret pc=0x000000000293f554 method=sun.nio.cs.UTF_8$Decoder.decodeArrayLoop(Ljava/nio/ByteBuffer;Ljava/nio/CharBuffer;)Ljava/nio/charset/CoderResult; @ 84
Event: 1.380 Thread 0x000000000047e800 Uncommon trap: reason=unstable_if action=reinterpret pc=0x0000000002a14220 method=java.util.HashMap.hash(Ljava/lang/Object;)I @ 1
Event: 1.380 Thread 0x000000000047e800 Uncommon trap: reason=unstable_if action=reinterpret pc=0x00000000029dd2a4 method=java.util.HashMap.hash(Ljava/lang/Object;)I @ 1
Event: 1.541 Thread 0x000000000047e800 Uncommon trap: reason=predicate action=maybe_recompile pc=0x0000000002bbfbac method=java.nio.charset.CharsetDecoder.decode(Ljava/nio/ByteBuffer;Ljava/nio/CharBuffer;Z)Ljava/nio/charset/CoderResult; @ 54
Event: 1.582 Thread 0x000000000047e800 Uncommon trap: reason=unstable_if action=reinterpret pc=0x0000000002a0fd10 method=sun.nio.cs.UTF_8$Decoder.decode([BII[C)I @ 30
Event: 1.627 Thread 0x000000000047e800 Uncommon trap: reason=null_check action=make_not_entrant pc=0x0000000002c53a80 method=org.apache.maven.model.io.xpp3.MavenXpp3Reader.checkFieldWithDuplicate(Lorg/codehaus/plexus/util/xml/pull/XmlPullParser;Ljava/lang/String;Ljava/lang/String;Ljava/util/Setò«‚ä·ò?

Internal exceptions (10 events):
Event: 0.497 Thread 0x000000000047e800 Exception <a 'java/lang/ArrayIndexOutOfBoundsException'> (0x00000000d68ed490) thrown at [C:\re\workspace\8-2-build-windows-amd64-cygwin\jdk8u45\3457\hotspot\src\share\vm\runtime\sharedRuntime.cpp, line 605]
Event: 0.503 Thread 0x000000000047e800 Exception <a 'java/lang/ArrayIndexOutOfBoundsException'> (0x00000000d693b5e0) thrown at [C:\re\workspace\8-2-build-windows-amd64-cygwin\jdk8u45\3457\hotspot\src\share\vm\runtime\sharedRuntime.cpp, line 605]
Event: 0.641 Thread 0x000000000047e800 Exception <a 'java/lang/ArrayIndexOutOfBoundsException'> (0x00000000d7755690) thrown at [C:\re\workspace\8-2-build-windows-amd64-cygwin\jdk8u45\3457\hotspot\src\share\vm\runtime\sharedRuntime.cpp, line 605]
Event: 0.641 Thread 0x000000000047e800 Exception <a 'java/lang/ArrayIndexOutOfBoundsException'> (0x00000000d7756f88) thrown at [C:\re\workspace\8-2-build-windows-amd64-cygwin\jdk8u45\3457\hotspot\src\share\vm\runtime\sharedRuntime.cpp, line 605]
Event: 0.673 Thread 0x000000000047e800 Exception <a 'java/lang/ArrayIndexOutOfBoundsException'> (0x00000000d789b470) thrown at [C:\re\workspace\8-2-build-windows-amd64-cygwin\jdk8u45\3457\hotspot\src\share\vm\runtime\sharedRuntime.cpp, line 605]
Event: 0.683 Thread 0x000000000047e800 Exception <a 'java/lang/ArrayIndexOutOfBoundsException'> (0x00000000d793a6c8) thrown at [C:\re\workspace\8-2-build-windows-amd64-cygwin\jdk8u45\3457\hotspot\src\share\vm\runtime\sharedRuntime.cpp, line 605]
Event: 0.683 Thread 0x000000000047e800 Exception <a 'java/lang/ArrayIndexOutOfBoundsException'> (0x00000000d793b420) thrown at [C:\re\workspace\8-2-build-windows-amd64-cygwin\jdk8u45\3457\hotspot\src\share\vm\runtime\sharedRuntime.cpp, line 605]
Event: 1.379 Thread 0x000000000047e800 Implicit null exception at 0x0000000002a14045 to 0x0000000002a14211
Event: 1.380 Thread 0x000000000047e800 Implicit null exception at 0x00000000029dd22f to 0x00000000029dd295
Event: 1.627 Thread 0x000000000047e800 Implicit null exception at 0x0000000002c5270e to 0x0000000002c53a65

Events (10 events):
Event: 1.582 Thread 0x000000000047e800 DEOPT UNPACKING pc=0x00000000026f747f sp=0x00000000026ac360 mode 0
Event: 1.582 Thread 0x000000000047e800 Uncommon trap: trap_request=0xffffff65 fr.pc=0x0000000002a0fd10
Event: 1.582 Thread 0x000000000047e800 DEOPT PACKING pc=0x0000000002a0fd10 sp=0x00000000026ac670
Event: 1.582 Thread 0x000000000047e800 DEOPT UNPACKING pc=0x00000000026f582a sp=0x00000000026ac5e8 mode 2
Event: 1.594 loading class java/util/Collections$UnmodifiableList$1
Event: 1.594 loading class java/util/Collections$UnmodifiableList$1 done
Event: 1.627 Thread 0x000000000047e800 Uncommon trap: trap_request=0xfffffff4 fr.pc=0x0000000002c53a80
Event: 1.627 Thread 0x000000000047e800 DEOPT PACKING pc=0x0000000002c53a80 sp=0x00000000026ac910
Event: 1.627 Thread 0x000000000047e800 DEOPT UNPACKING pc=0x00000000026f582a sp=0x00000000026ac8f0 mode 2
Event: 1.628 Executing VM operation: ParallelGCFailedAllocation


Dynamic libraries:
0x000000013f2c0000 - 0x000000013f2f7000 	C:\Program Files\Java\jdk1.8.0_45\bin\java.exe
0x0000000077820000 - 0x00000000779c9000 	C:\windows\SYSTEM32\ntdll.dll
0x00000000775a0000 - 0x00000000776bf000 	C:\windows\system32\kernel32.dll
0x000007fefdd30000 - 0x000007fefdd9c000 	C:\windows\system32\KERNELBASE.dll
0x000007fefe5d0000 - 0x000007fefe6ab000 	C:\windows\system32\ADVAPI32.dll
0x000007fefe430000 - 0x000007fefe4cf000 	C:\windows\system32\msvcrt.dll
0x000007fefe050000 - 0x000007fefe06f000 	C:\windows\SYSTEM32\sechost.dll
0x000007feff620000 - 0x000007feff74d000 	C:\windows\system32\RPCRT4.dll
0x0000000077140000 - 0x000000007723a000 	C:\windows\system32\USER32.dll
0x000007feff5b0000 - 0x000007feff617000 	C:\windows\system32\GDI32.dll
0x000007feff5a0000 - 0x000007feff5ae000 	C:\windows\system32\LPK.dll
0x000007feff970000 - 0x000007feffa39000 	C:\windows\system32\USP10.dll
0x000007fefc8a0000 - 0x000007fefca94000 	C:\windows\WinSxS\amd64_microsoft.windows.common-controls_6595b64144ccf1df_6.0.7601.17514_none_fa396087175ac9ac\COMCTL32.dll
0x000007fefe4d0000 - 0x000007fefe541000 	C:\windows\system32\SHLWAPI.dll
0x000007feffa40000 - 0x000007feffa6e000 	C:\windows\system32\IMM32.DLL
0x000007fefe6b0000 - 0x000007fefe7b9000 	C:\windows\system32\MSCTF.dll
0x0000000066e60000 - 0x0000000066f32000 	C:\Program Files\Java\jdk1.8.0_45\jre\bin\msvcr100.dll
0x000000005d1a0000 - 0x000000005da23000 	C:\Program Files\Java\jdk1.8.0_45\jre\bin\server\jvm.dll
0x000007fef95c0000 - 0x000007fef95c9000 	C:\windows\system32\WSOCK32.dll
0x000007fefe7c0000 - 0x000007fefe80d000 	C:\windows\system32\WS2_32.dll
0x000007feff960000 - 0x000007feff968000 	C:\windows\system32\NSI.dll
0x000007fefba30000 - 0x000007fefba6b000 	C:\windows\system32\WINMM.dll
0x000007fefcdc0000 - 0x000007fefcdcc000 	C:\windows\system32\VERSION.dll
0x00000000779f0000 - 0x00000000779f7000 	C:\windows\system32\PSAPI.DLL
0x0000000069310000 - 0x000000006931f000 	C:\Program Files\Java\jdk1.8.0_45\jre\bin\verify.dll
0x0000000068940000 - 0x0000000068969000 	C:\Program Files\Java\jdk1.8.0_45\jre\bin\java.dll
0x0000000067070000 - 0x0000000067086000 	C:\Program Files\Java\jdk1.8.0_45\jre\bin\zip.dll
0x000007fefe810000 - 0x000007feff598000 	C:\windows\system32\SHELL32.dll
0x000007feff750000 - 0x000007feff953000 	C:\windows\system32\ole32.dll
0x000007fefdc80000 - 0x000007fefdc8f000 	C:\windows\system32\profapi.dll
0x000007fef96c0000 - 0x000007fef96d0000 	C:\Program Files (x86)\JetBrains\IntelliJ IDEA 12.1.7\bin\breakgen64.dll
0x0000000067050000 - 0x000000006706a000 	C:\Program Files\Java\jdk1.8.0_45\jre\bin\net.dll
0x000007fefd4b0000 - 0x000007fefd505000 	C:\windows\system32\mswsock.dll
0x000007fefd4a0000 - 0x000007fefd4a7000 	C:\windows\System32\wship6.dll
0x0000000066e40000 - 0x0000000066e51000 	C:\Program Files\Java\jdk1.8.0_45\jre\bin\nio.dll
0x000007fef3080000 - 0x000007fef31a5000 	C:\windows\system32\dbghelp.dll

VM Arguments:
jvm_args: -Dmaven.home=F:\apache-maven-3.2.3 -Dclassworlds.conf=F:\apache-maven-3.2.3\bin\m2.conf -Didea.launcher.port=7534 -Didea.launcher.bin.path=C:\Program Files (x86)\JetBrains\IntelliJ IDEA 12.1.7\bin -Dfile.encoding=UTF-8 
java_command: com.intellij.rt.execution.application.AppMain org.codehaus.classworlds.Launcher --fail-fast --strict-checksums deploy
java_class_path (initial): F:\apache-maven-3.2.3\boot\plexus-classworlds-2.5.1.jar;C:\Program Files (x86)\JetBrains\IntelliJ IDEA 12.1.7\lib\idea_rt.jar
Launcher Type: SUN_STANDARD

Environment Variables:
JAVA_HOME=C:\Program Files\Java\jdk1.8.0_45
CLASSPATH=C:\Program Files\Java\jdk1.8.0_45\lib\dt.jar;C:\Program Files\Java\jdk1.8.0_45\lib\tools.jar;
PATH=C:\Program Files (x86)\JetBrains\IntelliJ IDEA 12.1.7\bin\..\.\bin;C:\ProgramData\Oracle\Java\javapath;C:\Program Files (x86)\Common Files\NetSarang;C:\windows\system32;C:\windows;C:\windows\System32\Wbem;C:\windows\System32\WindowsPowerShell\v1.0\;C:\Program Files\Java\jdk1.8.0_45\bin;C:\Program Files\Java\jdk1.8.0_45\jre\bin;C:\Program Files\TortoiseSVN\bin;C:\cygwin\bin;C:\cygwin\bin;;c:\program files (x86)\jetbrains\intellij idea 12.1.7\jre\jre\bin
USERNAME=Administrator
OS=Windows_NT
PROCESSOR_IDENTIFIER=Intel64 Family 6 Model 58 Stepping 9, GenuineIntel



---------------  S Y S T E M  ---------------

OS: Windows 7 , 64 bit Build 7601 (6.1.7601.17965)

CPU:total 2 (2 cores per cpu, 1 threads per core) family 6 model 58 stepping 9, cmov, cx8, fxsr, mmx, sse, sse2, sse3, ssse3, sse4.1, sse4.2, popcnt, clmul, erms, tsc, tscinvbit, tscinv

Memory: 4k page, physical 8333864k(5217796k free), swap 25109228k(21037972k free)

vm_info: Java HotSpot(TM) 64-Bit Server VM (25.45-b02) for windows-amd64 JRE (1.8.0_45-b14), built on Apr 10 2015 10:34:15 by "java_re" with MS VC++ 10.0 (VS2010)

time: Mon Jan 25 16:55:35 2016
elapsed time: 1 seconds (0d 0h 0m 1s)

