#
# A fatal error has been detected by the Java Runtime Environment:
#
#  EXCEPTION_ACCESS_VIOLATION (0xc0000005) at pc=0x000000005ec8dd80, pid=2844, tid=4636
#
# JRE version: Java(TM) SE Runtime Environment (8.0_45-b14) (build 1.8.0_45-b14)
# Java VM: Java HotSpot(TM) 64-Bit Server VM (25.45-b02 mixed mode windows-amd64 compressed oops)
# Problematic frame:
# V  [jvm.dll+0xadd80]
#
# Failed to write core dump. Minidumps are not enabled by default on client versions of Windows
#
# If you would like to submit a bug report, please visit:
#   http://bugreport.java.com/bugreport/crash.jsp
#

---------------  T H R E A D  ---------------

Current thread (0x0000000002313800):  GCTaskThread [stack: 0x0000000012290000,0x0000000012390000] [id=4636]

siginfo: ExceptionCode=0xc0000005, reading address 0x00000000937365a0

Registers:
RAX=0x0000000000000001, RBX=0x00000000f9dc9010, RCX=0x00000000f9dc9010, RDX=0x0000000093736598
RSP=0x000000001238f308, RBP=0x0000000011a91a65, RSI=0x000000005705a700, RDI=0x0000000080f36e40
R8 =0x000000005705a700, R9 =0x0000000000000009, R10=0x0000000000000000, R11=0x00000000ff4e2000
R12=0x0000000011a919b6, R13=0x0000000000000005, R14=0x0000000000000000, R15=0x0000000002310a50
RIP=0x000000005ec8dd80, EFLAGS=0x0000000000010202

Top of Stack: (sp=0x000000001238f308)
0x000000001238f308:   000000005efd83a2 00000000f9dc9070
0x000000001238f318:   0000000000000005 000000005705a700
0x000000001238f328:   00000000825fcdd1 00000000ff4da010
0x000000001238f338:   0000000000001000 000000008263a788
0x000000001238f348:   0000000000000400 0000000000000000
0x000000001238f358:   000000005705a700 0000000011a919b6
0x000000001238f368:   000000005efd8710 00000000ff4da84c
0x000000001238f378:   0000000011a91a65 000000005705a700
0x000000001238f388:   0000000080f36e40 00000000ff4da84c
0x000000001238f398:   000000005efd92b5 00000000f9f41f50
0x000000001238f3a8:   0000000011a9b281 000000005705a700
0x000000001238f3b8:   0000000000000003 000000005705a700
0x000000001238f3c8:   000000000230c900 0000000080f2cccc
0x000000001238f3d8:   000000005ecf2ed7 0000000080f36c8c
0x000000001238f3e8:   000000005ecf10d3 0000000080f36c85
0x000000001238f3f8:   0000000080f36c85 000000005705a700 

Instructions: (pc=0x000000005ec8dd80)
0x000000005ec8dd60:   3c 95 1d 00 48 8b 9c 24 d0 00 00 00 48 81 c4 c0
0x000000005ec8dd70:   00 00 00 5d c3 cc cc cc cc cc cc cc cc cc cc cc
0x000000005ec8dd80:   44 8b 42 08 4c 8b ca 45 85 c0 7e 0e 41 f6 c0 01
0x000000005ec8dd90:   75 57 41 c1 f8 03 41 8b c0 c3 79 4d 80 3d 3e bf 


Register to memory mapping:

RAX=0x0000000000000001 is an unknown value
RBX=0x00000000f9dc9010 is an unknown value
RCX=0x00000000f9dc9010 is an unknown value
RDX=0x0000000093736598 is an unallocated location in the heap
RSP=0x000000001238f308 is an unknown value
RBP=0x0000000011a91a65 is an unknown value
RSI=0x000000005705a700 is an unknown value
RDI=0x0000000080f36e40 is an oop
java.lang.Class 
 - klass: 'java/lang/Class'
R8 =0x000000005705a700 is an unknown value
R9 =0x0000000000000009 is an unknown value
R10=0x0000000000000000 is an unknown value
R11=0x00000000ff4e2000 is an unknown value
R12=0x0000000011a919b6 is an unknown value
R13=0x0000000000000005 is an unknown value
R14=0x0000000000000000 is an unknown value
R15=0x0000000002310a50 is an unknown value


Stack: [0x0000000012290000,0x0000000012390000],  sp=0x000000001238f308,  free space=1020k
Native frames: (J=compiled Java code, j=interpreted, Vv=VM code, C=native code)
V  [jvm.dll+0xadd80]


---------------  P R O C E S S  ---------------

Java Threads: ( => current thread )
  0x000000005938a000 JavaThread "resolver-5" daemon [_thread_blocked, id=4864, stack(0x000000005c760000,0x000000005c860000)]
  0x000000005a10c800 JavaThread "resolver-4" daemon [_thread_blocked, id=3020, stack(0x000000005c620000,0x000000005c720000)]
  0x000000005b1f2000 JavaThread "resolver-3" daemon [_thread_blocked, id=2828, stack(0x000000005c4a0000,0x000000005c5a0000)]
  0x0000000059885800 JavaThread "resolver-2" daemon [_thread_blocked, id=4656, stack(0x0000000058f50000,0x0000000059050000)]
  0x000000005b089800 JavaThread "resolver-1" daemon [_thread_blocked, id=3276, stack(0x0000000058d30000,0x0000000058e30000)]
  0x0000000058466800 JavaThread "Monitor Ctrl-Break" daemon [_thread_in_native, id=1696, stack(0x0000000058e50000,0x0000000058f50000)]
  0x00000000583f1800 JavaThread "Service Thread" daemon [_thread_blocked, id=4160, stack(0x0000000058940000,0x0000000058a40000)]
  0x000000005712c800 JavaThread "C1 CompilerThread1" daemon [_thread_blocked, id=4720, stack(0x0000000058100000,0x0000000058200000)]
  0x00000000570da800 JavaThread "C2 CompilerThread0" daemon [_thread_blocked, id=788, stack(0x00000000582b0000,0x00000000583b0000)]
  0x00000000570d9000 JavaThread "Attach Listener" daemon [_thread_blocked, id=4424, stack(0x0000000057fd0000,0x00000000580d0000)]
  0x00000000570c1800 JavaThread "Signal Dispatcher" daemon [_thread_blocked, id=3060, stack(0x0000000057e50000,0x0000000057f50000)]
  0x000000005706c800 JavaThread "Finalizer" daemon [_thread_blocked, id=3036, stack(0x0000000057d30000,0x0000000057e30000)]
  0x0000000057062000 JavaThread "Reference Handler" daemon [_thread_blocked, id=4972, stack(0x00000000579e0000,0x0000000057ae0000)]
  0x000000000240e800 JavaThread "main" [_thread_blocked, id=3568, stack(0x00000000025d0000,0x00000000026d0000)]

Other Threads:
  0x000000005705c800 VMThread [stack: 0x0000000057b80000,0x0000000057c80000] [id=4920]
  0x00000000583f4800 WatcherThread [stack: 0x0000000058a70000,0x0000000058b70000] [id=2580]

=>0x0000000002313800 (exited) GCTaskThread [stack: 0x0000000012290000,0x0000000012390000] [id=4636]

VM state:at safepoint (normal execution)

VM Mutex/Monitor currently owned by a thread:  ([mutex/lock_event])
[0x000000000240c3c0] Threads_lock - owner thread: 0x000000005705c800
[0x000000000240c8c0] Heap_lock - owner thread: 0x000000000240e800

Heap:
 PSYoungGen      total 681984K, used 674176K [0x00000000d5980000, 0x0000000100000000, 0x0000000100000000)
  eden space 669184K, 100% used [0x00000000d5980000,0x00000000fe700000,0x00000000fe700000)
  from space 12800K, 39% used [0x00000000fe700000,0x00000000febe0010,0x00000000ff380000)
  to   space 12800K, 32% used [0x00000000ff380000,0x00000000ff784050,0x0000000100000000)
 ParOldGen       total 87552K, used 26881K [0x0000000080c00000, 0x0000000086180000, 0x00000000d5980000)
  object space 87552K, 30% used [0x0000000080c00000,0x0000000082640788,0x0000000086180000)
 Metaspace       used 19392K, capacity 20036K, committed 20352K, reserved 1067008K
  class space    used 2207K, capacity 2387K, committed 2432K, reserved 1048576K

Card table byte_map: [0x0000000011a90000,0x0000000011e90000] byte_map_base: 0x000000001168a000

Marking Bits: (ParMarkBitMap*) 0x000000005f3e4040
 Begin Bits: [0x0000000012390000, 0x0000000014360000)
 End Bits:   [0x0000000014360000, 0x0000000016330000)

Polling page: 0x0000000000130000

CodeCache: size=245760Kb used=15663Kb max_used=15675Kb free=230096Kb
 bounds [0x00000000026d0000, 0x0000000003640000, 0x00000000116d0000]
 total_blobs=4544 nmethods=4204 adapters=253
 compilation: enabled

Compilation events (10 events):
Event: 17.780 Thread 0x00000000570da800 nmethod 4986 0x000000000362ed10 code [0x000000000362ee60, 0x000000000362f338]
Event: 17.835 Thread 0x00000000570da800 4987   !   4       sun.net.www.protocol.jar.JarURLConnection::connect (147 bytes)
Event: 17.840 Thread 0x00000000570da800 nmethod 4987 0x000000000362f550 code [0x000000000362f6e0, 0x000000000362fb68]
Event: 17.840 Thread 0x00000000570da800 4988       4       sun.net.www.protocol.jar.Handler::openConnection (10 bytes)
Event: 17.847 Thread 0x00000000570da800 nmethod 4988 0x0000000003620cd0 code [0x0000000003620e80, 0x00000000036217a0]
Event: 17.873 Thread 0x00000000570da800 4989       4       java.util.zip.ZipEntry::<init> (74 bytes)
Event: 17.874 Thread 0x00000000570da800 nmethod 4989 0x000000000361d210 code [0x000000000361d340, 0x000000000361d418]
Event: 17.874 Thread 0x00000000570da800 4990       4       org.codehaus.plexus.archiver.zip.ZipEntry::<init> (42 bytes)
Event: 17.876 Thread 0x00000000570da800 nmethod 4990 0x0000000003630110 code [0x0000000003630260, 0x0000000003630478]
Event: 17.876 Thread 0x00000000570da800 4992       4       org.codehaus.plexus.archiver.zip.AbstractZipArchiver::addParentDirs (210 bytes)

GC Heap History (10 events):
Event: 6.754 GC heap after
Heap after GC invocations=9 (full 0):
 PSYoungGen      total 278528K, used 5792K [0x00000000d5980000, 0x00000000f1180000, 0x0000000100000000)
  eden space 266240K, 0% used [0x00000000d5980000,0x00000000d5980000,0x00000000e5d80000)
  from space 12288K, 47% used [0x00000000e5d80000,0x00000000e6328000,0x00000000e6980000)
  to   space 12288K, 0% used [0x00000000f0580000,0x00000000f0580000,0x00000000f1180000)
 ParOldGen       total 87552K, used 19549K [0x0000000080c00000, 0x0000000086180000, 0x00000000d5980000)
  object space 87552K, 22% used [0x0000000080c00000,0x0000000081f17778,0x0000000086180000)
 Metaspace       used 18809K, capacity 19462K, committed 19584K, reserved 1067008K
  class space    used 2170K, capacity 2350K, committed 2432K, reserved 1048576K
}
Event: 7.639 GC heap before
{Heap before GC invocations=10 (full 0):
 PSYoungGen      total 278528K, used 272032K [0x00000000d5980000, 0x00000000f1180000, 0x0000000100000000)
  eden space 266240K, 100% used [0x00000000d5980000,0x00000000e5d80000,0x00000000e5d80000)
  from space 12288K, 47% used [0x00000000e5d80000,0x00000000e6328000,0x00000000e6980000)
  to   space 12288K, 0% used [0x00000000f0580000,0x00000000f0580000,0x00000000f1180000)
 ParOldGen       total 87552K, used 19549K [0x0000000080c00000, 0x0000000086180000, 0x00000000d5980000)
  object space 87552K, 22% used [0x0000000080c00000,0x0000000081f17778,0x0000000086180000)
 Metaspace       used 18926K, capacity 19602K, committed 19840K, reserved 1067008K
  class space    used 2179K, capacity 2352K, committed 2432K, reserved 1048576K
Event: 7.659 GC heap after
Heap after GC invocations=10 (full 0):
 PSYoungGen      total 437760K, used 3072K [0x00000000d5980000, 0x00000000f1280000, 0x0000000100000000)
  eden space 425472K, 0% used [0x00000000d5980000,0x00000000d5980000,0x00000000ef900000)
  from space 12288K, 25% used [0x00000000f0580000,0x00000000f0880000,0x00000000f1180000)
  to   space 12800K, 0% used [0x00000000ef900000,0x00000000ef900000,0x00000000f0580000)
 ParOldGen       total 87552K, used 22841K [0x0000000080c00000, 0x0000000086180000, 0x00000000d5980000)
  object space 87552K, 26% used [0x0000000080c00000,0x000000008224e788,0x0000000086180000)
 Metaspace       used 18926K, capacity 19602K, committed 19840K, reserved 1067008K
  class space    used 2179K, capacity 2352K, committed 2432K, reserved 1048576K
}
Event: 8.797 GC heap before
{Heap before GC invocations=11 (full 0):
 PSYoungGen      total 437760K, used 428544K [0x00000000d5980000, 0x00000000f1280000, 0x0000000100000000)
  eden space 425472K, 100% used [0x00000000d5980000,0x00000000ef900000,0x00000000ef900000)
  from space 12288K, 25% used [0x00000000f0580000,0x00000000f0880000,0x00000000f1180000)
  to   space 12800K, 0% used [0x00000000ef900000,0x00000000ef900000,0x00000000f0580000)
 ParOldGen       total 87552K, used 22841K [0x0000000080c00000, 0x0000000086180000, 0x00000000d5980000)
  object space 87552K, 26% used [0x0000000080c00000,0x000000008224e788,0x0000000086180000)
 Metaspace       used 18945K, capacity 19602K, committed 19840K, reserved 1067008K
  class space    used 2179K, capacity 2352K, committed 2432K, reserved 1048576K
Event: 8.830 GC heap after
Heap after GC invocations=11 (full 0):
 PSYoungGen      total 438272K, used 2912K [0x00000000d5980000, 0x0000000100000000, 0x0000000100000000)
  eden space 425472K, 0% used [0x00000000d5980000,0x00000000d5980000,0x00000000ef900000)
  from space 12800K, 22% used [0x00000000ef900000,0x00000000efbd8000,0x00000000f0580000)
  to   space 12800K, 0% used [0x00000000ff380000,0x00000000ff380000,0x0000000100000000)
 ParOldGen       total 87552K, used 24433K [0x0000000080c00000, 0x0000000086180000, 0x00000000d5980000)
  object space 87552K, 27% used [0x0000000080c00000,0x00000000823dc788,0x0000000086180000)
 Metaspace       used 18945K, capacity 19602K, committed 19840K, reserved 1067008K
  class space    used 2179K, capacity 2352K, committed 2432K, reserved 1048576K
}
Event: 14.497 GC heap before
{Heap before GC invocations=12 (full 0):
 PSYoungGen      total 438272K, used 428384K [0x00000000d5980000, 0x0000000100000000, 0x0000000100000000)
  eden space 425472K, 100% used [0x00000000d5980000,0x00000000ef900000,0x00000000ef900000)
  from space 12800K, 22% used [0x00000000ef900000,0x00000000efbd8000,0x00000000f0580000)
  to   space 12800K, 0% used [0x00000000ff380000,0x00000000ff380000,0x0000000100000000)
 ParOldGen       total 87552K, used 24433K [0x0000000080c00000, 0x0000000086180000, 0x00000000d5980000)
  object space 87552K, 27% used [0x0000000080c00000,0x00000000823dc788,0x0000000086180000)
 Metaspace       used 19071K, capacity 19678K, committed 19840K, reserved 1067008K
  class space    used 2191K, capacity 2354K, committed 2432K, reserved 1048576K
Event: 14.503 GC heap after
Heap after GC invocations=12 (full 0):
 PSYoungGen      total 681984K, used 4104K [0x00000000d5980000, 0x0000000100000000, 0x0000000100000000)
  eden space 669184K, 0% used [0x00000000d5980000,0x00000000d5980000,0x00000000fe700000)
  from space 12800K, 32% used [0x00000000ff380000,0x00000000ff782080,0x0000000100000000)
  to   space 12800K, 0% used [0x00000000fe700000,0x00000000fe700000,0x00000000ff380000)
 ParOldGen       total 87552K, used 25921K [0x0000000080c00000, 0x0000000086180000, 0x00000000d5980000)
  object space 87552K, 29% used [0x0000000080c00000,0x0000000082550788,0x0000000086180000)
 Metaspace       used 19071K, capacity 19678K, committed 19840K, reserved 1067008K
  class space    used 2191K, capacity 2354K, committed 2432K, reserved 1048576K
}
Event: 15.433 GC heap before
{Heap before GC invocations=13 (full 0):
 PSYoungGen      total 681984K, used 673288K [0x00000000d5980000, 0x0000000100000000, 0x0000000100000000)
  eden space 669184K, 100% used [0x00000000d5980000,0x00000000fe700000,0x00000000fe700000)
  from space 12800K, 32% used [0x00000000ff380000,0x00000000ff782080,0x0000000100000000)
  to   space 12800K, 0% used [0x00000000fe700000,0x00000000fe700000,0x00000000ff380000)
 ParOldGen       total 87552K, used 25921K [0x0000000080c00000, 0x0000000086180000, 0x00000000d5980000)
  object space 87552K, 29% used [0x0000000080c00000,0x0000000082550788,0x0000000086180000)
 Metaspace       used 19204K, capacity 19838K, committed 20096K, reserved 1067008K
  class space    used 2199K, capacity 2386K, committed 2432K, reserved 1048576K
Event: 15.440 GC heap after
Heap after GC invocations=13 (full 0):
 PSYoungGen      total 681984K, used 4992K [0x00000000d5980000, 0x0000000100000000, 0x0000000100000000)
  eden space 669184K, 0% used [0x00000000d5980000,0x00000000d5980000,0x00000000fe700000)
  from space 12800K, 39% used [0x00000000fe700000,0x00000000febe0010,0x00000000ff380000)
  to   space 12800K, 0% used [0x00000000ff380000,0x00000000ff380000,0x0000000100000000)
 ParOldGen       total 87552K, used 26857K [0x0000000080c00000, 0x0000000086180000, 0x00000000d5980000)
  object space 87552K, 30% used [0x0000000080c00000,0x000000008263a788,0x0000000086180000)
 Metaspace       used 19204K, capacity 19838K, committed 20096K, reserved 1067008K
  class space    used 2199K, capacity 2386K, committed 2432K, reserved 1048576K
}
Event: 17.901 GC heap before
{Heap before GC invocations=14 (full 0):
 PSYoungGen      total 681984K, used 674176K [0x00000000d5980000, 0x0000000100000000, 0x0000000100000000)
  eden space 669184K, 100% used [0x00000000d5980000,0x00000000fe700000,0x00000000fe700000)
  from space 12800K, 39% used [0x00000000fe700000,0x00000000febe0010,0x00000000ff380000)
  to   space 12800K, 0% used [0x00000000ff380000,0x00000000ff380000,0x0000000100000000)
 ParOldGen       total 87552K, used 26857K [0x0000000080c00000, 0x0000000086180000, 0x00000000d5980000)
  object space 87552K, 30% used [0x0000000080c00000,0x000000008263a788,0x0000000086180000)
 Metaspace       used 19392K, capacity 20036K, committed 20352K, reserved 1067008K
  class space    used 2207K, capacity 2387K, committed 2432K, reserved 1048576K

Deoptimization events (10 events):
Event: 15.706 Thread 0x000000000240e800 Uncommon trap: reason=unstable_if action=reinterpret pc=0x00000000035aa698 method=java.util.Date.normalize()Lsun/util/calendar/BaseCalendar$Date; @ 4
Event: 15.707 Thread 0x000000000240e800 Uncommon trap: reason=class_check action=maybe_recompile pc=0x0000000002cea5cc method=java.util.Hashtable.put(Ljava/lang/Object;Ljava/lang/Object;)Ljava/lang/Object; @ 18
Event: 15.708 Thread 0x000000000240e800 Uncommon trap: reason=class_check action=maybe_recompile pc=0x00000000035c76f4 method=org.codehaus.plexus.archiver.AbstractArchiver.asArchiveEntry(Lorg/codehaus/plexus/components/io/resources/PlexusIoResource;Ljava/lang/String;I)Lorg/codehaus/plexus/archivŠÀ±Jsj/@
Event: 15.708 Thread 0x000000000240e800 Uncommon trap: reason=class_check action=maybe_recompile pc=0x0000000002cea5cc method=java.util.Hashtable.put(Ljava/lang/Object;Ljava/lang/Object;)Ljava/lang/Object; @ 18
Event: 15.708 Thread 0x000000000240e800 Uncommon trap: reason=class_check action=maybe_recompile pc=0x00000000035c76f4 method=org.codehaus.plexus.archiver.AbstractArchiver.asArchiveEntry(Lorg/codehaus/plexus/components/io/resources/PlexusIoResource;Ljava/lang/String;I)Lorg/codehaus/plexus/archiv‘,i9Žj/@
Event: 15.708 Thread 0x000000000240e800 Uncommon trap: reason=class_check action=maybe_recompile pc=0x0000000002cea5cc method=java.util.Hashtable.put(Ljava/lang/Object;Ljava/lang/Object;)Ljava/lang/Object; @ 18
Event: 15.708 Thread 0x000000000240e800 Uncommon trap: reason=class_check action=maybe_recompile pc=0x00000000035c76f4 method=org.codehaus.plexus.archiver.AbstractArchiver.asArchiveEntry(Lorg/codehaus/plexus/components/io/resources/PlexusIoResource;Ljava/lang/String;I)Lorg/codehaus/plexus/archiv¥I•XQu/@
Event: 15.729 Thread 0x000000000240e800 Uncommon trap: reason=null_check action=make_not_entrant pc=0x0000000002cb52cc method=java.io.ExpiringCache.entryFor(Ljava/lang/String;)Ljava/io/ExpiringCache$Entry; @ 10
Event: 17.746 Thread 0x000000000240e800 Uncommon trap: reason=unstable_if action=reinterpret pc=0x0000000003144104 method=java.util.Hashtable.contains(Ljava/lang/Object;)Z @ 24
Event: 17.747 Thread 0x000000000240e800 Uncommon trap: reason=unstable_if action=reinterpret pc=0x0000000002cca5fc method=java.util.Hashtable.contains(Ljava/lang/Object;)Z @ 24

Internal exceptions (10 events):
Event: 7.461 Thread 0x000000000240e800 Implicit null exception at 0x0000000002eee019 to 0x0000000002ef01fd
Event: 9.723 Thread 0x000000000240e800 Implicit null exception at 0x0000000002ec10c3 to 0x0000000002ec1411
Event: 10.180 Thread 0x000000000240e800 Implicit null exception at 0x0000000003031a7d to 0x0000000003031f31
Event: 10.416 Thread 0x000000000240e800 Implicit null exception at 0x0000000002c7746b to 0x0000000002c775b5
Event: 10.711 Thread 0x000000000240e800 Implicit null exception at 0x000000000344774f to 0x000000000344939f
Event: 12.517 Thread 0x000000000240e800 Implicit null exception at 0x00000000034cf8eb to 0x00000000034d2699
Event: 12.939 Thread 0x000000000240e800 Implicit null exception at 0x00000000034f4289 to 0x00000000034f6cf9
Event: 14.452 Thread 0x000000000240e800 Implicit null exception at 0x0000000003514009 to 0x00000000035145a9
Event: 15.706 Thread 0x000000000240e800 Implicit null exception at 0x00000000035a8ea5 to 0x00000000035aa685
Event: 15.729 Thread 0x000000000240e800 Implicit null exception at 0x0000000002cb5037 to 0x0000000002cb52c1

Events (10 events):
Event: 16.626 loading class java/net/Proxy done
Event: 17.746 Thread 0x000000000240e800 Uncommon trap: trap_request=0xffffff65 fr.pc=0x0000000003144104
Event: 17.746 Thread 0x000000000240e800 DEOPT PACKING pc=0x0000000003144104 sp=0x00000000026cd5c0
Event: 17.746 Thread 0x000000000240e800 DEOPT UNPACKING pc=0x000000000271582a sp=0x00000000026cd570 mode 2
Event: 17.747 Thread 0x000000000240e800 Uncommon trap: trap_request=0xffffff65 fr.pc=0x0000000002cca5fc
Event: 17.747 Thread 0x000000000240e800 DEOPT PACKING pc=0x0000000002cca5fc sp=0x00000000026cd5c0
Event: 17.747 Thread 0x000000000240e800 DEOPT UNPACKING pc=0x000000000271582a sp=0x00000000026cd570 mode 2
Event: 17.775 Thread 0x000000000240e800 DEOPT PACKING pc=0x000000000361dbb0 sp=0x00000000026cd5c0
Event: 17.775 Thread 0x000000000240e800 DEOPT UNPACKING pc=0x000000000271747f sp=0x00000000026cd2e8 mode 0
Event: 17.901 Executing VM operation: ParallelGCFailedAllocation


Dynamic libraries:
0x000000013f8b0000 - 0x000000013f8e7000 	C:\Program Files\Java\jdk1.8.0_45\bin\java.exe
0x00000000772f0000 - 0x0000000077499000 	C:\windows\SYSTEM32\ntdll.dll
0x0000000076f20000 - 0x000000007703f000 	C:\windows\system32\kernel32.dll
0x000007fefdab0000 - 0x000007fefdb1c000 	C:\windows\system32\KERNELBASE.dll
0x000007fefdbc0000 - 0x000007fefdc9b000 	C:\windows\system32\ADVAPI32.dll
0x000007fefde80000 - 0x000007fefdf1f000 	C:\windows\system32\msvcrt.dll
0x000007feff4b0000 - 0x000007feff4cf000 	C:\windows\SYSTEM32\sechost.dll
0x000007fefdcd0000 - 0x000007fefddfd000 	C:\windows\system32\RPCRT4.dll
0x0000000076c10000 - 0x0000000076d0a000 	C:\windows\system32\USER32.dll
0x000007fefe1d0000 - 0x000007fefe237000 	C:\windows\system32\GDI32.dll
0x000007fefe460000 - 0x000007fefe46e000 	C:\windows\system32\LPK.dll
0x000007fefe100000 - 0x000007fefe1c9000 	C:\windows\system32\USP10.dll
0x000007fefd2a0000 - 0x000007fefd494000 	C:\windows\WinSxS\amd64_microsoft.windows.common-controls_6595b64144ccf1df_6.0.7601.17514_none_fa396087175ac9ac\COMCTL32.dll
0x000007fefde00000 - 0x000007fefde71000 	C:\windows\system32\SHLWAPI.dll
0x000007fefdca0000 - 0x000007fefdcce000 	C:\windows\system32\IMM32.DLL
0x000007fefe350000 - 0x000007fefe459000 	C:\windows\system32\MSCTF.dll
0x00000000600c0000 - 0x0000000060192000 	C:\Program Files\Java\jdk1.8.0_45\jre\bin\msvcr100.dll
0x000000005ebe0000 - 0x000000005f463000 	C:\Program Files\Java\jdk1.8.0_45\jre\bin\server\jvm.dll
0x000007fef7970000 - 0x000007fef7979000 	C:\windows\system32\WSOCK32.dll
0x000007feff5b0000 - 0x000007feff5fd000 	C:\windows\system32\WS2_32.dll
0x000007fefe340000 - 0x000007fefe348000 	C:\windows\system32\NSI.dll
0x000007fefb410000 - 0x000007fefb44b000 	C:\windows\system32\WINMM.dll
0x000007fefc580000 - 0x000007fefc58c000 	C:\windows\system32\VERSION.dll
0x00000000774c0000 - 0x00000000774c7000 	C:\windows\system32\PSAPI.DLL
0x0000000069840000 - 0x000000006984f000 	C:\Program Files\Java\jdk1.8.0_45\jre\bin\verify.dll
0x00000000686c0000 - 0x00000000686e9000 	C:\Program Files\Java\jdk1.8.0_45\jre\bin\java.dll
0x0000000068700000 - 0x0000000068716000 	C:\Program Files\Java\jdk1.8.0_45\jre\bin\zip.dll
0x000007fefe700000 - 0x000007feff488000 	C:\windows\system32\SHELL32.dll
0x000007fefe470000 - 0x000007fefe673000 	C:\windows\system32\ole32.dll
0x000007fefd750000 - 0x000007fefd75f000 	C:\windows\system32\profapi.dll
0x000007fef7a10000 - 0x000007fef7a20000 	C:\Program Files (x86)\JetBrains\IntelliJ IDEA 12.1.7\bin\breakgen64.dll
0x0000000068b80000 - 0x0000000068b9a000 	C:\Program Files\Java\jdk1.8.0_45\jre\bin\net.dll
0x000007fefcca0000 - 0x000007fefccf5000 	C:\windows\system32\mswsock.dll
0x000007fefcc90000 - 0x000007fefcc97000 	C:\windows\System32\wship6.dll
0x00000000686a0000 - 0x00000000686b1000 	C:\Program Files\Java\jdk1.8.0_45\jre\bin\nio.dll
0x000007fefd620000 - 0x000007fefd677000 	C:\windows\system32\apphelp.dll
0x000007fef2830000 - 0x000007fef2955000 	C:\windows\system32\dbghelp.dll

VM Arguments:
jvm_args: -Dmaven.home=F:\apache-maven-3.2.3 -Dclassworlds.conf=F:\apache-maven-3.2.3\bin\m2.conf -Didea.launcher.port=7539 -Didea.launcher.bin.path=C:\Program Files (x86)\JetBrains\IntelliJ IDEA 12.1.7\bin -Dfile.encoding=UTF-8 
java_command: com.intellij.rt.execution.application.AppMain org.codehaus.classworlds.Launcher --fail-fast --strict-checksums deploy
java_class_path (initial): F:\apache-maven-3.2.3\boot\plexus-classworlds-2.5.1.jar;C:\Program Files (x86)\JetBrains\IntelliJ IDEA 12.1.7\lib\idea_rt.jar
Launcher Type: SUN_STANDARD

Environment Variables:
JAVA_HOME=C:\Program Files\Java\jdk1.8.0_45
CLASSPATH=C:\Program Files\Java\jdk1.8.0_45\lib\dt.jar;C:\Program Files\Java\jdk1.8.0_45\lib\tools.jar;
PATH=C:\Program Files (x86)\JetBrains\IntelliJ IDEA 12.1.7\bin\..\.\bin;C:\ProgramData\Oracle\Java\javapath;C:\Program Files (x86)\Common Files\NetSarang;C:\windows\system32;C:\windows;C:\windows\System32\Wbem;C:\windows\System32\WindowsPowerShell\v1.0\;C:\Program Files\Java\jdk1.8.0_45\bin;C:\Program Files\Java\jdk1.8.0_45\jre\bin;C:\Program Files\TortoiseSVN\bin;C:\cygwin\bin;C:\cygwin\bin;;c:\program files (x86)\jetbrains\intellij idea 12.1.7\jre\jre\bin
USERNAME=Administrator
OS=Windows_NT
PROCESSOR_IDENTIFIER=Intel64 Family 6 Model 58 Stepping 9, GenuineIntel



---------------  S Y S T E M  ---------------

OS: Windows 7 , 64 bit Build 7601 (6.1.7601.17965)

CPU:total 2 (2 cores per cpu, 1 threads per core) family 6 model 58 stepping 9, cmov, cx8, fxsr, mmx, sse, sse2, sse3, ssse3, sse4.1, sse4.2, popcnt, clmul, erms, tsc, tscinvbit, tscinv

Memory: 4k page, physical 8333864k(4748828k free), swap 25109228k(20753836k free)

vm_info: Java HotSpot(TM) 64-Bit Server VM (25.45-b02) for windows-amd64 JRE (1.8.0_45-b14), built on Apr 10 2015 10:34:15 by "java_re" with MS VC++ 10.0 (VS2010)

time: Tue Jan 26 10:40:55 2016
elapsed time: 17 seconds (0d 0h 0m 17s)

