#
# A fatal error has been detected by the Java Runtime Environment:
#
#  EXCEPTION_ACCESS_VIOLATION (0xc0000005) at pc=0x0000000002ec1945, pid=3872, tid=4504
#
# JRE version: Java(TM) SE Runtime Environment (8.0_45-b14) (build 1.8.0_45-b14)
# Java VM: Java HotSpot(TM) 64-Bit Server VM (25.45-b02 mixed mode windows-amd64 compressed oops)
# Problematic frame:
# J 2467 C2 org.apache.maven.model.Dependency.getManagementKey()Ljava/lang/String; (79 bytes) @ 0x0000000002ec1945 [0x0000000002ec1680+0x2c5]
#
# Failed to write core dump. Minidumps are not enabled by default on client versions of Windows
#
# If you would like to submit a bug report, please visit:
#   http://bugreport.java.com/bugreport/crash.jsp
#

---------------  T H R E A D  ---------------

Current thread (0x000000000244e800):  JavaThread "main" [_thread_in_Java, id=4504, stack(0x0000000002650000,0x0000000002750000)]

siginfo: ExceptionCode=0xc0000005, reading address 0x00000000406219bc

Registers:
RAX=0x0000000000000000, RBX=0x00000000406219b0, RCX=0x0000000000000001, RDX=0x0000000000000000
RSP=0x000000000274c0b0, RBP=0x0000000000000005, RSI=0x00000000d99e39c0, RDI=0x0000000016a30da0
R8 =0x0000000000000001, R9 =0x0000000016a30da0, R10=0x00000000d99e39c0, R11=0x00000000d9af2d00
R12=0x0000000000000000, R13=0x00000000d9af2d00, R14=0x000000000000000a, R15=0x000000000244e800
RIP=0x0000000002ec1945, EFLAGS=0x0000000000010246

Top of Stack: (sp=0x000000000274c0b0)
0x000000000274c0b0:   00000000815b82f8 00000000d9af05e0
0x000000000274c0c0:   00000000d9af15a8 00000000d9af15b8
0x000000000274c0d0:   d9af2d0000000005 00000000d99e39c0
0x000000000274c0e0:   0000000600000010 0000000000000005
0x000000000274c0f0:   00000000d9af2d00 00000000d9af2d00
0x000000000274c100:   00000000815b9420 0000000000000005
0x000000000274c110:   0000000c0000000b 0000000002a6ca54
0x000000000274c120:   00000000d9af15f0 00000000d9af17e8
0x000000000274c130:   00000000d9af2d00 00000000d9af189c
0x000000000274c140:   000000011694c878 00000000d9af2bb0
0x000000000274c150:   00000000d9af1ea0 00000000d5ccdde9
0x000000000274c160:   000000000274c948 00000000030e8e8c
0x000000000274c170:   000000000274c948 0000000002e3a764
0x000000000274c180:   000000000274c948 0000000002eb6a8c
0x000000000274c190:   00000000d9af06c0 00000000d9ada248
0x000000000274c1a0:   0000000000000000 00000000d9af05e0 

Instructions: (pc=0x0000000002ec1945)
0x0000000002ec1925:   8b 4c 24 50 41 b8 01 00 00 00 49 ba 80 24 7a 02
0x0000000002ec1935:   00 00 00 00 41 ff d2 4c 8b 54 24 28 41 8b 5a 18
0x0000000002ec1945:   44 8b 53 0c 45 8b 6a 0c 45 03 f5 44 89 b4 24 90
0x0000000002ec1955:   00 00 00 45 8b d6 44 2b 54 24 30 45 8b c6 41 83 


Register to memory mapping:

RAX=0x0000000000000000 is an unknown value
RBX=0x00000000406219b0 is an unknown value
RCX=0x0000000000000001 is an unknown value
RDX=0x0000000000000000 is an unknown value
RSP=0x000000000274c0b0 is pointing into the stack for thread: 0x000000000244e800
RBP=0x0000000000000005 is an unknown value
RSI=0x00000000d99e39c0 is an oop
org.apache.maven.model.Dependency 
 - klass: 'org/apache/maven/model/Dependency'
RDI=0x0000000016a30da0 is pointing into metadata
R8 =0x0000000000000001 is an unknown value
R9 =0x0000000016a30da0 is pointing into metadata
R10=0x00000000d99e39c0 is an oop
org.apache.maven.model.Dependency 
 - klass: 'org/apache/maven/model/Dependency'
R11=0x00000000d9af2d00 is an oop
[C 
 - klass: {type array char}
 - length: 16
R12=0x0000000000000000 is an unknown value
R13=0x00000000d9af2d00 is an oop
[C 
 - klass: {type array char}
 - length: 16
R14=0x000000000000000a is an unknown value
R15=0x000000000244e800 is a thread


Stack: [0x0000000002650000,0x0000000002750000],  sp=0x000000000274c0b0,  free space=1008k
Native frames: (J=compiled Java code, j=interpreted, Vv=VM code, C=native code)
C  0x0000000002ec1945


---------------  P R O C E S S  ---------------

Java Threads: ( => current thread )
  0x0000000058672000 JavaThread "Monitor Ctrl-Break" daemon [_thread_in_native, id=1304, stack(0x0000000058f30000,0x0000000059030000)]
  0x0000000058600800 JavaThread "Service Thread" daemon [_thread_blocked, id=1228, stack(0x00000000589e0000,0x0000000058ae0000)]
  0x0000000057313000 JavaThread "C1 CompilerThread1" daemon [_thread_blocked, id=2668, stack(0x00000000584d0000,0x00000000585d0000)]
  0x00000000572ca000 JavaThread "C2 CompilerThread0" daemon [_thread_in_native, id=4084, stack(0x0000000058320000,0x0000000058420000)]
  0x00000000572c9000 JavaThread "Attach Listener" daemon [_thread_blocked, id=1360, stack(0x0000000057ea0000,0x0000000057fa0000)]
  0x00000000572b1800 JavaThread "Signal Dispatcher" daemon [_thread_blocked, id=4880, stack(0x00000000581d0000,0x00000000582d0000)]
  0x000000005725c800 JavaThread "Finalizer" daemon [_thread_blocked, id=112, stack(0x0000000057fc0000,0x00000000580c0000)]
  0x0000000057252000 JavaThread "Reference Handler" daemon [_thread_blocked, id=3380, stack(0x0000000057d30000,0x0000000057e30000)]
=>0x000000000244e800 JavaThread "main" [_thread_in_Java, id=4504, stack(0x0000000002650000,0x0000000002750000)]

Other Threads:
  0x000000005724c800 VMThread [stack: 0x0000000057ba0000,0x0000000057ca0000] [id=1780]
  0x000000005731b800 WatcherThread [stack: 0x0000000058c70000,0x0000000058d70000] [id=4600]

VM state:not at safepoint (normal execution)

VM Mutex/Monitor currently owned by a thread: None

Heap:
 PSYoungGen      total 275968K, used 76277K [0x00000000d5980000, 0x00000000e7380000, 0x0000000100000000)
  eden space 264192K, 25% used [0x00000000d5980000,0x00000000d9c354e8,0x00000000e5b80000)
  from space 11776K, 67% used [0x00000000e6800000,0x00000000e6fc8020,0x00000000e7380000)
  to   space 12288K, 0% used [0x00000000e5b80000,0x00000000e5b80000,0x00000000e6780000)
 ParOldGen       total 87552K, used 15315K [0x0000000080c00000, 0x0000000086180000, 0x00000000d5980000)
  object space 87552K, 17% used [0x0000000080c00000,0x0000000081af4fa8,0x0000000086180000)
 Metaspace       used 18716K, capacity 19386K, committed 19584K, reserved 1067008K
  class space    used 2167K, capacity 2348K, committed 2432K, reserved 1048576K

Card table byte_map: [0x0000000011b10000,0x0000000011f10000] byte_map_base: 0x000000001170a000

Marking Bits: (ParMarkBitMap*) 0x000000005d9a4040
 Begin Bits: [0x0000000012580000, 0x0000000014550000)
 End Bits:   [0x0000000014550000, 0x0000000016520000)

Polling page: 0x0000000000240000

CodeCache: size=245760Kb used=11875Kb max_used=11875Kb free=233884Kb
 bounds [0x0000000002750000, 0x00000000032f0000, 0x0000000011750000]
 total_blobs=4129 nmethods=3790 adapters=252
 compilation: enabled

Compilation events (10 events):
Event: 5.153 Thread 0x0000000057313000 3839       1       org.apache.maven.model.management.DefaultDependencyManagementInjector$ManagementModelMerger::mergeDependency_Optional (1 bytes)
Event: 5.153 Thread 0x0000000057313000 nmethod 3839 0x00000000032eb650 code [0x00000000032eb7a0, 0x00000000032eb8b0]
Event: 5.165 Thread 0x0000000057313000 3840       2       java.util.regex.Pattern::RemoveQEQuoting (346 bytes)
Event: 5.166 Thread 0x0000000057313000 nmethod 3840 0x00000000032eb910 code [0x00000000032ebae0, 0x00000000032ec3f8]
Event: 5.166 Thread 0x0000000057313000 3841       2       java.util.regex.Pattern$Start::<init> (35 bytes)
Event: 5.166 Thread 0x0000000057313000 nmethod 3841 0x00000000032ecb50 code [0x00000000032eccc0, 0x00000000032ecee8]
Event: 5.166 Thread 0x0000000057313000 3842       2       java.util.regex.Pattern$TreeInfo::<init> (9 bytes)
Event: 5.167 Thread 0x0000000057313000 nmethod 3842 0x00000000032ecf90 code [0x00000000032ed0e0, 0x00000000032ed250]
Event: 5.185 Thread 0x0000000057313000 3843       2       org.apache.maven.project.artifact.MavenMetadataSource::createDependencyFilter (134 bytes)
Event: 5.186 Thread 0x0000000057313000 nmethod 3843 0x00000000032ed2d0 code [0x00000000032ed560, 0x00000000032ee288]

GC Heap History (10 events):
Event: 2.113 GC heap before
{Heap before GC invocations=4 (full 0):
 PSYoungGen      total 38400K, used 38392K [0x00000000d5980000, 0x00000000da480000, 0x0000000100000000)
  eden space 33280K, 100% used [0x00000000d5980000,0x00000000d7a00000,0x00000000d7a00000)
  from space 5120K, 99% used [0x00000000d7a00000,0x00000000d7efe050,0x00000000d7f00000)
  to   space 5120K, 0% used [0x00000000d9f80000,0x00000000d9f80000,0x00000000da480000)
 ParOldGen       total 87552K, used 4939K [0x0000000080c00000, 0x0000000086180000, 0x00000000d5980000)
  object space 87552K, 5% used [0x0000000080c00000,0x00000000810d2cc8,0x0000000086180000)
 Metaspace       used 14375K, capacity 14658K, committed 14848K, reserved 1062912K
  class space    used 1705K, capacity 1781K, committed 1792K, reserved 1048576K
Event: 2.125 GC heap after
Heap after GC invocations=4 (full 0):
 PSYoungGen      total 71680K, used 5096K [0x00000000d5980000, 0x00000000da480000, 0x0000000100000000)
  eden space 66560K, 0% used [0x00000000d5980000,0x00000000d5980000,0x00000000d9a80000)
  from space 5120K, 99% used [0x00000000d9f80000,0x00000000da47a020,0x00000000da480000)
  to   space 5120K, 0% used [0x00000000d9a80000,0x00000000d9a80000,0x00000000d9f80000)
 ParOldGen       total 87552K, used 6827K [0x0000000080c00000, 0x0000000086180000, 0x00000000d5980000)
  object space 87552K, 7% used [0x0000000080c00000,0x00000000812aacc8,0x0000000086180000)
 Metaspace       used 14375K, capacity 14658K, committed 14848K, reserved 1062912K
  class space    used 1705K, capacity 1781K, committed 1792K, reserved 1048576K
}
Event: 2.486 GC heap before
{Heap before GC invocations=5 (full 0):
 PSYoungGen      total 71680K, used 71656K [0x00000000d5980000, 0x00000000da480000, 0x0000000100000000)
  eden space 66560K, 100% used [0x00000000d5980000,0x00000000d9a80000,0x00000000d9a80000)
  from space 5120K, 99% used [0x00000000d9f80000,0x00000000da47a020,0x00000000da480000)
  to   space 5120K, 0% used [0x00000000d9a80000,0x00000000d9a80000,0x00000000d9f80000)
 ParOldGen       total 87552K, used 6827K [0x0000000080c00000, 0x0000000086180000, 0x00000000d5980000)
  object space 87552K, 7% used [0x0000000080c00000,0x00000000812aacc8,0x0000000086180000)
 Metaspace       used 14628K, capacity 14862K, committed 15104K, reserved 1062912K
  class space    used 1706K, capacity 1783K, committed 1792K, reserved 1048576K
Event: 2.533 GC heap after
Heap after GC invocations=5 (full 0):
 PSYoungGen      total 71680K, used 5096K [0x00000000d5980000, 0x00000000ded80000, 0x0000000100000000)
  eden space 66560K, 0% used [0x00000000d5980000,0x00000000d5980000,0x00000000d9a80000)
  from space 5120K, 99% used [0x00000000d9a80000,0x00000000d9f7a020,0x00000000d9f80000)
  to   space 9216K, 0% used [0x00000000de480000,0x00000000de480000,0x00000000ded80000)
 ParOldGen       total 87552K, used 9943K [0x0000000080c00000, 0x0000000086180000, 0x00000000d5980000)
  object space 87552K, 11% used [0x0000000080c00000,0x00000000815b5ce8,0x0000000086180000)
 Metaspace       used 14628K, capacity 14862K, committed 15104K, reserved 1062912K
  class space    used 1706K, capacity 1783K, committed 1792K, reserved 1048576K
}
Event: 2.996 GC heap before
{Heap before GC invocations=6 (full 0):
 PSYoungGen      total 71680K, used 71656K [0x00000000d5980000, 0x00000000ded80000, 0x0000000100000000)
  eden space 66560K, 100% used [0x00000000d5980000,0x00000000d9a80000,0x00000000d9a80000)
  from space 5120K, 99% used [0x00000000d9a80000,0x00000000d9f7a020,0x00000000d9f80000)
  to   space 9216K, 0% used [0x00000000de480000,0x00000000de480000,0x00000000ded80000)
 ParOldGen       total 87552K, used 9943K [0x0000000080c00000, 0x0000000086180000, 0x00000000d5980000)
  object space 87552K, 11% used [0x0000000080c00000,0x00000000815b5ce8,0x0000000086180000)
 Metaspace       used 15438K, capacity 15852K, committed 16000K, reserved 1062912K
  class space    used 1792K, capacity 1920K, committed 1920K, reserved 1048576K
Event: 3.018 GC heap after
Heap after GC invocations=6 (full 0):
 PSYoungGen      total 141312K, used 8716K [0x00000000d5980000, 0x00000000def80000, 0x0000000100000000)
  eden space 132096K, 0% used [0x00000000d5980000,0x00000000d5980000,0x00000000dda80000)
  from space 9216K, 94% used [0x00000000de480000,0x00000000ded03030,0x00000000ded80000)
  to   space 10240K, 0% used [0x00000000dda80000,0x00000000dda80000,0x00000000de480000)
 ParOldGen       total 87552K, used 9951K [0x0000000080c00000, 0x0000000086180000, 0x00000000d5980000)
  object space 87552K, 11% used [0x0000000080c00000,0x00000000815b7ce8,0x0000000086180000)
 Metaspace       used 15438K, capacity 15852K, committed 16000K, reserved 1062912K
  class space    used 1792K, capacity 1920K, committed 1920K, reserved 1048576K
}
Event: 4.282 GC heap before
{Heap before GC invocations=7 (full 0):
 PSYoungGen      total 141312K, used 140812K [0x00000000d5980000, 0x00000000def80000, 0x0000000100000000)
  eden space 132096K, 100% used [0x00000000d5980000,0x00000000dda80000,0x00000000dda80000)
  from space 9216K, 94% used [0x00000000de480000,0x00000000ded03030,0x00000000ded80000)
  to   space 10240K, 0% used [0x00000000dda80000,0x00000000dda80000,0x00000000de480000)
 ParOldGen       total 87552K, used 9951K [0x0000000080c00000, 0x0000000086180000, 0x00000000d5980000)
  object space 87552K, 11% used [0x0000000080c00000,0x00000000815b7ce8,0x0000000086180000)
 Metaspace       used 18506K, capacity 19124K, committed 19328K, reserved 1067008K
  class space    used 2166K, capacity 2347K, committed 2432K, reserved 1048576K
Event: 4.332 GC heap after
Heap after GC invocations=7 (full 0):
 PSYoungGen      total 142336K, used 10222K [0x00000000d5980000, 0x00000000e7480000, 0x0000000100000000)
  eden space 132096K, 0% used [0x00000000d5980000,0x00000000d5980000,0x00000000dda80000)
  from space 10240K, 99% used [0x00000000dda80000,0x00000000de47b960,0x00000000de480000)
  to   space 12800K, 0% used [0x00000000e6800000,0x00000000e6800000,0x00000000e7480000)
 ParOldGen       total 87552K, used 13475K [0x0000000080c00000, 0x0000000086180000, 0x00000000d5980000)
  object space 87552K, 15% used [0x0000000080c00000,0x0000000081928fa8,0x0000000086180000)
 Metaspace       used 18506K, capacity 19124K, committed 19328K, reserved 1067008K
  class space    used 2166K, capacity 2347K, committed 2432K, reserved 1048576K
}
Event: 4.871 GC heap before
{Heap before GC invocations=8 (full 0):
 PSYoungGen      total 142336K, used 142318K [0x00000000d5980000, 0x00000000e7480000, 0x0000000100000000)
  eden space 132096K, 100% used [0x00000000d5980000,0x00000000dda80000,0x00000000dda80000)
  from space 10240K, 99% used [0x00000000dda80000,0x00000000de47b960,0x00000000de480000)
  to   space 12800K, 0% used [0x00000000e6800000,0x00000000e6800000,0x00000000e7480000)
 ParOldGen       total 87552K, used 13475K [0x0000000080c00000, 0x0000000086180000, 0x00000000d5980000)
  object space 87552K, 15% used [0x0000000080c00000,0x0000000081928fa8,0x0000000086180000)
 Metaspace       used 18664K, capacity 19316K, committed 19584K, reserved 1067008K
  class space    used 2166K, capacity 2347K, committed 2432K, reserved 1048576K
Event: 4.956 GC heap after
Heap after GC invocations=8 (full 0):
 PSYoungGen      total 275968K, used 7968K [0x00000000d5980000, 0x00000000e7380000, 0x0000000100000000)
  eden space 264192K, 0% used [0x00000000d5980000,0x00000000d5980000,0x00000000e5b80000)
  from space 11776K, 67% used [0x00000000e6800000,0x00000000e6fc8020,0x00000000e7380000)
  to   space 12288K, 0% used [0x00000000e5b80000,0x00000000e5b80000,0x00000000e6780000)
 ParOldGen       total 87552K, used 15315K [0x0000000080c00000, 0x0000000086180000, 0x00000000d5980000)
  object space 87552K, 17% used [0x0000000080c00000,0x0000000081af4fa8,0x0000000086180000)
 Metaspace       used 18664K, capacity 19316K, committed 19584K, reserved 1067008K
  class space    used 2166K, capacity 2347K, committed 2432K, reserved 1048576K
}

Deoptimization events (10 events):
Event: 3.174 Thread 0x000000000244e800 Uncommon trap: reason=unstable_if action=reinterpret pc=0x0000000002a92e1c method=java.util.concurrent.ConcurrentHashMap.putVal(Ljava/lang/Object;Ljava/lang/Object;Z)Ljava/lang/Object; @ 206
Event: 3.256 Thread 0x000000000244e800 Uncommon trap: reason=bimorphic action=maybe_recompile pc=0x0000000002d28a84 method=java.util.regex.Pattern$CharProperty.match(Ljava/util/regex/Matcher;ILjava/lang/CharSequence;)Z @ 37
Event: 3.416 Thread 0x000000000244e800 Uncommon trap: reason=bimorphic action=maybe_recompile pc=0x0000000002d28a84 method=java.util.regex.Pattern$CharProperty.match(Ljava/util/regex/Matcher;ILjava/lang/CharSequence;)Z @ 37
Event: 3.917 Thread 0x000000000244e800 Uncommon trap: reason=predicate action=maybe_recompile pc=0x0000000002a6f9f8 method=sun.net.www.ParseUtil.encodePath(Ljava/lang/String;Z)Ljava/lang/String; @ 36
Event: 3.951 Thread 0x000000000244e800 Uncommon trap: reason=unstable_if action=reinterpret pc=0x000000000308435c method=org.apache.maven.model.Dependency.clone()Lorg/apache/maven/model/Dependency; @ 76
Event: 3.953 Thread 0x000000000244e800 Uncommon trap: reason=bimorphic action=maybe_recompile pc=0x0000000002d7e204 method=java.util.regex.Matcher.match(II)Z @ 86
Event: 3.953 Thread 0x000000000244e800 Uncommon trap: reason=bimorphic action=maybe_recompile pc=0x0000000002d7e204 method=java.util.regex.Matcher.match(II)Z @ 86
Event: 3.953 Thread 0x000000000244e800 Uncommon trap: reason=bimorphic action=maybe_recompile pc=0x0000000002d7e204 method=java.util.regex.Matcher.match(II)Z @ 86
Event: 3.953 Thread 0x000000000244e800 Uncommon trap: reason=bimorphic action=maybe_recompile pc=0x0000000002d7e204 method=java.util.regex.Matcher.match(II)Z @ 86
Event: 4.621 Thread 0x000000000244e800 Uncommon trap: reason=class_check action=maybe_recompile pc=0x00000000030bb550 method=java.util.regex.Pattern$Curly.match0(Ljava/util/regex/Matcher;IILjava/lang/CharSequence;)Z @ 16

Internal exceptions (10 events):
Event: 0.459 Thread 0x000000000244e800 Exception <a 'java/lang/ArrayIndexOutOfBoundsException'> (0x00000000d68ebcc8) thrown at [C:\re\workspace\8-2-build-windows-amd64-cygwin\jdk8u45\3457\hotspot\src\share\vm\runtime\sharedRuntime.cpp, line 605]
Event: 0.466 Thread 0x000000000244e800 Exception <a 'java/lang/ArrayIndexOutOfBoundsException'> (0x00000000d6939e10) thrown at [C:\re\workspace\8-2-build-windows-amd64-cygwin\jdk8u45\3457\hotspot\src\share\vm\runtime\sharedRuntime.cpp, line 605]
Event: 0.593 Thread 0x000000000244e800 Exception <a 'java/lang/ArrayIndexOutOfBoundsException'> (0x00000000d7754818) thrown at [C:\re\workspace\8-2-build-windows-amd64-cygwin\jdk8u45\3457\hotspot\src\share\vm\runtime\sharedRuntime.cpp, line 605]
Event: 0.593 Thread 0x000000000244e800 Exception <a 'java/lang/ArrayIndexOutOfBoundsException'> (0x00000000d7756110) thrown at [C:\re\workspace\8-2-build-windows-amd64-cygwin\jdk8u45\3457\hotspot\src\share\vm\runtime\sharedRuntime.cpp, line 605]
Event: 0.625 Thread 0x000000000244e800 Exception <a 'java/lang/ArrayIndexOutOfBoundsException'> (0x00000000d789a610) thrown at [C:\re\workspace\8-2-build-windows-amd64-cygwin\jdk8u45\3457\hotspot\src\share\vm\runtime\sharedRuntime.cpp, line 605]
Event: 0.634 Thread 0x000000000244e800 Exception <a 'java/lang/ArrayIndexOutOfBoundsException'> (0x00000000d79374e0) thrown at [C:\re\workspace\8-2-build-windows-amd64-cygwin\jdk8u45\3457\hotspot\src\share\vm\runtime\sharedRuntime.cpp, line 605]
Event: 0.634 Thread 0x000000000244e800 Exception <a 'java/lang/ArrayIndexOutOfBoundsException'> (0x00000000d7938238) thrown at [C:\re\workspace\8-2-build-windows-amd64-cygwin\jdk8u45\3457\hotspot\src\share\vm\runtime\sharedRuntime.cpp, line 605]
Event: 1.385 Thread 0x000000000244e800 Implicit null exception at 0x0000000002aba105 to 0x0000000002aba2d1
Event: 1.385 Thread 0x000000000244e800 Implicit null exception at 0x0000000002a7f9ef to 0x0000000002a7fa55
Event: 1.579 Thread 0x000000000244e800 Implicit null exception at 0x0000000002ce6bce to 0x0000000002ce7f19

Events (10 events):
Event: 5.141 Thread 0x000000000244e800 DEOPT PACKING pc=0x0000000002d1b894 sp=0x000000000274b3e0
Event: 5.142 Thread 0x000000000244e800 DEOPT UNPACKING pc=0x000000000279747f sp=0x000000000274b1e0 mode 0
Event: 5.142 Thread 0x000000000244e800 DEOPT PACKING pc=0x0000000002d1b894 sp=0x000000000274b140
Event: 5.142 Thread 0x000000000244e800 DEOPT UNPACKING pc=0x000000000279747f sp=0x000000000274af40 mode 0
Event: 5.142 Thread 0x000000000244e800 DEOPT PACKING pc=0x0000000002d1b894 sp=0x000000000274af30
Event: 5.142 Thread 0x000000000244e800 DEOPT UNPACKING pc=0x000000000279747f sp=0x000000000274ad30 mode 0
Event: 5.142 Thread 0x000000000244e800 DEOPT PACKING pc=0x0000000002d1b894 sp=0x000000000274b290
Event: 5.142 Thread 0x000000000244e800 DEOPT UNPACKING pc=0x000000000279747f sp=0x000000000274b090 mode 0
Event: 5.142 Thread 0x000000000244e800 DEOPT PACKING pc=0x0000000002d1b894 sp=0x000000000274b120
Event: 5.142 Thread 0x000000000244e800 DEOPT UNPACKING pc=0x000000000279747f sp=0x000000000274af20 mode 0


Dynamic libraries:
0x000000013fcf0000 - 0x000000013fd27000 	C:\Program Files\Java\jdk1.8.0_45\bin\java.exe
0x0000000077820000 - 0x00000000779c9000 	C:\windows\SYSTEM32\ntdll.dll
0x00000000775a0000 - 0x00000000776bf000 	C:\windows\system32\kernel32.dll
0x000007fefdd30000 - 0x000007fefdd9c000 	C:\windows\system32\KERNELBASE.dll
0x000007fefe5d0000 - 0x000007fefe6ab000 	C:\windows\system32\ADVAPI32.dll
0x000007fefe430000 - 0x000007fefe4cf000 	C:\windows\system32\msvcrt.dll
0x000007fefe050000 - 0x000007fefe06f000 	C:\windows\SYSTEM32\sechost.dll
0x000007feff620000 - 0x000007feff74d000 	C:\windows\system32\RPCRT4.dll
0x0000000077140000 - 0x000000007723a000 	C:\windows\system32\USER32.dll
0x000007feff5b0000 - 0x000007feff617000 	C:\windows\system32\GDI32.dll
0x000007feff5a0000 - 0x000007feff5ae000 	C:\windows\system32\LPK.dll
0x000007feff970000 - 0x000007feffa39000 	C:\windows\system32\USP10.dll
0x000007fefc8a0000 - 0x000007fefca94000 	C:\windows\WinSxS\amd64_microsoft.windows.common-controls_6595b64144ccf1df_6.0.7601.17514_none_fa396087175ac9ac\COMCTL32.dll
0x000007fefe4d0000 - 0x000007fefe541000 	C:\windows\system32\SHLWAPI.dll
0x000007feffa40000 - 0x000007feffa6e000 	C:\windows\system32\IMM32.DLL
0x000007fefe6b0000 - 0x000007fefe7b9000 	C:\windows\system32\MSCTF.dll
0x0000000066e60000 - 0x0000000066f32000 	C:\Program Files\Java\jdk1.8.0_45\jre\bin\msvcr100.dll
0x000000005d1a0000 - 0x000000005da23000 	C:\Program Files\Java\jdk1.8.0_45\jre\bin\server\jvm.dll
0x000007fefc6f0000 - 0x000007fefc6f9000 	C:\windows\system32\WSOCK32.dll
0x000007fefe7c0000 - 0x000007fefe80d000 	C:\windows\system32\WS2_32.dll
0x000007feff960000 - 0x000007feff968000 	C:\windows\system32\NSI.dll
0x000007fefba30000 - 0x000007fefba6b000 	C:\windows\system32\WINMM.dll
0x000007fefcdc0000 - 0x000007fefcdcc000 	C:\windows\system32\VERSION.dll
0x00000000779f0000 - 0x00000000779f7000 	C:\windows\system32\PSAPI.DLL
0x0000000069310000 - 0x000000006931f000 	C:\Program Files\Java\jdk1.8.0_45\jre\bin\verify.dll
0x0000000068940000 - 0x0000000068969000 	C:\Program Files\Java\jdk1.8.0_45\jre\bin\java.dll
0x0000000067070000 - 0x0000000067086000 	C:\Program Files\Java\jdk1.8.0_45\jre\bin\zip.dll
0x000007fefe810000 - 0x000007feff598000 	C:\windows\system32\SHELL32.dll
0x000007feff750000 - 0x000007feff953000 	C:\windows\system32\ole32.dll
0x000007fefdc80000 - 0x000007fefdc8f000 	C:\windows\system32\profapi.dll
0x000007fefc6e0000 - 0x000007fefc6f0000 	C:\Program Files (x86)\JetBrains\IntelliJ IDEA 12.1.7\bin\breakgen64.dll
0x0000000067050000 - 0x000000006706a000 	C:\Program Files\Java\jdk1.8.0_45\jre\bin\net.dll
0x000007fefd4b0000 - 0x000007fefd505000 	C:\windows\system32\mswsock.dll
0x000007fefd4a0000 - 0x000007fefd4a7000 	C:\windows\System32\wship6.dll
0x0000000066e40000 - 0x0000000066e51000 	C:\Program Files\Java\jdk1.8.0_45\jre\bin\nio.dll
0x000007fefdb50000 - 0x000007fefdba7000 	C:\windows\system32\apphelp.dll
0x000007fef3080000 - 0x000007fef31a5000 	C:\windows\system32\dbghelp.dll

VM Arguments:
jvm_args: -Dmaven.home=F:\apache-maven-3.2.3 -Dclassworlds.conf=F:\apache-maven-3.2.3\bin\m2.conf -Didea.launcher.port=7536 -Didea.launcher.bin.path=C:\Program Files (x86)\JetBrains\IntelliJ IDEA 12.1.7\bin -Dfile.encoding=UTF-8 
java_command: com.intellij.rt.execution.application.AppMain org.codehaus.classworlds.Launcher --fail-fast --strict-checksums deploy
java_class_path (initial): F:\apache-maven-3.2.3\boot\plexus-classworlds-2.5.1.jar;C:\Program Files (x86)\JetBrains\IntelliJ IDEA 12.1.7\lib\idea_rt.jar
Launcher Type: SUN_STANDARD

Environment Variables:
JAVA_HOME=C:\Program Files\Java\jdk1.8.0_45
CLASSPATH=C:\Program Files\Java\jdk1.8.0_45\lib\dt.jar;C:\Program Files\Java\jdk1.8.0_45\lib\tools.jar;
PATH=C:\Program Files (x86)\JetBrains\IntelliJ IDEA 12.1.7\bin\..\.\bin;C:\ProgramData\Oracle\Java\javapath;C:\Program Files (x86)\Common Files\NetSarang;C:\windows\system32;C:\windows;C:\windows\System32\Wbem;C:\windows\System32\WindowsPowerShell\v1.0\;C:\Program Files\Java\jdk1.8.0_45\bin;C:\Program Files\Java\jdk1.8.0_45\jre\bin;C:\Program Files\TortoiseSVN\bin;C:\cygwin\bin;C:\cygwin\bin;;c:\program files (x86)\jetbrains\intellij idea 12.1.7\jre\jre\bin
USERNAME=Administrator
OS=Windows_NT
PROCESSOR_IDENTIFIER=Intel64 Family 6 Model 58 Stepping 9, GenuineIntel



---------------  S Y S T E M  ---------------

OS: Windows 7 , 64 bit Build 7601 (6.1.7601.17965)

CPU:total 2 (2 cores per cpu, 1 threads per core) family 6 model 58 stepping 9, cmov, cx8, fxsr, mmx, sse, sse2, sse3, ssse3, sse4.1, sse4.2, popcnt, clmul, erms, tsc, tscinvbit, tscinv

Memory: 4k page, physical 8333864k(5044732k free), swap 25109228k(20792900k free)

vm_info: Java HotSpot(TM) 64-Bit Server VM (25.45-b02) for windows-amd64 JRE (1.8.0_45-b14), built on Apr 10 2015 10:34:15 by "java_re" with MS VC++ 10.0 (VS2010)

time: Mon Jan 25 16:56:16 2016
elapsed time: 5 seconds (0d 0h 0m 5s)

