#
# A fatal error has been detected by the Java Runtime Environment:
#
#  EXCEPTION_ACCESS_VIOLATION (0xc0000005) at pc=0x0000000068709fa8, pid=428, tid=1236
#
# JRE version: Java(TM) SE Runtime Environment (8.0_45-b14) (build 1.8.0_45-b14)
# Java VM: Java HotSpot(TM) 64-Bit Server VM (25.45-b02 mixed mode windows-amd64 compressed oops)
# Problematic frame:
# C  [zip.dll+0x9fa8]
#
# Failed to write core dump. Minidumps are not enabled by default on client versions of Windows
#
# If you would like to submit a bug report, please visit:
#   http://bugreport.java.com/bugreport/crash.jsp
# The crash happened outside the Java Virtual Machine in native code.
# See problematic frame for where to report the bug.
#

---------------  T H R E A D  ---------------

Current thread (0x00000000005fe800):  JavaThread "main" [_thread_in_native, id=1236, stack(0x0000000002800000,0x0000000002900000)]

siginfo: ExceptionCode=0xc0000005, reading address 0x000000001f8a53c8

Registers:
RAX=0x0000000000000000, RBX=0x00000000000003cd, RCX=0x000000005985f6b0, RDX=0x000000001f8a53b0
RSP=0x00000000028fb490, RBP=0x00000000005fe9f8, RSI=0x000000005985f6b0, RDI=0x000000001f8a53b0
R8 =0x0000000000000000, R9 =0x00000000028fb570, R10=0x0000000002ab35ef, R11=0x00000000ee6ec408
R12=0x00000000028fd608, R13=0x00000000ee6ec468, R14=0x00000000028fd620, R15=0x00000000005fe800
RIP=0x0000000068709fa8, EFLAGS=0x0000000000010206

Top of Stack: (sp=0x00000000028fb490)
0x00000000028fb490:   000000005ad03a20 0000000000000000
0x00000000028fb4a0:   0000000000000000 00000000028fb510
0x00000000028fb4b0:   000000001f8a53b0 000000006870220f
0x00000000028fb4c0:   00000000000003cd 00000000005fe9f8
0x00000000028fb4d0:   000000005985f6b0 0000000000000000
0x00000000028fb4e0:   00000000000003cd 00000000028fb550
0x00000000028fb4f0:   0000000000000000 0000000000000004
0x00000000028fb500:   ffffffffffffffff 00000000686cc8d9
0x00000000028fb510:   00000000005fe800 000000005ed23382
0x00000000028fb520:   00000000005fe800 0000000000000000
0x00000000028fb530:   0000000000000000 000000000000003b
0x00000000028fb540:   00000000005fe9f8 00000000686cc0f5
0x00000000028fb550:   0000000000000000 00000000005fe9f8
0x00000000028fb560:   0000000000000000 00000000028fd648
0x00000000028fb570:   00000000028fb580 83e39677320f9f5f
0x00000000028fb580:   636170612f67726f 6f6f6461682f6568 

Instructions: (pc=0x0000000068709fa8)
0x0000000068709f88:   00 48 8b 5c 24 70 48 83 c4 50 5f c3 48 89 5c 24
0x0000000068709f98:   08 48 89 6c 24 10 48 89 74 24 18 57 48 83 ec 20
0x0000000068709fa8:   4c 8b 52 18 49 8b e9 49 8b f0 48 8b d9 4d 85 d2
0x0000000068709fb8:   75 04 4c 8b 52 10 48 83 61 50 00 4d 85 c0 78 72 


Register to memory mapping:

RAX=0x0000000000000000 is an unknown value
RBX=0x00000000000003cd is an unknown value
RCX=0x000000005985f6b0 is an unknown value
RDX=0x000000001f8a53b0 is an unknown value
RSP=0x00000000028fb490 is pointing into the stack for thread: 0x00000000005fe800
RBP=0x00000000005fe9f8 is an unknown value
RSI=0x000000005985f6b0 is an unknown value
RDI=0x000000001f8a53b0 is an unknown value
R8 =0x0000000000000000 is an unknown value
R9 =0x00000000028fb570 is pointing into the stack for thread: 0x00000000005fe800
R10=0x0000000002ab35ef is at entry_point+111 in (nmethod*)0x0000000002ab3410
R11=0x00000000ee6ec408 is an oop
java.util.zip.ZipFile$ZipFileInputStream 
 - klass: 'java/util/zip/ZipFile$ZipFileInputStream'
R12=0x00000000028fd608 is pointing into the stack for thread: 0x00000000005fe800
R13=0x00000000ee6ec468 is an oop
java.util.zip.ZipFile$ZipFileInflaterInputStream 
 - klass: 'java/util/zip/ZipFile$ZipFileInflaterInputStream'
R14=0x00000000028fd620 is pointing into the stack for thread: 0x00000000005fe800
R15=0x00000000005fe800 is a thread


Stack: [0x0000000002800000,0x0000000002900000],  sp=0x00000000028fb490,  free space=1005k
Native frames: (J=compiled Java code, j=interpreted, Vv=VM code, C=native code)
C  [zip.dll+0x9fa8]
C  [zip.dll+0x220f]
C  0x0000000002ab366d

Java frames: (J=compiled Java code, j=interpreted, Vv=VM code)
J 300  java.util.zip.ZipFile.read(JJJ[BII)I (0 bytes) @ 0x0000000002ab35ef [0x0000000002ab3580+0x6f]
J 4734 C2 java.util.zip.InflaterInputStream.read([BII)I (138 bytes) @ 0x000000000354fa30 [0x000000000354f6a0+0x390]
J 4913 C2 org.codehaus.plexus.archiver.zip.AbstractZipArchiver.zipFile(Ljava/io/InputStream;Lorg/codehaus/plexus/archiver/zip/ZipOutputStream;Ljava/lang/String;JLjava/io/File;I)V (334 bytes) @ 0x00000000035725f4 [0x0000000003571fa0+0x654]
J 4963 C1 org.codehaus.plexus.archiver.jar.JarArchiver.zipFile(Ljava/io/InputStream;Lorg/codehaus/plexus/archiver/zip/ZipOutputStream;Ljava/lang/String;JLjava/io/File;I)V (132 bytes) @ 0x00000000030859d4 [0x0000000003085300+0x6d4]
J 4923 C2 org.codehaus.plexus.archiver.zip.AbstractZipArchiver.zipFile(Lorg/codehaus/plexus/archiver/ArchiveEntry;Lorg/codehaus/plexus/archiver/zip/ZipOutputStream;Ljava/lang/String;)V (91 bytes) @ 0x0000000002f8fdb8 [0x0000000002f8fb80+0x238]
j  org.codehaus.plexus.archiver.zip.AbstractZipArchiver.addResources(Lorg/codehaus/plexus/archiver/ResourceIterator;Lorg/codehaus/plexus/archiver/zip/ZipOutputStream;)V+125
j  org.codehaus.plexus.archiver.zip.AbstractZipArchiver.createArchiveMain()V+555
j  org.codehaus.plexus.archiver.zip.AbstractZipArchiver.execute()V+37
j  org.codehaus.plexus.archiver.AbstractArchiver.createArchive()V+31
j  org.apache.maven.plugin.assembly.archive.archiver.AssemblyProxyArchiver.createArchive()V+50
j  org.apache.maven.plugin.assembly.archive.DefaultAssemblyArchiver.createArchive(Lorg/apache/maven/plugin/assembly/model/Assembly;Ljava/lang/String;Ljava/lang/String;Lorg/apache/maven/plugin/assembly/AssemblerConfigurationSource;)Ljava/io/File;+245
j  org.apache.maven.plugin.assembly.mojos.AbstractAssemblyMojo.execute()V+212
j  org.apache.maven.plugin.DefaultBuildPluginManager.executeMojo(Lorg/apache/maven/execution/MavenSession;Lorg/apache/maven/plugin/MojoExecution;)V+155
j  org.apache.maven.lifecycle.internal.MojoExecutor.execute(Lorg/apache/maven/execution/MavenSession;Lorg/apache/maven/plugin/MojoExecution;Lorg/apache/maven/lifecycle/internal/ProjectIndex;Lorg/apache/maven/lifecycle/internal/DependencyContext;)V+215
j  org.apache.maven.lifecycle.internal.MojoExecutor.execute(Lorg/apache/maven/execution/MavenSession;Lorg/apache/maven/plugin/MojoExecution;Lorg/apache/maven/lifecycle/internal/ProjectIndex;Lorg/apache/maven/lifecycle/internal/DependencyContext;Lorg/apache/maven/lifecycle/internal/PhaseRecorder;)V+6
j  org.apache.maven.lifecycle.internal.MojoExecutor.execute(Lorg/apache/maven/execution/MavenSession;Ljava/util/List;Lorg/apache/maven/lifecycle/internal/ProjectIndex;)V+60
j  org.apache.maven.lifecycle.internal.LifecycleModuleBuilder.buildProject(Lorg/apache/maven/execution/MavenSession;Lorg/apache/maven/execution/MavenSession;Lorg/apache/maven/lifecycle/internal/ReactorContext;Lorg/apache/maven/project/MavenProject;Lorg/apache/maven/lifecycle/internal/TaskSegment;)V+176
j  org.apache.maven.lifecycle.internal.LifecycleModuleBuilder.buildProject(Lorg/apache/maven/execution/MavenSession;Lorg/apache/maven/lifecycle/internal/ReactorContext;Lorg/apache/maven/project/MavenProject;Lorg/apache/maven/lifecycle/internal/TaskSegment;)V+7
j  org.apache.maven.lifecycle.internal.builder.singlethreaded.SingleThreadedBuilder.build(Lorg/apache/maven/execution/MavenSession;Lorg/apache/maven/lifecycle/internal/ReactorContext;Lorg/apache/maven/lifecycle/internal/ProjectBuildList;Ljava/util/List;Lorg/apache/maven/lifecycle/internal/ReactorBuildStatus;)V+77
j  org.apache.maven.lifecycle.internal.LifecycleStarter.execute(Lorg/apache/maven/execution/MavenSession;)V+346
j  org.apache.maven.DefaultMaven.doExecute(Lorg/apache/maven/execution/MavenExecutionRequest;)Lorg/apache/maven/execution/MavenExecutionResult;+554
j  org.apache.maven.DefaultMaven.execute(Lorg/apache/maven/execution/MavenExecutionRequest;)Lorg/apache/maven/execution/MavenExecutionResult;+11
j  org.apache.maven.cli.MavenCli.execute(Lorg/apache/maven/cli/MavenCli$CliRequest;)I+19
j  org.apache.maven.cli.MavenCli.doMain(Lorg/apache/maven/cli/MavenCli$CliRequest;)I+61
j  org.apache.maven.cli.MavenCli.main([Ljava/lang/String;Lorg/codehaus/plexus/classworlds/ClassWorld;)I+18
v  ~StubRoutines::call_stub
j  sun.reflect.NativeMethodAccessorImpl.invoke0(Ljava/lang/reflect/Method;Ljava/lang/Object;[Ljava/lang/Object;)Ljava/lang/Object;+0
j  sun.reflect.NativeMethodAccessorImpl.invoke(Ljava/lang/Object;[Ljava/lang/Object;)Ljava/lang/Object;+100
j  sun.reflect.DelegatingMethodAccessorImpl.invoke(Ljava/lang/Object;[Ljava/lang/Object;)Ljava/lang/Object;+6
j  java.lang.reflect.Method.invoke(Ljava/lang/Object;[Ljava/lang/Object;)Ljava/lang/Object;+56
j  org.codehaus.plexus.classworlds.launcher.Launcher.launchEnhanced([Ljava/lang/String;)V+45
j  org.codehaus.plexus.classworlds.launcher.Launcher.launch([Ljava/lang/String;)V+2
j  org.codehaus.plexus.classworlds.launcher.Launcher.mainWithExitCode([Ljava/lang/String;)I+101
j  org.codehaus.plexus.classworlds.launcher.Launcher.main([Ljava/lang/String;)V+1
j  org.codehaus.classworlds.Launcher.main([Ljava/lang/String;)V+1
v  ~StubRoutines::call_stub
j  sun.reflect.NativeMethodAccessorImpl.invoke0(Ljava/lang/reflect/Method;Ljava/lang/Object;[Ljava/lang/Object;)Ljava/lang/Object;+0
j  sun.reflect.NativeMethodAccessorImpl.invoke(Ljava/lang/Object;[Ljava/lang/Object;)Ljava/lang/Object;+100
j  sun.reflect.DelegatingMethodAccessorImpl.invoke(Ljava/lang/Object;[Ljava/lang/Object;)Ljava/lang/Object;+6
j  java.lang.reflect.Method.invoke(Ljava/lang/Object;[Ljava/lang/Object;)Ljava/lang/Object;+56
j  com.intellij.rt.execution.application.AppMain.main([Ljava/lang/String;)V+140
v  ~StubRoutines::call_stub

---------------  P R O C E S S  ---------------

Java Threads: ( => current thread )
  0x000000005a63c000 JavaThread "resolver-5" daemon [_thread_blocked, id=1240, stack(0x0000000058fb0000,0x00000000590b0000)]
  0x0000000059fcb000 JavaThread "resolver-4" daemon [_thread_blocked, id=3020, stack(0x000000005c9d0000,0x000000005cad0000)]
  0x0000000059951800 JavaThread "resolver-3" daemon [_thread_blocked, id=4920, stack(0x000000005c840000,0x000000005c940000)]
  0x0000000058b7b000 JavaThread "resolver-2" daemon [_thread_blocked, id=4388, stack(0x00000000591d0000,0x00000000592d0000)]
  0x000000005bbf0000 JavaThread "resolver-1" daemon [_thread_blocked, id=2856, stack(0x000000005c520000,0x000000005c620000)]
  0x0000000058848800 JavaThread "Monitor Ctrl-Break" daemon [_thread_in_native, id=3576, stack(0x00000000590d0000,0x00000000591d0000)]
  0x00000000587c0800 JavaThread "Service Thread" daemon [_thread_blocked, id=4416, stack(0x0000000058c60000,0x0000000058d60000)]
  0x0000000057289800 JavaThread "C1 CompilerThread1" daemon [_thread_blocked, id=4864, stack(0x00000000586a0000,0x00000000587a0000)]
  0x000000005727a000 JavaThread "C2 CompilerThread0" daemon [_thread_blocked, id=1604, stack(0x0000000058380000,0x0000000058480000)]
  0x0000000057279000 JavaThread "Attach Listener" daemon [_thread_blocked, id=980, stack(0x0000000058480000,0x0000000058580000)]
  0x0000000057261800 JavaThread "Signal Dispatcher" daemon [_thread_blocked, id=1920, stack(0x0000000058220000,0x0000000058320000)]
  0x000000005720c800 JavaThread "Finalizer" daemon [_thread_blocked, id=332, stack(0x00000000580c0000,0x00000000581c0000)]
  0x0000000057202000 JavaThread "Reference Handler" daemon [_thread_blocked, id=3612, stack(0x0000000057ef0000,0x0000000057ff0000)]
=>0x00000000005fe800 JavaThread "main" [_thread_in_native, id=1236, stack(0x0000000002800000,0x0000000002900000)]

Other Threads:
  0x00000000571fc800 VMThread [stack: 0x0000000057d20000,0x0000000057e20000] [id=2392]
  0x00000000587ca000 WatcherThread [stack: 0x0000000058d60000,0x0000000058e60000] [id=1780]

VM state:not at safepoint (normal execution)

VM Mutex/Monitor currently owned by a thread: None

Heap:
 PSYoungGen      total 670720K, used 411068K [0x00000000d5980000, 0x0000000100000000, 0x0000000100000000)
  eden space 646656K, 63% used [0x00000000d5980000,0x00000000eeaef2f8,0x00000000fd100000)
  from space 24064K, 0% used [0x00000000fd100000,0x00000000fd100000,0x00000000fe880000)
  to   space 24064K, 0% used [0x00000000fe880000,0x00000000fe880000,0x0000000100000000)
 ParOldGen       total 162304K, used 87545K [0x0000000080c00000, 0x000000008aa80000, 0x00000000d5980000)
  object space 162304K, 53% used [0x0000000080c00000,0x000000008617e510,0x000000008aa80000)
 Metaspace       used 19360K, capacity 20036K, committed 20352K, reserved 1067008K
  class space    used 2209K, capacity 2387K, committed 2432K, reserved 1048576K

Card table byte_map: [0x0000000011cc0000,0x00000000120c0000] byte_map_base: 0x00000000118ba000

Marking Bits: (ParMarkBitMap*) 0x000000005f3e4040
 Begin Bits: [0x0000000012530000, 0x0000000014500000)
 End Bits:   [0x0000000014500000, 0x00000000164d0000)

Polling page: 0x0000000000130000

CodeCache: size=245760Kb used=14240Kb max_used=14560Kb free=231519Kb
 bounds [0x0000000002900000, 0x0000000003780000, 0x0000000011900000]
 total_blobs=4408 nmethods=4068 adapters=253
 compilation: enabled

Compilation events (10 events):
Event: 22.132 Thread 0x0000000057289800 4960       3       java.io.ExpiringCache::cleanup (94 bytes)
Event: 22.133 Thread 0x0000000057289800 nmethod 4960 0x0000000002edfc50 code [0x0000000002edfe40, 0x0000000002ee07b8]
Event: 22.338 Thread 0x000000005727a000 4961       4       java.nio.charset.Charset::atBugLevel (44 bytes)
Event: 22.339 Thread 0x000000005727a000 nmethod 4961 0x0000000003172050 code [0x0000000003172180, 0x00000000031722d8]
Event: 22.380 Thread 0x000000005727a000 4962 %     4       java.io.ExpiringCache::cleanup @ 30 (94 bytes)
Event: 22.400 Thread 0x000000005727a000 nmethod 4962% 0x00000000035e9250 code [0x00000000035e9400, 0x00000000035ea078]
Event: 22.450 Thread 0x0000000057289800 4963       3       org.codehaus.plexus.archiver.jar.JarArchiver::zipFile (132 bytes)
Event: 22.451 Thread 0x0000000057289800 nmethod 4963 0x0000000003085050 code [0x0000000003085300, 0x0000000003086b48]
Event: 23.187 Thread 0x0000000057289800 4964   !   3       java.io.File::toURI (69 bytes)
Event: 23.188 Thread 0x0000000057289800 nmethod 4964 0x0000000002f3e910 code [0x0000000002f3eb80, 0x0000000002f3f9b8]

GC Heap History (10 events):
Event: 13.726 GC heap before
{Heap before GC invocations=12 (full 0):
 PSYoungGen      total 437248K, used 426912K [0x00000000d5980000, 0x0000000100000000, 0x0000000100000000)
  eden space 423936K, 100% used [0x00000000d5980000,0x00000000ef780000,0x00000000ef780000)
  from space 13312K, 22% used [0x00000000ef780000,0x00000000efa68000,0x00000000f0480000)
  to   space 13312K, 0% used [0x00000000ff300000,0x00000000ff300000,0x0000000100000000)
 ParOldGen       total 87552K, used 24556K [0x0000000080c00000, 0x0000000086180000, 0x00000000d5980000)
  object space 87552K, 28% used [0x0000000080c00000,0x00000000823fb0c8,0x0000000086180000)
 Metaspace       used 19051K, capacity 19678K, committed 19840K, reserved 1067008K
  class space    used 2194K, capacity 2354K, committed 2432K, reserved 1048576K
Event: 13.734 GC heap after
Heap after GC invocations=12 (full 0):
 PSYoungGen      total 681472K, used 4696K [0x00000000d5980000, 0x0000000100000000, 0x0000000100000000)
  eden space 668160K, 0% used [0x00000000d5980000,0x00000000d5980000,0x00000000fe600000)
  from space 13312K, 35% used [0x00000000ff300000,0x00000000ff796070,0x0000000100000000)
  to   space 13312K, 0% used [0x00000000fe600000,0x00000000fe600000,0x00000000ff300000)
 ParOldGen       total 87552K, used 26084K [0x0000000080c00000, 0x0000000086180000, 0x00000000d5980000)
  object space 87552K, 29% used [0x0000000080c00000,0x00000000825790c8,0x0000000086180000)
 Metaspace       used 19051K, capacity 19678K, committed 19840K, reserved 1067008K
  class space    used 2194K, capacity 2354K, committed 2432K, reserved 1048576K
}
Event: 14.556 GC heap before
{Heap before GC invocations=13 (full 0):
 PSYoungGen      total 681472K, used 672856K [0x00000000d5980000, 0x0000000100000000, 0x0000000100000000)
  eden space 668160K, 100% used [0x00000000d5980000,0x00000000fe600000,0x00000000fe600000)
  from space 13312K, 35% used [0x00000000ff300000,0x00000000ff796070,0x0000000100000000)
  to   space 13312K, 0% used [0x00000000fe600000,0x00000000fe600000,0x00000000ff300000)
 ParOldGen       total 87552K, used 26084K [0x0000000080c00000, 0x0000000086180000, 0x00000000d5980000)
  object space 87552K, 29% used [0x0000000080c00000,0x00000000825790c8,0x0000000086180000)
 Metaspace       used 19174K, capacity 19838K, committed 20096K, reserved 1067008K
  class space    used 2201K, capacity 2386K, committed 2432K, reserved 1048576K
Event: 14.565 GC heap after
Heap after GC invocations=13 (full 0):
 PSYoungGen      total 673280K, used 4960K [0x00000000d5980000, 0x00000000fff00000, 0x0000000100000000)
  eden space 668160K, 0% used [0x00000000d5980000,0x00000000d5980000,0x00000000fe600000)
  from space 5120K, 96% used [0x00000000fe600000,0x00000000fead8010,0x00000000feb00000)
  to   space 12800K, 0% used [0x00000000ff280000,0x00000000ff280000,0x00000000fff00000)
 ParOldGen       total 87552K, used 27020K [0x0000000080c00000, 0x0000000086180000, 0x00000000d5980000)
  object space 87552K, 30% used [0x0000000080c00000,0x00000000826630c8,0x0000000086180000)
 Metaspace       used 19174K, capacity 19838K, committed 20096K, reserved 1067008K
  class space    used 2201K, capacity 2386K, committed 2432K, reserved 1048576K
}
Event: 17.168 GC heap before
{Heap before GC invocations=14 (full 0):
 PSYoungGen      total 673280K, used 673120K [0x00000000d5980000, 0x00000000fff00000, 0x0000000100000000)
  eden space 668160K, 100% used [0x00000000d5980000,0x00000000fe600000,0x00000000fe600000)
  from space 5120K, 96% used [0x00000000fe600000,0x00000000fead8010,0x00000000feb00000)
  to   space 12800K, 0% used [0x00000000ff280000,0x00000000ff280000,0x00000000fff00000)
 ParOldGen       total 87552K, used 27020K [0x0000000080c00000, 0x0000000086180000, 0x00000000d5980000)
  object space 87552K, 30% used [0x0000000080c00000,0x00000000826630c8,0x0000000086180000)
 Metaspace       used 19354K, capacity 20036K, committed 20352K, reserved 1067008K
  class space    used 2209K, capacity 2387K, committed 2432K, reserved 1048576K
Event: 17.215 GC heap after
Heap after GC invocations=14 (full 0):
 PSYoungGen      total 659456K, used 12782K [0x00000000d5980000, 0x0000000100000000, 0x0000000100000000)
  eden space 646656K, 0% used [0x00000000d5980000,0x00000000d5980000,0x00000000fd100000)
  from space 12800K, 99% used [0x00000000ff280000,0x00000000ffefb9d8,0x00000000fff00000)
  to   space 24064K, 0% used [0x00000000fd100000,0x00000000fd100000,0x00000000fe880000)
 ParOldGen       total 87552K, used 53129K [0x0000000080c00000, 0x0000000086180000, 0x00000000d5980000)
  object space 87552K, 60% used [0x0000000080c00000,0x0000000083fe27a0,0x0000000086180000)
 Metaspace       used 19354K, capacity 20036K, committed 20352K, reserved 1067008K
  class space    used 2209K, capacity 2387K, committed 2432K, reserved 1048576K
}
Event: 20.853 GC heap before
{Heap before GC invocations=15 (full 0):
 PSYoungGen      total 659456K, used 659438K [0x00000000d5980000, 0x0000000100000000, 0x0000000100000000)
  eden space 646656K, 100% used [0x00000000d5980000,0x00000000fd100000,0x00000000fd100000)
  from space 12800K, 99% used [0x00000000ff280000,0x00000000ffefb9d8,0x00000000fff00000)
  to   space 24064K, 0% used [0x00000000fd100000,0x00000000fd100000,0x00000000fe880000)
 ParOldGen       total 87552K, used 53129K [0x0000000080c00000, 0x0000000086180000, 0x00000000d5980000)
  object space 87552K, 60% used [0x0000000080c00000,0x0000000083fe27a0,0x0000000086180000)
 Metaspace       used 19360K, capacity 20036K, committed 20352K, reserved 1067008K
  class space    used 2209K, capacity 2387K, committed 2432K, reserved 1048576K
Event: 20.898 GC heap after
Heap after GC invocations=15 (full 0):
 PSYoungGen      total 670720K, used 24033K [0x00000000d5980000, 0x0000000100000000, 0x0000000100000000)
  eden space 646656K, 0% used [0x00000000d5980000,0x00000000d5980000,0x00000000fd100000)
  from space 24064K, 99% used [0x00000000fd100000,0x00000000fe8787e8,0x00000000fe880000)
  to   space 24064K, 0% used [0x00000000fe880000,0x00000000fe880000,0x0000000100000000)
 ParOldGen       total 99840K, used 99439K [0x0000000080c00000, 0x0000000086d80000, 0x00000000d5980000)
  object space 99840K, 99% used [0x0000000080c00000,0x0000000086d1bc98,0x0000000086d80000)
 Metaspace       used 19360K, capacity 20036K, committed 20352K, reserved 1067008K
  class space    used 2209K, capacity 2387K, committed 2432K, reserved 1048576K
}
Event: 20.898 GC heap before
{Heap before GC invocations=16 (full 1):
 PSYoungGen      total 670720K, used 24033K [0x00000000d5980000, 0x0000000100000000, 0x0000000100000000)
  eden space 646656K, 0% used [0x00000000d5980000,0x00000000d5980000,0x00000000fd100000)
  from space 24064K, 99% used [0x00000000fd100000,0x00000000fe8787e8,0x00000000fe880000)
  to   space 24064K, 0% used [0x00000000fe880000,0x00000000fe880000,0x0000000100000000)
 ParOldGen       total 99840K, used 99439K [0x0000000080c00000, 0x0000000086d80000, 0x00000000d5980000)
  object space 99840K, 99% used [0x0000000080c00000,0x0000000086d1bc98,0x0000000086d80000)
 Metaspace       used 19360K, capacity 20036K, committed 20352K, reserved 1067008K
  class space    used 2209K, capacity 2387K, committed 2432K, reserved 1048576K
Event: 21.101 GC heap after
Heap after GC invocations=16 (full 1):
 PSYoungGen      total 670720K, used 0K [0x00000000d5980000, 0x0000000100000000, 0x0000000100000000)
  eden space 646656K, 0% used [0x00000000d5980000,0x00000000d5980000,0x00000000fd100000)
  from space 24064K, 0% used [0x00000000fd100000,0x00000000fd100000,0x00000000fe880000)
  to   space 24064K, 0% used [0x00000000fe880000,0x00000000fe880000,0x0000000100000000)
 ParOldGen       total 162304K, used 87545K [0x0000000080c00000, 0x000000008aa80000, 0x00000000d5980000)
  object space 162304K, 53% used [0x0000000080c00000,0x000000008617e510,0x000000008aa80000)
 Metaspace       used 19360K, capacity 20036K, committed 20352K, reserved 1067008K
  class space    used 2209K, capacity 2387K, committed 2432K, reserved 1048576K
}

Deoptimization events (10 events):
Event: 14.864 Thread 0x00000000005fe800 Uncommon trap: reason=class_check action=maybe_recompile pc=0x0000000003022bb8 method=java.util.Hashtable.put(Ljava/lang/Object;Ljava/lang/Object;)Ljava/lang/Object; @ 18
Event: 14.864 Thread 0x00000000005fe800 Uncommon trap: reason=class_check action=maybe_recompile pc=0x000000000302cdf4 method=java.util.Hashtable.addEntry(ILjava/lang/Object;Ljava/lang/Object;I)V @ 38
Event: 14.867 Thread 0x00000000005fe800 Uncommon trap: reason=class_check action=maybe_recompile pc=0x000000000302cdf4 method=java.util.Hashtable.addEntry(ILjava/lang/Object;Ljava/lang/Object;I)V @ 38
Event: 14.872 Thread 0x00000000005fe800 Uncommon trap: reason=class_check action=maybe_recompile pc=0x000000000302cdf4 method=java.util.Hashtable.addEntry(ILjava/lang/Object;Ljava/lang/Object;I)V @ 38
Event: 14.885 Thread 0x00000000005fe800 Uncommon trap: reason=unstable_if action=reinterpret pc=0x0000000002f016bc method=sun.util.calendar.BaseCalendar.getCalendarDateFromFixedDate(Lsun/util/calendar/CalendarDate;J)V @ 74
Event: 16.991 Thread 0x00000000005fe800 Uncommon trap: reason=unstable_if action=reinterpret pc=0x0000000002fbbb54 method=java.util.Hashtable.contains(Ljava/lang/Object;)Z @ 24
Event: 16.992 Thread 0x00000000005fe800 Uncommon trap: reason=unstable_if action=reinterpret pc=0x0000000003361dbc method=java.util.Hashtable.contains(Ljava/lang/Object;)Z @ 24
Event: 17.277 Thread 0x000000005720c800 Uncommon trap: reason=null_check action=make_not_entrant pc=0x0000000002e67e58 method=java.util.zip.ZipFile$ZipFileInflaterInputStream.close()V @ 40
Event: 19.442 Thread 0x00000000005fe800 Uncommon trap: reason=unstable_if action=reinterpret pc=0x0000000002d93b9c method=sun.util.calendar.BaseCalendar$Date.hit(J)Z @ 6
Event: 22.441 Thread 0x00000000005fe800 Uncommon trap: reason=unstable_if action=reinterpret pc=0x0000000002f49a90 method=org.codehaus.plexus.archiver.jar.JarArchiver.zipFile(Ljava/io/InputStream;Lorg/codehaus/plexus/archiver/zip/ZipOutputStream;Ljava/lang/String;JLjava/io/File;I)V @ 39

Internal exceptions (10 events):
Event: 1.553 Thread 0x00000000005fe800 Implicit null exception at 0x0000000002e6e94d to 0x0000000002e6fb09
Event: 4.705 Thread 0x00000000005fe800 Implicit null exception at 0x000000000344c35f to 0x000000000344c5a1
Event: 6.819 Thread 0x00000000005fe800 Implicit null exception at 0x00000000036b920a to 0x00000000036baf15
Event: 9.451 Thread 0x00000000005fe800 Implicit null exception at 0x0000000002e98249 to 0x0000000002e987e9
Event: 9.988 Thread 0x00000000005fe800 Implicit null exception at 0x0000000002e47bab to 0x0000000002e492b5
Event: 10.111 Thread 0x00000000005fe800 Implicit null exception at 0x00000000033320fc to 0x0000000003334399
Event: 10.327 Thread 0x00000000005fe800 Implicit null exception at 0x0000000002df4a77 to 0x0000000002df694d
Event: 11.425 Thread 0x00000000005fe800 Implicit null exception at 0x00000000033e77ab to 0x00000000033eabd9
Event: 11.859 Thread 0x00000000005fe800 Implicit null exception at 0x0000000002f2e1e9 to 0x0000000002f30e9d
Event: 14.863 Thread 0x00000000005fe800 Implicit null exception at 0x0000000003414de6 to 0x0000000003416379

Events (10 events):
Event: 19.442 Thread 0x00000000005fe800 Uncommon trap: trap_request=0xffffff65 fr.pc=0x0000000002d93b9c
Event: 19.442 Thread 0x00000000005fe800 DEOPT PACKING pc=0x0000000002d93b9c sp=0x00000000028fd6b0
Event: 19.442 Thread 0x00000000005fe800 DEOPT UNPACKING pc=0x000000000294582a sp=0x00000000028fd350 mode 2
Event: 20.853 Executing VM operation: ParallelGCFailedAllocation
Event: 21.101 Executing VM operation: ParallelGCFailedAllocation done
Event: 21.101 Executing VM operation: RevokeBias
Event: 21.101 Executing VM operation: RevokeBias done
Event: 22.441 Thread 0x00000000005fe800 Uncommon trap: trap_request=0xffffff65 fr.pc=0x0000000002f49a90
Event: 22.441 Thread 0x00000000005fe800 DEOPT PACKING pc=0x0000000002f49a90 sp=0x00000000028fd840
Event: 22.441 Thread 0x00000000005fe800 DEOPT UNPACKING pc=0x000000000294582a sp=0x00000000028fd7f8 mode 2


Dynamic libraries:
0x000000013f2d0000 - 0x000000013f307000 	C:\Program Files\Java\jdk1.8.0_45\bin\java.exe
0x00000000772f0000 - 0x0000000077499000 	C:\windows\SYSTEM32\ntdll.dll
0x0000000076f20000 - 0x000000007703f000 	C:\windows\system32\kernel32.dll
0x000007fefdab0000 - 0x000007fefdb1c000 	C:\windows\system32\KERNELBASE.dll
0x000007fefdbc0000 - 0x000007fefdc9b000 	C:\windows\system32\ADVAPI32.dll
0x000007fefde80000 - 0x000007fefdf1f000 	C:\windows\system32\msvcrt.dll
0x000007feff4b0000 - 0x000007feff4cf000 	C:\windows\SYSTEM32\sechost.dll
0x000007fefdcd0000 - 0x000007fefddfd000 	C:\windows\system32\RPCRT4.dll
0x0000000076c10000 - 0x0000000076d0a000 	C:\windows\system32\USER32.dll
0x000007fefe1d0000 - 0x000007fefe237000 	C:\windows\system32\GDI32.dll
0x000007fefe460000 - 0x000007fefe46e000 	C:\windows\system32\LPK.dll
0x000007fefe100000 - 0x000007fefe1c9000 	C:\windows\system32\USP10.dll
0x000007fefd2a0000 - 0x000007fefd494000 	C:\windows\WinSxS\amd64_microsoft.windows.common-controls_6595b64144ccf1df_6.0.7601.17514_none_fa396087175ac9ac\COMCTL32.dll
0x000007fefde00000 - 0x000007fefde71000 	C:\windows\system32\SHLWAPI.dll
0x000007fefdca0000 - 0x000007fefdcce000 	C:\windows\system32\IMM32.DLL
0x000007fefe350000 - 0x000007fefe459000 	C:\windows\system32\MSCTF.dll
0x00000000600c0000 - 0x0000000060192000 	C:\Program Files\Java\jdk1.8.0_45\jre\bin\msvcr100.dll
0x000000005ebe0000 - 0x000000005f463000 	C:\Program Files\Java\jdk1.8.0_45\jre\bin\server\jvm.dll
0x000007fef7a40000 - 0x000007fef7a49000 	C:\windows\system32\WSOCK32.dll
0x000007feff5b0000 - 0x000007feff5fd000 	C:\windows\system32\WS2_32.dll
0x000007fefe340000 - 0x000007fefe348000 	C:\windows\system32\NSI.dll
0x000007fefb410000 - 0x000007fefb44b000 	C:\windows\system32\WINMM.dll
0x000007fefc580000 - 0x000007fefc58c000 	C:\windows\system32\VERSION.dll
0x00000000774c0000 - 0x00000000774c7000 	C:\windows\system32\PSAPI.DLL
0x0000000069840000 - 0x000000006984f000 	C:\Program Files\Java\jdk1.8.0_45\jre\bin\verify.dll
0x00000000686c0000 - 0x00000000686e9000 	C:\Program Files\Java\jdk1.8.0_45\jre\bin\java.dll
0x0000000068700000 - 0x0000000068716000 	C:\Program Files\Java\jdk1.8.0_45\jre\bin\zip.dll
0x000007fefe700000 - 0x000007feff488000 	C:\windows\system32\SHELL32.dll
0x000007fefe470000 - 0x000007fefe673000 	C:\windows\system32\ole32.dll
0x000007fefd750000 - 0x000007fefd75f000 	C:\windows\system32\profapi.dll
0x000007fef7a50000 - 0x000007fef7a60000 	C:\Program Files (x86)\JetBrains\IntelliJ IDEA 12.1.7\bin\breakgen64.dll
0x0000000068b80000 - 0x0000000068b9a000 	C:\Program Files\Java\jdk1.8.0_45\jre\bin\net.dll
0x000007fefcca0000 - 0x000007fefccf5000 	C:\windows\system32\mswsock.dll
0x000007fefcc90000 - 0x000007fefcc97000 	C:\windows\System32\wship6.dll
0x00000000686a0000 - 0x00000000686b1000 	C:\Program Files\Java\jdk1.8.0_45\jre\bin\nio.dll
0x000007fefd620000 - 0x000007fefd677000 	C:\windows\system32\apphelp.dll
0x000007fef2830000 - 0x000007fef2955000 	C:\windows\system32\dbghelp.dll

VM Arguments:
jvm_args: -Dmaven.home=F:\apache-maven-3.2.3 -Dclassworlds.conf=F:\apache-maven-3.2.3\bin\m2.conf -Didea.launcher.port=7536 -Didea.launcher.bin.path=C:\Program Files (x86)\JetBrains\IntelliJ IDEA 12.1.7\bin -Dfile.encoding=UTF-8 
java_command: com.intellij.rt.execution.application.AppMain org.codehaus.classworlds.Launcher --fail-fast --strict-checksums deploy
java_class_path (initial): F:\apache-maven-3.2.3\boot\plexus-classworlds-2.5.1.jar;C:\Program Files (x86)\JetBrains\IntelliJ IDEA 12.1.7\lib\idea_rt.jar
Launcher Type: SUN_STANDARD

Environment Variables:
JAVA_HOME=C:\Program Files\Java\jdk1.8.0_45
CLASSPATH=C:\Program Files\Java\jdk1.8.0_45\lib\dt.jar;C:\Program Files\Java\jdk1.8.0_45\lib\tools.jar;
PATH=C:\Program Files (x86)\JetBrains\IntelliJ IDEA 12.1.7\bin\..\.\bin;C:\ProgramData\Oracle\Java\javapath;C:\Program Files (x86)\Common Files\NetSarang;C:\windows\system32;C:\windows;C:\windows\System32\Wbem;C:\windows\System32\WindowsPowerShell\v1.0\;C:\Program Files\Java\jdk1.8.0_45\bin;C:\Program Files\Java\jdk1.8.0_45\jre\bin;C:\Program Files\TortoiseSVN\bin;C:\cygwin\bin;C:\cygwin\bin;;c:\program files (x86)\jetbrains\intellij idea 12.1.7\jre\jre\bin
USERNAME=Administrator
OS=Windows_NT
PROCESSOR_IDENTIFIER=Intel64 Family 6 Model 58 Stepping 9, GenuineIntel



---------------  S Y S T E M  ---------------

OS: Windows 7 , 64 bit Build 7601 (6.1.7601.17965)

CPU:total 2 (2 cores per cpu, 1 threads per core) family 6 model 58 stepping 9, cmov, cx8, fxsr, mmx, sse, sse2, sse3, ssse3, sse4.1, sse4.2, popcnt, clmul, erms, tsc, tscinvbit, tscinv

Memory: 4k page, physical 8333864k(4459684k free), swap 25109228k(20461780k free)

vm_info: Java HotSpot(TM) 64-Bit Server VM (25.45-b02) for windows-amd64 JRE (1.8.0_45-b14), built on Apr 10 2015 10:34:15 by "java_re" with MS VC++ 10.0 (VS2010)

time: Tue Jan 26 10:39:42 2016
elapsed time: 23 seconds (0d 0h 0m 23s)

