#
# A fatal error has been detected by the Java Runtime Environment:
#
#  EXCEPTION_ACCESS_VIOLATION (0xc0000005) at pc=0x00000000627b1d87, pid=6060, tid=5144
#
# JRE version: Java(TM) SE Runtime Environment (8.0_45-b14) (build 1.8.0_45-b14)
# Java VM: Java HotSpot(TM) 64-Bit Server VM (25.45-b02 mixed mode windows-amd64 compressed oops)
# Problematic frame:
# V  [jvm.dll+0x4b1d87]
#
# Failed to write core dump. Minidumps are not enabled by default on client versions of Windows
#
# If you would like to submit a bug report, please visit:
#   http://bugreport.java.com/bugreport/crash.jsp
#

---------------  T H R E A D  ---------------

Current thread (0x000000005712a800):  JavaThread "C2 CompilerThread0" daemon [_thread_in_native, id=5144, stack(0x00000000583a0000,0x00000000584a0000)]

siginfo: ExceptionCode=0xc0000005, reading address 0x0000000019fa0bf8

Registers:
RAX=0x000000005a034f30, RBX=0x0000000019fa0bf0, RCX=0x00000000000031bb, RDX=0x0000000000000000
RSP=0x000000005849b960, RBP=0x000000005849bf50, RSI=0x0000000000000051, RDI=0x00000000000031bb
R8 =0x00000000000031bb, R9 =0x000000005a103a80, R10=0x000000005849bf50, R11=0x00000000593bec00
R12=0x0000000000000047, R13=0x000000005931be30, R14=0x000000005931c8c0, R15=0x0000000000000052
RIP=0x00000000627b1d87, EFLAGS=0x0000000000010287

Top of Stack: (sp=0x000000005849b960)
0x000000005849b960:   0000000059e745e0 0000000000000000
0x000000005849b970:   0000000000000000 00000000623cba27
0x000000005849b980:   0000000059e1edb8 000000005931c8c0
0x000000005849b990:   000000005849bf50 0000000000000000
0x000000005849b9a0:   000000005931c8c0 00000000627b5d00
0x000000005849b9b0:   000000005931be30 0000000059373c08
0x000000005849b9c0:   0000000000000051 000000005931c8c0
0x000000005849b9d0:   000000005931c8c0 0000000000000051
0x000000005849b9e0:   0000000059197250 000000005849bf50
0x000000005849b9f0:   0000000059197250 0000000000000006
0x000000005849ba00:   0000000059e1ef00 00000000627b5d85
0x000000005849ba10:   000000005849ba50 0000000059e1ede0
0x000000005849ba20:   0000000059197250 0000000059ec9900
0x000000005849ba30:   00000000570b3320 0000000000000020
0x000000005849ba40:   000000005931be30 00000000627b0ee5
0x000000005849ba50:   000000005849bb88 000000005849bb68 

Instructions: (pc=0x00000000627b1d87)
0x00000000627b1d67:   d7 e8 63 84 03 00 48 8b 85 e0 09 00 00 4c 89 34
0x00000000627b1d77:   f8 44 8b 43 28 4c 8b 8d f0 09 00 00 4b 8b 1c c1
0x00000000627b1d87:   48 8b 43 08 48 83 38 00 75 26 8b 55 28 8b 43 28
0x00000000627b1d97:   3b c2 73 0c 8b c8 48 8b 45 30 48 8b 1c c8 eb 02 


Register to memory mapping:

RAX=0x000000005a034f30 is an unknown value
RBX=0x0000000019fa0bf0 is an unknown value
RCX=0x00000000000031bb is an unknown value
RDX=0x0000000000000000 is an unknown value
RSP=0x000000005849b960 is pointing into the stack for thread: 0x000000005712a800
RBP=0x000000005849bf50 is pointing into the stack for thread: 0x000000005712a800
RSI=0x0000000000000051 is an unknown value
RDI=0x00000000000031bb is an unknown value
R8 =0x00000000000031bb is an unknown value
R9 =0x000000005a103a80 is an unknown value
R10=0x000000005849bf50 is pointing into the stack for thread: 0x000000005712a800
R11=0x00000000593bec00 is an unknown value
R12=0x0000000000000047 is an unknown value
R13=0x000000005931be30 is an unknown value
R14=0x000000005931c8c0 is an unknown value
R15=0x0000000000000052 is an unknown value


Stack: [0x00000000583a0000,0x00000000584a0000],  sp=0x000000005849b960,  free space=1006k
Native frames: (J=compiled Java code, j=interpreted, Vv=VM code, C=native code)
V  [jvm.dll+0x4b1d87]
V  [jvm.dll+0x4b5d00]
V  [jvm.dll+0x4b5d85]
V  [jvm.dll+0x4b6123]
V  [jvm.dll+0x4b79a9]
V  [jvm.dll+0x4b988f]
V  [jvm.dll+0x46bf81]
V  [jvm.dll+0x46ccbe]
V  [jvm.dll+0x4500f2]
V  [jvm.dll+0xa4352]
V  [jvm.dll+0xa4c8f]
V  [jvm.dll+0x241984]
V  [jvm.dll+0x29853a]
C  [msvcr100.dll+0x21d9f]
C  [msvcr100.dll+0x21e3b]
C  [kernel32.dll+0x1652d]
C  [ntdll.dll+0x2c521]


Current CompileTask:
C2:   2012 2157       4       org.codehaus.plexus.util.xml.Xpp3Dom::<init> (123 bytes)


---------------  P R O C E S S  ---------------

Java Threads: ( => current thread )
  0x000000005853f000 JavaThread "Monitor Ctrl-Break" daemon [_thread_in_native, id=5288, stack(0x0000000058d90000,0x0000000058e90000)]
  0x00000000584d3800 JavaThread "Service Thread" daemon [_thread_blocked, id=3304, stack(0x0000000058a60000,0x0000000058b60000)]
  0x000000005717d000 JavaThread "C1 CompilerThread1" daemon [_thread_blocked, id=5740, stack(0x00000000588d0000,0x00000000589d0000)]
=>0x000000005712a800 JavaThread "C2 CompilerThread0" daemon [_thread_in_native, id=5144, stack(0x00000000583a0000,0x00000000584a0000)]
  0x0000000057110800 JavaThread "Attach Listener" daemon [_thread_blocked, id=4472, stack(0x00000000581a0000,0x00000000582a0000)]
  0x0000000057110000 JavaThread "Signal Dispatcher" daemon [_thread_blocked, id=4824, stack(0x0000000057f40000,0x0000000058040000)]
  0x00000000570b6800 JavaThread "Finalizer" daemon [_thread_blocked, id=3056, stack(0x0000000057e20000,0x0000000057f20000)]
  0x00000000570b2000 JavaThread "Reference Handler" daemon [_thread_blocked, id=1648, stack(0x0000000057c20000,0x0000000057d20000)]
  0x00000000022ee800 JavaThread "main" [_thread_in_Java, id=5332, stack(0x0000000002510000,0x0000000002610000)]

Other Threads:
  0x00000000570ac800 VMThread [stack: 0x0000000057a60000,0x0000000057b60000] [id=4756]
  0x00000000584d6000 WatcherThread [stack: 0x0000000058bf0000,0x0000000058cf0000] [id=5180]

VM state:not at safepoint (normal execution)

VM Mutex/Monitor currently owned by a thread: None

Heap:
 PSYoungGen      total 38400K, used 30762K [0x00000000d5980000, 0x00000000da480000, 0x0000000100000000)
  eden space 33280K, 77% used [0x00000000d5980000,0x00000000d7290bb8,0x00000000d7a00000)
  from space 5120K, 99% used [0x00000000d7a00000,0x00000000d7efa020,0x00000000d7f00000)
  to   space 5120K, 0% used [0x00000000d9f80000,0x00000000d9f80000,0x00000000da480000)
 ParOldGen       total 87552K, used 4941K [0x0000000080c00000, 0x0000000086180000, 0x00000000d5980000)
  object space 87552K, 5% used [0x0000000080c00000,0x00000000810d3708,0x0000000086180000)
 Metaspace       used 14299K, capacity 14520K, committed 14848K, reserved 1062912K
  class space    used 1703K, capacity 1780K, committed 1792K, reserved 1048576K

Card table byte_map: [0x00000000119d0000,0x0000000011dd0000] byte_map_base: 0x00000000115ca000

Marking Bits: (ParMarkBitMap*) 0x0000000062b04040
 Begin Bits: [0x00000000123e0000, 0x00000000143b0000)
 End Bits:   [0x00000000143b0000, 0x0000000016380000)

Polling page: 0x0000000000440000

CodeCache: size=245760Kb used=6979Kb max_used=6979Kb free=238780Kb
 bounds [0x0000000002610000, 0x0000000002cf0000, 0x0000000011610000]
 total_blobs=2564 nmethods=2231 adapters=246
 compilation: enabled

Compilation events (10 events):
Event: 1.996 Thread 0x000000005717d000 2225       1       org.apache.maven.model.ActivationProperty::getValue (5 bytes)
Event: 1.996 Thread 0x000000005717d000 nmethod 2225 0x0000000002ce1ad0 code [0x0000000002ce1c20, 0x0000000002ce1d30]
Event: 1.997 Thread 0x000000005717d000 2226       2       org.eclipse.aether.repository.RemoteRepository$Builder::delta (54 bytes)
Event: 1.997 Thread 0x000000005717d000 nmethod 2226 0x0000000002ce1d90 code [0x0000000002ce1f00, 0x0000000002ce20e8]
Event: 1.997 Thread 0x000000005717d000 2227       2       java.io.FileDescriptor::<init> (17 bytes)
Event: 1.998 Thread 0x000000005717d000 nmethod 2227 0x0000000002ce2190 code [0x0000000002ce22e0, 0x0000000002ce2450]
Event: 2.000 Thread 0x000000005717d000 2228       1       org.apache.maven.model.building.DefaultModelBuildingRequest::isLocationTracking (5 bytes)
Event: 2.000 Thread 0x000000005717d000 nmethod 2228 0x0000000002ce24d0 code [0x0000000002ce2620, 0x0000000002ce2730]
Event: 2.000 Thread 0x000000005717d000 2229  s    2       java.io.FileDescriptor::attach (73 bytes)
Event: 2.000 Thread 0x000000005717d000 nmethod 2229 0x0000000002ce2790 code [0x0000000002ce2920, 0x0000000002ce2e88]

GC Heap History (6 events):
Event: 0.623 GC heap before
{Heap before GC invocations=1 (full 0):
 PSYoungGen      total 38400K, used 33280K [0x00000000d5980000, 0x00000000d8400000, 0x0000000100000000)
  eden space 33280K, 100% used [0x00000000d5980000,0x00000000d7a00000,0x00000000d7a00000)
  from space 5120K, 0% used [0x00000000d7f00000,0x00000000d7f00000,0x00000000d8400000)
  to   space 5120K, 0% used [0x00000000d7a00000,0x00000000d7a00000,0x00000000d7f00000)
 ParOldGen       total 87552K, used 0K [0x0000000080c00000, 0x0000000086180000, 0x00000000d5980000)
  object space 87552K, 0% used [0x0000000080c00000,0x0000000080c00000,0x0000000086180000)
 Metaspace       used 7879K, capacity 8036K, committed 8192K, reserved 1056768K
  class space    used 964K, capacity 1020K, committed 1024K, reserved 1048576K
Event: 0.628 GC heap after
Heap after GC invocations=1 (full 0):
 PSYoungGen      total 38400K, used 4783K [0x00000000d5980000, 0x00000000d8400000, 0x0000000100000000)
  eden space 33280K, 0% used [0x00000000d5980000,0x00000000d5980000,0x00000000d7a00000)
  from space 5120K, 93% used [0x00000000d7a00000,0x00000000d7eabd88,0x00000000d7f00000)
  to   space 5120K, 0% used [0x00000000d7f00000,0x00000000d7f00000,0x00000000d8400000)
 ParOldGen       total 87552K, used 8K [0x0000000080c00000, 0x0000000086180000, 0x00000000d5980000)
  object space 87552K, 0% used [0x0000000080c00000,0x0000000080c02000,0x0000000086180000)
 Metaspace       used 7879K, capacity 8036K, committed 8192K, reserved 1056768K
  class space    used 964K, capacity 1020K, committed 1024K, reserved 1048576K
}
Event: 1.187 GC heap before
{Heap before GC invocations=2 (full 0):
 PSYoungGen      total 38400K, used 38063K [0x00000000d5980000, 0x00000000d8400000, 0x0000000100000000)
  eden space 33280K, 100% used [0x00000000d5980000,0x00000000d7a00000,0x00000000d7a00000)
  from space 5120K, 93% used [0x00000000d7a00000,0x00000000d7eabd88,0x00000000d7f00000)
  to   space 5120K, 0% used [0x00000000d7f00000,0x00000000d7f00000,0x00000000d8400000)
 ParOldGen       total 87552K, used 8K [0x0000000080c00000, 0x0000000086180000, 0x00000000d5980000)
  object space 87552K, 0% used [0x0000000080c00000,0x0000000080c02000,0x0000000086180000)
 Metaspace       used 12826K, capacity 13014K, committed 13312K, reserved 1060864K
  class space    used 1586K, capacity 1673K, committed 1792K, reserved 1048576K
Event: 1.215 GC heap after
Heap after GC invocations=2 (full 0):
 PSYoungGen      total 38400K, used 5114K [0x00000000d5980000, 0x00000000da480000, 0x0000000100000000)
  eden space 33280K, 0% used [0x00000000d5980000,0x00000000d5980000,0x00000000d7a00000)
  from space 5120K, 99% used [0x00000000d7f00000,0x00000000d83fe830,0x00000000d8400000)
  to   space 5120K, 0% used [0x00000000d7a00000,0x00000000d7a00000,0x00000000d7f00000)
 ParOldGen       total 87552K, used 2847K [0x0000000080c00000, 0x0000000086180000, 0x00000000d5980000)
  object space 87552K, 3% used [0x0000000080c00000,0x0000000080ec7f80,0x0000000086180000)
 Metaspace       used 12826K, capacity 13014K, committed 13312K, reserved 1060864K
  class space    used 1586K, capacity 1673K, committed 1792K, reserved 1048576K
}
Event: 1.710 GC heap before
{Heap before GC invocations=3 (full 0):
 PSYoungGen      total 38400K, used 38394K [0x00000000d5980000, 0x00000000da480000, 0x0000000100000000)
  eden space 33280K, 100% used [0x00000000d5980000,0x00000000d7a00000,0x00000000d7a00000)
  from space 5120K, 99% used [0x00000000d7f00000,0x00000000d83fe830,0x00000000d8400000)
  to   space 5120K, 0% used [0x00000000d7a00000,0x00000000d7a00000,0x00000000d7f00000)
 ParOldGen       total 87552K, used 2847K [0x0000000080c00000, 0x0000000086180000, 0x00000000d5980000)
  object space 87552K, 3% used [0x0000000080c00000,0x0000000080ec7f80,0x0000000086180000)
 Metaspace       used 14046K, capacity 14292K, committed 14592K, reserved 1062912K
  class space    used 1700K, capacity 1774K, committed 1792K, reserved 1048576K
Event: 1.729 GC heap after
Heap after GC invocations=3 (full 0):
 PSYoungGen      total 38400K, used 5096K [0x00000000d5980000, 0x00000000da480000, 0x0000000100000000)
  eden space 33280K, 0% used [0x00000000d5980000,0x00000000d5980000,0x00000000d7a00000)
  from space 5120K, 99% used [0x00000000d7a00000,0x00000000d7efa020,0x00000000d7f00000)
  to   space 5120K, 0% used [0x00000000d9f80000,0x00000000d9f80000,0x00000000da480000)
 ParOldGen       total 87552K, used 4941K [0x0000000080c00000, 0x0000000086180000, 0x00000000d5980000)
  object space 87552K, 5% used [0x0000000080c00000,0x00000000810d3708,0x0000000086180000)
 Metaspace       used 14046K, capacity 14292K, committed 14592K, reserved 1062912K
  class space    used 1700K, capacity 1774K, committed 1792K, reserved 1048576K
}

Deoptimization events (10 events):
Event: 1.596 Thread 0x00000000022ee800 Uncommon trap: reason=unstable_if action=reinterpret pc=0x0000000002b6f9f0 method=java.lang.String.trim()Ljava/lang/String; @ 63
Event: 1.692 Thread 0x00000000022ee800 Uncommon trap: reason=bimorphic action=maybe_recompile pc=0x0000000002bbdc60 method=java.util.concurrent.ConcurrentHashMap.get(Ljava/lang/Object;)Ljava/lang/Object; @ 149
Event: 1.748 Thread 0x00000000022ee800 Uncommon trap: reason=bimorphic action=maybe_recompile pc=0x0000000002bbdc60 method=java.util.concurrent.ConcurrentHashMap.get(Ljava/lang/Object;)Ljava/lang/Object; @ 149
Event: 1.757 Thread 0x00000000022ee800 Uncommon trap: reason=bimorphic action=maybe_recompile pc=0x0000000002bbdc60 method=java.util.concurrent.ConcurrentHashMap.get(Ljava/lang/Object;)Ljava/lang/Object; @ 149
Event: 1.788 Thread 0x00000000022ee800 Uncommon trap: reason=bimorphic action=maybe_recompile pc=0x0000000002bbdc60 method=java.util.concurrent.ConcurrentHashMap.get(Ljava/lang/Object;)Ljava/lang/Object; @ 149
Event: 1.838 Thread 0x00000000022ee800 Uncommon trap: reason=unstable_if action=reinterpret pc=0x0000000002b59dec method=org.codehaus.plexus.util.xml.pull.MXParser.parseStartTag()I @ 100
Event: 1.967 Thread 0x00000000022ee800 Uncommon trap: reason=speculate_class_check action=maybe_recompile pc=0x0000000002c87874 method=java.nio.charset.CharsetDecoder.decode(Ljava/nio/ByteBuffer;Ljava/nio/CharBuffer;Z)Ljava/nio/charset/CoderResult; @ 57
Event: 1.967 Thread 0x00000000022ee800 Uncommon trap: reason=speculate_class_check action=maybe_recompile pc=0x0000000002c87874 method=java.nio.charset.CharsetDecoder.decode(Ljava/nio/ByteBuffer;Ljava/nio/CharBuffer;Z)Ljava/nio/charset/CoderResult; @ 57
Event: 1.967 Thread 0x00000000022ee800 Uncommon trap: reason=speculate_class_check action=maybe_recompile pc=0x0000000002c87874 method=java.nio.charset.CharsetDecoder.decode(Ljava/nio/ByteBuffer;Ljava/nio/CharBuffer;Z)Ljava/nio/charset/CoderResult; @ 57
Event: 1.967 Thread 0x00000000022ee800 Uncommon trap: reason=speculate_class_check action=maybe_recompile pc=0x0000000002c87874 method=java.nio.charset.CharsetDecoder.decode(Ljava/nio/ByteBuffer;Ljava/nio/CharBuffer;Z)Ljava/nio/charset/CoderResult; @ 57

Internal exceptions (10 events):
Event: 0.426 Thread 0x00000000022ee800 Exception <a 'java/lang/ArrayIndexOutOfBoundsException'> (0x00000000d68ebc90) thrown at [C:\re\workspace\8-2-build-windows-amd64-cygwin\jdk8u45\3457\hotspot\src\share\vm\runtime\sharedRuntime.cpp, line 605]
Event: 0.437 Thread 0x00000000022ee800 Exception <a 'java/lang/ArrayIndexOutOfBoundsException'> (0x00000000d6939dd8) thrown at [C:\re\workspace\8-2-build-windows-amd64-cygwin\jdk8u45\3457\hotspot\src\share\vm\runtime\sharedRuntime.cpp, line 605]
Event: 0.577 Thread 0x00000000022ee800 Exception <a 'java/lang/ArrayIndexOutOfBoundsException'> (0x00000000d7754888) thrown at [C:\re\workspace\8-2-build-windows-amd64-cygwin\jdk8u45\3457\hotspot\src\share\vm\runtime\sharedRuntime.cpp, line 605]
Event: 0.577 Thread 0x00000000022ee800 Exception <a 'java/lang/ArrayIndexOutOfBoundsException'> (0x00000000d7756180) thrown at [C:\re\workspace\8-2-build-windows-amd64-cygwin\jdk8u45\3457\hotspot\src\share\vm\runtime\sharedRuntime.cpp, line 605]
Event: 0.612 Thread 0x00000000022ee800 Exception <a 'java/lang/ArrayIndexOutOfBoundsException'> (0x00000000d789a660) thrown at [C:\re\workspace\8-2-build-windows-amd64-cygwin\jdk8u45\3457\hotspot\src\share\vm\runtime\sharedRuntime.cpp, line 605]
Event: 0.621 Thread 0x00000000022ee800 Exception <a 'java/lang/ArrayIndexOutOfBoundsException'> (0x00000000d7937550) thrown at [C:\re\workspace\8-2-build-windows-amd64-cygwin\jdk8u45\3457\hotspot\src\share\vm\runtime\sharedRuntime.cpp, line 605]
Event: 0.621 Thread 0x00000000022ee800 Exception <a 'java/lang/ArrayIndexOutOfBoundsException'> (0x00000000d79382a8) thrown at [C:\re\workspace\8-2-build-windows-amd64-cygwin\jdk8u45\3457\hotspot\src\share\vm\runtime\sharedRuntime.cpp, line 605]
Event: 1.327 Thread 0x00000000022ee800 Implicit null exception at 0x0000000002985705 to 0x00000000029858d1
Event: 1.327 Thread 0x00000000022ee800 Implicit null exception at 0x00000000029a002f to 0x00000000029a0095
Event: 1.526 Thread 0x00000000022ee800 Implicit null exception at 0x0000000002b8cf8d to 0x0000000002b8e151

Events (10 events):
Event: 1.967 Thread 0x00000000022ee800 DEOPT UNPACKING pc=0x000000000265582a sp=0x000000000260c670 mode 2
Event: 1.967 Thread 0x00000000022ee800 Uncommon trap: trap_request=0xffffff76 fr.pc=0x0000000002c87874
Event: 1.967 Thread 0x00000000022ee800 DEOPT PACKING pc=0x0000000002c87874 sp=0x000000000260c690
Event: 1.967 Thread 0x00000000022ee800 DEOPT UNPACKING pc=0x000000000265582a sp=0x000000000260c5b0 mode 2
Event: 1.967 Thread 0x00000000022ee800 Uncommon trap: trap_request=0xffffff76 fr.pc=0x0000000002c87874
Event: 1.967 Thread 0x00000000022ee800 DEOPT PACKING pc=0x0000000002c87874 sp=0x000000000260c270
Event: 1.967 Thread 0x00000000022ee800 DEOPT UNPACKING pc=0x000000000265582a sp=0x000000000260c190 mode 2
Event: 1.967 Thread 0x00000000022ee800 Uncommon trap: trap_request=0xffffff76 fr.pc=0x0000000002c87874
Event: 1.967 Thread 0x00000000022ee800 DEOPT PACKING pc=0x0000000002c87874 sp=0x000000000260c3f0
Event: 1.967 Thread 0x00000000022ee800 DEOPT UNPACKING pc=0x000000000265582a sp=0x000000000260c310 mode 2


Dynamic libraries:
0x000000013fe60000 - 0x000000013fe97000 	C:\Program Files\Java\jdk1.8.0_45\bin\java.exe
0x0000000077150000 - 0x00000000772f9000 	C:\windows\SYSTEM32\ntdll.dll
0x0000000076bc0000 - 0x0000000076cdf000 	C:\windows\system32\kernel32.dll
0x000007fefd8f0000 - 0x000007fefd95c000 	C:\windows\system32\KERNELBASE.dll
0x000007fefeab0000 - 0x000007fefeb8b000 	C:\windows\system32\ADVAPI32.dll
0x000007feff2c0000 - 0x000007feff35f000 	C:\windows\system32\msvcrt.dll
0x000007feff440000 - 0x000007feff45f000 	C:\windows\SYSTEM32\sechost.dll
0x000007fefeed0000 - 0x000007fefeffd000 	C:\windows\system32\RPCRT4.dll
0x0000000076e40000 - 0x0000000076f3a000 	C:\windows\system32\USER32.dll
0x000007fefed80000 - 0x000007fefede7000 	C:\windows\system32\GDI32.dll
0x000007feff360000 - 0x000007feff36e000 	C:\windows\system32\LPK.dll
0x000007feff370000 - 0x000007feff439000 	C:\windows\system32\USP10.dll
0x000007fefd100000 - 0x000007fefd2f4000 	C:\windows\WinSxS\amd64_microsoft.windows.common-controls_6595b64144ccf1df_6.0.7601.17514_none_fa396087175ac9ac\COMCTL32.dll
0x000007fefeb90000 - 0x000007fefec01000 	C:\windows\system32\SHLWAPI.dll
0x000007fefdcd0000 - 0x000007fefdcfe000 	C:\windows\system32\IMM32.DLL
0x000007fefec70000 - 0x000007fefed79000 	C:\windows\system32\MSCTF.dll
0x0000000066280000 - 0x0000000066352000 	C:\Program Files\Java\jdk1.8.0_45\jre\bin\msvcr100.dll
0x0000000062300000 - 0x0000000062b83000 	C:\Program Files\Java\jdk1.8.0_45\jre\bin\server\jvm.dll
0x000007fefaf50000 - 0x000007fefaf59000 	C:\windows\system32\WSOCK32.dll
0x000007fefdc80000 - 0x000007fefdccd000 	C:\windows\system32\WS2_32.dll
0x000007feff000000 - 0x000007feff008000 	C:\windows\system32\NSI.dll
0x000007fefadc0000 - 0x000007fefadfb000 	C:\windows\system32\WINMM.dll
0x000007fefc0d0000 - 0x000007fefc0dc000 	C:\windows\system32\VERSION.dll
0x0000000077320000 - 0x0000000077327000 	C:\windows\system32\PSAPI.DLL
0x0000000071970000 - 0x000000007197f000 	C:\Program Files\Java\jdk1.8.0_45\jre\bin\verify.dll
0x00000000717a0000 - 0x00000000717c9000 	C:\Program Files\Java\jdk1.8.0_45\jre\bin\java.dll
0x0000000071950000 - 0x0000000071966000 	C:\Program Files\Java\jdk1.8.0_45\jre\bin\zip.dll
0x000007fefdd20000 - 0x000007fefeaa8000 	C:\windows\system32\SHELL32.dll
0x000007feff010000 - 0x000007feff213000 	C:\windows\system32\ole32.dll
0x000007fefd5b0000 - 0x000007fefd5bf000 	C:\windows\system32\profapi.dll
0x000007fefa000000 - 0x000007fefa010000 	C:\Program Files (x86)\JetBrains\IntelliJ IDEA 12.1.7\bin\breakgen64.dll
0x0000000071780000 - 0x000000007179a000 	C:\Program Files\Java\jdk1.8.0_45\jre\bin\net.dll
0x000007fefcb20000 - 0x000007fefcb75000 	C:\windows\system32\mswsock.dll
0x000007fefcb10000 - 0x000007fefcb17000 	C:\windows\System32\wship6.dll
0x0000000070e90000 - 0x0000000070ea1000 	C:\Program Files\Java\jdk1.8.0_45\jre\bin\nio.dll
0x000007fef0c70000 - 0x000007fef0d95000 	C:\windows\system32\dbghelp.dll

VM Arguments:
jvm_args: -Dmaven.home=F:\apache-maven-3.2.3 -Dclassworlds.conf=F:\apache-maven-3.2.3\bin\m2.conf -Didea.launcher.port=7532 -Didea.launcher.bin.path=C:\Program Files (x86)\JetBrains\IntelliJ IDEA 12.1.7\bin -Dfile.encoding=UTF-8 
java_command: com.intellij.rt.execution.application.AppMain org.codehaus.classworlds.Launcher --fail-fast --strict-checksums deploy
java_class_path (initial): F:\apache-maven-3.2.3\boot\plexus-classworlds-2.5.1.jar;C:\Program Files (x86)\JetBrains\IntelliJ IDEA 12.1.7\lib\idea_rt.jar
Launcher Type: SUN_STANDARD

Environment Variables:
JAVA_HOME=C:\Program Files\Java\jdk1.8.0_45
CLASSPATH=C:\Program Files\Java\jdk1.8.0_45\lib\dt.jar;C:\Program Files\Java\jdk1.8.0_45\lib\tools.jar;
PATH=C:\Program Files (x86)\JetBrains\IntelliJ IDEA 12.1.7\bin\..\.\bin;C:\ProgramData\Oracle\Java\javapath;C:\Program Files (x86)\Common Files\NetSarang;C:\windows\system32;C:\windows;C:\windows\System32\Wbem;C:\windows\System32\WindowsPowerShell\v1.0\;C:\Program Files\Java\jdk1.8.0_45\bin;C:\Program Files\Java\jdk1.8.0_45\jre\bin;C:\Program Files\TortoiseSVN\bin;C:\cygwin\bin;C:\cygwin\bin;;c:\program files (x86)\jetbrains\intellij idea 12.1.7\jre\jre\bin
USERNAME=Administrator
OS=Windows_NT
PROCESSOR_IDENTIFIER=Intel64 Family 6 Model 58 Stepping 9, GenuineIntel



---------------  S Y S T E M  ---------------

OS: Windows 7 , 64 bit Build 7601 (6.1.7601.17965)

CPU:total 2 (2 cores per cpu, 1 threads per core) family 6 model 58 stepping 9, cmov, cx8, fxsr, mmx, sse, sse2, sse3, ssse3, sse4.1, sse4.2, popcnt, clmul, erms, tsc, tscinvbit, tscinv

Memory: 4k page, physical 8333864k(3884740k free), swap 25109228k(19092348k free)

vm_info: Java HotSpot(TM) 64-Bit Server VM (25.45-b02) for windows-amd64 JRE (1.8.0_45-b14), built on Apr 10 2015 10:34:15 by "java_re" with MS VC++ 10.0 (VS2010)

time: Wed Jan 27 17:58:33 2016
elapsed time: 2 seconds (0d 0h 0m 2s)

