#
# A fatal error has been detected by the Java Runtime Environment:
#
#  EXCEPTION_ACCESS_VIOLATION (0xc0000005) at pc=0x000000000290fc20, pid=288, tid=848
#
# JRE version: Java(TM) SE Runtime Environment (8.0_45-b14) (build 1.8.0_45-b14)
# Java VM: Java HotSpot(TM) 64-Bit Server VM (25.45-b02 mixed mode windows-amd64 compressed oops)
# Problematic frame:
# J 5068 C2 org.apache.maven.model.interpolation.StringSearchModelInterpolator$InterpolateObjectAction.run()Ljava/lang/Object; (32 bytes) @ 0x000000000290fc20 [0x000000000290fbe0+0x40]
#
# Failed to write core dump. Minidumps are not enabled by default on client versions of Windows
#
# If you would like to submit a bug report, please visit:
#   http://bugreport.java.com/bugreport/crash.jsp
#

---------------  T H R E A D  ---------------

Current thread (0x000000000058e800):  JavaThread "main" [_thread_in_Java, id=848, stack(0x00000000026a0000,0x00000000027a0000)]

siginfo: ExceptionCode=0xc0000005, writing address 0x000000001d573ce4

Registers:
RAX=0x000000006a024a67, RBX=0x0000000059ddeeb8, RCX=0x00000000821ab6c0, RDX=0x00000000820aa5c0
RSP=0x000000000279a9f0, RBP=0x00000000dd56ba60, RSI=0x0000000016ad79c0, RDI=0x00000000820068b0
R8 =0x000000001d573cd0, R9 =0x00000000dd56ba80, R10=0x00000000dd573288, R11=0x0000000081223fa8
R12=0x0000000000000000, R13=0x0000000082006888, R14=0x0000000000000011, R15=0x000000000058e800
RIP=0x000000000290fc20, EFLAGS=0x0000000000010202

Top of Stack: (sp=0x000000000279a9f0)
0x000000000279a9f0:   0000000000000000 000000000058e800
0x000000000279aa00:   00000000dd4e6500 0000000002c9dce8
0x000000000279aa10:   000000000279ab10 00000000027a08e2
0x000000000279aa20:   000000000058e800 00000000027a08e2
0x000000000279aa30:   00000000dd56ba60 0000000000000000
0x000000000279aa40:   0000000000000000 0000000000000000
0x000000000279aa50:   0000000000000000 0000000000000000
0x000000000279aa60:   0000000000000000 0000000000000000
0x000000000279aa70:   0000000000000000 0000000000000000
0x000000000279aa80:   0000000000000000 0000000000000000
0x000000000279aa90:   0000000000000000 0000000000000000
0x000000000279aaa0:   0000000000000000 0000000000000000
0x000000000279aab0:   0000000000000000 0075006700720061
0x000000000279aac0:   0000000000000000 00000000dd4932b0
0x000000000279aad0:   0000000000000000 0000000059dd7858
0x000000000279aae0:   000000000279abb8 000000000058e800 

Instructions: (pc=0x000000000290fc20)
0x000000000290fc00:   8b 4a 0c 45 8b 59 10 45 85 db 0f 85 79 00 00 00
0x000000000290fc10:   33 c0 48 83 c4 20 5d 85 05 e3 03 a2 fd c3 66 90
0x000000000290fc20:   45 89 60 14 45 89 41 14 45 89 62 10 45 8b 41 10
0x000000000290fc30:   45 8b 59 0c 41 8b 5a 0c 45 89 62 0c 4d 8b d1 41 


Register to memory mapping:

RAX=0x000000006a024a67 is an unknown value
RBX={method} {0x0000000059ddeec0} 'doInterpolate' '(Ljava/lang/Object;Lorg/apache/maven/model/interpolation/StringSearchModelInterpolator$InterpolateObjectAction;)V' in 'org/apache/maven/model/interpolation/StringSearchModelInterpolator$InterpolateObjectAction$StringField'
RCX=0x00000000821ab6c0 is an oop
java.util.concurrent.ConcurrentHashMap$Node 
 - klass: 'java/util/concurrent/ConcurrentHashMap$Node'
RDX=0x00000000820aa5c0 is an oop
sun.reflect.UnsafeObjectFieldAccessorImpl 
 - klass: 'sun/reflect/UnsafeObjectFieldAccessorImpl'
RSP=0x000000000279a9f0 is pointing into the stack for thread: 0x000000000058e800
RBP=0x00000000dd56ba60 is an oop
org.apache.maven.model.interpolation.StringSearchModelInterpolator$InterpolateObjectAction 
 - klass: 'org/apache/maven/model/interpolation/StringSearchModelInterpolator$InterpolateObjectAction'
RSI=0x0000000016ad79c0 is pointing into metadata
RDI=0x00000000820068b0 is pointing into object: 0x00000000820068a0
[C 
 - klass: {type array char}
 - length: 5
R8 =0x000000001d573cd0 is an unknown value
R9 =0x00000000dd56ba80 is an oop
java.util.LinkedList 
 - klass: 'java/util/LinkedList'
R10=0x00000000dd573288 is an oop
java.util.LinkedList$Node 
 - klass: 'java/util/LinkedList$Node'
R11=0x0000000081223fa8 is an oop
java.lang.Class 
 - klass: 'java/lang/Class'
R12=0x0000000000000000 is an unknown value
R13=0x0000000082006888 is an oop
java.lang.String 
 - klass: 'java/lang/String'
R14=0x0000000000000011 is an unknown value
R15=0x000000000058e800 is a thread


Stack: [0x00000000026a0000,0x00000000027a0000],  sp=0x000000000279a9f0,  free space=1002k
Native frames: (J=compiled Java code, j=interpreted, Vv=VM code, C=native code)
C  0x000000000290fc20


---------------  P R O C E S S  ---------------

Java Threads: ( => current thread )
  0x0000000058a8c800 JavaThread "Monitor Ctrl-Break" daemon [_thread_in_native, id=2624, stack(0x0000000059190000,0x0000000059290000)]
  0x0000000058a0d000 JavaThread "Service Thread" daemon [_thread_blocked, id=2836, stack(0x0000000057c80000,0x0000000057d80000)]
  0x000000005737a000 JavaThread "C1 CompilerThread1" daemon [_thread_blocked, id=1720, stack(0x00000000588f0000,0x00000000589f0000)]
  0x000000005736a000 JavaThread "C2 CompilerThread0" daemon [_thread_in_native, id=4400, stack(0x00000000587c0000,0x00000000588c0000)]
  0x0000000057350800 JavaThread "Attach Listener" daemon [_thread_blocked, id=4008, stack(0x00000000585d0000,0x00000000586d0000)]
  0x0000000057350000 JavaThread "Signal Dispatcher" daemon [_thread_blocked, id=2908, stack(0x00000000583c0000,0x00000000584c0000)]
  0x00000000572f6800 JavaThread "Finalizer" daemon [_thread_blocked, id=4800, stack(0x00000000581f0000,0x00000000582f0000)]
  0x00000000572f2000 JavaThread "Reference Handler" daemon [_thread_blocked, id=2960, stack(0x0000000057fc0000,0x00000000580c0000)]
=>0x000000000058e800 JavaThread "main" [_thread_in_Java, id=848, stack(0x00000000026a0000,0x00000000027a0000)]

Other Threads:
  0x00000000572ec800 VMThread [stack: 0x0000000057db0000,0x0000000057eb0000] [id=3068]
  0x0000000058a45800 WatcherThread [stack: 0x0000000058e00000,0x0000000058f00000] [id=812]

VM state:not at safepoint (normal execution)

VM Mutex/Monitor currently owned by a thread: None

Heap:
 PSYoungGen      total 296960K, used 131430K [0x00000000d5980000, 0x00000000eeb00000, 0x0000000100000000)
  eden space 278528K, 46% used [0x00000000d5980000,0x00000000dd7e99d0,0x00000000e6980000)
  from space 18432K, 10% used [0x00000000e6980000,0x00000000e6b70000,0x00000000e7b80000)
  to   space 18432K, 0% used [0x00000000ed900000,0x00000000ed900000,0x00000000eeb00000)
 ParOldGen       total 87552K, used 36348K [0x0000000080c00000, 0x0000000086180000, 0x00000000d5980000)
  object space 87552K, 41% used [0x0000000080c00000,0x0000000082f7f240,0x0000000086180000)
 Metaspace       used 24639K, capacity 25320K, committed 25648K, reserved 1071104K
  class space    used 2842K, capacity 3001K, committed 3120K, reserved 1048576K

Card table byte_map: [0x0000000011b60000,0x0000000011f60000] byte_map_base: 0x000000001175a000

Marking Bits: (ParMarkBitMap*) 0x000000005fdd4040
 Begin Bits: [0x0000000012620000, 0x00000000145f0000)
 End Bits:   [0x00000000145f0000, 0x00000000165c0000)

Polling page: 0x0000000000330000

CodeCache: size=245760Kb used=15099Kb max_used=15627Kb free=230660Kb
 bounds [0x00000000027a0000, 0x0000000003740000, 0x00000000117a0000]
 total_blobs=5194 nmethods=4822 adapters=285
 compilation: enabled

Compilation events (10 events):
Event: 9.297 Thread 0x000000005737a000 5265   !   2       sun.reflect.GeneratedMethodAccessor10::invoke (61 bytes)
Event: 9.297 Thread 0x000000005737a000 nmethod 5265 0x0000000003023650 code [0x0000000003023800, 0x0000000003023c88]
Event: 9.312 Thread 0x000000005737a000 5266   !   2       org.apache.maven.model.Prerequisites::clone (73 bytes)
Event: 9.313 Thread 0x000000005737a000 nmethod 5266 0x00000000030a3350 code [0x00000000030a3540, 0x00000000030a3b38]
Event: 9.413 Thread 0x000000005737a000 5268 %     3       org.apache.maven.artifact.resolver.filter.IncludesArtifactFilter::include @ 47 (88 bytes)
Event: 9.414 Thread 0x000000005737a000 nmethod 5268% 0x0000000002a28e10 code [0x0000000002a29060, 0x0000000002a29e58]
Event: 9.414 Thread 0x000000005737a000 5269       3       org.apache.maven.artifact.resolver.filter.IncludesArtifactFilter::include (88 bytes)
Event: 9.414 Thread 0x000000005737a000 nmethod 5269 0x0000000002d3c4d0 code [0x0000000002d3c720, 0x0000000002d3d478]
Event: 9.427 Thread 0x000000005737a000 5270       1       java.util.HashMap$Node::setValue (12 bytes)
Event: 9.427 Thread 0x000000005737a000 nmethod 5270 0x0000000002971f10 code [0x0000000002972060, 0x0000000002972190]

GC Heap History (10 events):
Event: 4.629 GC heap before
{Heap before GC invocations=8 (full 1):
 PSYoungGen      total 142848K, used 10233K [0x00000000d5980000, 0x00000000e8080000, 0x0000000100000000)
  eden space 132608K, 0% used [0x00000000d5980000,0x00000000d5980000,0x00000000ddb00000)
  from space 10240K, 99% used [0x00000000ddb00000,0x00000000de4fe438,0x00000000de500000)
  to   space 18432K, 0% used [0x00000000e6e80000,0x00000000e6e80000,0x00000000e8080000)
 ParOldGen       total 87552K, used 25001K [0x0000000080c00000, 0x0000000086180000, 0x00000000d5980000)
  object space 87552K, 28% used [0x0000000080c00000,0x000000008246a5b0,0x0000000086180000)
 Metaspace       used 20775K, capacity 21196K, committed 21296K, reserved 1069056K
  class space    used 2424K, capacity 2576K, committed 2608K, reserved 1048576K
Event: 4.795 GC heap after
Heap after GC invocations=8 (full 1):
 PSYoungGen      total 142848K, used 0K [0x00000000d5980000, 0x00000000e8080000, 0x0000000100000000)
  eden space 132608K, 0% used [0x00000000d5980000,0x00000000d5980000,0x00000000ddb00000)
  from space 10240K, 0% used [0x00000000ddb00000,0x00000000ddb00000,0x00000000de500000)
  to   space 18432K, 0% used [0x00000000e6e80000,0x00000000e6e80000,0x00000000e8080000)
 ParOldGen       total 87552K, used 30597K [0x0000000080c00000, 0x0000000086180000, 0x00000000d5980000)
  object space 87552K, 34% used [0x0000000080c00000,0x00000000829e15b0,0x0000000086180000)
 Metaspace       used 20775K, capacity 21196K, committed 21296K, reserved 1069056K
  class space    used 2424K, capacity 2576K, committed 2608K, reserved 1048576K
}
Event: 6.297 GC heap before
{Heap before GC invocations=9 (full 1):
 PSYoungGen      total 142848K, used 132608K [0x00000000d5980000, 0x00000000e8080000, 0x0000000100000000)
  eden space 132608K, 100% used [0x00000000d5980000,0x00000000ddb00000,0x00000000ddb00000)
  from space 10240K, 0% used [0x00000000ddb00000,0x00000000ddb00000,0x00000000de500000)
  to   space 18432K, 0% used [0x00000000e6e80000,0x00000000e6e80000,0x00000000e8080000)
 ParOldGen       total 87552K, used 30597K [0x0000000080c00000, 0x0000000086180000, 0x00000000d5980000)
  object space 87552K, 34% used [0x0000000080c00000,0x00000000829e15b0,0x0000000086180000)
 Metaspace       used 24220K, capacity 24842K, committed 25136K, reserved 1071104K
  class space    used 2829K, capacity 2996K, committed 3120K, reserved 1048576K
Event: 6.327 GC heap after
Heap after GC invocations=9 (full 1):
 PSYoungGen      total 217600K, used 6686K [0x00000000d5980000, 0x00000000e7580000, 0x0000000100000000)
  eden space 210432K, 0% used [0x00000000d5980000,0x00000000d5980000,0x00000000e2700000)
  from space 7168K, 93% used [0x00000000e6e80000,0x00000000e7507928,0x00000000e7580000)
  to   space 18432K, 0% used [0x00000000e5180000,0x00000000e5180000,0x00000000e6380000)
 ParOldGen       total 87552K, used 30605K [0x0000000080c00000, 0x0000000086180000, 0x00000000d5980000)
  object space 87552K, 34% used [0x0000000080c00000,0x00000000829e35b0,0x0000000086180000)
 Metaspace       used 24220K, capacity 24842K, committed 25136K, reserved 1071104K
  class space    used 2829K, capacity 2996K, committed 3120K, reserved 1048576K
}
Event: 7.272 GC heap before
{Heap before GC invocations=10 (full 1):
 PSYoungGen      total 217600K, used 217118K [0x00000000d5980000, 0x00000000e7580000, 0x0000000100000000)
  eden space 210432K, 100% used [0x00000000d5980000,0x00000000e2700000,0x00000000e2700000)
  from space 7168K, 93% used [0x00000000e6e80000,0x00000000e7507928,0x00000000e7580000)
  to   space 18432K, 0% used [0x00000000e5180000,0x00000000e5180000,0x00000000e6380000)
 ParOldGen       total 87552K, used 30605K [0x0000000080c00000, 0x0000000086180000, 0x00000000d5980000)
  object space 87552K, 34% used [0x0000000080c00000,0x00000000829e35b0,0x0000000086180000)
 Metaspace       used 24434K, capacity 25040K, committed 25392K, reserved 1071104K
  class space    used 2831K, capacity 2997K, committed 3120K, reserved 1048576K
Event: 7.287 GC heap after
Heap after GC invocations=10 (full 1):
 PSYoungGen      total 272384K, used 5472K [0x00000000d5980000, 0x00000000e8d00000, 0x0000000100000000)
  eden space 253952K, 0% used [0x00000000d5980000,0x00000000d5980000,0x00000000e5180000)
  from space 18432K, 29% used [0x00000000e5180000,0x00000000e56d8020,0x00000000e6380000)
  to   space 17920K, 0% used [0x00000000e7b80000,0x00000000e7b80000,0x00000000e8d00000)
 ParOldGen       total 87552K, used 30613K [0x0000000080c00000, 0x0000000086180000, 0x00000000d5980000)
  object space 87552K, 34% used [0x0000000080c00000,0x00000000829e55b0,0x0000000086180000)
 Metaspace       used 24434K, capacity 25040K, committed 25392K, reserved 1071104K
  class space    used 2831K, capacity 2997K, committed 3120K, reserved 1048576K
}
Event: 8.152 GC heap before
{Heap before GC invocations=11 (full 1):
 PSYoungGen      total 272384K, used 259424K [0x00000000d5980000, 0x00000000e8d00000, 0x0000000100000000)
  eden space 253952K, 100% used [0x00000000d5980000,0x00000000e5180000,0x00000000e5180000)
  from space 18432K, 29% used [0x00000000e5180000,0x00000000e56d8020,0x00000000e6380000)
  to   space 17920K, 0% used [0x00000000e7b80000,0x00000000e7b80000,0x00000000e8d00000)
 ParOldGen       total 87552K, used 30613K [0x0000000080c00000, 0x0000000086180000, 0x00000000d5980000)
  object space 87552K, 34% used [0x0000000080c00000,0x00000000829e55b0,0x0000000086180000)
 Metaspace       used 24523K, capacity 25180K, committed 25392K, reserved 1071104K
  class space    used 2832K, capacity 2999K, committed 3120K, reserved 1048576K
Event: 8.249 GC heap after
Heap after GC invocations=11 (full 1):
 PSYoungGen      total 296448K, used 2464K [0x00000000d5980000, 0x00000000ed180000, 0x0000000100000000)
  eden space 278528K, 0% used [0x00000000d5980000,0x00000000d5980000,0x00000000e6980000)
  from space 17920K, 13% used [0x00000000e7b80000,0x00000000e7de8000,0x00000000e8d00000)
  to   space 18432K, 0% used [0x00000000e6980000,0x00000000e6980000,0x00000000e7b80000)
 ParOldGen       total 87552K, used 34492K [0x0000000080c00000, 0x0000000086180000, 0x00000000d5980000)
  object space 87552K, 39% used [0x0000000080c00000,0x0000000082daf240,0x0000000086180000)
 Metaspace       used 24523K, capacity 25180K, committed 25392K, reserved 1071104K
  class space    used 2832K, capacity 2999K, committed 3120K, reserved 1048576K
}
Event: 9.076 GC heap before
{Heap before GC invocations=12 (full 1):
 PSYoungGen      total 296448K, used 280992K [0x00000000d5980000, 0x00000000ed180000, 0x0000000100000000)
  eden space 278528K, 100% used [0x00000000d5980000,0x00000000e6980000,0x00000000e6980000)
  from space 17920K, 13% used [0x00000000e7b80000,0x00000000e7de8000,0x00000000e8d00000)
  to   space 18432K, 0% used [0x00000000e6980000,0x00000000e6980000,0x00000000e7b80000)
 ParOldGen       total 87552K, used 34492K [0x0000000080c00000, 0x0000000086180000, 0x00000000d5980000)
  object space 87552K, 39% used [0x0000000080c00000,0x0000000082daf240,0x0000000086180000)
 Metaspace       used 24621K, capacity 25256K, committed 25648K, reserved 1071104K
  class space    used 2842K, capacity 3001K, committed 3120K, reserved 1048576K
Event: 9.091 GC heap after
Heap after GC invocations=12 (full 1):
 PSYoungGen      total 296960K, used 1984K [0x00000000d5980000, 0x00000000eeb00000, 0x0000000100000000)
  eden space 278528K, 0% used [0x00000000d5980000,0x00000000d5980000,0x00000000e6980000)
  from space 18432K, 10% used [0x00000000e6980000,0x00000000e6b70000,0x00000000e7b80000)
  to   space 18432K, 0% used [0x00000000ed900000,0x00000000ed900000,0x00000000eeb00000)
 ParOldGen       total 87552K, used 36348K [0x0000000080c00000, 0x0000000086180000, 0x00000000d5980000)
  object space 87552K, 41% used [0x0000000080c00000,0x0000000082f7f240,0x0000000086180000)
 Metaspace       used 24621K, capacity 25256K, committed 25648K, reserved 1071104K
  class space    used 2842K, capacity 3001K, committed 3120K, reserved 1048576K
}

Deoptimization events (10 events):
Event: 5.994 Thread 0x000000000058e800 Uncommon trap: reason=bimorphic action=maybe_recompile pc=0x0000000002e5a5e4 method=java.util.regex.Matcher.match(II)Z @ 86
Event: 5.994 Thread 0x000000000058e800 Uncommon trap: reason=bimorphic action=maybe_recompile pc=0x0000000002e5a5e4 method=java.util.regex.Matcher.match(II)Z @ 86
Event: 6.175 Thread 0x000000000058e800 Uncommon trap: reason=unstable_if action=reinterpret pc=0x000000000340466c method=java.util.regex.Pattern$Curly.match(Ljava/util/regex/Matcher;ILjava/lang/CharSequence;)Z @ 45
Event: 6.719 Thread 0x000000000058e800 Uncommon trap: reason=class_check action=maybe_recompile pc=0x00000000029c19d0 method=java.util.regex.Pattern$Curly.match0(Ljava/util/regex/Matcher;IILjava/lang/CharSequence;)Z @ 16
Event: 6.767 Thread 0x000000000058e800 Uncommon trap: reason=null_check action=make_not_entrant pc=0x00000000035e84fc method=org.apache.maven.model.io.xpp3.MavenXpp3ReaderEx.checkFieldWithDuplicate(Lorg/codehaus/plexus/util/xml/pull/XmlPullParser;Ljava/lang/String;Ljava/lang/String;Ljava/util/S
Event: 7.316 Thread 0x000000000058e800 Uncommon trap: reason=null_check action=make_not_entrant pc=0x000000000292cac0 method=org.apache.maven.model.validation.DefaultModelValidator.validateEffectiveDependency(Lorg/apache/maven/model/building/ModelProblemCollector;Lorg/apache/maven/model/Depende  êåº‰@
Event: 7.473 Thread 0x000000000058e800 Uncommon trap: reason=unstable_if action=reinterpret pc=0x00000000036b0514 method=java.math.BigInteger.<init>(Ljava/lang/String;I)V @ 326
Event: 7.473 Thread 0x000000000058e800 Uncommon trap: reason=unstable_if action=reinterpret pc=0x0000000002a5312c method=java.lang.Long.getChars(JI[C)V @ 24
Event: 7.531 Thread 0x000000000058e800 Uncommon trap: reason=unstable_if action=reinterpret pc=0x000000000369d19c method=org.apache.maven.model.merge.ModelMerger.mergePlugin_Dependencies(Lorg/apache/maven/model/Plugin;Lorg/apache/maven/model/Plugin;ZLjava/util/Map;)V @ 64
Event: 9.003 Thread 0x000000000058e800 Uncommon trap: reason=unstable_if action=reinterpret pc=0x0000000002fd32c8 method=java.util.concurrent.ConcurrentHashMap.get(Ljava/lang/Object;)Ljava/lang/Object; @ 152

Internal exceptions (10 events):
Event: 3.979 Thread 0x000000000058e800 Exception <a 'java/security/PrivilegedActionException'> (0x00000000d7d1bcc8) thrown at [C:\re\workspace\8-2-build-windows-amd64-cygwin\jdk8u45\3457\hotspot\src\share\vm\prims\jvm.cpp, line 1382]
Event: 3.979 Thread 0x000000000058e800 Exception <a 'java/security/PrivilegedActionException'> (0x00000000d7d1c010) thrown at [C:\re\workspace\8-2-build-windows-amd64-cygwin\jdk8u45\3457\hotspot\src\share\vm\prims\jvm.cpp, line 1382]
Event: 4.153 Thread 0x000000000058e800 Exception <a 'java/io/FileNotFoundException'> (0x00000000d8400ed0) thrown at [C:\re\workspace\8-2-build-windows-amd64-cygwin\jdk8u45\3457\hotspot\src\share\vm\prims\jni.cpp, line 709]
Event: 4.155 Thread 0x000000000058e800 Exception <a 'java/io/FileNotFoundException'> (0x00000000d8434d10) thrown at [C:\re\workspace\8-2-build-windows-amd64-cygwin\jdk8u45\3457\hotspot\src\share\vm\prims\jni.cpp, line 709]
Event: 4.204 Thread 0x000000000058e800 Exception <a 'java/io/FileNotFoundException'> (0x00000000d8c59bb0) thrown at [C:\re\workspace\8-2-build-windows-amd64-cygwin\jdk8u45\3457\hotspot\src\share\vm\prims\jni.cpp, line 709]
Event: 4.204 Thread 0x000000000058e800 Exception <a 'java/io/FileNotFoundException'> (0x00000000d8c5a940) thrown at [C:\re\workspace\8-2-build-windows-amd64-cygwin\jdk8u45\3457\hotspot\src\share\vm\prims\jni.cpp, line 709]
Event: 4.204 Thread 0x000000000058e800 Exception <a 'java/io/FileNotFoundException'> (0x00000000d8c5b700) thrown at [C:\re\workspace\8-2-build-windows-amd64-cygwin\jdk8u45\3457\hotspot\src\share\vm\prims\jni.cpp, line 709]
Event: 4.204 Thread 0x000000000058e800 Exception <a 'java/io/FileNotFoundException'> (0x00000000d8c5c4d0) thrown at [C:\re\workspace\8-2-build-windows-amd64-cygwin\jdk8u45\3457\hotspot\src\share\vm\prims\jni.cpp, line 709]
Event: 6.767 Thread 0x000000000058e800 Implicit null exception at 0x00000000035e829f to 0x00000000035e84e1
Event: 7.316 Thread 0x000000000058e800 Implicit null exception at 0x000000000292a9ef to 0x000000000292cab1

Events (10 events):
Event: 9.284 Thread 0x000000000058e800 DEOPT PACKING pc=0x0000000002fbfbc5 sp=0x000000000279b680
Event: 9.284 Thread 0x000000000058e800 DEOPT UNPACKING pc=0x00000000027e747f sp=0x000000000279b388 mode 0
Event: 9.292 Thread 0x000000000058e800 DEOPT PACKING pc=0x00000000035bf1d5 sp=0x0000000002799ed0
Event: 9.292 Thread 0x000000000058e800 DEOPT UNPACKING pc=0x00000000027e747f sp=0x0000000002799c80 mode 0
Event: 9.354 Thread 0x000000000058e800 DEOPT PACKING pc=0x0000000002fbfbc5 sp=0x000000000279a180
Event: 9.354 Thread 0x000000000058e800 DEOPT UNPACKING pc=0x00000000027e747f sp=0x0000000002799e88 mode 0
Event: 9.414 Thread 0x000000000058e800 DEOPT PACKING pc=0x0000000003675af5 sp=0x000000000279be90
Event: 9.414 Thread 0x000000000058e800 DEOPT UNPACKING pc=0x00000000027e747f sp=0x000000000279bbf0 mode 0
Event: 9.416 Thread 0x000000000058e800 DEOPT PACKING pc=0x0000000002fbfbc5 sp=0x000000000279ac30
Event: 9.416 Thread 0x000000000058e800 DEOPT UNPACKING pc=0x00000000027e747f sp=0x000000000279a938 mode 0


Dynamic libraries:
0x000000013f280000 - 0x000000013f2b7000 	C:\Program Files\Java\jdk1.8.0_45\bin\java.exe
0x00000000772f0000 - 0x0000000077499000 	C:\windows\SYSTEM32\ntdll.dll
0x0000000076f20000 - 0x000000007703f000 	C:\windows\system32\kernel32.dll
0x000007fefdab0000 - 0x000007fefdb1c000 	C:\windows\system32\KERNELBASE.dll
0x000007fefdbc0000 - 0x000007fefdc9b000 	C:\windows\system32\ADVAPI32.dll
0x000007fefde80000 - 0x000007fefdf1f000 	C:\windows\system32\msvcrt.dll
0x000007feff4b0000 - 0x000007feff4cf000 	C:\windows\SYSTEM32\sechost.dll
0x000007fefdcd0000 - 0x000007fefddfd000 	C:\windows\system32\RPCRT4.dll
0x0000000076c10000 - 0x0000000076d0a000 	C:\windows\system32\USER32.dll
0x000007fefe1d0000 - 0x000007fefe237000 	C:\windows\system32\GDI32.dll
0x000007fefe460000 - 0x000007fefe46e000 	C:\windows\system32\LPK.dll
0x000007fefe100000 - 0x000007fefe1c9000 	C:\windows\system32\USP10.dll
0x000007fefd2a0000 - 0x000007fefd494000 	C:\windows\WinSxS\amd64_microsoft.windows.common-controls_6595b64144ccf1df_6.0.7601.17514_none_fa396087175ac9ac\COMCTL32.dll
0x000007fefde00000 - 0x000007fefde71000 	C:\windows\system32\SHLWAPI.dll
0x000007fefdca0000 - 0x000007fefdcce000 	C:\windows\system32\IMM32.DLL
0x000007fefe350000 - 0x000007fefe459000 	C:\windows\system32\MSCTF.dll
0x0000000063e10000 - 0x0000000063ee2000 	C:\Program Files\Java\jdk1.8.0_45\jre\bin\msvcr100.dll
0x000000005f5d0000 - 0x000000005fe53000 	C:\Program Files\Java\jdk1.8.0_45\jre\bin\server\jvm.dll
0x000007fef7a50000 - 0x000007fef7a59000 	C:\windows\system32\WSOCK32.dll
0x000007feff5b0000 - 0x000007feff5fd000 	C:\windows\system32\WS2_32.dll
0x000007fefe340000 - 0x000007fefe348000 	C:\windows\system32\NSI.dll
0x000007fefb410000 - 0x000007fefb44b000 	C:\windows\system32\WINMM.dll
0x000007fefc580000 - 0x000007fefc58c000 	C:\windows\system32\VERSION.dll
0x00000000774c0000 - 0x00000000774c7000 	C:\windows\system32\PSAPI.DLL
0x0000000069950000 - 0x000000006995f000 	C:\Program Files\Java\jdk1.8.0_45\jre\bin\verify.dll
0x00000000686f0000 - 0x0000000068719000 	C:\Program Files\Java\jdk1.8.0_45\jre\bin\java.dll
0x0000000068b80000 - 0x0000000068b96000 	C:\Program Files\Java\jdk1.8.0_45\jre\bin\zip.dll
0x000007fefe700000 - 0x000007feff488000 	C:\windows\system32\SHELL32.dll
0x000007fefe470000 - 0x000007fefe673000 	C:\windows\system32\ole32.dll
0x000007fefd750000 - 0x000007fefd75f000 	C:\windows\system32\profapi.dll
0x000007fef7a40000 - 0x000007fef7a50000 	C:\Program Files (x86)\JetBrains\IntelliJ IDEA 12.1.7\bin\breakgen64.dll
0x00000000686d0000 - 0x00000000686ea000 	C:\Program Files\Java\jdk1.8.0_45\jre\bin\net.dll
0x000007fefcca0000 - 0x000007fefccf5000 	C:\windows\system32\mswsock.dll
0x000007fefcc90000 - 0x000007fefcc97000 	C:\windows\System32\wship6.dll
0x00000000686b0000 - 0x00000000686c1000 	C:\Program Files\Java\jdk1.8.0_45\jre\bin\nio.dll
0x000007fefd620000 - 0x000007fefd677000 	C:\windows\system32\apphelp.dll
0x000007fef2830000 - 0x000007fef2955000 	C:\windows\system32\dbghelp.dll

VM Arguments:
jvm_args: -Dmaven.home=F:\apache-maven-3.2.3 -Dclassworlds.conf=F:\apache-maven-3.2.3\bin\m2.conf -Didea.launcher.port=7534 -Didea.launcher.bin.path=C:\Program Files (x86)\JetBrains\IntelliJ IDEA 12.1.7\bin -Dfile.encoding=UTF-8 
java_command: com.intellij.rt.execution.application.AppMain org.codehaus.classworlds.Launcher --fail-fast --strict-checksums deploy
java_class_path (initial): F:\apache-maven-3.2.3\boot\plexus-classworlds-2.5.1.jar;C:\Program Files (x86)\JetBrains\IntelliJ IDEA 12.1.7\lib\idea_rt.jar
Launcher Type: SUN_STANDARD

Environment Variables:
JAVA_HOME=C:\Program Files\Java\jdk1.8.0_45
CLASSPATH=C:\Program Files\Java\jdk1.8.0_45\lib\dt.jar;C:\Program Files\Java\jdk1.8.0_45\lib\tools.jar;
PATH=C:\Program Files (x86)\JetBrains\IntelliJ IDEA 12.1.7\bin\..\.\bin;C:\ProgramData\Oracle\Java\javapath;C:\Program Files (x86)\Common Files\NetSarang;C:\windows\system32;C:\windows;C:\windows\System32\Wbem;C:\windows\System32\WindowsPowerShell\v1.0\;C:\Program Files\Java\jdk1.8.0_45\bin;C:\Program Files\Java\jdk1.8.0_45\jre\bin;C:\Program Files\TortoiseSVN\bin;C:\cygwin\bin;C:\cygwin\bin;;c:\program files (x86)\jetbrains\intellij idea 12.1.7\jre\jre\bin
USERNAME=Administrator
OS=Windows_NT
PROCESSOR_IDENTIFIER=Intel64 Family 6 Model 58 Stepping 9, GenuineIntel



---------------  S Y S T E M  ---------------

OS: Windows 7 , 64 bit Build 7601 (6.1.7601.17965)

CPU:total 2 (2 cores per cpu, 1 threads per core) family 6 model 58 stepping 9, cmov, cx8, fxsr, mmx, sse, sse2, sse3, ssse3, sse4.1, sse4.2, popcnt, clmul, erms, tsc, tscinvbit, tscinv

Memory: 4k page, physical 8333864k(4918072k free), swap 25109228k(20769384k free)

vm_info: Java HotSpot(TM) 64-Bit Server VM (25.45-b02) for windows-amd64 JRE (1.8.0_45-b14), built on Apr 10 2015 10:34:15 by "java_re" with MS VC++ 10.0 (VS2010)

time: Tue Jan 26 10:38:28 2016
elapsed time: 9 seconds (0d 0h 0m 9s)

