#
# A fatal error has been detected by the Java Runtime Environment:
#
#  EXCEPTION_ACCESS_VIOLATION (0xc0000005) at pc=0x00000000030050ed, pid=4632, tid=2560
#
# JRE version: Java(TM) SE Runtime Environment (8.0_45-b14) (build 1.8.0_45-b14)
# Java VM: Java HotSpot(TM) 64-Bit Server VM (25.45-b02 mixed mode windows-amd64 compressed oops)
# Problematic frame:
# J 2362 C2 org.apache.maven.model.interpolation.StringSearchModelInterpolator$InterpolateObjectAction$ListField.doInterpolate(Ljava/lang/Object;Lorg/apache/maven/model/interpolation/StringSearchModelInterpolator$InterpolateObjectAction;)V (139 bytes) @ 0x00000000030050ed [0x0000000003005000+0xed]
#
# Failed to write core dump. Minidumps are not enabled by default on client versions of Windows
#
# If you would like to submit a bug report, please visit:
#   http://bugreport.java.com/bugreport/crash.jsp
#

---------------  T H R E A D  ---------------

Current thread (0x0000000001d8e800):  JavaThread "main" [_thread_in_Java, id=2560, stack(0x00000000027e0000,0x00000000028e0000)]

siginfo: ExceptionCode=0xc0000005, reading address 0x0000000092ab44b0

Registers:
RAX=0x00000000df1f5738, RBX=0x0000000059c1c9f8, RCX=0x0000000092ab44a8, RDX=0x00000000df1f5790
RSP=0x00000000028da310, RBP=0x00000000df1f84e8, RSI=0x00000000df1f5790, RDI=0x0000000000000000
R8 =0x0000000000000001, R9 =0x0000000092ab44a8, R10=0x0000000000000000, R11=0x00000000df1f5738
R12=0x0000000000000000, R13=0x00000000169abe58, R14=0x000000001189a000, R15=0x0000000001d8e800
RIP=0x00000000030050ed, EFLAGS=0x0000000000010202

Top of Stack: (sp=0x00000000028da310)
0x00000000028da310:   00000000df307200 00000000df1f5340
0x00000000028da320:   00000000df1f5340 00000000df1f4400
0x00000000028da330:   819254e016971bb0 000000008110a698
0x00000000028da340:   00000000df1f5680 df320598df307220
0x00000000028da350:   0000000000000009 00000000df2a8048
0x00000000028da360:   0000000081691118 0000000002f62f10
0x00000000028da370:   00000000df2a8058 00000000df2cc6d0
0x00000000028da380:   00000000df2cc690 000001c900001e96
0x00000000028da390:   0000000081107f48 0000000016a5a5f0
0x00000000028da3a0:   00000000df1f5340 00000000df307200
0x00000000028da3b0:   0000000016aeec10 000000001696b6c0
0x00000000028da3c0:   0000000081690b58 0000000016aef6e0
0x00000000028da3d0:   0000000016aeee18 0000000016aed7b0
0x00000000028da3e0:   0000000016955b10 000000001696e888
0x00000000028da3f0:   0000000016958200 0000000016aeea08
0x00000000028da400:   0000000081921268 0000000081691128 

Instructions: (pc=0x00000000030050ed)
0x00000000030050cd:   10 8b 4e 08 48 8b d6 81 f9 d0 16 95 16 0f 84 44
0x00000000030050dd:   01 00 00 49 b9 00 00 00 00 00 00 00 00 4c 03 c9
0x00000000030050ed:   41 8b 49 08 85 c9 0f 8c 38 04 00 00 48 8b 1c 24
0x00000000030050fd:   8b 4b 0c 44 8b 49 18 49 8b 47 60 48 8b f0 48 83 


Register to memory mapping:

RAX=0x00000000df1f5738 is an oop
java.util.ArrayList 
 - klass: 'java/util/ArrayList'
RBX={method} {0x0000000059c1ca00} 'get' '(Ljava/lang/Object;)Ljava/lang/Object;' in 'sun/reflect/UnsafeObjectFieldAccessorImpl'
RCX=0x0000000092ab44a8 is an unallocated location in the heap
RDX=0x00000000df1f5790 is an unknown value
RSP=0x00000000028da310 is pointing into the stack for thread: 0x0000000001d8e800
RBP=0x00000000df1f84e8 is an oop
[Ljava.lang.Object; 
 - klass: 'java/lang/Object'[]
 - length: 10
RSI=0x00000000df1f5790 is an unknown value
RDI=0x0000000000000000 is an unknown value
R8 =0x0000000000000001 is an unknown value
R9 =0x0000000092ab44a8 is an unallocated location in the heap
R10=0x0000000000000000 is an unknown value
R11=0x00000000df1f5738 is an oop
java.util.ArrayList 
 - klass: 'java/util/ArrayList'
R12=0x0000000000000000 is an unknown value
R13=0x00000000169abe58 is pointing into metadata
R14=0x000000001189a000 is an unknown value
R15=0x0000000001d8e800 is a thread


Stack: [0x00000000027e0000,0x00000000028e0000],  sp=0x00000000028da310,  free space=1000k
Native frames: (J=compiled Java code, j=interpreted, Vv=VM code, C=native code)
C  0x00000000030050ed


---------------  P R O C E S S  ---------------

Java Threads: ( => current thread )
  0x00000000586da000 JavaThread "Monitor Ctrl-Break" daemon [_thread_in_native, id=3416, stack(0x0000000058f10000,0x0000000059010000)]
  0x0000000058654000 JavaThread "Service Thread" daemon [_thread_blocked, id=4180, stack(0x0000000058c20000,0x0000000058d20000)]
  0x0000000058638800 JavaThread "C1 CompilerThread1" daemon [_thread_blocked, id=2536, stack(0x0000000058a60000,0x0000000058b60000)]
  0x00000000572fa000 JavaThread "C2 CompilerThread0" daemon [_thread_in_native, id=4684, stack(0x0000000058530000,0x0000000058630000)]
  0x00000000572f9000 JavaThread "Attach Listener" daemon [_thread_blocked, id=3644, stack(0x0000000058360000,0x0000000058460000)]
  0x00000000572e1800 JavaThread "Signal Dispatcher" daemon [_thread_blocked, id=3528, stack(0x0000000058230000,0x0000000058330000)]
  0x000000005728c800 JavaThread "Finalizer" daemon [_thread_blocked, id=4572, stack(0x0000000057e90000,0x0000000057f90000)]
  0x0000000057282000 JavaThread "Reference Handler" daemon [_thread_blocked, id=2696, stack(0x0000000057f90000,0x0000000058090000)]
=>0x0000000001d8e800 JavaThread "main" [_thread_in_Java, id=2560, stack(0x00000000027e0000,0x00000000028e0000)]

Other Threads:
  0x000000005727c800 VMThread [stack: 0x0000000057d10000,0x0000000057e10000] [id=2364]
  0x0000000058663000 WatcherThread [stack: 0x0000000058db0000,0x0000000058eb0000] [id=1160]

VM state:not at safepoint (normal execution)

VM Mutex/Monitor currently owned by a thread: None

Heap:
 PSYoungGen      total 436224K, used 161873K [0x00000000d5980000, 0x00000000f1100000, 0x0000000100000000)
  eden space 423936K, 37% used [0x00000000d5980000,0x00000000df50c648,0x00000000ef780000)
  from space 12288K, 21% used [0x00000000f0400000,0x00000000f0688000,0x00000000f1000000)
  to   space 12800K, 0% used [0x00000000ef780000,0x00000000ef780000,0x00000000f0400000)
 ParOldGen       total 87552K, used 22420K [0x0000000080c00000, 0x0000000086180000, 0x00000000d5980000)
  object space 87552K, 25% used [0x0000000080c00000,0x00000000821e51d8,0x0000000086180000)
 Metaspace       used 18943K, capacity 19590K, committed 19840K, reserved 1067008K
  class space    used 2180K, capacity 2352K, committed 2432K, reserved 1048576K

Card table byte_map: [0x0000000011ca0000,0x00000000120a0000] byte_map_base: 0x000000001189a000

Marking Bits: (ParMarkBitMap*) 0x0000000066b34040
 Begin Bits: [0x00000000125b0000, 0x0000000014580000)
 End Bits:   [0x0000000014580000, 0x0000000016550000)

Polling page: 0x0000000000140000

CodeCache: size=245760Kb used=14024Kb max_used=14647Kb free=231735Kb
 bounds [0x00000000028e0000, 0x0000000003760000, 0x00000000118e0000]
 total_blobs=4279 nmethods=3940 adapters=252
 compilation: enabled

Compilation events (10 events):
Event: 7.202 Thread 0x0000000058638800 nmethod 4468 0x0000000002dd3550 code [0x0000000002dd3740, 0x0000000002dd4038]
Event: 7.202 Thread 0x0000000058638800 4469       3       org.apache.maven.model.ReportPlugin::getKey (12 bytes)
Event: 7.202 Thread 0x0000000058638800 nmethod 4469 0x0000000002b00050 code [0x0000000002b00220, 0x0000000002b00a98]
Event: 7.202 Thread 0x0000000058638800 4470       3       org.apache.maven.model.ReportPlugin::constructKey (24 bytes)
Event: 7.202 Thread 0x0000000058638800 nmethod 4470 0x0000000002e04c90 code [0x0000000002e04e60, 0x0000000002e05658]
Event: 7.216 Thread 0x0000000058638800 4471       3       org.apache.maven.model.Prerequisites::setLocation (35 bytes)
Event: 7.217 Thread 0x0000000058638800 nmethod 4471 0x0000000002e1d890 code [0x0000000002e1da20, 0x0000000002e1dea8]
Event: 7.239 Thread 0x0000000058638800 4472       3       org.apache.maven.repository.legacy.resolver.DefaultLegacyArtifactCollector::manageArtifact (189 bytes)
Event: 7.240 Thread 0x0000000058638800 nmethod 4472 0x000000000303b4d0 code [0x000000000303b7c0, 0x000000000303cbf8]
Event: 7.247 Thread 0x0000000058638800 4473       3       org.apache.maven.model.profile.DefaultProfileInjector$ProfileModelMerger::mergePlugin_Executions (208 bytes)

GC Heap History (10 events):
Event: 2.977 GC heap before
{Heap before GC invocations=6 (full 0):
 PSYoungGen      total 71680K, used 71656K [0x00000000d5980000, 0x00000000ded80000, 0x0000000100000000)
  eden space 66560K, 100% used [0x00000000d5980000,0x00000000d9a80000,0x00000000d9a80000)
  from space 5120K, 99% used [0x00000000d9a80000,0x00000000d9f7a020,0x00000000d9f80000)
  to   space 9216K, 0% used [0x00000000de480000,0x00000000de480000,0x00000000ded80000)
 ParOldGen       total 87552K, used 9854K [0x0000000080c00000, 0x0000000086180000, 0x00000000d5980000)
  object space 87552K, 11% used [0x0000000080c00000,0x000000008159fb60,0x0000000086180000)
 Metaspace       used 15507K, capacity 15904K, committed 16000K, reserved 1062912K
  class space    used 1792K, capacity 1920K, committed 1920K, reserved 1048576K
Event: 2.993 GC heap after
Heap after GC invocations=6 (full 0):
 PSYoungGen      total 141824K, used 8380K [0x00000000d5980000, 0x00000000dee80000, 0x0000000100000000)
  eden space 132608K, 0% used [0x00000000d5980000,0x00000000d5980000,0x00000000ddb00000)
  from space 9216K, 90% used [0x00000000de480000,0x00000000decaf020,0x00000000ded80000)
  to   space 9728K, 0% used [0x00000000ddb00000,0x00000000ddb00000,0x00000000de480000)
 ParOldGen       total 87552K, used 9862K [0x0000000080c00000, 0x0000000086180000, 0x00000000d5980000)
  object space 87552K, 11% used [0x0000000080c00000,0x00000000815a1b60,0x0000000086180000)
 Metaspace       used 15507K, capacity 15904K, committed 16000K, reserved 1062912K
  class space    used 1792K, capacity 1920K, committed 1920K, reserved 1048576K
}
Event: 4.208 GC heap before
{Heap before GC invocations=7 (full 0):
 PSYoungGen      total 141824K, used 140988K [0x00000000d5980000, 0x00000000dee80000, 0x0000000100000000)
  eden space 132608K, 100% used [0x00000000d5980000,0x00000000ddb00000,0x00000000ddb00000)
  from space 9216K, 90% used [0x00000000de480000,0x00000000decaf020,0x00000000ded80000)
  to   space 9728K, 0% used [0x00000000ddb00000,0x00000000ddb00000,0x00000000de480000)
 ParOldGen       total 87552K, used 9862K [0x0000000080c00000, 0x0000000086180000, 0x00000000d5980000)
  object space 87552K, 11% used [0x0000000080c00000,0x00000000815a1b60,0x0000000086180000)
 Metaspace       used 18503K, capacity 19176K, committed 19328K, reserved 1067008K
  class space    used 2166K, capacity 2347K, committed 2432K, reserved 1048576K
Event: 4.259 GC heap after
Heap after GC invocations=7 (full 0):
 PSYoungGen      total 142336K, used 9697K [0x00000000d5980000, 0x00000000e7580000, 0x0000000100000000)
  eden space 132608K, 0% used [0x00000000d5980000,0x00000000d5980000,0x00000000ddb00000)
  from space 9728K, 99% used [0x00000000ddb00000,0x00000000de4784d0,0x00000000de480000)
  to   space 12800K, 0% used [0x00000000e6900000,0x00000000e6900000,0x00000000e7580000)
 ParOldGen       total 87552K, used 13420K [0x0000000080c00000, 0x0000000086180000, 0x00000000d5980000)
  object space 87552K, 15% used [0x0000000080c00000,0x000000008191b1b8,0x0000000086180000)
 Metaspace       used 18503K, capacity 19176K, committed 19328K, reserved 1067008K
  class space    used 2166K, capacity 2347K, committed 2432K, reserved 1048576K
}
Event: 4.877 GC heap before
{Heap before GC invocations=8 (full 0):
 PSYoungGen      total 142336K, used 142305K [0x00000000d5980000, 0x00000000e7580000, 0x0000000100000000)
  eden space 132608K, 100% used [0x00000000d5980000,0x00000000ddb00000,0x00000000ddb00000)
  from space 9728K, 99% used [0x00000000ddb00000,0x00000000de4784d0,0x00000000de480000)
  to   space 12800K, 0% used [0x00000000e6900000,0x00000000e6900000,0x00000000e7580000)
 ParOldGen       total 87552K, used 13420K [0x0000000080c00000, 0x0000000086180000, 0x00000000d5980000)
  object space 87552K, 15% used [0x0000000080c00000,0x000000008191b1b8,0x0000000086180000)
 Metaspace       used 18671K, capacity 19304K, committed 19584K, reserved 1067008K
  class space    used 2166K, capacity 2347K, committed 2432K, reserved 1048576K
Event: 4.906 GC heap after
Heap after GC invocations=8 (full 0):
 PSYoungGen      total 276992K, used 8672K [0x00000000d5980000, 0x00000000e7480000, 0x0000000100000000)
  eden space 265216K, 0% used [0x00000000d5980000,0x00000000d5980000,0x00000000e5c80000)
  from space 11776K, 73% used [0x00000000e6900000,0x00000000e7178000,0x00000000e7480000)
  to   space 12288K, 0% used [0x00000000e5c80000,0x00000000e5c80000,0x00000000e6880000)
 ParOldGen       total 87552K, used 15588K [0x0000000080c00000, 0x0000000086180000, 0x00000000d5980000)
  object space 87552K, 17% used [0x0000000080c00000,0x0000000081b391b8,0x0000000086180000)
 Metaspace       used 18671K, capacity 19304K, committed 19584K, reserved 1067008K
  class space    used 2166K, capacity 2347K, committed 2432K, reserved 1048576K
}
Event: 5.825 GC heap before
{Heap before GC invocations=9 (full 0):
 PSYoungGen      total 276992K, used 273888K [0x00000000d5980000, 0x00000000e7480000, 0x0000000100000000)
  eden space 265216K, 100% used [0x00000000d5980000,0x00000000e5c80000,0x00000000e5c80000)
  from space 11776K, 73% used [0x00000000e6900000,0x00000000e7178000,0x00000000e7480000)
  to   space 12288K, 0% used [0x00000000e5c80000,0x00000000e5c80000,0x00000000e6880000)
 ParOldGen       total 87552K, used 15588K [0x0000000080c00000, 0x0000000086180000, 0x00000000d5980000)
  object space 87552K, 17% used [0x0000000080c00000,0x0000000081b391b8,0x0000000086180000)
 Metaspace       used 18800K, capacity 19450K, committed 19584K, reserved 1067008K
  class space    used 2169K, capacity 2350K, committed 2432K, reserved 1048576K
Event: 5.838 GC heap after
Heap after GC invocations=9 (full 0):
 PSYoungGen      total 277504K, used 5856K [0x00000000d5980000, 0x00000000f1000000, 0x0000000100000000)
  eden space 265216K, 0% used [0x00000000d5980000,0x00000000d5980000,0x00000000e5c80000)
  from space 12288K, 47% used [0x00000000e5c80000,0x00000000e6238000,0x00000000e6880000)
  to   space 12288K, 0% used [0x00000000f0400000,0x00000000f0400000,0x00000000f1000000)
 ParOldGen       total 87552K, used 19140K [0x0000000080c00000, 0x0000000086180000, 0x00000000d5980000)
  object space 87552K, 21% used [0x0000000080c00000,0x0000000081eb11b8,0x0000000086180000)
 Metaspace       used 18800K, capacity 19450K, committed 19584K, reserved 1067008K
  class space    used 2169K, capacity 2350K, committed 2432K, reserved 1048576K
}
Event: 6.761 GC heap before
{Heap before GC invocations=10 (full 0):
 PSYoungGen      total 277504K, used 271072K [0x00000000d5980000, 0x00000000f1000000, 0x0000000100000000)
  eden space 265216K, 100% used [0x00000000d5980000,0x00000000e5c80000,0x00000000e5c80000)
  from space 12288K, 47% used [0x00000000e5c80000,0x00000000e6238000,0x00000000e6880000)
  to   space 12288K, 0% used [0x00000000f0400000,0x00000000f0400000,0x00000000f1000000)
 ParOldGen       total 87552K, used 19140K [0x0000000080c00000, 0x0000000086180000, 0x00000000d5980000)
  object space 87552K, 21% used [0x0000000080c00000,0x0000000081eb11b8,0x0000000086180000)
 Metaspace       used 18920K, capacity 19526K, committed 19840K, reserved 1067008K
  class space    used 2180K, capacity 2352K, committed 2432K, reserved 1048576K
Event: 6.771 GC heap after
Heap after GC invocations=10 (full 0):
 PSYoungGen      total 436224K, used 2592K [0x00000000d5980000, 0x00000000f1100000, 0x0000000100000000)
  eden space 423936K, 0% used [0x00000000d5980000,0x00000000d5980000,0x00000000ef780000)
  from space 12288K, 21% used [0x00000000f0400000,0x00000000f0688000,0x00000000f1000000)
  to   space 12800K, 0% used [0x00000000ef780000,0x00000000ef780000,0x00000000f0400000)
 ParOldGen       total 87552K, used 22420K [0x0000000080c00000, 0x0000000086180000, 0x00000000d5980000)
  object space 87552K, 25% used [0x0000000080c00000,0x00000000821e51d8,0x0000000086180000)
 Metaspace       used 18920K, capacity 19526K, committed 19840K, reserved 1067008K
  class space    used 2180K, capacity 2352K, committed 2432K, reserved 1048576K
}

Deoptimization events (10 events):
Event: 4.056 Thread 0x0000000001d8e800 Uncommon trap: reason=unstable_if action=reinterpret pc=0x00000000032b3ee8 method=java.util.regex.Pattern$Curly.match(Ljava/util/regex/Matcher;ILjava/lang/CharSequence;)Z @ 45
Event: 4.604 Thread 0x0000000001d8e800 Uncommon trap: reason=null_check action=make_not_entrant pc=0x000000000345de7c method=org.apache.maven.model.io.xpp3.MavenXpp3ReaderEx.checkFieldWithDuplicate(Lorg/codehaus/plexus/util/xml/pull/XmlPullParser;Ljava/lang/String;Ljava/lang/String;Ljava/util/S
Event: 4.653 Thread 0x0000000001d8e800 Uncommon trap: reason=class_check action=maybe_recompile pc=0x0000000003409990 method=java.util.regex.Pattern$Curly.match0(Ljava/util/regex/Matcher;IILjava/lang/CharSequence;)Z @ 16
Event: 5.372 Thread 0x0000000001d8e800 Uncommon trap: reason=class_check action=maybe_recompile pc=0x0000000003409990 method=java.util.regex.Pattern$Curly.match0(Ljava/util/regex/Matcher;IILjava/lang/CharSequence;)Z @ 16
Event: 5.372 Thread 0x0000000001d8e800 Uncommon trap: reason=unstable_if action=reinterpret pc=0x00000000035e8264 method=java.math.BigInteger.<init>(Ljava/lang/String;I)V @ 326
Event: 5.374 Thread 0x0000000001d8e800 Uncommon trap: reason=class_check action=maybe_recompile pc=0x0000000003409990 method=java.util.regex.Pattern$Curly.match0(Ljava/util/regex/Matcher;IILjava/lang/CharSequence;)Z @ 16
Event: 5.375 Thread 0x0000000001d8e800 Uncommon trap: reason=class_check action=maybe_recompile pc=0x0000000003409990 method=java.util.regex.Pattern$Curly.match0(Ljava/util/regex/Matcher;IILjava/lang/CharSequence;)Z @ 16
Event: 5.422 Thread 0x0000000001d8e800 Uncommon trap: reason=unstable_if action=reinterpret pc=0x00000000035ce680 method=org.apache.maven.model.merge.MavenModelMerger.mergePlugin_Executions(Lorg/apache/maven/model/Plugin;Lorg/apache/maven/model/Plugin;ZLjava/util/Map;)V @ 88
Event: 6.297 Thread 0x0000000001d8e800 Uncommon trap: reason=null_check action=make_not_entrant pc=0x00000000036f1940 method=org.codehaus.plexus.interpolation.reflection.ClassMap.findMethod(Ljava/lang/String;[Ljava/lang/Object;)Ljava/lang/reflect/Method; @ 103
Event: 6.773 Thread 0x0000000001d8e800 Uncommon trap: reason=null_check action=make_not_entrant pc=0x00000000037125e8 method=org.codehaus.plexus.interpolation.reflection.ReflectionValueExtractor.getClassMap(Ljava/lang/Class;)Lorg/codehaus/plexus/interpolation/reflection/ClassMap; @ 21

Internal exceptions (10 events):
Event: 0.575 Thread 0x0000000001d8e800 Exception <a 'java/lang/ArrayIndexOutOfBoundsException'> (0x00000000d7756ed8) thrown at [C:\re\workspace\8-2-build-windows-amd64-cygwin\jdk8u45\3457\hotspot\src\share\vm\runtime\sharedRuntime.cpp, line 605]
Event: 0.621 Thread 0x0000000001d8e800 Exception <a 'java/lang/ArrayIndexOutOfBoundsException'> (0x00000000d789b2a0) thrown at [C:\re\workspace\8-2-build-windows-amd64-cygwin\jdk8u45\3457\hotspot\src\share\vm\runtime\sharedRuntime.cpp, line 605]
Event: 0.630 Thread 0x0000000001d8e800 Exception <a 'java/lang/ArrayIndexOutOfBoundsException'> (0x00000000d7938fc8) thrown at [C:\re\workspace\8-2-build-windows-amd64-cygwin\jdk8u45\3457\hotspot\src\share\vm\runtime\sharedRuntime.cpp, line 605]
Event: 0.630 Thread 0x0000000001d8e800 Exception <a 'java/lang/ArrayIndexOutOfBoundsException'> (0x00000000d7939d20) thrown at [C:\re\workspace\8-2-build-windows-amd64-cygwin\jdk8u45\3457\hotspot\src\share\vm\runtime\sharedRuntime.cpp, line 605]
Event: 0.662 Thread 0x0000000001d8e800 Exception <a 'java/lang/ArrayIndexOutOfBoundsException'> (0x00000000d5aa2820) thrown at [C:\re\workspace\8-2-build-windows-amd64-cygwin\jdk8u45\3457\hotspot\src\share\vm\runtime\sharedRuntime.cpp, line 605]
Event: 1.328 Thread 0x0000000001d8e800 Implicit null exception at 0x0000000002c79c45 to 0x0000000002c79e11
Event: 1.328 Thread 0x0000000001d8e800 Implicit null exception at 0x0000000002bee96f to 0x0000000002bee9d5
Event: 1.539 Thread 0x0000000001d8e800 Implicit null exception at 0x0000000002e8a1ce to 0x0000000002e8b519
Event: 4.604 Thread 0x0000000001d8e800 Implicit null exception at 0x000000000345dc1f to 0x000000000345de61
Event: 6.773 Thread 0x0000000001d8e800 Implicit null exception at 0x000000000371169b to 0x00000000037125cd

Events (10 events):
Event: 6.810 Thread 0x0000000058638800 flushing nmethod 0x00000000033592d0
Event: 6.810 Thread 0x0000000058638800 flushing nmethod 0x000000000335c290
Event: 6.810 Thread 0x0000000058638800 flushing nmethod 0x000000000336b6d0
Event: 6.810 Thread 0x0000000058638800 flushing nmethod 0x00000000033712d0
Event: 6.810 Thread 0x0000000058638800 flushing nmethod 0x0000000003378850
Event: 6.811 Thread 0x0000000058638800 flushing nmethod 0x000000000345d950
Event: 6.812 Thread 0x0000000001d8e800 DEOPT PACKING pc=0x0000000002f8b519 sp=0x00000000028dab40
Event: 6.812 Thread 0x0000000001d8e800 DEOPT UNPACKING pc=0x000000000292747f sp=0x00000000028da8c8 mode 0
Event: 7.198 Thread 0x0000000001d8e800 DEOPT PACKING pc=0x00000000032a4341 sp=0x00000000028dbb70
Event: 7.198 Thread 0x0000000001d8e800 DEOPT UNPACKING pc=0x000000000292747f sp=0x00000000028db910 mode 0


Dynamic libraries:
0x000000013fa20000 - 0x000000013fa57000 	C:\Program Files\Java\jdk1.8.0_45\bin\java.exe
0x0000000077150000 - 0x00000000772f9000 	C:\windows\SYSTEM32\ntdll.dll
0x0000000076bc0000 - 0x0000000076cdf000 	C:\windows\system32\kernel32.dll
0x000007fefd8f0000 - 0x000007fefd95c000 	C:\windows\system32\KERNELBASE.dll
0x000007fefeab0000 - 0x000007fefeb8b000 	C:\windows\system32\ADVAPI32.dll
0x000007feff2c0000 - 0x000007feff35f000 	C:\windows\system32\msvcrt.dll
0x000007feff440000 - 0x000007feff45f000 	C:\windows\SYSTEM32\sechost.dll
0x000007fefeed0000 - 0x000007fefeffd000 	C:\windows\system32\RPCRT4.dll
0x0000000076e40000 - 0x0000000076f3a000 	C:\windows\system32\USER32.dll
0x000007fefed80000 - 0x000007fefede7000 	C:\windows\system32\GDI32.dll
0x000007feff360000 - 0x000007feff36e000 	C:\windows\system32\LPK.dll
0x000007feff370000 - 0x000007feff439000 	C:\windows\system32\USP10.dll
0x000007fefd100000 - 0x000007fefd2f4000 	C:\windows\WinSxS\amd64_microsoft.windows.common-controls_6595b64144ccf1df_6.0.7601.17514_none_fa396087175ac9ac\COMCTL32.dll
0x000007fefeb90000 - 0x000007fefec01000 	C:\windows\system32\SHLWAPI.dll
0x000007fefdcd0000 - 0x000007fefdcfe000 	C:\windows\system32\IMM32.DLL
0x000007fefec70000 - 0x000007fefed79000 	C:\windows\system32\MSCTF.dll
0x0000000068d50000 - 0x0000000068e22000 	C:\Program Files\Java\jdk1.8.0_45\jre\bin\msvcr100.dll
0x0000000066330000 - 0x0000000066bb3000 	C:\Program Files\Java\jdk1.8.0_45\jre\bin\server\jvm.dll
0x000007fefba30000 - 0x000007fefba39000 	C:\windows\system32\WSOCK32.dll
0x000007fefdc80000 - 0x000007fefdccd000 	C:\windows\system32\WS2_32.dll
0x000007feff000000 - 0x000007feff008000 	C:\windows\system32\NSI.dll
0x000007fefadc0000 - 0x000007fefadfb000 	C:\windows\system32\WINMM.dll
0x000007fefc0d0000 - 0x000007fefc0dc000 	C:\windows\system32\VERSION.dll
0x0000000077320000 - 0x0000000077327000 	C:\windows\system32\PSAPI.DLL
0x00000000694b0000 - 0x00000000694bf000 	C:\Program Files\Java\jdk1.8.0_45\jre\bin\verify.dll
0x0000000069480000 - 0x00000000694a9000 	C:\Program Files\Java\jdk1.8.0_45\jre\bin\java.dll
0x0000000069460000 - 0x0000000069476000 	C:\Program Files\Java\jdk1.8.0_45\jre\bin\zip.dll
0x000007fefdd20000 - 0x000007fefeaa8000 	C:\windows\system32\SHELL32.dll
0x000007feff010000 - 0x000007feff213000 	C:\windows\system32\ole32.dll
0x000007fefd5b0000 - 0x000007fefd5bf000 	C:\windows\system32\profapi.dll
0x000007fefba20000 - 0x000007fefba30000 	C:\Program Files (x86)\JetBrains\IntelliJ IDEA 12.1.7\bin\breakgen64.dll
0x0000000069410000 - 0x000000006942a000 	C:\Program Files\Java\jdk1.8.0_45\jre\bin\net.dll
0x000007fefcb20000 - 0x000007fefcb75000 	C:\windows\system32\mswsock.dll
0x000007fefcb10000 - 0x000007fefcb17000 	C:\windows\System32\wship6.dll
0x00000000693f0000 - 0x0000000069401000 	C:\Program Files\Java\jdk1.8.0_45\jre\bin\nio.dll
0x000007fefd480000 - 0x000007fefd4d7000 	C:\windows\system32\apphelp.dll
0x000007fef0c70000 - 0x000007fef0d95000 	C:\windows\system32\dbghelp.dll

VM Arguments:
jvm_args: -Dmaven.home=F:\apache-maven-3.2.3 -Dclassworlds.conf=F:\apache-maven-3.2.3\bin\m2.conf -Didea.launcher.port=7534 -Didea.launcher.bin.path=C:\Program Files (x86)\JetBrains\IntelliJ IDEA 12.1.7\bin -Dfile.encoding=UTF-8 
java_command: com.intellij.rt.execution.application.AppMain org.codehaus.classworlds.Launcher --fail-fast --strict-checksums deploy
java_class_path (initial): F:\apache-maven-3.2.3\boot\plexus-classworlds-2.5.1.jar;C:\Program Files (x86)\JetBrains\IntelliJ IDEA 12.1.7\lib\idea_rt.jar
Launcher Type: SUN_STANDARD

Environment Variables:
JAVA_HOME=C:\Program Files\Java\jdk1.8.0_45
CLASSPATH=C:\Program Files\Java\jdk1.8.0_45\lib\dt.jar;C:\Program Files\Java\jdk1.8.0_45\lib\tools.jar;
PATH=C:\Program Files (x86)\JetBrains\IntelliJ IDEA 12.1.7\bin\..\.\bin;C:\ProgramData\Oracle\Java\javapath;C:\Program Files (x86)\Common Files\NetSarang;C:\windows\system32;C:\windows;C:\windows\System32\Wbem;C:\windows\System32\WindowsPowerShell\v1.0\;C:\Program Files\Java\jdk1.8.0_45\bin;C:\Program Files\Java\jdk1.8.0_45\jre\bin;C:\Program Files\TortoiseSVN\bin;C:\cygwin\bin;C:\cygwin\bin;;c:\program files (x86)\jetbrains\intellij idea 12.1.7\jre\jre\bin
USERNAME=Administrator
OS=Windows_NT
PROCESSOR_IDENTIFIER=Intel64 Family 6 Model 58 Stepping 9, GenuineIntel



---------------  S Y S T E M  ---------------

OS: Windows 7 , 64 bit Build 7601 (6.1.7601.17965)

CPU:total 2 (2 cores per cpu, 1 threads per core) family 6 model 58 stepping 9, cmov, cx8, fxsr, mmx, sse, sse2, sse3, ssse3, sse4.1, sse4.2, popcnt, clmul, erms, tsc, tscinvbit, tscinv

Memory: 4k page, physical 8333864k(5009872k free), swap 25109228k(20931628k free)

vm_info: Java HotSpot(TM) 64-Bit Server VM (25.45-b02) for windows-amd64 JRE (1.8.0_45-b14), built on Apr 10 2015 10:34:15 by "java_re" with MS VC++ 10.0 (VS2010)

time: Tue Jan 26 18:53:41 2016
elapsed time: 7 seconds (0d 0h 0m 7s)

