#
# A fatal error has been detected by the Java Runtime Environment:
#
#  EXCEPTION_ACCESS_VIOLATION (0xc0000005) at pc=0x0000000066fb86de, pid=2592, tid=1856
#
# JRE version: Java(TM) SE Runtime Environment (8.0_45-b14) (build 1.8.0_45-b14)
# Java VM: Java HotSpot(TM) 64-Bit Server VM (25.45-b02 mixed mode windows-amd64 compressed oops)
# Problematic frame:
# V  [jvm.dll+0x3f86de]
#
# Failed to write core dump. Minidumps are not enabled by default on client versions of Windows
#
# If you would like to submit a bug report, please visit:
#   http://bugreport.java.com/bugreport/crash.jsp
#

---------------  T H R E A D  ---------------

Current thread (0x0000000002423800):  GCTaskThread [stack: 0x00000000122e0000,0x00000000123e0000] [id=1856]

siginfo: ExceptionCode=0xc0000005, reading address 0x000000009de79858

Registers:
RAX=0x0000003e00000601, RBX=0x00000000e6ed7018, RCX=0x0000000000000000, RDX=0x000000009de79858
RSP=0x00000000123dfa20, RBP=0x0000000000000000, RSI=0x0000000000000000, RDI=0x00000000596a5f20
R8 =0x00000000570aa680, R9 =0x00000000123dfaa8, R10=0x0000000000000001, R11=0x00000000123dfa20
R12=0x00000000672064a8, R13=0x000000000241c950, R14=0x00000000024240d0, R15=0x00000000024240e0
RIP=0x0000000066fb86de, EFLAGS=0x0000000000010202

Top of Stack: (sp=0x00000000123dfa20)
0x00000000123dfa20:   00000000024240d0 000000000241c950
0x00000000123dfa30:   00000000672064a8 00000000596a5f20
0x00000000123dfa40:   00000000570aa680 0000000066fbba61
0x00000000123dfa50:   0000003e000006d0 00000000570aa680
0x00000000123dfa60:   0000000000000000 00000000e7294dbd
0x00000000123dfa70:   00000000596a5f20 0000000000000000
0x00000000123dfa80:   0000000000000000 0000000066faa33e
0x00000000123dfa90:   0000000000000011 0000000002423800
0x00000000123dfaa0:   0000000000000000 00000000e6ed7019
0x00000000123dfab0:   0000000002423800 000000000241c990
0x00000000123dfac0:   00000000024244c0 00000000024244d0
0x00000000123dfad0:   00000000024245a8 00000000000000d8
0x00000000123dfae0:   00000000123dfae8 0000000002423800
0x00000000123dfaf0:   000000000241c990 00000000024244c0
0x00000000123dfb00:   00000000024244d0 00000000024245a8
0x00000000123dfb10:   00000000000000d8 000000000241c9d0 

Instructions: (pc=0x0000000066fb86de)
0x0000000066fb86be:   cc cc 40 53 48 83 ec 20 48 8b da 8b 12 4c 8b c1
0x0000000066fb86ce:   8b 0d c4 80 39 00 48 d3 e2 48 03 15 b2 80 39 00
0x0000000066fb86de:   48 8b 02 24 03 3c 03 75 21 4c 8b 02 80 3d af d7
0x0000000066fb86ee:   39 00 00 74 0f 41 0f b6 c0 24 07 3c 05 75 05 45 


Register to memory mapping:

RAX=0x0000003e00000601 is an unknown value
RBX=0x00000000e6ed7018 is an oop

[error occurred during error reporting (printing register info), id 0xc0000005]

Stack: [0x00000000122e0000,0x00000000123e0000],  sp=0x00000000123dfa20,  free space=1022k
Native frames: (J=compiled Java code, j=interpreted, Vv=VM code, C=native code)


---------------  P R O C E S S  ---------------

Java Threads: ( => current thread )
  0x00000000585cf800 JavaThread "Monitor Ctrl-Break" daemon [_thread_in_native, id=5112, stack(0x0000000058db0000,0x0000000058eb0000)]
  0x0000000058558800 JavaThread "Service Thread" daemon [_thread_blocked, id=172, stack(0x0000000058a50000,0x0000000058b50000)]
  0x000000005713a000 JavaThread "C1 CompilerThread1" daemon [_thread_blocked, id=4124, stack(0x0000000058420000,0x0000000058520000)]
  0x000000005712a800 JavaThread "C2 CompilerThread0" daemon [_thread_blocked, id=3224, stack(0x0000000058290000,0x0000000058390000)]
  0x0000000057129000 JavaThread "Attach Listener" daemon [_thread_blocked, id=2320, stack(0x0000000057f70000,0x0000000058070000)]
  0x0000000057111800 JavaThread "Signal Dispatcher" daemon [_thread_blocked, id=5012, stack(0x0000000058070000,0x0000000058170000)]
  0x00000000570bc800 JavaThread "Finalizer" daemon [_thread_blocked, id=1864, stack(0x0000000057b10000,0x0000000057c10000)]
  0x00000000570b2000 JavaThread "Reference Handler" daemon [_thread_blocked, id=4204, stack(0x0000000057e70000,0x0000000057f70000)]
  0x000000000250e800 JavaThread "main" [_thread_blocked, id=3312, stack(0x0000000002550000,0x0000000002650000)]

Other Threads:
  0x00000000570ac800 VMThread [stack: 0x0000000057c30000,0x0000000057d30000] [id=988]
  0x000000005714d000 WatcherThread [stack: 0x0000000058c80000,0x0000000058d80000] [id=3340]

=>0x0000000002423800 (exited) GCTaskThread [stack: 0x00000000122e0000,0x00000000123e0000] [id=1856]

VM state:at safepoint (normal execution)

VM Mutex/Monitor currently owned by a thread:  ([mutex/lock_event])
[0x000000000250c3c0] Threads_lock - owner thread: 0x00000000570ac800
[0x000000000250c8c0] Heap_lock - owner thread: 0x000000000250e800

Heap:
 PSYoungGen      total 142848K, used 142832K [0x00000000d5980000, 0x00000000e7580000, 0x0000000100000000)
  eden space 132608K, 100% used [0x00000000d5980000,0x00000000ddb00000,0x00000000ddb00000)
  from space 10240K, 99% used [0x00000000ddb00000,0x00000000de4fc010,0x00000000de500000)
  to   space 12800K, 76% used [0x00000000e6900000,0x00000000e7298000,0x00000000e7580000)
 ParOldGen       total 87552K, used 16122K [0x0000000080c00000, 0x0000000086180000, 0x00000000d5980000)
  object space 87552K, 18% used [0x0000000080c00000,0x0000000081bbeae8,0x0000000086180000)
 Metaspace       used 18658K, capacity 19252K, committed 19584K, reserved 1067008K
  class space    used 2167K, capacity 2347K, committed 2432K, reserved 1048576K

Card table byte_map: [0x0000000011a90000,0x0000000011e90000] byte_map_base: 0x000000001168a000

Marking Bits: (ParMarkBitMap*) 0x00000000673c4040
 Begin Bits: [0x00000000123e0000, 0x00000000143b0000)
 End Bits:   [0x00000000143b0000, 0x0000000016380000)

Polling page: 0x0000000000140000

CodeCache: size=245760Kb used=14134Kb max_used=14148Kb free=231625Kb
 bounds [0x00000000026d0000, 0x00000000034b0000, 0x00000000116d0000]
 total_blobs=4401 nmethods=4062 adapters=252
 compilation: enabled

Compilation events (10 events):
Event: 5.373 Thread 0x000000005713a000 4073 %     3       org.apache.maven.model.validation.DefaultModelValidator::validateEffectiveDependencies @ 30 (243 bytes)
Event: 5.375 Thread 0x000000005713a000 nmethod 4073% 0x00000000034a1d10 code [0x00000000034a20e0, 0x00000000034a44e8]
Event: 5.382 Thread 0x000000005712a800 nmethod 4033 0x00000000034a78d0 code [0x00000000034a7aa0, 0x00000000034a8548]
Event: 5.382 Thread 0x000000005712a800 4066       4       org.codehaus.plexus.interpolation.reflection.ReflectionValueExtractor::getClassMap (58 bytes)
Event: 5.383 Thread 0x000000005712a800 nmethod 4066 0x00000000034a6050 code [0x00000000034a61a0, 0x00000000034a6268]
Event: 5.383 Thread 0x000000005712a800 4072       4       org.codehaus.plexus.interpolation.util.StringUtils::capitalizeFirstLetter (52 bytes)
Event: 5.385 Thread 0x000000005713a000 4074       3       org.apache.maven.model.ReportSet::<init> (11 bytes)
Event: 5.385 Thread 0x000000005713a000 nmethod 4074 0x00000000034a5bd0 code [0x00000000034a5d40, 0x00000000034a5f70]
Event: 5.399 Thread 0x000000005712a800 nmethod 4072 0x00000000034a8fd0 code [0x00000000034a9160, 0x00000000034a9c98]
Event: 5.399 Thread 0x000000005712a800 4075       4       org.codehaus.plexus.interpolation.reflection.ReflectionValueExtractor::evaluate (163 bytes)

GC Heap History (10 events):
Event: 1.605 GC heap after
Heap after GC invocations=3 (full 0):
 PSYoungGen      total 38400K, used 5096K [0x00000000d5980000, 0x00000000da480000, 0x0000000100000000)
  eden space 33280K, 0% used [0x00000000d5980000,0x00000000d5980000,0x00000000d7a00000)
  from space 5120K, 99% used [0x00000000d7a00000,0x00000000d7efa040,0x00000000d7f00000)
  to   space 5120K, 0% used [0x00000000d9f80000,0x00000000d9f80000,0x00000000da480000)
 ParOldGen       total 87552K, used 4975K [0x0000000080c00000, 0x0000000086180000, 0x00000000d5980000)
  object space 87552K, 5% used [0x0000000080c00000,0x00000000810dbea0,0x0000000086180000)
 Metaspace       used 14021K, capacity 14232K, committed 14336K, reserved 1062912K
  class space    used 1699K, capacity 1774K, committed 1792K, reserved 1048576K
}
Event: 2.077 GC heap before
{Heap before GC invocations=4 (full 0):
 PSYoungGen      total 38400K, used 38376K [0x00000000d5980000, 0x00000000da480000, 0x0000000100000000)
  eden space 33280K, 100% used [0x00000000d5980000,0x00000000d7a00000,0x00000000d7a00000)
  from space 5120K, 99% used [0x00000000d7a00000,0x00000000d7efa040,0x00000000d7f00000)
  to   space 5120K, 0% used [0x00000000d9f80000,0x00000000d9f80000,0x00000000da480000)
 ParOldGen       total 87552K, used 4975K [0x0000000080c00000, 0x0000000086180000, 0x00000000d5980000)
  object space 87552K, 5% used [0x0000000080c00000,0x00000000810dbea0,0x0000000086180000)
 Metaspace       used 14354K, capacity 14658K, committed 14848K, reserved 1062912K
  class space    used 1705K, capacity 1781K, committed 1792K, reserved 1048576K
Event: 2.122 GC heap after
Heap after GC invocations=4 (full 0):
 PSYoungGen      total 71680K, used 5096K [0x00000000d5980000, 0x00000000da480000, 0x0000000100000000)
  eden space 66560K, 0% used [0x00000000d5980000,0x00000000d5980000,0x00000000d9a80000)
  from space 5120K, 99% used [0x00000000d9f80000,0x00000000da47a040,0x00000000da480000)
  to   space 5120K, 0% used [0x00000000d9a80000,0x00000000d9a80000,0x00000000d9f80000)
 ParOldGen       total 87552K, used 6567K [0x0000000080c00000, 0x0000000086180000, 0x00000000d5980000)
  object space 87552K, 7% used [0x0000000080c00000,0x0000000081269ea0,0x0000000086180000)
 Metaspace       used 14354K, capacity 14658K, committed 14848K, reserved 1062912K
  class space    used 1705K, capacity 1781K, committed 1792K, reserved 1048576K
}
Event: 2.701 GC heap before
{Heap before GC invocations=5 (full 0):
 PSYoungGen      total 71680K, used 71656K [0x00000000d5980000, 0x00000000da480000, 0x0000000100000000)
  eden space 66560K, 100% used [0x00000000d5980000,0x00000000d9a80000,0x00000000d9a80000)
  from space 5120K, 99% used [0x00000000d9f80000,0x00000000da47a040,0x00000000da480000)
  to   space 5120K, 0% used [0x00000000d9a80000,0x00000000d9a80000,0x00000000d9f80000)
 ParOldGen       total 87552K, used 6567K [0x0000000080c00000, 0x0000000086180000, 0x00000000d5980000)
  object space 87552K, 7% used [0x0000000080c00000,0x0000000081269ea0,0x0000000086180000)
 Metaspace       used 14679K, capacity 14926K, committed 15104K, reserved 1062912K
  class space    used 1706K, capacity 1783K, committed 1792K, reserved 1048576K
Event: 2.731 GC heap after
Heap after GC invocations=5 (full 0):
 PSYoungGen      total 71680K, used 5104K [0x00000000d5980000, 0x00000000dee80000, 0x0000000100000000)
  eden space 66560K, 0% used [0x00000000d5980000,0x00000000d5980000,0x00000000d9a80000)
  from space 5120K, 99% used [0x00000000d9a80000,0x00000000d9f7c010,0x00000000d9f80000)
  to   space 9728K, 0% used [0x00000000de500000,0x00000000de500000,0x00000000dee80000)
 ParOldGen       total 87552K, used 10137K [0x0000000080c00000, 0x0000000086180000, 0x00000000d5980000)
  object space 87552K, 11% used [0x0000000080c00000,0x00000000815e6740,0x0000000086180000)
 Metaspace       used 14679K, capacity 14926K, committed 15104K, reserved 1062912K
  class space    used 1706K, capacity 1783K, committed 1792K, reserved 1048576K
}
Event: 3.406 GC heap before
{Heap before GC invocations=6 (full 0):
 PSYoungGen      total 71680K, used 71664K [0x00000000d5980000, 0x00000000dee80000, 0x0000000100000000)
  eden space 66560K, 100% used [0x00000000d5980000,0x00000000d9a80000,0x00000000d9a80000)
  from space 5120K, 99% used [0x00000000d9a80000,0x00000000d9f7c010,0x00000000d9f80000)
  to   space 9728K, 0% used [0x00000000de500000,0x00000000de500000,0x00000000dee80000)
 ParOldGen       total 87552K, used 10137K [0x0000000080c00000, 0x0000000086180000, 0x00000000d5980000)
  object space 87552K, 11% used [0x0000000080c00000,0x00000000815e6740,0x0000000086180000)
 Metaspace       used 15467K, capacity 15852K, committed 16000K, reserved 1062912K
  class space    used 1792K, capacity 1920K, committed 1920K, reserved 1048576K
Event: 3.420 GC heap after
Heap after GC invocations=6 (full 0):
 PSYoungGen      total 142336K, used 8560K [0x00000000d5980000, 0x00000000def80000, 0x0000000100000000)
  eden space 132608K, 0% used [0x00000000d5980000,0x00000000d5980000,0x00000000ddb00000)
  from space 9728K, 87% used [0x00000000de500000,0x00000000ded5c010,0x00000000dee80000)
  to   space 10240K, 0% used [0x00000000ddb00000,0x00000000ddb00000,0x00000000de500000)
 ParOldGen       total 87552K, used 10145K [0x0000000080c00000, 0x0000000086180000, 0x00000000d5980000)
  object space 87552K, 11% used [0x0000000080c00000,0x00000000815e8740,0x0000000086180000)
 Metaspace       used 15467K, capacity 15852K, committed 16000K, reserved 1062912K
  class space    used 1792K, capacity 1920K, committed 1920K, reserved 1048576K
}
Event: 4.710 GC heap before
{Heap before GC invocations=7 (full 0):
 PSYoungGen      total 142336K, used 141168K [0x00000000d5980000, 0x00000000def80000, 0x0000000100000000)
  eden space 132608K, 100% used [0x00000000d5980000,0x00000000ddb00000,0x00000000ddb00000)
  from space 9728K, 87% used [0x00000000de500000,0x00000000ded5c010,0x00000000dee80000)
  to   space 10240K, 0% used [0x00000000ddb00000,0x00000000ddb00000,0x00000000de500000)
 ParOldGen       total 87552K, used 10145K [0x0000000080c00000, 0x0000000086180000, 0x00000000d5980000)
  object space 87552K, 11% used [0x0000000080c00000,0x00000000815e8740,0x0000000086180000)
 Metaspace       used 18429K, capacity 19060K, committed 19328K, reserved 1067008K
  class space    used 2166K, capacity 2347K, committed 2432K, reserved 1048576K
Event: 4.735 GC heap after
Heap after GC invocations=7 (full 0):
 PSYoungGen      total 142848K, used 10224K [0x00000000d5980000, 0x00000000e7580000, 0x0000000100000000)
  eden space 132608K, 0% used [0x00000000d5980000,0x00000000d5980000,0x00000000ddb00000)
  from space 10240K, 99% used [0x00000000ddb00000,0x00000000de4fc010,0x00000000de500000)
  to   space 12800K, 0% used [0x00000000e6900000,0x00000000e6900000,0x00000000e7580000)
 ParOldGen       total 87552K, used 13714K [0x0000000080c00000, 0x0000000086180000, 0x00000000d5980000)
  object space 87552K, 15% used [0x0000000080c00000,0x0000000081964ae8,0x0000000086180000)
 Metaspace       used 18429K, capacity 19060K, committed 19328K, reserved 1067008K
  class space    used 2166K, capacity 2347K, committed 2432K, reserved 1048576K
}
Event: 5.400 GC heap before
{Heap before GC invocations=8 (full 0):
 PSYoungGen      total 142848K, used 142832K [0x00000000d5980000, 0x00000000e7580000, 0x0000000100000000)
  eden space 132608K, 100% used [0x00000000d5980000,0x00000000ddb00000,0x00000000ddb00000)
  from space 10240K, 99% used [0x00000000ddb00000,0x00000000de4fc010,0x00000000de500000)
  to   space 12800K, 0% used [0x00000000e6900000,0x00000000e6900000,0x00000000e7580000)
 ParOldGen       total 87552K, used 13714K [0x0000000080c00000, 0x0000000086180000, 0x00000000d5980000)
  object space 87552K, 15% used [0x0000000080c00000,0x0000000081964ae8,0x0000000086180000)
 Metaspace       used 18658K, capacity 19252K, committed 19584K, reserved 1067008K
  class space    used 2167K, capacity 2347K, committed 2432K, reserved 1048576K

Deoptimization events (10 events):
Event: 4.478 Thread 0x000000000250e800 Uncommon trap: reason=null_check action=make_not_entrant pc=0x000000000321e73c method=org.apache.maven.model.io.xpp3.MavenXpp3ReaderEx.checkFieldWithDuplicate(Lorg/codehaus/plexus/util/xml/pull/XmlPullParser;Ljava/lang/String;Ljava/lang/String;Ljava/util/Sà·´¡R@
Event: 4.581 Thread 0x000000000250e800 Uncommon trap: reason=predicate action=maybe_recompile pc=0x000000000327f758 method=java.util.AbstractCollection.toArray([Ljava/lang/Object;)[Ljava/lang/Object; @ 49
Event: 4.582 Thread 0x000000000250e800 Uncommon trap: reason=unstable_if action=reinterpret pc=0x00000000031ffc60 method=java.util.regex.Pattern$Curly.match(Ljava/util/regex/Matcher;ILjava/lang/CharSequence;)Z @ 45
Event: 4.605 Thread 0x000000000250e800 Uncommon trap: reason=unstable_if action=reinterpret pc=0x00000000030a6154 method=org.codehaus.plexus.util.xml.pull.MXParser.parseAttribute()C @ 990
Event: 4.637 Thread 0x000000000250e800 Uncommon trap: reason=array_check action=maybe_recompile pc=0x00000000032c1148 method=java.util.AbstractCollection.toArray([Ljava/lang/Object;)[Ljava/lang/Object; @ 119
Event: 4.639 Thread 0x000000000250e800 Uncommon trap: reason=array_check action=maybe_recompile pc=0x00000000032c1148 method=java.util.AbstractCollection.toArray([Ljava/lang/Object;)[Ljava/lang/Object; @ 119
Event: 4.639 Thread 0x000000000250e800 Uncommon trap: reason=array_check action=maybe_recompile pc=0x00000000032c1148 method=java.util.AbstractCollection.toArray([Ljava/lang/Object;)[Ljava/lang/Object; @ 119
Event: 4.640 Thread 0x000000000250e800 Uncommon trap: reason=array_check action=maybe_recompile pc=0x00000000032c1148 method=java.util.AbstractCollection.toArray([Ljava/lang/Object;)[Ljava/lang/Object; @ 119
Event: 4.683 Thread 0x000000000250e800 Uncommon trap: reason=unstable_if action=reinterpret pc=0x00000000032d26d8 method=java.lang.Long.getChars(JI[C)V @ 94
Event: 5.177 Thread 0x000000000250e800 Uncommon trap: reason=class_check action=maybe_recompile pc=0x000000000328f494 method=java.util.regex.Pattern$Curly.match0(Ljava/util/regex/Matcher;IILjava/lang/CharSequence;)Z @ 16

Internal exceptions (10 events):
Event: 0.568 Thread 0x000000000250e800 Exception <a 'java/lang/ArrayIndexOutOfBoundsException'> (0x00000000d7759610) thrown at [C:\re\workspace\8-2-build-windows-amd64-cygwin\jdk8u45\3457\hotspot\src\share\vm\runtime\sharedRuntime.cpp, line 605]
Event: 0.568 Thread 0x000000000250e800 Exception <a 'java/lang/ArrayIndexOutOfBoundsException'> (0x00000000d775af08) thrown at [C:\re\workspace\8-2-build-windows-amd64-cygwin\jdk8u45\3457\hotspot\src\share\vm\runtime\sharedRuntime.cpp, line 605]
Event: 0.600 Thread 0x000000000250e800 Exception <a 'java/lang/ArrayIndexOutOfBoundsException'> (0x00000000d789f418) thrown at [C:\re\workspace\8-2-build-windows-amd64-cygwin\jdk8u45\3457\hotspot\src\share\vm\runtime\sharedRuntime.cpp, line 605]
Event: 0.609 Thread 0x000000000250e800 Exception <a 'java/lang/ArrayIndexOutOfBoundsException'> (0x00000000d793d888) thrown at [C:\re\workspace\8-2-build-windows-amd64-cygwin\jdk8u45\3457\hotspot\src\share\vm\runtime\sharedRuntime.cpp, line 605]
Event: 0.609 Thread 0x000000000250e800 Exception <a 'java/lang/ArrayIndexOutOfBoundsException'> (0x00000000d793e5e0) thrown at [C:\re\workspace\8-2-build-windows-amd64-cygwin\jdk8u45\3457\hotspot\src\share\vm\runtime\sharedRuntime.cpp, line 605]
Event: 1.312 Thread 0x000000000250e800 Implicit null exception at 0x0000000002a89945 to 0x0000000002a89b11
Event: 1.312 Thread 0x000000000250e800 Implicit null exception at 0x00000000029f2c6f to 0x00000000029f2cd5
Event: 1.666 Thread 0x000000000250e800 Implicit null exception at 0x0000000002cbf6cf to 0x0000000002cc09cd
Event: 3.563 Thread 0x000000000250e800 Implicit null exception at 0x0000000003061b56 to 0x0000000003062d59
Event: 4.478 Thread 0x000000000250e800 Implicit null exception at 0x000000000321e4df to 0x000000000321e721

Events (10 events):
Event: 5.125 Thread 0x000000000250e800 DEOPT PACKING pc=0x00000000032b45b0 sp=0x000000000264bac0
Event: 5.125 Thread 0x000000000250e800 DEOPT UNPACKING pc=0x000000000271747f sp=0x000000000264b9b0 mode 0
Event: 5.177 Thread 0x000000000250e800 Uncommon trap: trap_request=0xffffffde fr.pc=0x000000000328f494
Event: 5.177 Thread 0x000000000250e800 DEOPT PACKING pc=0x000000000328f494 sp=0x000000000264ce10
Event: 5.177 Thread 0x000000000250e800 DEOPT UNPACKING pc=0x000000000271582a sp=0x000000000264cd88 mode 2
Event: 5.194 Thread 0x000000000250e800 DEOPT PACKING pc=0x00000000032b45b0 sp=0x000000000264c420
Event: 5.194 Thread 0x000000000250e800 DEOPT UNPACKING pc=0x000000000271747f sp=0x000000000264c310 mode 0
Event: 5.320 Thread 0x000000000250e800 DEOPT PACKING pc=0x00000000032b45b0 sp=0x000000000264be50
Event: 5.320 Thread 0x000000000250e800 DEOPT UNPACKING pc=0x000000000271747f sp=0x000000000264bd40 mode 0
Event: 5.400 Executing VM operation: ParallelGCFailedAllocation


Dynamic libraries:
0x000000013f5d0000 - 0x000000013f607000 	C:\Program Files\Java\jdk1.8.0_45\bin\java.exe
0x0000000077150000 - 0x00000000772f9000 	C:\windows\SYSTEM32\ntdll.dll
0x0000000076bc0000 - 0x0000000076cdf000 	C:\windows\system32\kernel32.dll
0x000007fefd8f0000 - 0x000007fefd95c000 	C:\windows\system32\KERNELBASE.dll
0x000007fefeab0000 - 0x000007fefeb8b000 	C:\windows\system32\ADVAPI32.dll
0x000007feff2c0000 - 0x000007feff35f000 	C:\windows\system32\msvcrt.dll
0x000007feff440000 - 0x000007feff45f000 	C:\windows\SYSTEM32\sechost.dll
0x000007fefeed0000 - 0x000007fefeffd000 	C:\windows\system32\RPCRT4.dll
0x0000000076e40000 - 0x0000000076f3a000 	C:\windows\system32\USER32.dll
0x000007fefed80000 - 0x000007fefede7000 	C:\windows\system32\GDI32.dll
0x000007feff360000 - 0x000007feff36e000 	C:\windows\system32\LPK.dll
0x000007feff370000 - 0x000007feff439000 	C:\windows\system32\USP10.dll
0x000007fefd100000 - 0x000007fefd2f4000 	C:\windows\WinSxS\amd64_microsoft.windows.common-controls_6595b64144ccf1df_6.0.7601.17514_none_fa396087175ac9ac\COMCTL32.dll
0x000007fefeb90000 - 0x000007fefec01000 	C:\windows\system32\SHLWAPI.dll
0x000007fefdcd0000 - 0x000007fefdcfe000 	C:\windows\system32\IMM32.DLL
0x000007fefec70000 - 0x000007fefed79000 	C:\windows\system32\MSCTF.dll
0x0000000068f00000 - 0x0000000068fd2000 	C:\Program Files\Java\jdk1.8.0_45\jre\bin\msvcr100.dll
0x0000000066bc0000 - 0x0000000067443000 	C:\Program Files\Java\jdk1.8.0_45\jre\bin\server\jvm.dll
0x000007fefb8a0000 - 0x000007fefb8a9000 	C:\windows\system32\WSOCK32.dll
0x000007fefdc80000 - 0x000007fefdccd000 	C:\windows\system32\WS2_32.dll
0x000007feff000000 - 0x000007feff008000 	C:\windows\system32\NSI.dll
0x000007fefadc0000 - 0x000007fefadfb000 	C:\windows\system32\WINMM.dll
0x000007fefc0d0000 - 0x000007fefc0dc000 	C:\windows\system32\VERSION.dll
0x0000000077320000 - 0x0000000077327000 	C:\windows\system32\PSAPI.DLL
0x00000000694e0000 - 0x00000000694ef000 	C:\Program Files\Java\jdk1.8.0_45\jre\bin\verify.dll
0x00000000694b0000 - 0x00000000694d9000 	C:\Program Files\Java\jdk1.8.0_45\jre\bin\java.dll
0x0000000069490000 - 0x00000000694a6000 	C:\Program Files\Java\jdk1.8.0_45\jre\bin\zip.dll
0x000007fefdd20000 - 0x000007fefeaa8000 	C:\windows\system32\SHELL32.dll
0x000007feff010000 - 0x000007feff213000 	C:\windows\system32\ole32.dll
0x000007fefd5b0000 - 0x000007fefd5bf000 	C:\windows\system32\profapi.dll
0x000007fefb890000 - 0x000007fefb8a0000 	C:\Program Files (x86)\JetBrains\IntelliJ IDEA 12.1.7\bin\breakgen64.dll
0x0000000069470000 - 0x000000006948a000 	C:\Program Files\Java\jdk1.8.0_45\jre\bin\net.dll
0x000007fefcb20000 - 0x000007fefcb75000 	C:\windows\system32\mswsock.dll
0x000007fefcb10000 - 0x000007fefcb17000 	C:\windows\System32\wship6.dll
0x0000000069450000 - 0x0000000069461000 	C:\Program Files\Java\jdk1.8.0_45\jre\bin\nio.dll
0x000007fefd480000 - 0x000007fefd4d7000 	C:\windows\system32\apphelp.dll
0x000007fef0c70000 - 0x000007fef0d95000 	C:\windows\system32\dbghelp.dll

VM Arguments:
jvm_args: -Dmaven.home=F:\apache-maven-3.2.3 -Dclassworlds.conf=F:\apache-maven-3.2.3\bin\m2.conf -Didea.launcher.port=7538 -Didea.launcher.bin.path=C:\Program Files (x86)\JetBrains\IntelliJ IDEA 12.1.7\bin -Dfile.encoding=UTF-8 
java_command: com.intellij.rt.execution.application.AppMain org.codehaus.classworlds.Launcher --fail-fast --strict-checksums deploy
java_class_path (initial): F:\apache-maven-3.2.3\boot\plexus-classworlds-2.5.1.jar;C:\Program Files (x86)\JetBrains\IntelliJ IDEA 12.1.7\lib\idea_rt.jar
Launcher Type: SUN_STANDARD

Environment Variables:
JAVA_HOME=C:\Program Files\Java\jdk1.8.0_45
CLASSPATH=C:\Program Files\Java\jdk1.8.0_45\lib\dt.jar;C:\Program Files\Java\jdk1.8.0_45\lib\tools.jar;
PATH=C:\Program Files (x86)\JetBrains\IntelliJ IDEA 12.1.7\bin\..\.\bin;C:\ProgramData\Oracle\Java\javapath;C:\Program Files (x86)\Common Files\NetSarang;C:\windows\system32;C:\windows;C:\windows\System32\Wbem;C:\windows\System32\WindowsPowerShell\v1.0\;C:\Program Files\Java\jdk1.8.0_45\bin;C:\Program Files\Java\jdk1.8.0_45\jre\bin;C:\Program Files\TortoiseSVN\bin;C:\cygwin\bin;C:\cygwin\bin;;c:\program files (x86)\jetbrains\intellij idea 12.1.7\jre\jre\bin
USERNAME=Administrator
OS=Windows_NT
PROCESSOR_IDENTIFIER=Intel64 Family 6 Model 58 Stepping 9, GenuineIntel



---------------  S Y S T E M  ---------------

OS: Windows 7 , 64 bit Build 7601 (6.1.7601.17965)

CPU:total 2 (2 cores per cpu, 1 threads per core) family 6 model 58 stepping 9, cmov, cx8, fxsr, mmx, sse, sse2, sse3, ssse3, sse4.1, sse4.2, popcnt, clmul, erms, tsc, tscinvbit, tscinv

Memory: 4k page, physical 8333864k(5598404k free), swap 25109228k(21425004k free)

vm_info: Java HotSpot(TM) 64-Bit Server VM (25.45-b02) for windows-amd64 JRE (1.8.0_45-b14), built on Apr 10 2015 10:34:15 by "java_re" with MS VC++ 10.0 (VS2010)

time: Tue Jan 26 15:33:07 2016
elapsed time: 5 seconds (0d 0h 0m 5s)

