#
# A fatal error has been detected by the Java Runtime Environment:
#
#  EXCEPTION_ACCESS_VIOLATION (0xc0000005) at pc=0x00000000623addf2, pid=5400, tid=5208
#
# JRE version: Java(TM) SE Runtime Environment (8.0_45-b14) (build 1.8.0_45-b14)
# Java VM: Java HotSpot(TM) 64-Bit Server VM (25.45-b02 mixed mode windows-amd64 compressed oops)
# Problematic frame:
# V  [jvm.dll+0xaddf2]
#
# Failed to write core dump. Minidumps are not enabled by default on client versions of Windows
#
# If you would like to submit a bug report, please visit:
#   http://bugreport.java.com/bugreport/crash.jsp
#

---------------  T H R E A D  ---------------

Current thread (0x0000000002365000):  GCTaskThread [stack: 0x0000000012320000,0x0000000012420000] [id=5208]

siginfo: ExceptionCode=0xc0000005, reading address 0x00000000000000e8

Registers:
RAX=0x0000000000000000, RBX=0x00000000e5e98310, RCX=0x00000000d77d8518, RDX=0x00000000e5e98310
RSP=0x000000001241f888, RBP=0x0000000011af1f01, RSI=0x00000000570ea8c0, RDI=0x0000000080fddc00
R8 =0x0000000000000000, R9 =0x00000000d77d8518, R10=0x000000000000000c, R11=0x000000000000000c
R12=0x0000000011af1eed, R13=0x000000000000000d, R14=0x0000000000000000, R15=0x0000000002360a50
RIP=0x00000000623addf2, EFLAGS=0x0000000000010246

Top of Stack: (sp=0x000000001241f888)
0x000000001241f888:   00000000626f83a2 00000000e5e982d8
0x000000001241f898:   00000000570ea8c0 00000000570ea8c0
0x000000001241f8a8:   000000000235ca50 00000000eea40000
0x000000001241f8b8:   00000000626f8aeb 00000000570ea8c0
0x000000001241f8c8:   00000000626f849f 0000000000000000
0x000000001241f8d8:   00000000570ea800 0000000011af1eed
0x000000001241f8e8:   00000000626f8710 00000000eea420a8
0x000000001241f8f8:   0000000011af1f01 00000000570ea8c0
0x000000001241f908:   0000000080fddc00 00000000eea420a8
0x000000001241f918:   00000000626f92b5 00000000e5e97260
0x000000001241f928:   0000000011af1f01 00000000570ea8c0
0x000000001241f938:   000007fefd8f1203 000000001241f9f8
0x000000001241f948:   00000000570ea8c0 0000000000000000
0x000000001241f958:   0000000062412ed7 00000000570ea8c0
0x000000001241f968:   00000000624110d3 0000000080fb9309
0x000000001241f978:   0000000080fb9309 0000000080fddaec 

Instructions: (pc=0x00000000623addf2)
0x00000000623addd2:   e2 49 8d 0c 11 49 f7 d1 48 03 c1 49 c1 e9 03 48
0x00000000623adde2:   c1 e8 03 41 23 c1 c3 48 8b 02 48 8b d1 49 8b c9
0x00000000623addf2:   48 ff a0 e8 00 00 00 cc cc cc cc cc cc cc 80 3d
0x00000000623ade02:   da be 74 00 00 48 8b c1 74 1b 8b 51 08 8b 0d 93 


Register to memory mapping:

RAX=0x0000000000000000 is an unknown value
RBX=0x00000000e5e98310 is an unknown value
RCX=0x00000000d77d8518 is an unknown value
RDX=0x00000000e5e98310 is an unknown value
RSP=0x000000001241f888 is an unknown value
RBP=0x0000000011af1f01 is an unknown value
RSI=0x00000000570ea8c0 is an unknown value
RDI=0x0000000080fddc00 is an oop
org.eclipse.sisu.inject.LazyBeanEntry$JsrNamed 
 - klass: 'org/eclipse/sisu/inject/LazyBeanEntry$JsrNamed'
R8 =0x0000000000000000 is an unknown value
R9 =0x00000000d77d8518 is an unknown value
R10=0x000000000000000c is an unknown value
R11=0x000000000000000c is an unknown value
R12=0x0000000011af1eed is an unknown value
R13=0x000000000000000d is an unknown value
R14=0x0000000000000000 is an unknown value
R15=0x0000000002360a50 is an unknown value


Stack: [0x0000000012320000,0x0000000012420000],  sp=0x000000001241f888,  free space=1022k
Native frames: (J=compiled Java code, j=interpreted, Vv=VM code, C=native code)
V  [jvm.dll+0xaddf2]


---------------  P R O C E S S  ---------------

Java Threads: ( => current thread )
  0x0000000058668000 JavaThread "Monitor Ctrl-Break" daemon [_thread_in_native, id=4472, stack(0x0000000058d20000,0x0000000058e20000)]
  0x00000000585ef800 JavaThread "Service Thread" daemon [_thread_blocked, id=5508, stack(0x0000000058380000,0x0000000058480000)]
  0x0000000057176800 JavaThread "C1 CompilerThread1" daemon [_thread_blocked, id=6012, stack(0x00000000584c0000,0x00000000585c0000)]
  0x000000005716a000 JavaThread "C2 CompilerThread0" daemon [_thread_blocked, id=2336, stack(0x00000000581e0000,0x00000000582e0000)]
  0x0000000057168800 JavaThread "Attach Listener" daemon [_thread_blocked, id=784, stack(0x0000000057f40000,0x0000000058040000)]
  0x0000000057168000 JavaThread "Signal Dispatcher" daemon [_thread_blocked, id=5468, stack(0x0000000058040000,0x0000000058140000)]
  0x00000000570f6800 JavaThread "Finalizer" daemon [_thread_blocked, id=5396, stack(0x0000000057da0000,0x0000000057ea0000)]
  0x00000000570f2000 JavaThread "Reference Handler" daemon [_thread_blocked, id=2068, stack(0x0000000057b50000,0x0000000057c50000)]
  0x00000000003de800 JavaThread "main" [_thread_blocked, id=5288, stack(0x0000000002630000,0x0000000002730000)]

Other Threads:
  0x00000000570ec800 VMThread [stack: 0x0000000057ca0000,0x0000000057da0000] [id=3236]
  0x000000005717e800 WatcherThread [stack: 0x00000000589e0000,0x0000000058ae0000] [id=5332]

=>0x0000000002365000 (exited) GCTaskThread [stack: 0x0000000012320000,0x0000000012420000] [id=5208]

VM state:at safepoint (normal execution)

VM Mutex/Monitor currently owned by a thread:  ([mutex/lock_event])
[0x00000000003dc3c0] Threads_lock - owner thread: 0x00000000570ec800
[0x00000000003dc8c0] Heap_lock - owner thread: 0x00000000003de800

Heap:
 PSYoungGen      total 286720K, used 273843K [0x00000000d5980000, 0x00000000efb80000, 0x0000000100000000)
  eden space 266240K, 100% used [0x00000000d5980000,0x00000000e5d80000,0x00000000e5d80000)
  from space 20480K, 37% used [0x00000000e5d80000,0x00000000e64ecee8,0x00000000e7180000)
  to   space 19456K, 17% used [0x00000000ee880000,0x00000000eebd0010,0x00000000efb80000)
 ParOldGen       total 98816K, used 32555K [0x0000000080c00000, 0x0000000086c80000, 0x00000000d5980000)
  object space 98816K, 32% used [0x0000000080c00000,0x0000000082bcad00,0x0000000086c80000)
 Metaspace       used 24619K, capacity 25312K, committed 25648K, reserved 1071104K
  class space    used 2836K, capacity 2999K, committed 3120K, reserved 1048576K

Card table byte_map: [0x0000000011af0000,0x0000000011ef0000] byte_map_base: 0x00000000116ea000

Marking Bits: (ParMarkBitMap*) 0x0000000062b04040
 Begin Bits: [0x0000000012420000, 0x00000000143f0000)
 End Bits:   [0x00000000143f0000, 0x00000000163c0000)

Polling page: 0x00000000001c0000

CodeCache: size=245760Kb used=17558Kb max_used=17631Kb free=228201Kb
 bounds [0x0000000002730000, 0x0000000003890000, 0x0000000011730000]
 total_blobs=5801 nmethods=5429 adapters=285
 compilation: enabled

Compilation events (10 events):
Event: 7.521 Thread 0x0000000057176800 5665       2       org.apache.maven.artifact.repository.DefaultRepositoryRequest::setOffline (7 bytes)
Event: 7.521 Thread 0x0000000057176800 nmethod 5665 0x0000000002cd5e90 code [0x0000000002cd5fe0, 0x0000000002cd6130]
Event: 7.521 Thread 0x0000000057176800 5666       2       org.apache.maven.artifact.repository.DefaultRepositoryRequest::setForceUpdate (7 bytes)
Event: 7.521 Thread 0x0000000057176800 nmethod 5666 0x0000000002cd5b50 code [0x0000000002cd5ca0, 0x0000000002cd5df0]
Event: 7.528 Thread 0x000000005716a000 nmethod 5629 0x0000000002c93750 code [0x0000000002c93940, 0x0000000002c94428]
Event: 7.528 Thread 0x000000005716a000 5660       4       org.apache.maven.bridge.MavenRepositorySystem::XcreateArtifact (138 bytes)
Event: 7.529 Thread 0x000000005716a000 nmethod 5660 0x00000000028b82d0 code [0x00000000028b8400, 0x00000000028b8498]
Event: 7.529 Thread 0x000000005716a000 5657  s!   4       java.util.Hashtable::clone (99 bytes)
Event: 7.538 Thread 0x000000005716a000 nmethod 5657 0x00000000028c9fd0 code [0x00000000028ca160, 0x00000000028caa98]
Event: 7.538 Thread 0x000000005716a000 5668       4       org.apache.maven.bridge.MavenRepositorySystem::XcreateArtifact (138 bytes)

GC Heap History (10 events):
Event: 2.295 GC heap after
Heap after GC invocations=4 (full 0):
 PSYoungGen      total 138240K, used 5112K [0x00000000d5980000, 0x00000000de580000, 0x0000000100000000)
  eden space 133120K, 0% used [0x00000000d5980000,0x00000000d5980000,0x00000000ddb80000)
  from space 5120K, 99% used [0x00000000de080000,0x00000000de57e030,0x00000000de580000)
  to   space 5120K, 0% used [0x00000000ddb80000,0x00000000ddb80000,0x00000000de080000)
 ParOldGen       total 87552K, used 9844K [0x0000000080c00000, 0x0000000086180000, 0x00000000d5980000)
  object space 87552K, 11% used [0x0000000080c00000,0x000000008159d1f0,0x0000000086180000)
 Metaspace       used 14558K, capacity 14798K, committed 15104K, reserved 1062912K
  class space    used 1706K, capacity 1783K, committed 1792K, reserved 1048576K
}
Event: 3.694 GC heap before
{Heap before GC invocations=5 (full 0):
 PSYoungGen      total 138240K, used 138232K [0x00000000d5980000, 0x00000000de580000, 0x0000000100000000)
  eden space 133120K, 100% used [0x00000000d5980000,0x00000000ddb80000,0x00000000ddb80000)
  from space 5120K, 99% used [0x00000000de080000,0x00000000de57e030,0x00000000de580000)
  to   space 5120K, 0% used [0x00000000ddb80000,0x00000000ddb80000,0x00000000de080000)
 ParOldGen       total 87552K, used 9844K [0x0000000080c00000, 0x0000000086180000, 0x00000000d5980000)
  object space 87552K, 11% used [0x0000000080c00000,0x000000008159d1f0,0x0000000086180000)
 Metaspace       used 20183K, capacity 20688K, committed 20992K, reserved 1067008K
  class space    used 2368K, capacity 2512K, committed 2560K, reserved 1048576K
Event: 3.736 GC heap after
Heap after GC invocations=5 (full 0):
 PSYoungGen      total 138240K, used 5112K [0x00000000d5980000, 0x00000000e8780000, 0x0000000100000000)
  eden space 133120K, 0% used [0x00000000d5980000,0x00000000d5980000,0x00000000ddb80000)
  from space 5120K, 99% used [0x00000000ddb80000,0x00000000de07e030,0x00000000de080000)
  to   space 21504K, 0% used [0x00000000e7280000,0x00000000e7280000,0x00000000e8780000)
 ParOldGen       total 87552K, used 28625K [0x0000000080c00000, 0x0000000086180000, 0x00000000d5980000)
  object space 87552K, 32% used [0x0000000080c00000,0x00000000827f46e8,0x0000000086180000)
 Metaspace       used 20183K, capacity 20688K, committed 20992K, reserved 1067008K
  class space    used 2368K, capacity 2512K, committed 2560K, reserved 1048576K
}
Event: 3.946 GC heap before
{Heap before GC invocations=6 (full 0):
 PSYoungGen      total 138240K, used 18638K [0x00000000d5980000, 0x00000000e8780000, 0x0000000100000000)
  eden space 133120K, 10% used [0x00000000d5980000,0x00000000d66b5ae8,0x00000000ddb80000)
  from space 5120K, 99% used [0x00000000ddb80000,0x00000000de07e030,0x00000000de080000)
  to   space 21504K, 0% used [0x00000000e7280000,0x00000000e7280000,0x00000000e8780000)
 ParOldGen       total 87552K, used 28625K [0x0000000080c00000, 0x0000000086180000, 0x00000000d5980000)
  object space 87552K, 32% used [0x0000000080c00000,0x00000000827f46e8,0x0000000086180000)
 Metaspace       used 20759K, capacity 21200K, committed 21296K, reserved 1069056K
  class space    used 2433K, capacity 2576K, committed 2608K, reserved 1048576K
Event: 3.965 GC heap after
Heap after GC invocations=6 (full 0):
 PSYoungGen      total 285696K, used 8011K [0x00000000d5980000, 0x00000000e8580000, 0x0000000100000000)
  eden space 266240K, 0% used [0x00000000d5980000,0x00000000d5980000,0x00000000e5d80000)
  from space 19456K, 41% used [0x00000000e7280000,0x00000000e7a52fc0,0x00000000e8580000)
  to   space 20480K, 0% used [0x00000000e5d80000,0x00000000e5d80000,0x00000000e7180000)
 ParOldGen       total 87552K, used 28633K [0x0000000080c00000, 0x0000000086180000, 0x00000000d5980000)
  object space 87552K, 32% used [0x0000000080c00000,0x00000000827f66e8,0x0000000086180000)
 Metaspace       used 20759K, capacity 21200K, committed 21296K, reserved 1069056K
  class space    used 2433K, capacity 2576K, committed 2608K, reserved 1048576K
}
Event: 3.965 GC heap before
{Heap before GC invocations=7 (full 1):
 PSYoungGen      total 285696K, used 8011K [0x00000000d5980000, 0x00000000e8580000, 0x0000000100000000)
  eden space 266240K, 0% used [0x00000000d5980000,0x00000000d5980000,0x00000000e5d80000)
  from space 19456K, 41% used [0x00000000e7280000,0x00000000e7a52fc0,0x00000000e8580000)
  to   space 20480K, 0% used [0x00000000e5d80000,0x00000000e5d80000,0x00000000e7180000)
 ParOldGen       total 87552K, used 28633K [0x0000000080c00000, 0x0000000086180000, 0x00000000d5980000)
  object space 87552K, 32% used [0x0000000080c00000,0x00000000827f66e8,0x0000000086180000)
 Metaspace       used 20759K, capacity 21200K, committed 21296K, reserved 1069056K
  class space    used 2433K, capacity 2576K, committed 2608K, reserved 1048576K
Event: 4.148 GC heap after
Heap after GC invocations=7 (full 1):
 PSYoungGen      total 285696K, used 0K [0x00000000d5980000, 0x00000000e8580000, 0x0000000100000000)
  eden space 266240K, 0% used [0x00000000d5980000,0x00000000d5980000,0x00000000e5d80000)
  from space 19456K, 0% used [0x00000000e7280000,0x00000000e7280000,0x00000000e8580000)
  to   space 20480K, 0% used [0x00000000e5d80000,0x00000000e5d80000,0x00000000e7180000)
 ParOldGen       total 98816K, used 32547K [0x0000000080c00000, 0x0000000086c80000, 0x00000000d5980000)
  object space 98816K, 32% used [0x0000000080c00000,0x0000000082bc8d00,0x0000000086c80000)
 Metaspace       used 20759K, capacity 21200K, committed 21296K, reserved 1069056K
  class space    used 2433K, capacity 2576K, committed 2608K, reserved 1048576K
}
Event: 6.621 GC heap before
{Heap before GC invocations=8 (full 1):
 PSYoungGen      total 285696K, used 266240K [0x00000000d5980000, 0x00000000e8580000, 0x0000000100000000)
  eden space 266240K, 100% used [0x00000000d5980000,0x00000000e5d80000,0x00000000e5d80000)
  from space 19456K, 0% used [0x00000000e7280000,0x00000000e7280000,0x00000000e8580000)
  to   space 20480K, 0% used [0x00000000e5d80000,0x00000000e5d80000,0x00000000e7180000)
 ParOldGen       total 98816K, used 32547K [0x0000000080c00000, 0x0000000086c80000, 0x00000000d5980000)
  object space 98816K, 32% used [0x0000000080c00000,0x0000000082bc8d00,0x0000000086c80000)
 Metaspace       used 24493K, capacity 25166K, committed 25392K, reserved 1071104K
  class space    used 2833K, capacity 2996K, committed 3120K, reserved 1048576K
Event: 6.672 GC heap after
Heap after GC invocations=8 (full 1):
 PSYoungGen      total 286720K, used 7603K [0x00000000d5980000, 0x00000000efb80000, 0x0000000100000000)
  eden space 266240K, 0% used [0x00000000d5980000,0x00000000d5980000,0x00000000e5d80000)
  from space 20480K, 37% used [0x00000000e5d80000,0x00000000e64ecee8,0x00000000e7180000)
  to   space 19456K, 0% used [0x00000000ee880000,0x00000000ee880000,0x00000000efb80000)
 ParOldGen       total 98816K, used 32555K [0x0000000080c00000, 0x0000000086c80000, 0x00000000d5980000)
  object space 98816K, 32% used [0x0000000080c00000,0x0000000082bcad00,0x0000000086c80000)
 Metaspace       used 24493K, capacity 25166K, committed 25392K, reserved 1071104K
  class space    used 2833K, capacity 2996K, committed 3120K, reserved 1048576K
}
Event: 7.538 GC heap before
{Heap before GC invocations=9 (full 1):
 PSYoungGen      total 286720K, used 273843K [0x00000000d5980000, 0x00000000efb80000, 0x0000000100000000)
  eden space 266240K, 100% used [0x00000000d5980000,0x00000000e5d80000,0x00000000e5d80000)
  from space 20480K, 37% used [0x00000000e5d80000,0x00000000e64ecee8,0x00000000e7180000)
  to   space 19456K, 0% used [0x00000000ee880000,0x00000000ee880000,0x00000000efb80000)
 ParOldGen       total 98816K, used 32555K [0x0000000080c00000, 0x0000000086c80000, 0x00000000d5980000)
  object space 98816K, 32% used [0x0000000080c00000,0x0000000082bcad00,0x0000000086c80000)
 Metaspace       used 24619K, capacity 25312K, committed 25648K, reserved 1071104K
  class space    used 2836K, capacity 2999K, committed 3120K, reserved 1048576K

Deoptimization events (10 events):
Event: 7.103 Thread 0x00000000003de800 Uncommon trap: reason=unstable_if action=reinterpret pc=0x0000000002884eb4 method=org.apache.maven.artifact.versioning.DefaultArtifactVersion.getNextIntegerToken(Ljava/util/StringTokenizer;)Ljava/lang/Integer; @ 19
Event: 7.119 Thread 0x00000000003de800 Uncommon trap: reason=unstable_if action=reinterpret pc=0x0000000002c74d38 method=java.math.BigInteger.<init>(Ljava/lang/String;I)V @ 326
Event: 7.119 Thread 0x00000000003de800 Uncommon trap: reason=unstable_if action=reinterpret pc=0x0000000002c86ae0 method=java.math.MutableBigInteger.compare(Ljava/math/MutableBigInteger;)I @ 10
Event: 7.120 Thread 0x00000000003de800 Uncommon trap: reason=unstable_if action=reinterpret pc=0x00000000028cf738 method=java.math.MutableBigInteger.compare(Ljava/math/MutableBigInteger;)I @ 10
Event: 7.272 Thread 0x00000000003de800 Uncommon trap: reason=array_check action=maybe_recompile pc=0x0000000002a3ec88 method=java.util.AbstractCollection.toArray([Ljava/lang/Object;)[Ljava/lang/Object; @ 119
Event: 7.273 Thread 0x00000000003de800 Uncommon trap: reason=array_check action=maybe_recompile pc=0x0000000002a3ec88 method=java.util.AbstractCollection.toArray([Ljava/lang/Object;)[Ljava/lang/Object; @ 119
Event: 7.273 Thread 0x00000000003de800 Uncommon trap: reason=array_check action=maybe_recompile pc=0x0000000002a3ec88 method=java.util.AbstractCollection.toArray([Ljava/lang/Object;)[Ljava/lang/Object; @ 119
Event: 7.273 Thread 0x00000000003de800 Uncommon trap: reason=array_check action=maybe_recompile pc=0x0000000002a3ec88 method=java.util.AbstractCollection.toArray([Ljava/lang/Object;)[Ljava/lang/Object; @ 119
Event: 7.512 Thread 0x00000000003de800 Uncommon trap: reason=null_check action=make_not_entrant pc=0x0000000002c935d0 method=org.apache.maven.bridge.MavenRepositorySystem.XcreateArtifact(Ljava/lang/String;Ljava/lang/String;Lorg/apache/maven/artifact/versioning/VersionRange;Ljava/lang/String;Lja	∏J∏Ã@
Event: 7.529 Thread 0x00000000003de800 Uncommon trap: reason=null_check action=make_not_entrant pc=0x00000000028b8450 method=org.apache.maven.bridge.MavenRepositorySystem.XcreateArtifact(Ljava/lang/String;Ljava/lang/String;Lorg/apache/maven/artifact/versioning/VersionRange;Ljava/lang/String;Ljaçœ€Èi@

Internal exceptions (10 events):
Event: 3.259 Thread 0x00000000003de800 Exception <a 'java/security/PrivilegedActionException'> (0x00000000dbd14a98) thrown at [C:\re\workspace\8-2-build-windows-amd64-cygwin\jdk8u45\3457\hotspot\src\share\vm\prims\jvm.cpp, line 1382]
Event: 3.259 Thread 0x00000000003de800 Exception <a 'java/security/PrivilegedActionException'> (0x00000000dbd15f50) thrown at [C:\re\workspace\8-2-build-windows-amd64-cygwin\jdk8u45\3457\hotspot\src\share\vm\prims\jvm.cpp, line 1382]
Event: 3.259 Thread 0x00000000003de800 Exception <a 'java/security/PrivilegedActionException'> (0x00000000dbd16298) thrown at [C:\re\workspace\8-2-build-windows-amd64-cygwin\jdk8u45\3457\hotspot\src\share\vm\prims\jvm.cpp, line 1382]
Event: 3.470 Thread 0x00000000003de800 Exception <a 'java/io/FileNotFoundException'> (0x00000000dc49efd0) thrown at [C:\re\workspace\8-2-build-windows-amd64-cygwin\jdk8u45\3457\hotspot\src\share\vm\prims\jni.cpp, line 709]
Event: 3.472 Thread 0x00000000003de800 Exception <a 'java/io/FileNotFoundException'> (0x00000000dc4d2e10) thrown at [C:\re\workspace\8-2-build-windows-amd64-cygwin\jdk8u45\3457\hotspot\src\share\vm\prims\jni.cpp, line 709]
Event: 3.532 Thread 0x00000000003de800 Exception <a 'java/io/FileNotFoundException'> (0x00000000dccef180) thrown at [C:\re\workspace\8-2-build-windows-amd64-cygwin\jdk8u45\3457\hotspot\src\share\vm\prims\jni.cpp, line 709]
Event: 3.532 Thread 0x00000000003de800 Exception <a 'java/io/FileNotFoundException'> (0x00000000dcceff10) thrown at [C:\re\workspace\8-2-build-windows-amd64-cygwin\jdk8u45\3457\hotspot\src\share\vm\prims\jni.cpp, line 709]
Event: 3.532 Thread 0x00000000003de800 Exception <a 'java/io/FileNotFoundException'> (0x00000000dccf0cd0) thrown at [C:\re\workspace\8-2-build-windows-amd64-cygwin\jdk8u45\3457\hotspot\src\share\vm\prims\jni.cpp, line 709]
Event: 3.532 Thread 0x00000000003de800 Exception <a 'java/io/FileNotFoundException'> (0x00000000dccf1aa0) thrown at [C:\re\workspace\8-2-build-windows-amd64-cygwin\jdk8u45\3457\hotspot\src\share\vm\prims\jni.cpp, line 709]
Event: 5.615 Thread 0x00000000003de800 Implicit null exception at 0x0000000003646b5f to 0x0000000003646da1

Events (10 events):
Event: 7.273 Thread 0x00000000003de800 DEOPT UNPACKING pc=0x000000000277582a sp=0x000000000272be78 mode 2
Event: 7.307 loading class org/eclipse/aether/repository/Proxy
Event: 7.307 loading class org/eclipse/aether/repository/Proxy done
Event: 7.512 Thread 0x00000000003de800 Uncommon trap: trap_request=0xfffffff4 fr.pc=0x0000000002c935d0
Event: 7.512 Thread 0x00000000003de800 DEOPT PACKING pc=0x0000000002c935d0 sp=0x000000000272c850
Event: 7.512 Thread 0x00000000003de800 DEOPT UNPACKING pc=0x000000000277582a sp=0x000000000272c7b8 mode 2
Event: 7.529 Thread 0x00000000003de800 Uncommon trap: trap_request=0xfffffff4 fr.pc=0x00000000028b8450
Event: 7.529 Thread 0x00000000003de800 DEOPT PACKING pc=0x00000000028b8450 sp=0x000000000272b9d0
Event: 7.529 Thread 0x00000000003de800 DEOPT UNPACKING pc=0x000000000277582a sp=0x000000000272b938 mode 2
Event: 7.538 Executing VM operation: ParallelGCFailedAllocation


Dynamic libraries:
0x000000013f340000 - 0x000000013f377000 	C:\Program Files\Java\jdk1.8.0_45\bin\java.exe
0x0000000077150000 - 0x00000000772f9000 	C:\windows\SYSTEM32\ntdll.dll
0x0000000076bc0000 - 0x0000000076cdf000 	C:\windows\system32\kernel32.dll
0x000007fefd8f0000 - 0x000007fefd95c000 	C:\windows\system32\KERNELBASE.dll
0x000007fefeab0000 - 0x000007fefeb8b000 	C:\windows\system32\ADVAPI32.dll
0x000007feff2c0000 - 0x000007feff35f000 	C:\windows\system32\msvcrt.dll
0x000007feff440000 - 0x000007feff45f000 	C:\windows\SYSTEM32\sechost.dll
0x000007fefeed0000 - 0x000007fefeffd000 	C:\windows\system32\RPCRT4.dll
0x0000000076e40000 - 0x0000000076f3a000 	C:\windows\system32\USER32.dll
0x000007fefed80000 - 0x000007fefede7000 	C:\windows\system32\GDI32.dll
0x000007feff360000 - 0x000007feff36e000 	C:\windows\system32\LPK.dll
0x000007feff370000 - 0x000007feff439000 	C:\windows\system32\USP10.dll
0x000007fefd100000 - 0x000007fefd2f4000 	C:\windows\WinSxS\amd64_microsoft.windows.common-controls_6595b64144ccf1df_6.0.7601.17514_none_fa396087175ac9ac\COMCTL32.dll
0x000007fefeb90000 - 0x000007fefec01000 	C:\windows\system32\SHLWAPI.dll
0x000007fefdcd0000 - 0x000007fefdcfe000 	C:\windows\system32\IMM32.DLL
0x000007fefec70000 - 0x000007fefed79000 	C:\windows\system32\MSCTF.dll
0x0000000066280000 - 0x0000000066352000 	C:\Program Files\Java\jdk1.8.0_45\jre\bin\msvcr100.dll
0x0000000062300000 - 0x0000000062b83000 	C:\Program Files\Java\jdk1.8.0_45\jre\bin\server\jvm.dll
0x000007fefaf50000 - 0x000007fefaf59000 	C:\windows\system32\WSOCK32.dll
0x000007fefdc80000 - 0x000007fefdccd000 	C:\windows\system32\WS2_32.dll
0x000007feff000000 - 0x000007feff008000 	C:\windows\system32\NSI.dll
0x000007fefadc0000 - 0x000007fefadfb000 	C:\windows\system32\WINMM.dll
0x000007fefc0d0000 - 0x000007fefc0dc000 	C:\windows\system32\VERSION.dll
0x0000000077320000 - 0x0000000077327000 	C:\windows\system32\PSAPI.DLL
0x0000000071970000 - 0x000000007197f000 	C:\Program Files\Java\jdk1.8.0_45\jre\bin\verify.dll
0x00000000717a0000 - 0x00000000717c9000 	C:\Program Files\Java\jdk1.8.0_45\jre\bin\java.dll
0x0000000071950000 - 0x0000000071966000 	C:\Program Files\Java\jdk1.8.0_45\jre\bin\zip.dll
0x000007fefdd20000 - 0x000007fefeaa8000 	C:\windows\system32\SHELL32.dll
0x000007feff010000 - 0x000007feff213000 	C:\windows\system32\ole32.dll
0x000007fefd5b0000 - 0x000007fefd5bf000 	C:\windows\system32\profapi.dll
0x000007fefa000000 - 0x000007fefa010000 	C:\Program Files (x86)\JetBrains\IntelliJ IDEA 12.1.7\bin\breakgen64.dll
0x0000000071780000 - 0x000000007179a000 	C:\Program Files\Java\jdk1.8.0_45\jre\bin\net.dll
0x000007fefcb20000 - 0x000007fefcb75000 	C:\windows\system32\mswsock.dll
0x000007fefcb10000 - 0x000007fefcb17000 	C:\windows\System32\wship6.dll
0x0000000071420000 - 0x0000000071431000 	C:\Program Files\Java\jdk1.8.0_45\jre\bin\nio.dll
0x000007fefd480000 - 0x000007fefd4d7000 	C:\windows\system32\apphelp.dll
0x000007fef0c70000 - 0x000007fef0d95000 	C:\windows\system32\dbghelp.dll

VM Arguments:
jvm_args: -Dmaven.home=F:\apache-maven-3.2.3 -Dclassworlds.conf=F:\apache-maven-3.2.3\bin\m2.conf -Didea.launcher.port=7532 -Didea.launcher.bin.path=C:\Program Files (x86)\JetBrains\IntelliJ IDEA 12.1.7\bin -Dfile.encoding=UTF-8 
java_command: com.intellij.rt.execution.application.AppMain org.codehaus.classworlds.Launcher --fail-fast --strict-checksums deploy
java_class_path (initial): F:\apache-maven-3.2.3\boot\plexus-classworlds-2.5.1.jar;C:\Program Files (x86)\JetBrains\IntelliJ IDEA 12.1.7\lib\idea_rt.jar
Launcher Type: SUN_STANDARD

Environment Variables:
JAVA_HOME=C:\Program Files\Java\jdk1.8.0_45
CLASSPATH=C:\Program Files\Java\jdk1.8.0_45\lib\dt.jar;C:\Program Files\Java\jdk1.8.0_45\lib\tools.jar;
PATH=C:\Program Files (x86)\JetBrains\IntelliJ IDEA 12.1.7\bin\..\.\bin;C:\ProgramData\Oracle\Java\javapath;C:\Program Files (x86)\Common Files\NetSarang;C:\windows\system32;C:\windows;C:\windows\System32\Wbem;C:\windows\System32\WindowsPowerShell\v1.0\;C:\Program Files\Java\jdk1.8.0_45\bin;C:\Program Files\Java\jdk1.8.0_45\jre\bin;C:\Program Files\TortoiseSVN\bin;C:\cygwin\bin;C:\cygwin\bin;;c:\program files (x86)\jetbrains\intellij idea 12.1.7\jre\jre\bin
USERNAME=Administrator
OS=Windows_NT
PROCESSOR_IDENTIFIER=Intel64 Family 6 Model 58 Stepping 9, GenuineIntel



---------------  S Y S T E M  ---------------

OS: Windows 7 , 64 bit Build 7601 (6.1.7601.17965)

CPU:total 2 (2 cores per cpu, 1 threads per core) family 6 model 58 stepping 9, cmov, cx8, fxsr, mmx, sse, sse2, sse3, ssse3, sse4.1, sse4.2, popcnt, clmul, erms, tsc, tscinvbit, tscinv

Memory: 4k page, physical 8333864k(3592320k free), swap 25109228k(18702428k free)

vm_info: Java HotSpot(TM) 64-Bit Server VM (25.45-b02) for windows-amd64 JRE (1.8.0_45-b14), built on Apr 10 2015 10:34:15 by "java_re" with MS VC++ 10.0 (VS2010)

time: Wed Jan 27 17:57:54 2016
elapsed time: 7 seconds (0d 0h 0m 7s)

