#
# A fatal error has been detected by the Java Runtime Environment:
#
#  EXCEPTION_ACCESS_VIOLATION (0xc0000005) at pc=0x0000000062793bfb, pid=6584, tid=6448
#
# JRE version: Java(TM) SE Runtime Environment (8.0_45-b14) (build 1.8.0_45-b14)
# Java VM: Java HotSpot(TM) 64-Bit Server VM (25.45-b02 mixed mode windows-amd64 compressed oops)
# Problematic frame:
# V  [jvm.dll+0x493bfb]
#
# Failed to write core dump. Minidumps are not enabled by default on client versions of Windows
#
# If you would like to submit a bug report, please visit:
#   http://bugreport.java.com/bugreport/crash.jsp
#

---------------  T H R E A D  ---------------

Current thread (0x000000005734a000):  JavaThread "C2 CompilerThread0" daemon [_thread_in_native, id=6448, stack(0x0000000058620000,0x0000000058720000)]

siginfo: ExceptionCode=0xc0000005, reading address 0x000000005bc21058

Registers:
RAX=0x000000005871be90, RBX=0x00000000000fb120, RCX=0x0000000000000001, RDX=0x0000000000000003
RSP=0x000000005871bbb0, RBP=0x000000005871bcb0, RSI=0x0000000000000002, RDI=0x000000005bb25f30
R8 =0x00000000000023de, R9 =0x00000000000023d4, R10=0x0000000062300000, R11=0x000000005871bb80
R12=0x000000005871c180, R13=0x000000005ac2ad50, R14=0x0000000062300000, R15=0x0000000000000000
RIP=0x0000000062793bfb, EFLAGS=0x0000000000010202

Top of Stack: (sp=0x000000005871bbb0)
0x000000005871bbb0:   000000005871bcb0 00000000000c8d00
0x000000005871bbc0:   000000005871bcb0 0000000000000001
0x000000005871bbd0:   0000000100000000 000000000000000d
0x000000005871bbe0:   000000005a320380 000012d600000001
0x000000005871bbf0:   000001ad0000000c 000000000000000b
0x000000005871bc00:   0000000005055455 0000000000000000
0x000000005871bc10:   0000000000000000 0000000000000000
0x000000005871bc20:   0000000000000000 0000233900000000
0x000000005871bc30:   0303030300000008 000000005a76b7c0
0x000000005871bc40:   0000000000000024 000000005a76b130
0x000000005871bc50:   0000000000000024 000000005871bd00
0x000000005871bc60:   0000000000000001 0000000000000002
0x000000005871bc70:   0000000000300000 0000000000000000
0x000000005871bc80:   0000000000000000 0000000000000000
0x000000005871bc90:   0000000000000000 00000000000001ad
0x000000005871bca0:   0000000000000000 000000005ac2ad50 

Instructions: (pc=0x0000000062793bfb)
0x0000000062793bdb:   e8 10 3e 00 00 85 c0 0f 84 f9 00 00 00 8b d8 49
0x0000000062793beb:   8b 44 24 70 66 0f 28 c6 48 8b 78 20 48 6b db 70
0x0000000062793bfb:   f2 0f 58 44 3b 08 48 8d 4c 3b 38 f2 0f 11 44 3b
0x0000000062793c0b:   08 e8 6f 29 07 00 84 c0 74 80 83 7c 3b 60 00 0f 


Register to memory mapping:

RAX=0x000000005871be90 is pointing into the stack for thread: 0x000000005734a000
RBX=0x00000000000fb120 is an unknown value
RCX=0x0000000000000001 is an unknown value
RDX=0x0000000000000003 is an unknown value
RSP=0x000000005871bbb0 is pointing into the stack for thread: 0x000000005734a000
RBP=0x000000005871bcb0 is pointing into the stack for thread: 0x000000005734a000
RSI=0x0000000000000002 is an unknown value
RDI=0x000000005bb25f30 is an unknown value
R8 =0x00000000000023de is an unknown value
R9 =0x00000000000023d4 is an unknown value
R10=0x0000000062300000 is an unknown value
R11=0x000000005871bb80 is pointing into the stack for thread: 0x000000005734a000
R12=0x000000005871c180 is pointing into the stack for thread: 0x000000005734a000
R13=0x000000005ac2ad50 is an unknown value
R14=0x0000000062300000 is an unknown value
R15=0x0000000000000000 is an unknown value


Stack: [0x0000000058620000,0x0000000058720000],  sp=0x000000005871bbb0,  free space=1006k
Native frames: (J=compiled Java code, j=interpreted, Vv=VM code, C=native code)
V  [jvm.dll+0x493bfb]
V  [jvm.dll+0x45f8f8]
V  [jvm.dll+0x46a73b]
V  [jvm.dll+0x46cd52]
V  [jvm.dll+0x4500f2]
V  [jvm.dll+0xa4352]
V  [jvm.dll+0xa4c8f]
V  [jvm.dll+0x241984]
V  [jvm.dll+0x29853a]
C  [msvcr100.dll+0x21d9f]
C  [msvcr100.dll+0x21e3b]
C  [kernel32.dll+0x1652d]
C  [ntdll.dll+0x2c521]


Current CompileTask:
C2:   7430 4133       4       org.apache.maven.model.io.xpp3.MavenXpp3ReaderEx::parseDependency (734 bytes)


---------------  P R O C E S S  ---------------

Java Threads: ( => current thread )
  0x00000000587cb000 JavaThread "Monitor Ctrl-Break" daemon [_thread_in_native, id=6848, stack(0x0000000059150000,0x0000000059250000)]
  0x0000000058743000 JavaThread "Service Thread" daemon [_thread_blocked, id=6496, stack(0x0000000058c60000,0x0000000058d60000)]
  0x000000005735a800 JavaThread "C1 CompilerThread1" daemon [_thread_blocked, id=6460, stack(0x0000000058330000,0x0000000058430000)]
=>0x000000005734a000 JavaThread "C2 CompilerThread0" daemon [_thread_in_native, id=6448, stack(0x0000000058620000,0x0000000058720000)]
  0x0000000057349000 JavaThread "Attach Listener" daemon [_thread_blocked, id=6528, stack(0x0000000058470000,0x0000000058570000)]
  0x0000000057331800 JavaThread "Signal Dispatcher" daemon [_thread_blocked, id=6184, stack(0x0000000057e00000,0x0000000057f00000)]
  0x00000000572dc800 JavaThread "Finalizer" daemon [_thread_blocked, id=7128, stack(0x0000000058180000,0x0000000058280000)]
  0x00000000572d2000 JavaThread "Reference Handler" daemon [_thread_blocked, id=6280, stack(0x0000000057fc0000,0x00000000580c0000)]
  0x000000000270e800 JavaThread "main" [_thread_in_native, id=6580, stack(0x0000000002590000,0x0000000002690000)]

Other Threads:
  0x00000000572cc800 VMThread [stack: 0x0000000057cd0000,0x0000000057dd0000] [id=4748]
  0x0000000058779800 WatcherThread [stack: 0x0000000058de0000,0x0000000058ee0000] [id=6412]

VM state:not at safepoint (normal execution)

VM Mutex/Monitor currently owned by a thread: None

Heap:
 PSYoungGen      total 437248K, used 150381K [0x00000000d5980000, 0x00000000f1100000, 0x0000000100000000)
  eden space 424448K, 34% used [0x00000000d5980000,0x00000000de8f37a0,0x00000000ef800000)
  from space 12800K, 27% used [0x00000000f0480000,0x00000000f07e8000,0x00000000f1100000)
  to   space 12800K, 0% used [0x00000000ef800000,0x00000000ef800000,0x00000000f0480000)
 ParOldGen       total 87552K, used 23471K [0x0000000080c00000, 0x0000000086180000, 0x00000000d5980000)
  object space 87552K, 26% used [0x0000000080c00000,0x00000000822ebf50,0x0000000086180000)
 Metaspace       used 18959K, capacity 19602K, committed 19840K, reserved 1067008K
  class space    used 2180K, capacity 2352K, committed 2432K, reserved 1048576K

Card table byte_map: [0x0000000011ad0000,0x0000000011ed0000] byte_map_base: 0x00000000116ca000

Marking Bits: (ParMarkBitMap*) 0x0000000062b04040
 Begin Bits: [0x0000000012600000, 0x00000000145d0000)
 End Bits:   [0x00000000145d0000, 0x00000000165a0000)

Polling page: 0x0000000000230000

CodeCache: size=245760Kb used=13961Kb max_used=13961Kb free=231798Kb
 bounds [0x0000000002710000, 0x00000000034c0000, 0x0000000011710000]
 total_blobs=4444 nmethods=4105 adapters=252
 compilation: enabled

Compilation events (10 events):
Event: 7.320 Thread 0x000000005735a800 4141       2       org.apache.maven.model.io.xpp3.MavenXpp3ReaderEx::parseCiManagement (362 bytes)
Event: 7.322 Thread 0x000000005735a800 nmethod 4141 0x00000000034b3c90 code [0x00000000034b4000, 0x00000000034b4fe8]
Event: 7.327 Thread 0x000000005735a800 4142       2       java.nio.charset.Charset::lookup2 (78 bytes)
Event: 7.328 Thread 0x000000005735a800 nmethod 4142 0x0000000003468fd0 code [0x00000000034691c0, 0x00000000034698e8]
Event: 7.362 Thread 0x000000005735a800 4143       2       org.apache.maven.model.ActivationFile::<init> (5 bytes)
Event: 7.362 Thread 0x000000005735a800 nmethod 4143 0x000000000348e310 code [0x000000000348e460, 0x000000000348e5b0]
Event: 7.378 Thread 0x000000005735a800 4144       2       org.apache.maven.model.Prerequisites::setLocation (35 bytes)
Event: 7.378 Thread 0x000000005735a800 nmethod 4144 0x00000000034a6d10 code [0x00000000034a6e80, 0x00000000034a7088]
Event: 7.406 Thread 0x000000005735a800 4145       2       org.apache.maven.model.profile.DefaultProfileInjector$ProfileModelMerger::mergePlugin_Executions (208 bytes)
Event: 7.408 Thread 0x000000005735a800 nmethod 4145 0x00000000034b9410 code [0x00000000034b96c0, 0x00000000034ba0c8]

GC Heap History (10 events):
Event: 3.082 GC heap before
{Heap before GC invocations=6 (full 0):
 PSYoungGen      total 71680K, used 71656K [0x00000000d5980000, 0x00000000dee80000, 0x0000000100000000)
  eden space 66560K, 100% used [0x00000000d5980000,0x00000000d9a80000,0x00000000d9a80000)
  from space 5120K, 99% used [0x00000000d9a80000,0x00000000d9f7a040,0x00000000d9f80000)
  to   space 9728K, 0% used [0x00000000de500000,0x00000000de500000,0x00000000dee80000)
 ParOldGen       total 87552K, used 10461K [0x0000000080c00000, 0x0000000086180000, 0x00000000d5980000)
  object space 87552K, 11% used [0x0000000080c00000,0x0000000081637718,0x0000000086180000)
 Metaspace       used 15506K, capacity 15916K, committed 16000K, reserved 1062912K
  class space    used 1791K, capacity 1920K, committed 1920K, reserved 1048576K
Event: 3.110 GC heap after
Heap after GC invocations=6 (full 0):
 PSYoungGen      total 142336K, used 8444K [0x00000000d5980000, 0x00000000def80000, 0x0000000100000000)
  eden space 132608K, 0% used [0x00000000d5980000,0x00000000d5980000,0x00000000ddb00000)
  from space 9728K, 86% used [0x00000000de500000,0x00000000ded3f020,0x00000000dee80000)
  to   space 10240K, 0% used [0x00000000ddb00000,0x00000000ddb00000,0x00000000de500000)
 ParOldGen       total 87552K, used 10461K [0x0000000080c00000, 0x0000000086180000, 0x00000000d5980000)
  object space 87552K, 11% used [0x0000000080c00000,0x0000000081637718,0x0000000086180000)
 Metaspace       used 15506K, capacity 15916K, committed 16000K, reserved 1062912K
  class space    used 1791K, capacity 1920K, committed 1920K, reserved 1048576K
}
Event: 4.416 GC heap before
{Heap before GC invocations=7 (full 0):
 PSYoungGen      total 142336K, used 141052K [0x00000000d5980000, 0x00000000def80000, 0x0000000100000000)
  eden space 132608K, 100% used [0x00000000d5980000,0x00000000ddb00000,0x00000000ddb00000)
  from space 9728K, 86% used [0x00000000de500000,0x00000000ded3f020,0x00000000dee80000)
  to   space 10240K, 0% used [0x00000000ddb00000,0x00000000ddb00000,0x00000000de500000)
 ParOldGen       total 87552K, used 10461K [0x0000000080c00000, 0x0000000086180000, 0x00000000d5980000)
  object space 87552K, 11% used [0x0000000080c00000,0x0000000081637718,0x0000000086180000)
 Metaspace       used 18538K, capacity 19124K, committed 19328K, reserved 1067008K
  class space    used 2166K, capacity 2347K, committed 2432K, reserved 1048576K
Event: 4.438 GC heap after
Heap after GC invocations=7 (full 0):
 PSYoungGen      total 142848K, used 10240K [0x00000000d5980000, 0x00000000e7580000, 0x0000000100000000)
  eden space 132608K, 0% used [0x00000000d5980000,0x00000000d5980000,0x00000000ddb00000)
  from space 10240K, 100% used [0x00000000ddb00000,0x00000000de500000,0x00000000de500000)
  to   space 12800K, 0% used [0x00000000e6900000,0x00000000e6900000,0x00000000e7580000)
 ParOldGen       total 87552K, used 13763K [0x0000000080c00000, 0x0000000086180000, 0x00000000d5980000)
  object space 87552K, 15% used [0x0000000080c00000,0x0000000081970f40,0x0000000086180000)
 Metaspace       used 18538K, capacity 19124K, committed 19328K, reserved 1067008K
  class space    used 2166K, capacity 2347K, committed 2432K, reserved 1048576K
}
Event: 5.059 GC heap before
{Heap before GC invocations=8 (full 0):
 PSYoungGen      total 142848K, used 142848K [0x00000000d5980000, 0x00000000e7580000, 0x0000000100000000)
  eden space 132608K, 100% used [0x00000000d5980000,0x00000000ddb00000,0x00000000ddb00000)
  from space 10240K, 100% used [0x00000000ddb00000,0x00000000de500000,0x00000000de500000)
  to   space 12800K, 0% used [0x00000000e6900000,0x00000000e6900000,0x00000000e7580000)
 ParOldGen       total 87552K, used 13763K [0x0000000080c00000, 0x0000000086180000, 0x00000000d5980000)
  object space 87552K, 15% used [0x0000000080c00000,0x0000000081970f40,0x0000000086180000)
 Metaspace       used 18692K, capacity 19316K, committed 19584K, reserved 1067008K
  class space    used 2167K, capacity 2347K, committed 2432K, reserved 1048576K
Event: 5.082 GC heap after
Heap after GC invocations=8 (full 0):
 PSYoungGen      total 278016K, used 8800K [0x00000000d5980000, 0x00000000e7580000, 0x0000000100000000)
  eden space 265216K, 0% used [0x00000000d5980000,0x00000000d5980000,0x00000000e5c80000)
  from space 12800K, 68% used [0x00000000e6900000,0x00000000e7198000,0x00000000e7580000)
  to   space 12800K, 0% used [0x00000000e5c80000,0x00000000e5c80000,0x00000000e6900000)
 ParOldGen       total 87552K, used 16227K [0x0000000080c00000, 0x0000000086180000, 0x00000000d5980000)
  object space 87552K, 18% used [0x0000000080c00000,0x0000000081bd8f40,0x0000000086180000)
 Metaspace       used 18692K, capacity 19316K, committed 19584K, reserved 1067008K
  class space    used 2167K, capacity 2347K, committed 2432K, reserved 1048576K
}
Event: 6.067 GC heap before
{Heap before GC invocations=9 (full 0):
 PSYoungGen      total 278016K, used 274016K [0x00000000d5980000, 0x00000000e7580000, 0x0000000100000000)
  eden space 265216K, 100% used [0x00000000d5980000,0x00000000e5c80000,0x00000000e5c80000)
  from space 12800K, 68% used [0x00000000e6900000,0x00000000e7198000,0x00000000e7580000)
  to   space 12800K, 0% used [0x00000000e5c80000,0x00000000e5c80000,0x00000000e6900000)
 ParOldGen       total 87552K, used 16227K [0x0000000080c00000, 0x0000000086180000, 0x00000000d5980000)
  object space 87552K, 18% used [0x0000000080c00000,0x0000000081bd8f40,0x0000000086180000)
 Metaspace       used 18823K, capacity 19462K, committed 19584K, reserved 1067008K
  class space    used 2170K, capacity 2350K, committed 2432K, reserved 1048576K
Event: 6.124 GC heap after
Heap after GC invocations=9 (full 0):
 PSYoungGen      total 278016K, used 5408K [0x00000000d5980000, 0x00000000f1100000, 0x0000000100000000)
  eden space 265216K, 0% used [0x00000000d5980000,0x00000000d5980000,0x00000000e5c80000)
  from space 12800K, 42% used [0x00000000e5c80000,0x00000000e61c8000,0x00000000e6900000)
  to   space 12800K, 0% used [0x00000000f0480000,0x00000000f0480000,0x00000000f1100000)
 ParOldGen       total 87552K, used 20235K [0x0000000080c00000, 0x0000000086180000, 0x00000000d5980000)
  object space 87552K, 23% used [0x0000000080c00000,0x0000000081fc2f40,0x0000000086180000)
 Metaspace       used 18823K, capacity 19462K, committed 19584K, reserved 1067008K
  class space    used 2170K, capacity 2350K, committed 2432K, reserved 1048576K
}
Event: 7.011 GC heap before
{Heap before GC invocations=10 (full 0):
 PSYoungGen      total 278016K, used 270624K [0x00000000d5980000, 0x00000000f1100000, 0x0000000100000000)
  eden space 265216K, 100% used [0x00000000d5980000,0x00000000e5c80000,0x00000000e5c80000)
  from space 12800K, 42% used [0x00000000e5c80000,0x00000000e61c8000,0x00000000e6900000)
  to   space 12800K, 0% used [0x00000000f0480000,0x00000000f0480000,0x00000000f1100000)
 ParOldGen       total 87552K, used 20235K [0x0000000080c00000, 0x0000000086180000, 0x00000000d5980000)
  object space 87552K, 23% used [0x0000000080c00000,0x0000000081fc2f40,0x0000000086180000)
 Metaspace       used 18938K, capacity 19602K, committed 19840K, reserved 1067008K
  class space    used 2179K, capacity 2352K, committed 2432K, reserved 1048576K
Event: 7.028 GC heap after
Heap after GC invocations=10 (full 0):
 PSYoungGen      total 437248K, used 3488K [0x00000000d5980000, 0x00000000f1100000, 0x0000000100000000)
  eden space 424448K, 0% used [0x00000000d5980000,0x00000000d5980000,0x00000000ef800000)
  from space 12800K, 27% used [0x00000000f0480000,0x00000000f07e8000,0x00000000f1100000)
  to   space 12800K, 0% used [0x00000000ef800000,0x00000000ef800000,0x00000000f0480000)
 ParOldGen       total 87552K, used 23471K [0x0000000080c00000, 0x0000000086180000, 0x00000000d5980000)
  object space 87552K, 26% used [0x0000000080c00000,0x00000000822ebf50,0x0000000086180000)
 Metaspace       used 18938K, capacity 19602K, committed 19840K, reserved 1067008K
  class space    used 2179K, capacity 2352K, committed 2432K, reserved 1048576K
}

Deoptimization events (10 events):
Event: 4.315 Thread 0x000000000270e800 Uncommon trap: reason=null_check action=make_not_entrant pc=0x00000000031af7fc method=org.apache.maven.model.io.xpp3.MavenXpp3ReaderEx.checkFieldWithDuplicate(Lorg/codehaus/plexus/util/xml/pull/XmlPullParser;Ljava/lang/String;Ljava/lang/String;Ljava/util/S›LEy&ò@
Event: 4.736 Thread 0x000000000270e800 Uncommon trap: reason=predicate action=maybe_recompile pc=0x0000000003289718 method=java.util.AbstractCollection.toArray([Ljava/lang/Object;)[Ljava/lang/Object; @ 49
Event: 4.797 Thread 0x000000000270e800 Uncommon trap: reason=class_check action=maybe_recompile pc=0x00000000031e61c8 method=java.util.regex.Pattern$Curly.match0(Ljava/util/regex/Matcher;IILjava/lang/CharSequence;)Z @ 16
Event: 4.933 Thread 0x000000000270e800 Uncommon trap: reason=null_check action=make_not_entrant pc=0x00000000032db0a4 method=org.apache.maven.model.validation.DefaultModelValidator.validateEffectiveDependency(Lorg/apache/maven/model/building/ModelProblemCollector;Lorg/apache/maven/model/Depende
Event: 4.945 Thread 0x000000000270e800 Uncommon trap: reason=null_check action=make_not_entrant pc=0x00000000030e00e0 method=org.codehaus.plexus.interpolation.reflection.ReflectionValueExtractor.getClassMap(Ljava/lang/Class;)Lorg/codehaus/plexus/interpolation/reflection/ClassMap; @ 21
Event: 5.523 Thread 0x000000000270e800 Uncommon trap: reason=class_check action=maybe_recompile pc=0x00000000031e61c8 method=java.util.regex.Pattern$Curly.match0(Ljava/util/regex/Matcher;IILjava/lang/CharSequence;)Z @ 16
Event: 5.524 Thread 0x000000000270e800 Uncommon trap: reason=class_check action=maybe_recompile pc=0x00000000031e61c8 method=java.util.regex.Pattern$Curly.match0(Ljava/util/regex/Matcher;IILjava/lang/CharSequence;)Z @ 16
Event: 5.524 Thread 0x000000000270e800 Uncommon trap: reason=class_check action=maybe_recompile pc=0x00000000031e61c8 method=java.util.regex.Pattern$Curly.match0(Ljava/util/regex/Matcher;IILjava/lang/CharSequence;)Z @ 16
Event: 5.535 Thread 0x000000000270e800 Uncommon trap: reason=class_check action=maybe_recompile pc=0x00000000030dacd0 method=java.util.regex.Pattern$Curly.match0(Ljava/util/regex/Matcher;IILjava/lang/CharSequence;)Z @ 16
Event: 5.576 Thread 0x000000000270e800 Uncommon trap: reason=unstable_if action=reinterpret pc=0x00000000031eb3c0 method=org.apache.maven.model.merge.ModelMerger.mergePlugin_Dependencies(Lorg/apache/maven/model/Plugin;Lorg/apache/maven/model/Plugin;ZLjava/util/Map;)V @ 64

Internal exceptions (10 events):
Event: 0.561 Thread 0x000000000270e800 Exception <a 'java/lang/ArrayIndexOutOfBoundsException'> (0x00000000d775b198) thrown at [C:\re\workspace\8-2-build-windows-amd64-cygwin\jdk8u45\3457\hotspot\src\share\vm\runtime\sharedRuntime.cpp, line 605]
Event: 0.593 Thread 0x000000000270e800 Exception <a 'java/lang/ArrayIndexOutOfBoundsException'> (0x00000000d789f650) thrown at [C:\re\workspace\8-2-build-windows-amd64-cygwin\jdk8u45\3457\hotspot\src\share\vm\runtime\sharedRuntime.cpp, line 605]
Event: 0.602 Thread 0x000000000270e800 Exception <a 'java/lang/ArrayIndexOutOfBoundsException'> (0x00000000d793d8a0) thrown at [C:\re\workspace\8-2-build-windows-amd64-cygwin\jdk8u45\3457\hotspot\src\share\vm\runtime\sharedRuntime.cpp, line 605]
Event: 0.602 Thread 0x000000000270e800 Exception <a 'java/lang/ArrayIndexOutOfBoundsException'> (0x00000000d793e5f8) thrown at [C:\re\workspace\8-2-build-windows-amd64-cygwin\jdk8u45\3457\hotspot\src\share\vm\runtime\sharedRuntime.cpp, line 605]
Event: 1.344 Thread 0x000000000270e800 Implicit null exception at 0x0000000002a80e05 to 0x0000000002a80fd1
Event: 1.344 Thread 0x000000000270e800 Implicit null exception at 0x0000000002a200af to 0x0000000002a20115
Event: 1.553 Thread 0x000000000270e800 Implicit null exception at 0x0000000002ca718f to 0x0000000002ca848d
Event: 4.315 Thread 0x000000000270e800 Implicit null exception at 0x00000000031af59f to 0x00000000031af7e1
Event: 4.933 Thread 0x000000000270e800 Implicit null exception at 0x00000000032d8e92 to 0x00000000032db089
Event: 4.945 Thread 0x000000000270e800 Implicit null exception at 0x00000000030def07 to 0x00000000030e00c9

Events (10 events):
Event: 7.036 Executing VM operation: RevokeBias
Event: 7.036 Executing VM operation: RevokeBias done
Event: 7.065 Executing VM operation: RevokeBias
Event: 7.065 Executing VM operation: RevokeBias done
Event: 7.085 loading class org/eclipse/aether/repository/Proxy
Event: 7.085 loading class org/eclipse/aether/repository/Proxy done
Event: 7.086 Thread 0x000000000270e800 DEOPT PACKING pc=0x0000000002d90f85 sp=0x000000000268b410
Event: 7.086 Thread 0x000000000270e800 DEOPT UNPACKING pc=0x000000000275747f sp=0x000000000268b118 mode 0
Event: 7.164 loading class org/apache/maven/artifact/versioning/ComparableVersion$1
Event: 7.164 loading class org/apache/maven/artifact/versioning/ComparableVersion$1 done


Dynamic libraries:
0x000000013f190000 - 0x000000013f1c7000 	C:\Program Files\Java\jdk1.8.0_45\bin\java.exe
0x0000000077150000 - 0x00000000772f9000 	C:\windows\SYSTEM32\ntdll.dll
0x0000000076bc0000 - 0x0000000076cdf000 	C:\windows\system32\kernel32.dll
0x000007fefd8f0000 - 0x000007fefd95c000 	C:\windows\system32\KERNELBASE.dll
0x000007fefeab0000 - 0x000007fefeb8b000 	C:\windows\system32\ADVAPI32.dll
0x000007feff2c0000 - 0x000007feff35f000 	C:\windows\system32\msvcrt.dll
0x000007feff440000 - 0x000007feff45f000 	C:\windows\SYSTEM32\sechost.dll
0x000007fefeed0000 - 0x000007fefeffd000 	C:\windows\system32\RPCRT4.dll
0x0000000076e40000 - 0x0000000076f3a000 	C:\windows\system32\USER32.dll
0x000007fefed80000 - 0x000007fefede7000 	C:\windows\system32\GDI32.dll
0x000007feff360000 - 0x000007feff36e000 	C:\windows\system32\LPK.dll
0x000007feff370000 - 0x000007feff439000 	C:\windows\system32\USP10.dll
0x000007fefd100000 - 0x000007fefd2f4000 	C:\windows\WinSxS\amd64_microsoft.windows.common-controls_6595b64144ccf1df_6.0.7601.17514_none_fa396087175ac9ac\COMCTL32.dll
0x000007fefeb90000 - 0x000007fefec01000 	C:\windows\system32\SHLWAPI.dll
0x000007fefdcd0000 - 0x000007fefdcfe000 	C:\windows\system32\IMM32.DLL
0x000007fefec70000 - 0x000007fefed79000 	C:\windows\system32\MSCTF.dll
0x0000000066b20000 - 0x0000000066bf2000 	C:\Program Files\Java\jdk1.8.0_45\jre\bin\msvcr100.dll
0x0000000062300000 - 0x0000000062b83000 	C:\Program Files\Java\jdk1.8.0_45\jre\bin\server\jvm.dll
0x000007fefaf50000 - 0x000007fefaf59000 	C:\windows\system32\WSOCK32.dll
0x000007fefdc80000 - 0x000007fefdccd000 	C:\windows\system32\WS2_32.dll
0x000007feff000000 - 0x000007feff008000 	C:\windows\system32\NSI.dll
0x000007fefadc0000 - 0x000007fefadfb000 	C:\windows\system32\WINMM.dll
0x000007fefc0d0000 - 0x000007fefc0dc000 	C:\windows\system32\VERSION.dll
0x0000000077320000 - 0x0000000077327000 	C:\windows\system32\PSAPI.DLL
0x0000000071970000 - 0x000000007197f000 	C:\Program Files\Java\jdk1.8.0_45\jre\bin\verify.dll
0x00000000717a0000 - 0x00000000717c9000 	C:\Program Files\Java\jdk1.8.0_45\jre\bin\java.dll
0x0000000071950000 - 0x0000000071966000 	C:\Program Files\Java\jdk1.8.0_45\jre\bin\zip.dll
0x000007fefdd20000 - 0x000007fefeaa8000 	C:\windows\system32\SHELL32.dll
0x000007feff010000 - 0x000007feff213000 	C:\windows\system32\ole32.dll
0x000007fefd5b0000 - 0x000007fefd5bf000 	C:\windows\system32\profapi.dll
0x000007fefb8a0000 - 0x000007fefb8b0000 	C:\Program Files (x86)\JetBrains\IntelliJ IDEA 12.1.7\bin\breakgen64.dll
0x0000000071780000 - 0x000000007179a000 	C:\Program Files\Java\jdk1.8.0_45\jre\bin\net.dll
0x000007fefcb20000 - 0x000007fefcb75000 	C:\windows\system32\mswsock.dll
0x000007fefcb10000 - 0x000007fefcb17000 	C:\windows\System32\wship6.dll
0x0000000070e90000 - 0x0000000070ea1000 	C:\Program Files\Java\jdk1.8.0_45\jre\bin\nio.dll
0x000007fefd480000 - 0x000007fefd4d7000 	C:\windows\system32\apphelp.dll
0x000007fef0c70000 - 0x000007fef0d95000 	C:\windows\system32\dbghelp.dll

VM Arguments:
jvm_args: -Dmaven.home=F:\apache-maven-3.2.3 -Dclassworlds.conf=F:\apache-maven-3.2.3\bin\m2.conf -Didea.launcher.port=7532 -Didea.launcher.bin.path=C:\Program Files (x86)\JetBrains\IntelliJ IDEA 12.1.7\bin -Dfile.encoding=UTF-8 
java_command: com.intellij.rt.execution.application.AppMain org.codehaus.classworlds.Launcher --fail-fast --strict-checksums deploy
java_class_path (initial): F:\apache-maven-3.2.3\boot\plexus-classworlds-2.5.1.jar;C:\Program Files (x86)\JetBrains\IntelliJ IDEA 12.1.7\lib\idea_rt.jar
Launcher Type: SUN_STANDARD

Environment Variables:
JAVA_HOME=C:\Program Files\Java\jdk1.8.0_45
CLASSPATH=C:\Program Files\Java\jdk1.8.0_45\lib\dt.jar;C:\Program Files\Java\jdk1.8.0_45\lib\tools.jar;
PATH=C:\Program Files (x86)\JetBrains\IntelliJ IDEA 12.1.7\bin\..\.\bin;C:\ProgramData\Oracle\Java\javapath;C:\Program Files (x86)\Common Files\NetSarang;C:\windows\system32;C:\windows;C:\windows\System32\Wbem;C:\windows\System32\WindowsPowerShell\v1.0\;C:\Program Files\Java\jdk1.8.0_45\bin;C:\Program Files\Java\jdk1.8.0_45\jre\bin;C:\Program Files\TortoiseSVN\bin;C:\cygwin\bin;C:\cygwin\bin;;c:\program files (x86)\jetbrains\intellij idea 12.1.7\jre\jre\bin
USERNAME=Administrator
OS=Windows_NT
PROCESSOR_IDENTIFIER=Intel64 Family 6 Model 58 Stepping 9, GenuineIntel



---------------  S Y S T E M  ---------------

OS: Windows 7 , 64 bit Build 7601 (6.1.7601.17965)

CPU:total 2 (2 cores per cpu, 1 threads per core) family 6 model 58 stepping 9, cmov, cx8, fxsr, mmx, sse, sse2, sse3, ssse3, sse4.1, sse4.2, popcnt, clmul, erms, tsc, tscinvbit, tscinv

Memory: 4k page, physical 8333864k(3616760k free), swap 25109228k(18648156k free)

vm_info: Java HotSpot(TM) 64-Bit Server VM (25.45-b02) for windows-amd64 JRE (1.8.0_45-b14), built on Apr 10 2015 10:34:15 by "java_re" with MS VC++ 10.0 (VS2010)

time: Thu Jan 28 14:11:22 2016
elapsed time: 7 seconds (0d 0h 0m 7s)

