#
# A fatal error has been detected by the Java Runtime Environment:
#
#  EXCEPTION_ACCESS_VIOLATION (0xc0000005) at pc=0x00000000026f31e6, pid=2260, tid=1788
#
# JRE version: Java(TM) SE Runtime Environment (8.0_45-b14) (build 1.8.0_45-b14)
# Java VM: Java HotSpot(TM) 64-Bit Server VM (25.45-b02 mixed mode windows-amd64 compressed oops)
# Problematic frame:
# j  java.lang.String.equals(Ljava/lang/Object;)Z+8
#
# Failed to write core dump. Minidumps are not enabled by default on client versions of Windows
#
# If you would like to submit a bug report, please visit:
#   http://bugreport.java.com/bugreport/crash.jsp
#

---------------  T H R E A D  ---------------

Current thread (0x00000000024be800):  JavaThread "main" [_thread_in_Java, id=1788, stack(0x0000000002510000,0x0000000002610000)]

siginfo: ExceptionCode=0xc0000005, reading address 0x0000000092931700

Registers:
RAX=0x00000000169316d0, RBX=0x00000000000000ed, RCX=0x0000000000000030, RDX=0x00000000929316d0
RSP=0x000000000260c648, RBP=0x000000000260c688, RSI=0x000000000238d0f8, RDI=0x0000000000000001
R8 =0x000002dd06710084, R9 =0x000002de066e0085, R10=0x000000005fdc43f0, R11=0x000000000260c600
R12=0x0000000000000000, R13=0x0000000056934540, R14=0x000000000260c6c8, R15=0x00000000024be800
RIP=0x00000000026f31e6, EFLAGS=0x0000000000010206

Top of Stack: (sp=0x000000000260c648)
0x000000000260c648:   000000000260c648 0000000056934540
0x000000000260c658:   000000000260c6c8 00000000569dcb00
0x000000000260c668:   0000000056b2b968 00000000569345a0
0x000000000260c678:   0000000000000000 000000000260c6d0
0x000000000260c688:   000000000260d2d0 0000000002d9967c
0x000000000260c698:   0000000000000000 0000000000000000
0x000000000260c6a8:   0000000000000000 0000000000000000
0x000000000260c6b8:   0000000000000000 00000000e3e95b10
0x000000000260c6c8:   00000000e5023e18 00000000e5023a80
0x000000000260c6d8:   0000000002a1612c 000000800000000d
0x000000000260c6e8:   00000000e3e95950 0000000000000002
0x000000000260c6f8:   00000000e3e95980 00000000e5023e18
0x000000000260c708:   00000000e6fbfe50 000000000260d2d0
0x000000000260c718:   0000000002d2a0e4 00000000e3e8d0b8
0x000000000260c728:   00000000e5023cf0 00000000e5022650
0x000000000260c738:   00000000e5023e18 00000000e5023ba8 

Instructions: (pc=0x00000000026f31e6)
0x00000000026f31c6:   89 51 10 bf 01 00 00 00 48 89 79 18 48 83 c1 30
0x00000000026f31d6:   48 89 4d e0 48 3b d0 0f 84 59 00 00 00 8b 48 0c
0x00000000026f31e6:   48 3b 04 0a 0f 84 4c 00 00 00 83 f9 18 0f 85 22
0x00000000026f31f6:   00 00 00 50 48 8b c0 57 48 8b 7a 20 8b 0f 48 83 


Register to memory mapping:

RAX=0x00000000169316d0 is pointing into metadata
RBX=0x00000000000000ed is an unknown value
RCX=0x0000000000000030 is an unknown value
RDX=0x00000000929316d0 is an unallocated location in the heap
RSP=0x000000000260c648 is pointing into the stack for thread: 0x00000000024be800
RBP=0x000000000260c688 is pointing into the stack for thread: 0x00000000024be800
RSI=0x000000000238d0f8 is an unknown value
RDI=0x0000000000000001 is an unknown value
R8 =0x000002dd06710084 is an unknown value
R9 =0x000002de066e0085 is an unknown value
R10=0x000000005fdc43f0 is an unknown value
R11=0x000000000260c600 is pointing into the stack for thread: 0x00000000024be800
R12=0x0000000000000000 is an unknown value
R13=0x0000000056934540 is pointing into metadata
R14=0x000000000260c6c8 is pointing into the stack for thread: 0x00000000024be800
R15=0x00000000024be800 is a thread


Stack: [0x0000000002510000,0x0000000002610000],  sp=0x000000000260c648,  free space=1009k
Native frames: (J=compiled Java code, j=interpreted, Vv=VM code, C=native code)
C  0x00000000026f31e6


---------------  P R O C E S S  ---------------

Java Threads: ( => current thread )
  0x0000000058642000 JavaThread "Monitor Ctrl-Break" daemon [_thread_in_native, id=1760, stack(0x0000000058e70000,0x0000000058f70000)]
  0x00000000585d0800 JavaThread "Service Thread" daemon [_thread_blocked, id=4656, stack(0x0000000058ae0000,0x0000000058be0000)]
  0x0000000057302000 JavaThread "C1 CompilerThread1" daemon [_thread_blocked, id=4224, stack(0x0000000058490000,0x0000000058590000)]
  0x00000000572da000 JavaThread "C2 CompilerThread0" daemon [_thread_in_native, id=3036, stack(0x0000000058050000,0x0000000058150000)]
  0x00000000572d9000 JavaThread "Attach Listener" daemon [_thread_blocked, id=5060, stack(0x0000000058340000,0x0000000058440000)]
  0x00000000572c1800 JavaThread "Signal Dispatcher" daemon [_thread_blocked, id=3068, stack(0x0000000058170000,0x0000000058270000)]
  0x000000005726c800 JavaThread "Finalizer" daemon [_thread_blocked, id=2596, stack(0x0000000057cd0000,0x0000000057dd0000)]
  0x0000000057262000 JavaThread "Reference Handler" daemon [_thread_blocked, id=332, stack(0x0000000057ec0000,0x0000000057fc0000)]
=>0x00000000024be800 JavaThread "main" [_thread_in_Java, id=1788, stack(0x0000000002510000,0x0000000002610000)]

Other Threads:
  0x000000005725c800 VMThread [stack: 0x0000000057bd0000,0x0000000057cd0000] [id=2624]
  0x00000000585f3000 WatcherThread [stack: 0x0000000058c30000,0x0000000058d30000] [id=4008]

VM state:not at safepoint (normal execution)

VM Mutex/Monitor currently owned by a thread: None

Heap:
 PSYoungGen      total 284160K, used 260804K [0x00000000d5980000, 0x00000000ebc00000, 0x0000000100000000)
  eden space 266240K, 95% used [0x00000000d5980000,0x00000000e51312e8,0x00000000e5d80000)
  from space 17920K, 40% used [0x00000000e6e80000,0x00000000e7580020,0x00000000e8000000)
  to   space 17408K, 0% used [0x00000000e5d80000,0x00000000e5d80000,0x00000000e6e80000)
 ParOldGen       total 89088K, used 30648K [0x0000000080c00000, 0x0000000086300000, 0x00000000d5980000)
  object space 89088K, 34% used [0x0000000080c00000,0x00000000829ee208,0x0000000086300000)
 Metaspace       used 24517K, capacity 25196K, committed 25392K, reserved 1071104K
  class space    used 2839K, capacity 3001K, committed 3120K, reserved 1048576K

Card table byte_map: [0x0000000011a90000,0x0000000011e90000] byte_map_base: 0x000000001168a000

Marking Bits: (ParMarkBitMap*) 0x000000005fdd4040
 Begin Bits: [0x0000000012590000, 0x0000000014560000)
 End Bits:   [0x0000000014560000, 0x0000000016530000)

Polling page: 0x0000000000430000

CodeCache: size=245760Kb used=15677Kb max_used=15699Kb free=230082Kb
 bounds [0x00000000026d0000, 0x0000000003690000, 0x00000000116d0000]
 total_blobs=5120 nmethods=4748 adapters=285
 compilation: enabled

Compilation events (10 events):
Event: 9.040 Thread 0x0000000057302000 5269 %     3       org.apache.maven.model.profile.DefaultProfileActivationContext::toMap @ 21 (61 bytes)
Event: 9.041 Thread 0x0000000057302000 nmethod 5269% 0x0000000002851d10 code [0x0000000002851f00, 0x0000000002852888]
Event: 9.041 Thread 0x0000000057302000 5270       3       org.apache.maven.model.profile.DefaultProfileActivationContext::toMap (61 bytes)
Event: 9.041 Thread 0x0000000057302000 nmethod 5270 0x0000000002d10b90 code [0x0000000002d10da0, 0x0000000002d11898]
Event: 9.043 Thread 0x0000000057302000 5271       2       org.apache.maven.model.Dependency::setExclusions (6 bytes)
Event: 9.044 Thread 0x0000000057302000 nmethod 5271 0x0000000002c1f150 code [0x0000000002c1f2a0, 0x0000000002c1f410]
Event: 9.071 Thread 0x0000000057302000 5272       2       org.apache.maven.artifact.DefaultArtifact::setVersion (16 bytes)
Event: 9.072 Thread 0x0000000057302000 nmethod 5272 0x0000000002c1ed50 code [0x0000000002c1eec0, 0x0000000002c1f088]
Event: 9.072 Thread 0x0000000057302000 5273       2       org.apache.maven.repository.legacy.resolver.DefaultLegacyArtifactCollector::manageArtifact (189 bytes)
Event: 9.073 Thread 0x0000000057302000 nmethod 5273 0x0000000002d341d0 code [0x0000000002d343e0, 0x0000000002d34c38]

GC Heap History (10 events):
Event: 4.698 GC heap before
{Heap before GC invocations=7 (full 0):
 PSYoungGen      total 142336K, used 88678K [0x00000000d5980000, 0x00000000def80000, 0x0000000100000000)
  eden space 132608K, 60% used [0x00000000d5980000,0x00000000da7de8b0,0x00000000ddb00000)
  from space 9728K, 86% used [0x00000000de500000,0x00000000ded3b010,0x00000000dee80000)
  to   space 10240K, 0% used [0x00000000ddb00000,0x00000000ddb00000,0x00000000de500000)
 ParOldGen       total 87552K, used 10240K [0x0000000080c00000, 0x0000000086180000, 0x00000000d5980000)
  object space 87552K, 11% used [0x0000000080c00000,0x0000000081600170,0x0000000086180000)
 Metaspace       used 20759K, capacity 21200K, committed 21296K, reserved 1069056K
  class space    used 2440K, capacity 2576K, committed 2608K, reserved 1048576K
Event: 4.734 GC heap after
Heap after GC invocations=7 (full 0):
 PSYoungGen      total 142848K, used 10208K [0x00000000d5980000, 0x00000000e8080000, 0x0000000100000000)
  eden space 132608K, 0% used [0x00000000d5980000,0x00000000d5980000,0x00000000ddb00000)
  from space 10240K, 99% used [0x00000000ddb00000,0x00000000de4f8048,0x00000000de500000)
  to   space 18432K, 0% used [0x00000000e6e80000,0x00000000e6e80000,0x00000000e8080000)
 ParOldGen       total 87552K, used 25213K [0x0000000080c00000, 0x0000000086180000, 0x00000000d5980000)
  object space 87552K, 28% used [0x0000000080c00000,0x000000008249f6a0,0x0000000086180000)
 Metaspace       used 20759K, capacity 21200K, committed 21296K, reserved 1069056K
  class space    used 2440K, capacity 2576K, committed 2608K, reserved 1048576K
}
Event: 4.734 GC heap before
{Heap before GC invocations=8 (full 1):
 PSYoungGen      total 142848K, used 10208K [0x00000000d5980000, 0x00000000e8080000, 0x0000000100000000)
  eden space 132608K, 0% used [0x00000000d5980000,0x00000000d5980000,0x00000000ddb00000)
  from space 10240K, 99% used [0x00000000ddb00000,0x00000000de4f8048,0x00000000de500000)
  to   space 18432K, 0% used [0x00000000e6e80000,0x00000000e6e80000,0x00000000e8080000)
 ParOldGen       total 87552K, used 25213K [0x0000000080c00000, 0x0000000086180000, 0x00000000d5980000)
  object space 87552K, 28% used [0x0000000080c00000,0x000000008249f6a0,0x0000000086180000)
 Metaspace       used 20759K, capacity 21200K, committed 21296K, reserved 1069056K
  class space    used 2440K, capacity 2576K, committed 2608K, reserved 1048576K
Event: 4.895 GC heap after
Heap after GC invocations=8 (full 1):
 PSYoungGen      total 142848K, used 0K [0x00000000d5980000, 0x00000000e8080000, 0x0000000100000000)
  eden space 132608K, 0% used [0x00000000d5980000,0x00000000d5980000,0x00000000ddb00000)
  from space 10240K, 0% used [0x00000000ddb00000,0x00000000ddb00000,0x00000000de500000)
  to   space 18432K, 0% used [0x00000000e6e80000,0x00000000e6e80000,0x00000000e8080000)
 ParOldGen       total 89088K, used 30624K [0x0000000080c00000, 0x0000000086300000, 0x00000000d5980000)
  object space 89088K, 34% used [0x0000000080c00000,0x00000000829e8208,0x0000000086300000)
 Metaspace       used 20759K, capacity 21200K, committed 21296K, reserved 1069056K
  class space    used 2440K, capacity 2576K, committed 2608K, reserved 1048576K
}
Event: 6.437 GC heap before
{Heap before GC invocations=9 (full 1):
 PSYoungGen      total 142848K, used 132608K [0x00000000d5980000, 0x00000000e8080000, 0x0000000100000000)
  eden space 132608K, 100% used [0x00000000d5980000,0x00000000ddb00000,0x00000000ddb00000)
  from space 10240K, 0% used [0x00000000ddb00000,0x00000000ddb00000,0x00000000de500000)
  to   space 18432K, 0% used [0x00000000e6e80000,0x00000000e6e80000,0x00000000e8080000)
 ParOldGen       total 89088K, used 30624K [0x0000000080c00000, 0x0000000086300000, 0x00000000d5980000)
  object space 89088K, 34% used [0x0000000080c00000,0x00000000829e8208,0x0000000086300000)
 Metaspace       used 24097K, capacity 24782K, committed 25136K, reserved 1071104K
  class space    used 2827K, capacity 2996K, committed 3120K, reserved 1048576K
Event: 6.462 GC heap after
Heap after GC invocations=9 (full 1):
 PSYoungGen      total 208384K, used 6768K [0x00000000d5980000, 0x00000000e7580000, 0x0000000100000000)
  eden space 201216K, 0% used [0x00000000d5980000,0x00000000d5980000,0x00000000e1e00000)
  from space 7168K, 94% used [0x00000000e6e80000,0x00000000e751c0e8,0x00000000e7580000)
  to   space 18432K, 0% used [0x00000000e5180000,0x00000000e5180000,0x00000000e6380000)
 ParOldGen       total 89088K, used 30632K [0x0000000080c00000, 0x0000000086300000, 0x00000000d5980000)
  object space 89088K, 34% used [0x0000000080c00000,0x00000000829ea208,0x0000000086300000)
 Metaspace       used 24097K, capacity 24782K, committed 25136K, reserved 1071104K
  class space    used 2827K, capacity 2996K, committed 3120K, reserved 1048576K
}
Event: 7.335 GC heap before
{Heap before GC invocations=10 (full 1):
 PSYoungGen      total 208384K, used 207984K [0x00000000d5980000, 0x00000000e7580000, 0x0000000100000000)
  eden space 201216K, 100% used [0x00000000d5980000,0x00000000e1e00000,0x00000000e1e00000)
  from space 7168K, 94% used [0x00000000e6e80000,0x00000000e751c0e8,0x00000000e7580000)
  to   space 18432K, 0% used [0x00000000e5180000,0x00000000e5180000,0x00000000e6380000)
 ParOldGen       total 89088K, used 30632K [0x0000000080c00000, 0x0000000086300000, 0x00000000d5980000)
  object space 89088K, 34% used [0x0000000080c00000,0x00000000829ea208,0x0000000086300000)
 Metaspace       used 24318K, capacity 24980K, committed 25136K, reserved 1071104K
  class space    used 2828K, capacity 2997K, committed 3120K, reserved 1048576K
Event: 7.376 GC heap after
Heap after GC invocations=10 (full 1):
 PSYoungGen      total 272384K, used 5536K [0x00000000d5980000, 0x00000000e8000000, 0x0000000100000000)
  eden space 253952K, 0% used [0x00000000d5980000,0x00000000d5980000,0x00000000e5180000)
  from space 18432K, 30% used [0x00000000e5180000,0x00000000e56e8020,0x00000000e6380000)
  to   space 17920K, 0% used [0x00000000e6e80000,0x00000000e6e80000,0x00000000e8000000)
 ParOldGen       total 89088K, used 30640K [0x0000000080c00000, 0x0000000086300000, 0x00000000d5980000)
  object space 89088K, 34% used [0x0000000080c00000,0x00000000829ec208,0x0000000086300000)
 Metaspace       used 24318K, capacity 24980K, committed 25136K, reserved 1071104K
  class space    used 2828K, capacity 2997K, committed 3120K, reserved 1048576K
}
Event: 8.197 GC heap before
{Heap before GC invocations=11 (full 1):
 PSYoungGen      total 272384K, used 259488K [0x00000000d5980000, 0x00000000e8000000, 0x0000000100000000)
  eden space 253952K, 100% used [0x00000000d5980000,0x00000000e5180000,0x00000000e5180000)
  from space 18432K, 30% used [0x00000000e5180000,0x00000000e56e8020,0x00000000e6380000)
  to   space 17920K, 0% used [0x00000000e6e80000,0x00000000e6e80000,0x00000000e8000000)
 ParOldGen       total 89088K, used 30640K [0x0000000080c00000, 0x0000000086300000, 0x00000000d5980000)
  object space 89088K, 34% used [0x0000000080c00000,0x00000000829ec208,0x0000000086300000)
 Metaspace       used 24408K, capacity 25056K, committed 25392K, reserved 1071104K
  class space    used 2829K, capacity 2999K, committed 3120K, reserved 1048576K
Event: 8.208 GC heap after
Heap after GC invocations=11 (full 1):
 PSYoungGen      total 284160K, used 7168K [0x00000000d5980000, 0x00000000ebc00000, 0x0000000100000000)
  eden space 266240K, 0% used [0x00000000d5980000,0x00000000d5980000,0x00000000e5d80000)
  from space 17920K, 40% used [0x00000000e6e80000,0x00000000e7580020,0x00000000e8000000)
  to   space 17408K, 0% used [0x00000000e5d80000,0x00000000e5d80000,0x00000000e6e80000)
 ParOldGen       total 89088K, used 30648K [0x0000000080c00000, 0x0000000086300000, 0x00000000d5980000)
  object space 89088K, 34% used [0x0000000080c00000,0x00000000829ee208,0x0000000086300000)
 Metaspace       used 24408K, capacity 25056K, committed 25392K, reserved 1071104K
  class space    used 2829K, capacity 2999K, committed 3120K, reserved 1048576K
}

Deoptimization events (10 events):
Event: 6.197 Thread 0x00000000024be800 Uncommon trap: reason=bimorphic action=maybe_recompile pc=0x0000000002d6e3e4 method=java.util.regex.Matcher.match(II)Z @ 86
Event: 6.197 Thread 0x00000000024be800 Uncommon trap: reason=bimorphic action=maybe_recompile pc=0x0000000002d6e3e4 method=java.util.regex.Matcher.match(II)Z @ 86
Event: 6.197 Thread 0x00000000024be800 Uncommon trap: reason=bimorphic action=maybe_recompile pc=0x0000000002d6e3e4 method=java.util.regex.Matcher.match(II)Z @ 86
Event: 6.925 Thread 0x00000000024be800 Uncommon trap: reason=class_check action=maybe_recompile pc=0x0000000002b566f4 method=java.util.regex.Pattern$Curly.match0(Ljava/util/regex/Matcher;IILjava/lang/CharSequence;)Z @ 16
Event: 7.195 Thread 0x00000000024be800 Uncommon trap: reason=null_check action=make_not_entrant pc=0x00000000035cf57c method=org.apache.maven.model.io.xpp3.MavenXpp3ReaderEx.checkFieldWithDuplicate(Lorg/codehaus/plexus/util/xml/pull/XmlPullParser;Ljava/lang/String;Ljava/lang/String;Ljava/util/SnVŠJ@
Event: 7.573 Thread 0x00000000024be800 Uncommon trap: reason=class_check action=maybe_recompile pc=0x0000000002b566f4 method=java.util.regex.Pattern$Curly.match0(Ljava/util/regex/Matcher;IILjava/lang/CharSequence;)Z @ 16
Event: 7.573 Thread 0x00000000024be800 Uncommon trap: reason=class_check action=maybe_recompile pc=0x0000000002b566f4 method=java.util.regex.Pattern$Curly.match0(Ljava/util/regex/Matcher;IILjava/lang/CharSequence;)Z @ 16
Event: 7.574 Thread 0x00000000024be800 Uncommon trap: reason=class_check action=maybe_recompile pc=0x0000000002b566f4 method=java.util.regex.Pattern$Curly.match0(Ljava/util/regex/Matcher;IILjava/lang/CharSequence;)Z @ 16
Event: 7.586 Thread 0x00000000024be800 Uncommon trap: reason=class_check action=maybe_recompile pc=0x0000000002fbcc50 method=java.util.regex.Pattern$Curly.match0(Ljava/util/regex/Matcher;IILjava/lang/CharSequence;)Z @ 16
Event: 9.092 Thread 0x00000000024be800 Uncommon trap: reason=class_check action=maybe_recompile pc=0x00000000028c140c method=java.lang.String.equals(Ljava/lang/Object;)Z @ 8

Internal exceptions (10 events):
Event: 3.997 Thread 0x00000000024be800 Exception <a 'java/security/PrivilegedActionException'> (0x00000000d7c74bc0) thrown at [C:\re\workspace\8-2-build-windows-amd64-cygwin\jdk8u45\3457\hotspot\src\share\vm\prims\jvm.cpp, line 1382]
Event: 4.172 Thread 0x00000000024be800 Exception <a 'java/io/FileNotFoundException'> (0x00000000d835bf50) thrown at [C:\re\workspace\8-2-build-windows-amd64-cygwin\jdk8u45\3457\hotspot\src\share\vm\prims\jni.cpp, line 709]
Event: 4.174 Thread 0x00000000024be800 Exception <a 'java/io/FileNotFoundException'> (0x00000000d838fd90) thrown at [C:\re\workspace\8-2-build-windows-amd64-cygwin\jdk8u45\3457\hotspot\src\share\vm\prims\jni.cpp, line 709]
Event: 4.223 Thread 0x00000000024be800 Exception <a 'java/io/FileNotFoundException'> (0x00000000d8bac1b0) thrown at [C:\re\workspace\8-2-build-windows-amd64-cygwin\jdk8u45\3457\hotspot\src\share\vm\prims\jni.cpp, line 709]
Event: 4.223 Thread 0x00000000024be800 Exception <a 'java/io/FileNotFoundException'> (0x00000000d8bacf40) thrown at [C:\re\workspace\8-2-build-windows-amd64-cygwin\jdk8u45\3457\hotspot\src\share\vm\prims\jni.cpp, line 709]
Event: 4.223 Thread 0x00000000024be800 Exception <a 'java/io/FileNotFoundException'> (0x00000000d8badd00) thrown at [C:\re\workspace\8-2-build-windows-amd64-cygwin\jdk8u45\3457\hotspot\src\share\vm\prims\jni.cpp, line 709]
Event: 4.223 Thread 0x00000000024be800 Exception <a 'java/io/FileNotFoundException'> (0x00000000d8baead0) thrown at [C:\re\workspace\8-2-build-windows-amd64-cygwin\jdk8u45\3457\hotspot\src\share\vm\prims\jni.cpp, line 709]
Event: 5.248 Thread 0x00000000024be800 Implicit null exception at 0x0000000002f66381 to 0x0000000002f684cd
Event: 5.887 Thread 0x00000000024be800 Implicit null exception at 0x000000000346c720 to 0x000000000346e569
Event: 7.195 Thread 0x00000000024be800 Implicit null exception at 0x00000000035cf31f to 0x00000000035cf561

Events (10 events):
Event: 8.664 Thread 0x00000000024be800 DEOPT UNPACKING pc=0x000000000271747f sp=0x000000000260a298 mode 0
Event: 8.739 Thread 0x00000000024be800 DEOPT PACKING pc=0x0000000002e69fd7 sp=0x000000000260acb0
Event: 8.739 Thread 0x00000000024be800 DEOPT UNPACKING pc=0x000000000271747f sp=0x000000000260aa08 mode 0
Event: 8.888 Thread 0x00000000024be800 DEOPT PACKING pc=0x00000000028ebe95 sp=0x000000000260a6b0
Event: 8.888 Thread 0x00000000024be800 DEOPT UNPACKING pc=0x000000000271747f sp=0x000000000260a460 mode 0
Event: 9.041 Thread 0x00000000024be800 DEOPT PACKING pc=0x0000000002e6a799 sp=0x000000000260b790
Event: 9.041 Thread 0x00000000024be800 DEOPT UNPACKING pc=0x000000000271747f sp=0x000000000260b518 mode 0
Event: 9.092 Thread 0x00000000024be800 Uncommon trap: trap_request=0xffffffde fr.pc=0x00000000028c140c
Event: 9.092 Thread 0x00000000024be800 DEOPT PACKING pc=0x00000000028c140c sp=0x000000000260c690
Event: 9.092 Thread 0x00000000024be800 DEOPT UNPACKING pc=0x000000000271582a sp=0x000000000260c610 mode 2


Dynamic libraries:
0x000000013f810000 - 0x000000013f847000 	C:\Program Files\Java\jdk1.8.0_45\bin\java.exe
0x00000000772f0000 - 0x0000000077499000 	C:\windows\SYSTEM32\ntdll.dll
0x0000000076f20000 - 0x000000007703f000 	C:\windows\system32\kernel32.dll
0x000007fefdab0000 - 0x000007fefdb1c000 	C:\windows\system32\KERNELBASE.dll
0x000007fefdbc0000 - 0x000007fefdc9b000 	C:\windows\system32\ADVAPI32.dll
0x000007fefde80000 - 0x000007fefdf1f000 	C:\windows\system32\msvcrt.dll
0x000007feff4b0000 - 0x000007feff4cf000 	C:\windows\SYSTEM32\sechost.dll
0x000007fefdcd0000 - 0x000007fefddfd000 	C:\windows\system32\RPCRT4.dll
0x0000000076c10000 - 0x0000000076d0a000 	C:\windows\system32\USER32.dll
0x000007fefe1d0000 - 0x000007fefe237000 	C:\windows\system32\GDI32.dll
0x000007fefe460000 - 0x000007fefe46e000 	C:\windows\system32\LPK.dll
0x000007fefe100000 - 0x000007fefe1c9000 	C:\windows\system32\USP10.dll
0x000007fefd2a0000 - 0x000007fefd494000 	C:\windows\WinSxS\amd64_microsoft.windows.common-controls_6595b64144ccf1df_6.0.7601.17514_none_fa396087175ac9ac\COMCTL32.dll
0x000007fefde00000 - 0x000007fefde71000 	C:\windows\system32\SHLWAPI.dll
0x000007fefdca0000 - 0x000007fefdcce000 	C:\windows\system32\IMM32.DLL
0x000007fefe350000 - 0x000007fefe459000 	C:\windows\system32\MSCTF.dll
0x0000000063e10000 - 0x0000000063ee2000 	C:\Program Files\Java\jdk1.8.0_45\jre\bin\msvcr100.dll
0x000000005f5d0000 - 0x000000005fe53000 	C:\Program Files\Java\jdk1.8.0_45\jre\bin\server\jvm.dll
0x000007fef7a50000 - 0x000007fef7a59000 	C:\windows\system32\WSOCK32.dll
0x000007feff5b0000 - 0x000007feff5fd000 	C:\windows\system32\WS2_32.dll
0x000007fefe340000 - 0x000007fefe348000 	C:\windows\system32\NSI.dll
0x000007fefb410000 - 0x000007fefb44b000 	C:\windows\system32\WINMM.dll
0x000007fefc580000 - 0x000007fefc58c000 	C:\windows\system32\VERSION.dll
0x00000000774c0000 - 0x00000000774c7000 	C:\windows\system32\PSAPI.DLL
0x0000000069950000 - 0x000000006995f000 	C:\Program Files\Java\jdk1.8.0_45\jre\bin\verify.dll
0x00000000686f0000 - 0x0000000068719000 	C:\Program Files\Java\jdk1.8.0_45\jre\bin\java.dll
0x0000000068b80000 - 0x0000000068b96000 	C:\Program Files\Java\jdk1.8.0_45\jre\bin\zip.dll
0x000007fefe700000 - 0x000007feff488000 	C:\windows\system32\SHELL32.dll
0x000007fefe470000 - 0x000007fefe673000 	C:\windows\system32\ole32.dll
0x000007fefd750000 - 0x000007fefd75f000 	C:\windows\system32\profapi.dll
0x000007fef7a40000 - 0x000007fef7a50000 	C:\Program Files (x86)\JetBrains\IntelliJ IDEA 12.1.7\bin\breakgen64.dll
0x00000000686d0000 - 0x00000000686ea000 	C:\Program Files\Java\jdk1.8.0_45\jre\bin\net.dll
0x000007fefcca0000 - 0x000007fefccf5000 	C:\windows\system32\mswsock.dll
0x000007fefcc90000 - 0x000007fefcc97000 	C:\windows\System32\wship6.dll
0x00000000686b0000 - 0x00000000686c1000 	C:\Program Files\Java\jdk1.8.0_45\jre\bin\nio.dll
0x000007fefd620000 - 0x000007fefd677000 	C:\windows\system32\apphelp.dll
0x000007fef2830000 - 0x000007fef2955000 	C:\windows\system32\dbghelp.dll

VM Arguments:
jvm_args: -Dmaven.home=F:\apache-maven-3.2.3 -Dclassworlds.conf=F:\apache-maven-3.2.3\bin\m2.conf -Didea.launcher.port=7537 -Didea.launcher.bin.path=C:\Program Files (x86)\JetBrains\IntelliJ IDEA 12.1.7\bin -Dfile.encoding=UTF-8 
java_command: com.intellij.rt.execution.application.AppMain org.codehaus.classworlds.Launcher --fail-fast --strict-checksums deploy
java_class_path (initial): F:\apache-maven-3.2.3\boot\plexus-classworlds-2.5.1.jar;C:\Program Files (x86)\JetBrains\IntelliJ IDEA 12.1.7\lib\idea_rt.jar
Launcher Type: SUN_STANDARD

Environment Variables:
JAVA_HOME=C:\Program Files\Java\jdk1.8.0_45
CLASSPATH=C:\Program Files\Java\jdk1.8.0_45\lib\dt.jar;C:\Program Files\Java\jdk1.8.0_45\lib\tools.jar;
PATH=C:\Program Files (x86)\JetBrains\IntelliJ IDEA 12.1.7\bin\..\.\bin;C:\ProgramData\Oracle\Java\javapath;C:\Program Files (x86)\Common Files\NetSarang;C:\windows\system32;C:\windows;C:\windows\System32\Wbem;C:\windows\System32\WindowsPowerShell\v1.0\;C:\Program Files\Java\jdk1.8.0_45\bin;C:\Program Files\Java\jdk1.8.0_45\jre\bin;C:\Program Files\TortoiseSVN\bin;C:\cygwin\bin;C:\cygwin\bin;;c:\program files (x86)\jetbrains\intellij idea 12.1.7\jre\jre\bin
USERNAME=Administrator
OS=Windows_NT
PROCESSOR_IDENTIFIER=Intel64 Family 6 Model 58 Stepping 9, GenuineIntel



---------------  S Y S T E M  ---------------

OS: Windows 7 , 64 bit Build 7601 (6.1.7601.17965)

CPU:total 2 (2 cores per cpu, 1 threads per core) family 6 model 58 stepping 9, cmov, cx8, fxsr, mmx, sse, sse2, sse3, ssse3, sse4.1, sse4.2, popcnt, clmul, erms, tsc, tscinvbit, tscinv

Memory: 4k page, physical 8333864k(5002504k free), swap 25109228k(20859828k free)

vm_info: Java HotSpot(TM) 64-Bit Server VM (25.45-b02) for windows-amd64 JRE (1.8.0_45-b14), built on Apr 10 2015 10:34:15 by "java_re" with MS VC++ 10.0 (VS2010)

time: Tue Jan 26 10:35:29 2016
elapsed time: 9 seconds (0d 0h 0m 9s)

