#
# A fatal error has been detected by the Java Runtime Environment:
#
#  EXCEPTION_ACCESS_VIOLATION (0xc0000005) at pc=0x0000000002ed67f0, pid=1096, tid=2668
#
# JRE version: Java(TM) SE Runtime Environment (8.0_45-b14) (build 1.8.0_45-b14)
# Java VM: Java HotSpot(TM) 64-Bit Server VM (25.45-b02 mixed mode windows-amd64 compressed oops)
# Problematic frame:
# J 2744 C2 java.util.HashSet.add(Ljava/lang/Object;)Z (20 bytes) @ 0x0000000002ed67f0 [0x0000000002ed67a0+0x50]
#
# Failed to write core dump. Minidumps are not enabled by default on client versions of Windows
#
# If you would like to submit a bug report, please visit:
#   http://bugreport.java.com/bugreport/crash.jsp
#

---------------  T H R E A D  ---------------

Current thread (0x000000000259e800):  JavaThread "main" [_thread_in_Java, id=2668, stack(0x00000000025b0000,0x00000000026b0000)]

siginfo: ExceptionCode=0xc0000005, reading address 0x000000001f722d48

Registers:
RAX=0x0000000016895650, RBX=0x0000000056880648, RCX=0x000000008134c180, RDX=0x000000008134c170
RSP=0x00000000026ac110, RBP=0x00000000026ac390, RSI=0x000000008134c158, RDI=0x00000000168bae50
R8 =0x000000001f722d40, R9 =0x000000008134c180, R10=0x000000001689de88, R11=0x000000001f722d40
R12=0x0000000000000000, R13=0x00000000026ac2a0, R14=0x000000001f722d40, R15=0x000000000259e800
RIP=0x0000000002ed67f0, EFLAGS=0x0000000000010202

Top of Stack: (sp=0x00000000026ac110)
0x00000000026ac110:   000000000259e800 0000000056df6508
0x00000000026ac120:   000000000259e800 0000000056e9f3b0
0x00000000026ac130:   000000005af49e58 00000000168b4a68
0x00000000026ac140:   0000000056a298a8 000000000259e800
0x00000000026ac150:   0000000056a298a8 000000000259e800
0x00000000026ac160:   00000000026ac390 0000000002846684
0x00000000026ac170:   0000000001bc6940 000000005e4fbb37
0x00000000026ac180:   0000000000000000 0000000001bc4c40
0x00000000026ac190:   000000008134c158 0000000000000021
0x00000000026ac1a0:   000000008134c158 000000005e4fc940
0x00000000026ac1b0:   00000000026ac390 000000000283b0f4
0x00000000026ac1c0:   0000000000000000 00000000026ac530
0x00000000026ac1d0:   0000000059954601 000000005aca9800
0x00000000026ac1e0:   000000000259e800 000000005e6745b4
0x00000000026ac1f0:   00000000026ac320 000000005af49e38
0x00000000026ac200:   0000000001bc4c40 000000005aca9748 

Instructions: (pc=0x0000000002ed67f0)
0x0000000002ed67d0:   06 88 56 00 00 00 00 41 81 fa 88 de 89 16 0f 85
0x0000000002ed67e0:   8a 02 00 00 4c 8b c9 4d 85 c0 0f 84 35 09 00 00
0x0000000002ed67f0:   45 8b 40 08 49 ba 00 00 00 00 00 00 00 00 4d 03
0x0000000002ed6800:   d0 4d 8b 92 d0 01 00 00 4c 3b d3 0f 85 38 09 00 


Register to memory mapping:

RAX=0x0000000016895650 is pointing into metadata
RBX={method} {0x0000000056880650} 'hashCode' '()I' in 'java/lang/Object'
RCX=0x000000008134c180 is an oop
java.util.HashMap 
 - klass: 'java/util/HashMap'
RDX=0x000000008134c170 is an oop
java.util.HashSet 
 - klass: 'java/util/HashSet'
RSP=0x00000000026ac110 is pointing into the stack for thread: 0x000000000259e800
RBP=0x00000000026ac390 is pointing into the stack for thread: 0x000000000259e800
RSI=0x000000008134c158 is an oop
java.util.Collections$SynchronizedSet 
 - klass: 'java/util/Collections$SynchronizedSet'
RDI=0x00000000168bae50 is pointing into metadata
R8 =0x000000001f722d40 is an unknown value
R9 =0x000000008134c180 is an oop
java.util.HashMap 
 - klass: 'java/util/HashMap'
R10=0x000000001689de88 is pointing into metadata
R11=0x000000001f722d40 is an unknown value
R12=0x0000000000000000 is an unknown value
R13=0x00000000026ac2a0 is pointing into the stack for thread: 0x000000000259e800
R14=0x000000001f722d40 is an unknown value
R15=0x000000000259e800 is a thread


Stack: [0x00000000025b0000,0x00000000026b0000],  sp=0x00000000026ac110,  free space=1008k
Native frames: (J=compiled Java code, j=interpreted, Vv=VM code, C=native code)
C  0x0000000002ed67f0


---------------  P R O C E S S  ---------------

Java Threads: ( => current thread )
  0x00000000585fe000 JavaThread "Monitor Ctrl-Break" daemon [_thread_in_native, id=1684, stack(0x0000000058e50000,0x0000000058f50000)]
  0x0000000058578800 JavaThread "Service Thread" daemon [_thread_blocked, id=4100, stack(0x0000000058a90000,0x0000000058b90000)]
  0x000000005723c800 JavaThread "C1 CompilerThread1" daemon [_thread_blocked, id=3124, stack(0x0000000058450000,0x0000000058550000)]
  0x000000005722d000 JavaThread "C2 CompilerThread0" daemon [_thread_in_native, id=3904, stack(0x0000000058280000,0x0000000058380000)]
  0x000000005722c000 JavaThread "Attach Listener" daemon [_thread_blocked, id=2628, stack(0x0000000058030000,0x0000000058130000)]
  0x0000000057214800 JavaThread "Signal Dispatcher" daemon [_thread_blocked, id=3288, stack(0x0000000057bd0000,0x0000000057cd0000)]
  0x00000000571bf800 JavaThread "Finalizer" daemon [_thread_blocked, id=4944, stack(0x0000000057ea0000,0x0000000057fa0000)]
  0x00000000571b6000 JavaThread "Reference Handler" daemon [_thread_blocked, id=1928, stack(0x0000000057d70000,0x0000000057e70000)]
=>0x000000000259e800 JavaThread "main" [_thread_in_Java, id=2668, stack(0x00000000025b0000,0x00000000026b0000)]

Other Threads:
  0x00000000571b0000 VMThread [stack: 0x0000000057ac0000,0x0000000057bc0000] [id=4428]
  0x000000005857f800 WatcherThread [stack: 0x0000000058150000,0x0000000058250000] [id=4900]

VM state:not at safepoint (normal execution)

VM Mutex/Monitor currently owned by a thread: None

Heap:
 PSYoungGen      total 142848K, used 80157K [0x00000000d5980000, 0x00000000dee80000, 0x0000000100000000)
  eden space 133120K, 53% used [0x00000000d5980000,0x00000000d9f847b8,0x00000000ddb80000)
  from space 9728K, 86% used [0x00000000de500000,0x00000000ded43030,0x00000000dee80000)
  to   space 9728K, 0% used [0x00000000ddb80000,0x00000000ddb80000,0x00000000de500000)
 ParOldGen       total 87552K, used 10021K [0x0000000080c00000, 0x0000000086180000, 0x00000000d5980000)
  object space 87552K, 11% used [0x0000000080c00000,0x00000000815c9790,0x0000000086180000)
 Metaspace       used 17814K, capacity 18452K, committed 18816K, reserved 1064960K
  class space    used 2115K, capacity 2315K, committed 2432K, reserved 1048576K

Card table byte_map: [0x0000000011a70000,0x0000000011e70000] byte_map_base: 0x000000001166a000

Marking Bits: (ParMarkBitMap*) 0x000000005ec44040
 Begin Bits: [0x00000000124e0000, 0x00000000144b0000)
 End Bits:   [0x00000000144b0000, 0x0000000016480000)

Polling page: 0x0000000001c60000

CodeCache: size=245760Kb used=10351Kb max_used=10366Kb free=235408Kb
 bounds [0x00000000026b0000, 0x00000000030e0000, 0x00000000116b0000]
 total_blobs=3777 nmethods=3438 adapters=252
 compilation: enabled

Compilation events (10 events):
Event: 3.775 Thread 0x000000005723c800 3453       3       java.util.concurrent.atomic.AtomicReference::set (6 bytes)
Event: 3.775 Thread 0x000000005723c800 nmethod 3453 0x00000000030cb9d0 code [0x00000000030cbb20, 0x00000000030cbc90]
Event: 3.775 Thread 0x000000005723c800 3454       3       com.google.inject.internal.EncounterImpl::getProvider (9 bytes)
Event: 3.776 Thread 0x000000005723c800 nmethod 3454 0x00000000030c3150 code [0x00000000030c3360, 0x00000000030c3d48]
Event: 3.776 Thread 0x000000005722d000 nmethod 3314 0x00000000030cbd10 code [0x00000000030cc1e0, 0x00000000030cf898]
Event: 3.776 Thread 0x000000005722d000 3427       4       java.util.HashMap::getNode (148 bytes)
Event: 3.777 Thread 0x000000005723c800 3456       1       java.util.concurrent.CopyOnWriteArrayList::getArray (5 bytes)
Event: 3.777 Thread 0x000000005723c800 nmethod 3456 0x00000000030b4fd0 code [0x00000000030b5120, 0x00000000030b5230]
Event: 3.779 Thread 0x000000005722d000 nmethod 3427 0x00000000030c6cd0 code [0x00000000030c6e20, 0x00000000030c7018]
Event: 3.779 Thread 0x000000005722d000 3420       4       java.util.HashMap::get (23 bytes)

GC Heap History (10 events):
Event: 1.197 GC heap before
{Heap before GC invocations=2 (full 0):
 PSYoungGen      total 38400K, used 38093K [0x00000000d5980000, 0x00000000d8400000, 0x0000000100000000)
  eden space 33280K, 100% used [0x00000000d5980000,0x00000000d7a00000,0x00000000d7a00000)
  from space 5120K, 94% used [0x00000000d7a00000,0x00000000d7eb3560,0x00000000d7f00000)
  to   space 5120K, 0% used [0x00000000d7f00000,0x00000000d7f00000,0x00000000d8400000)
 ParOldGen       total 87552K, used 8K [0x0000000080c00000, 0x0000000086180000, 0x00000000d5980000)
  object space 87552K, 0% used [0x0000000080c00000,0x0000000080c02000,0x0000000086180000)
 Metaspace       used 12850K, capacity 13082K, committed 13312K, reserved 1060864K
  class space    used 1586K, capacity 1673K, committed 1792K, reserved 1048576K
Event: 1.234 GC heap after
Heap after GC invocations=2 (full 0):
 PSYoungGen      total 38400K, used 5114K [0x00000000d5980000, 0x00000000da480000, 0x0000000100000000)
  eden space 33280K, 0% used [0x00000000d5980000,0x00000000d5980000,0x00000000d7a00000)
  from space 5120K, 99% used [0x00000000d7f00000,0x00000000d83fe830,0x00000000d8400000)
  to   space 5120K, 0% used [0x00000000d7a00000,0x00000000d7a00000,0x00000000d7f00000)
 ParOldGen       total 87552K, used 2866K [0x0000000080c00000, 0x0000000086180000, 0x00000000d5980000)
  object space 87552K, 3% used [0x0000000080c00000,0x0000000080ecc960,0x0000000086180000)
 Metaspace       used 12850K, capacity 13082K, committed 13312K, reserved 1060864K
  class space    used 1586K, capacity 1673K, committed 1792K, reserved 1048576K
}
Event: 1.693 GC heap before
{Heap before GC invocations=3 (full 0):
 PSYoungGen      total 38400K, used 38394K [0x00000000d5980000, 0x00000000da480000, 0x0000000100000000)
  eden space 33280K, 100% used [0x00000000d5980000,0x00000000d7a00000,0x00000000d7a00000)
  from space 5120K, 99% used [0x00000000d7f00000,0x00000000d83fe830,0x00000000d8400000)
  to   space 5120K, 0% used [0x00000000d7a00000,0x00000000d7a00000,0x00000000d7f00000)
 ParOldGen       total 87552K, used 2866K [0x0000000080c00000, 0x0000000086180000, 0x00000000d5980000)
  object space 87552K, 3% used [0x0000000080c00000,0x0000000080ecc960,0x0000000086180000)
 Metaspace       used 14063K, capacity 14296K, committed 14592K, reserved 1062912K
  class space    used 1699K, capacity 1774K, committed 1792K, reserved 1048576K
Event: 1.705 GC heap after
Heap after GC invocations=3 (full 0):
 PSYoungGen      total 38400K, used 5096K [0x00000000d5980000, 0x00000000da480000, 0x0000000100000000)
  eden space 33280K, 0% used [0x00000000d5980000,0x00000000d5980000,0x00000000d7a00000)
  from space 5120K, 99% used [0x00000000d7a00000,0x00000000d7efa020,0x00000000d7f00000)
  to   space 5120K, 0% used [0x00000000d9f80000,0x00000000d9f80000,0x00000000da480000)
 ParOldGen       total 87552K, used 4937K [0x0000000080c00000, 0x0000000086180000, 0x00000000d5980000)
  object space 87552K, 5% used [0x0000000080c00000,0x00000000810d2780,0x0000000086180000)
 Metaspace       used 14063K, capacity 14296K, committed 14592K, reserved 1062912K
  class space    used 1699K, capacity 1774K, committed 1792K, reserved 1048576K
}
Event: 2.071 GC heap before
{Heap before GC invocations=4 (full 0):
 PSYoungGen      total 38400K, used 38376K [0x00000000d5980000, 0x00000000da480000, 0x0000000100000000)
  eden space 33280K, 100% used [0x00000000d5980000,0x00000000d7a00000,0x00000000d7a00000)
  from space 5120K, 99% used [0x00000000d7a00000,0x00000000d7efa020,0x00000000d7f00000)
  to   space 5120K, 0% used [0x00000000d9f80000,0x00000000d9f80000,0x00000000da480000)
 ParOldGen       total 87552K, used 4937K [0x0000000080c00000, 0x0000000086180000, 0x00000000d5980000)
  object space 87552K, 5% used [0x0000000080c00000,0x00000000810d2780,0x0000000086180000)
 Metaspace       used 14379K, capacity 14658K, committed 14848K, reserved 1062912K
  class space    used 1705K, capacity 1781K, committed 1792K, reserved 1048576K
Event: 2.089 GC heap after
Heap after GC invocations=4 (full 0):
 PSYoungGen      total 71680K, used 5112K [0x00000000d5980000, 0x00000000da480000, 0x0000000100000000)
  eden space 66560K, 0% used [0x00000000d5980000,0x00000000d5980000,0x00000000d9a80000)
  from space 5120K, 99% used [0x00000000d9f80000,0x00000000da47e050,0x00000000da480000)
  to   space 5120K, 0% used [0x00000000d9a80000,0x00000000d9a80000,0x00000000d9f80000)
 ParOldGen       total 87552K, used 6545K [0x0000000080c00000, 0x0000000086180000, 0x00000000d5980000)
  object space 87552K, 7% used [0x0000000080c00000,0x0000000081264780,0x0000000086180000)
 Metaspace       used 14379K, capacity 14658K, committed 14848K, reserved 1062912K
  class space    used 1705K, capacity 1781K, committed 1792K, reserved 1048576K
}
Event: 2.501 GC heap before
{Heap before GC invocations=5 (full 0):
 PSYoungGen      total 71680K, used 71672K [0x00000000d5980000, 0x00000000da480000, 0x0000000100000000)
  eden space 66560K, 100% used [0x00000000d5980000,0x00000000d9a80000,0x00000000d9a80000)
  from space 5120K, 99% used [0x00000000d9f80000,0x00000000da47e050,0x00000000da480000)
  to   space 5120K, 0% used [0x00000000d9a80000,0x00000000d9a80000,0x00000000d9f80000)
 ParOldGen       total 87552K, used 6545K [0x0000000080c00000, 0x0000000086180000, 0x00000000d5980000)
  object space 87552K, 7% used [0x0000000080c00000,0x0000000081264780,0x0000000086180000)
 Metaspace       used 14703K, capacity 14926K, committed 15104K, reserved 1062912K
  class space    used 1706K, capacity 1783K, committed 1792K, reserved 1048576K
Event: 2.528 GC heap after
Heap after GC invocations=5 (full 0):
 PSYoungGen      total 71680K, used 5112K [0x00000000d5980000, 0x00000000dee80000, 0x0000000100000000)
  eden space 66560K, 0% used [0x00000000d5980000,0x00000000d5980000,0x00000000d9a80000)
  from space 5120K, 99% used [0x00000000d9a80000,0x00000000d9f7e050,0x00000000d9f80000)
  to   space 9728K, 0% used [0x00000000de500000,0x00000000de500000,0x00000000dee80000)
 ParOldGen       total 87552K, used 10021K [0x0000000080c00000, 0x0000000086180000, 0x00000000d5980000)
  object space 87552K, 11% used [0x0000000080c00000,0x00000000815c9790,0x0000000086180000)
 Metaspace       used 14703K, capacity 14926K, committed 15104K, reserved 1062912K
  class space    used 1706K, capacity 1783K, committed 1792K, reserved 1048576K
}
Event: 3.007 GC heap before
{Heap before GC invocations=6 (full 0):
 PSYoungGen      total 71680K, used 71672K [0x00000000d5980000, 0x00000000dee80000, 0x0000000100000000)
  eden space 66560K, 100% used [0x00000000d5980000,0x00000000d9a80000,0x00000000d9a80000)
  from space 5120K, 99% used [0x00000000d9a80000,0x00000000d9f7e050,0x00000000d9f80000)
  to   space 9728K, 0% used [0x00000000de500000,0x00000000de500000,0x00000000dee80000)
 ParOldGen       total 87552K, used 10021K [0x0000000080c00000, 0x0000000086180000, 0x00000000d5980000)
  object space 87552K, 11% used [0x0000000080c00000,0x00000000815c9790,0x0000000086180000)
 Metaspace       used 15483K, capacity 15852K, committed 16000K, reserved 1062912K
  class space    used 1792K, capacity 1920K, committed 1920K, reserved 1048576K
Event: 3.024 GC heap after
Heap after GC invocations=6 (full 0):
 PSYoungGen      total 142848K, used 8460K [0x00000000d5980000, 0x00000000dee80000, 0x0000000100000000)
  eden space 133120K, 0% used [0x00000000d5980000,0x00000000d5980000,0x00000000ddb80000)
  from space 9728K, 86% used [0x00000000de500000,0x00000000ded43030,0x00000000dee80000)
  to   space 9728K, 0% used [0x00000000ddb80000,0x00000000ddb80000,0x00000000de500000)
 ParOldGen       total 87552K, used 10021K [0x0000000080c00000, 0x0000000086180000, 0x00000000d5980000)
  object space 87552K, 11% used [0x0000000080c00000,0x00000000815c9790,0x0000000086180000)
 Metaspace       used 15483K, capacity 15852K, committed 16000K, reserved 1062912K
  class space    used 1792K, capacity 1920K, committed 1920K, reserved 1048576K
}

Deoptimization events (10 events):
Event: 2.752 Thread 0x000000000259e800 Uncommon trap: reason=bimorphic action=maybe_recompile pc=0x0000000002d5b914 method=java.util.regex.Pattern$Curly.match(Ljava/util/regex/Matcher;ILjava/lang/CharSequence;)Z @ 19
Event: 2.752 Thread 0x000000000259e800 Uncommon trap: reason=bimorphic action=maybe_recompile pc=0x0000000002eac598 method=java.util.regex.Pattern$Curly.match0(Ljava/util/regex/Matcher;IILjava/lang/CharSequence;)Z @ 170
Event: 2.753 Thread 0x000000000259e800 Uncommon trap: reason=bimorphic action=maybe_recompile pc=0x0000000002d5b914 method=java.util.regex.Pattern$Curly.match(Ljava/util/regex/Matcher;ILjava/lang/CharSequence;)Z @ 19
Event: 2.759 Thread 0x000000000259e800 Uncommon trap: reason=bimorphic action=maybe_recompile pc=0x0000000002d5b914 method=java.util.regex.Pattern$Curly.match(Ljava/util/regex/Matcher;ILjava/lang/CharSequence;)Z @ 19
Event: 2.759 Thread 0x000000000259e800 Uncommon trap: reason=bimorphic action=maybe_recompile pc=0x0000000002eac598 method=java.util.regex.Pattern$Curly.match0(Ljava/util/regex/Matcher;IILjava/lang/CharSequence;)Z @ 170
Event: 2.915 Thread 0x000000000259e800 Uncommon trap: reason=bimorphic action=maybe_recompile pc=0x0000000002eac598 method=java.util.regex.Pattern$Curly.match0(Ljava/util/regex/Matcher;IILjava/lang/CharSequence;)Z @ 170
Event: 2.920 Thread 0x000000000259e800 Uncommon trap: reason=unstable_if action=reinterpret pc=0x0000000002f52fe8 method=org.eclipse.sisu.inject.RankedBindings$Itr.hasNext()Z @ 85
Event: 2.942 Thread 0x000000000259e800 Uncommon trap: reason=unstable_if action=reinterpret pc=0x0000000002ea9c14 method=java.util.ArrayList.remove(Ljava/lang/Object;)Z @ 46
Event: 3.140 Thread 0x000000000259e800 Uncommon trap: reason=bimorphic action=maybe_recompile pc=0x0000000002eac598 method=java.util.regex.Pattern$Curly.match0(Ljava/util/regex/Matcher;IILjava/lang/CharSequence;)Z @ 170
Event: 3.197 Thread 0x000000000259e800 Uncommon trap: reason=unstable_if action=reinterpret pc=0x0000000002a026e0 method=java.util.concurrent.ConcurrentHashMap.putVal(Ljava/lang/Object;Ljava/lang/Object;Z)Ljava/lang/Object; @ 206

Internal exceptions (10 events):
Event: 0.371 Thread 0x000000000259e800 Exception <a 'java/lang/ArrayIndexOutOfBoundsException': 92> (0x00000000d66f4ca0) thrown at [C:\re\workspace\8-2-build-windows-amd64-cygwin\jdk8u45\3457\hotspot\src\share\vm\interpreter\interpreterRuntime.cpp, line 366]
Event: 0.410 Thread 0x000000000259e800 Exception <a 'java/lang/ArrayIndexOutOfBoundsException'> (0x00000000d68ef440) thrown at [C:\re\workspace\8-2-build-windows-amd64-cygwin\jdk8u45\3457\hotspot\src\share\vm\runtime\sharedRuntime.cpp, line 605]
Event: 0.420 Thread 0x000000000259e800 Exception <a 'java/lang/ArrayIndexOutOfBoundsException'> (0x00000000d693d628) thrown at [C:\re\workspace\8-2-build-windows-amd64-cygwin\jdk8u45\3457\hotspot\src\share\vm\runtime\sharedRuntime.cpp, line 605]
Event: 0.581 Thread 0x000000000259e800 Exception <a 'java/lang/ArrayIndexOutOfBoundsException'> (0x00000000d77595d0) thrown at [C:\re\workspace\8-2-build-windows-amd64-cygwin\jdk8u45\3457\hotspot\src\share\vm\runtime\sharedRuntime.cpp, line 605]
Event: 0.581 Thread 0x000000000259e800 Exception <a 'java/lang/ArrayIndexOutOfBoundsException'> (0x00000000d775aec8) thrown at [C:\re\workspace\8-2-build-windows-amd64-cygwin\jdk8u45\3457\hotspot\src\share\vm\runtime\sharedRuntime.cpp, line 605]
Event: 0.614 Thread 0x000000000259e800 Exception <a 'java/lang/ArrayIndexOutOfBoundsException'> (0x00000000d789f3b0) thrown at [C:\re\workspace\8-2-build-windows-amd64-cygwin\jdk8u45\3457\hotspot\src\share\vm\runtime\sharedRuntime.cpp, line 605]
Event: 0.623 Thread 0x000000000259e800 Exception <a 'java/lang/ArrayIndexOutOfBoundsException'> (0x00000000d793d6b0) thrown at [C:\re\workspace\8-2-build-windows-amd64-cygwin\jdk8u45\3457\hotspot\src\share\vm\runtime\sharedRuntime.cpp, line 605]
Event: 0.623 Thread 0x000000000259e800 Exception <a 'java/lang/ArrayIndexOutOfBoundsException'> (0x00000000d793e408) thrown at [C:\re\workspace\8-2-build-windows-amd64-cygwin\jdk8u45\3457\hotspot\src\share\vm\runtime\sharedRuntime.cpp, line 605]
Event: 1.355 Thread 0x000000000259e800 Implicit null exception at 0x0000000002a475c5 to 0x0000000002a47791
Event: 1.545 Thread 0x000000000259e800 Implicit null exception at 0x0000000002c581cf to 0x0000000002c594c9

Events (10 events):
Event: 3.760 loading class org/apache/maven/plugin/assembly/archive/phase/DependencySetAssemblyPhase
Event: 3.760 loading class org/apache/maven/plugin/assembly/archive/phase/DependencySetAssemblyPhase done
Event: 3.778 loading class org/apache/maven/archiver/ManifestConfiguration
Event: 3.778 loading class org/apache/maven/archiver/ManifestConfiguration done
Event: 3.778 loading class org/apache/maven/archiver/ManifestConfiguration
Event: 3.778 loading class org/apache/maven/archiver/ManifestConfiguration done
Event: 3.779 loading class org/apache/maven/archiver/ManifestSection
Event: 3.779 loading class org/apache/maven/archiver/ManifestSection done
Event: 3.779 loading class org/apache/maven/archiver/ManifestSection
Event: 3.779 loading class org/apache/maven/archiver/ManifestSection done


Dynamic libraries:
0x000000013f020000 - 0x000000013f057000 	C:\Program Files\Java\jdk1.8.0_45\bin\java.exe
0x0000000077820000 - 0x00000000779c9000 	C:\windows\SYSTEM32\ntdll.dll
0x00000000775a0000 - 0x00000000776bf000 	C:\windows\system32\kernel32.dll
0x000007fefdd30000 - 0x000007fefdd9c000 	C:\windows\system32\KERNELBASE.dll
0x000007fefe5d0000 - 0x000007fefe6ab000 	C:\windows\system32\ADVAPI32.dll
0x000007fefe430000 - 0x000007fefe4cf000 	C:\windows\system32\msvcrt.dll
0x000007fefe050000 - 0x000007fefe06f000 	C:\windows\SYSTEM32\sechost.dll
0x000007feff620000 - 0x000007feff74d000 	C:\windows\system32\RPCRT4.dll
0x0000000077140000 - 0x000000007723a000 	C:\windows\system32\USER32.dll
0x000007feff5b0000 - 0x000007feff617000 	C:\windows\system32\GDI32.dll
0x000007feff5a0000 - 0x000007feff5ae000 	C:\windows\system32\LPK.dll
0x000007feff970000 - 0x000007feffa39000 	C:\windows\system32\USP10.dll
0x000007fefc8a0000 - 0x000007fefca94000 	C:\windows\WinSxS\amd64_microsoft.windows.common-controls_6595b64144ccf1df_6.0.7601.17514_none_fa396087175ac9ac\COMCTL32.dll
0x000007fefe4d0000 - 0x000007fefe541000 	C:\windows\system32\SHLWAPI.dll
0x000007feffa40000 - 0x000007feffa6e000 	C:\windows\system32\IMM32.DLL
0x000007fefe6b0000 - 0x000007fefe7b9000 	C:\windows\system32\MSCTF.dll
0x0000000063660000 - 0x0000000063732000 	C:\Program Files\Java\jdk1.8.0_45\jre\bin\msvcr100.dll
0x000000005e440000 - 0x000000005ecc3000 	C:\Program Files\Java\jdk1.8.0_45\jre\bin\server\jvm.dll
0x000007fef96c0000 - 0x000007fef96c9000 	C:\windows\system32\WSOCK32.dll
0x000007fefe7c0000 - 0x000007fefe80d000 	C:\windows\system32\WS2_32.dll
0x000007feff960000 - 0x000007feff968000 	C:\windows\system32\NSI.dll
0x000007fefba30000 - 0x000007fefba6b000 	C:\windows\system32\WINMM.dll
0x000007fefcdc0000 - 0x000007fefcdcc000 	C:\windows\system32\VERSION.dll
0x00000000779f0000 - 0x00000000779f7000 	C:\windows\system32\PSAPI.DLL
0x000000006c8d0000 - 0x000000006c8df000 	C:\Program Files\Java\jdk1.8.0_45\jre\bin\verify.dll
0x0000000067060000 - 0x0000000067089000 	C:\Program Files\Java\jdk1.8.0_45\jre\bin\java.dll
0x0000000068950000 - 0x0000000068966000 	C:\Program Files\Java\jdk1.8.0_45\jre\bin\zip.dll
0x000007fefe810000 - 0x000007feff598000 	C:\windows\system32\SHELL32.dll
0x000007feff750000 - 0x000007feff953000 	C:\windows\system32\ole32.dll
0x000007fefdc80000 - 0x000007fefdc8f000 	C:\windows\system32\profapi.dll
0x000007fef95c0000 - 0x000007fef95d0000 	C:\Program Files (x86)\JetBrains\IntelliJ IDEA 12.1.7\bin\breakgen64.dll
0x0000000066f20000 - 0x0000000066f3a000 	C:\Program Files\Java\jdk1.8.0_45\jre\bin\net.dll
0x000007fefd4b0000 - 0x000007fefd505000 	C:\windows\system32\mswsock.dll
0x000007fefd4a0000 - 0x000007fefd4a7000 	C:\windows\System32\wship6.dll
0x0000000066f00000 - 0x0000000066f11000 	C:\Program Files\Java\jdk1.8.0_45\jre\bin\nio.dll
0x000007fef3080000 - 0x000007fef31a5000 	C:\windows\system32\dbghelp.dll

VM Arguments:
jvm_args: -Dmaven.home=F:\apache-maven-3.2.3 -Dclassworlds.conf=F:\apache-maven-3.2.3\bin\m2.conf -Didea.launcher.port=7536 -Didea.launcher.bin.path=C:\Program Files (x86)\JetBrains\IntelliJ IDEA 12.1.7\bin -Dfile.encoding=UTF-8 
java_command: com.intellij.rt.execution.application.AppMain org.codehaus.classworlds.Launcher --fail-fast --strict-checksums deploy
java_class_path (initial): F:\apache-maven-3.2.3\boot\plexus-classworlds-2.5.1.jar;C:\Program Files (x86)\JetBrains\IntelliJ IDEA 12.1.7\lib\idea_rt.jar
Launcher Type: SUN_STANDARD

Environment Variables:
JAVA_HOME=C:\Program Files\Java\jdk1.8.0_45
CLASSPATH=C:\Program Files\Java\jdk1.8.0_45\lib\dt.jar;C:\Program Files\Java\jdk1.8.0_45\lib\tools.jar;
PATH=C:\Program Files (x86)\JetBrains\IntelliJ IDEA 12.1.7\bin\..\.\bin;C:\ProgramData\Oracle\Java\javapath;C:\Program Files (x86)\Common Files\NetSarang;C:\windows\system32;C:\windows;C:\windows\System32\Wbem;C:\windows\System32\WindowsPowerShell\v1.0\;C:\Program Files\Java\jdk1.8.0_45\bin;C:\Program Files\Java\jdk1.8.0_45\jre\bin;C:\Program Files\TortoiseSVN\bin;C:\cygwin\bin;C:\cygwin\bin;;c:\program files (x86)\jetbrains\intellij idea 12.1.7\jre\jre\bin
USERNAME=Administrator
OS=Windows_NT
PROCESSOR_IDENTIFIER=Intel64 Family 6 Model 58 Stepping 9, GenuineIntel



---------------  S Y S T E M  ---------------

OS: Windows 7 , 64 bit Build 7601 (6.1.7601.17965)

CPU:total 2 (2 cores per cpu, 1 threads per core) family 6 model 58 stepping 9, cmov, cx8, fxsr, mmx, sse, sse2, sse3, ssse3, sse4.1, sse4.2, popcnt, clmul, erms, tsc, tscinvbit, tscinv

Memory: 4k page, physical 8333864k(5158852k free), swap 25109228k(20946656k free)

vm_info: Java HotSpot(TM) 64-Bit Server VM (25.45-b02) for windows-amd64 JRE (1.8.0_45-b14), built on Apr 10 2015 10:34:15 by "java_re" with MS VC++ 10.0 (VS2010)

time: Mon Jan 25 16:54:51 2016
elapsed time: 3 seconds (0d 0h 0m 3s)

