#
# A fatal error has been detected by the Java Runtime Environment:
#
#  EXCEPTION_ACCESS_VIOLATION (0xc0000005) at pc=0x000000006707243d, pid=3592, tid=4404
#
# JRE version: Java(TM) SE Runtime Environment (8.0_45-b14) (build 1.8.0_45-b14)
# Java VM: Java HotSpot(TM) 64-Bit Server VM (25.45-b02 mixed mode windows-amd64 compressed oops)
# Problematic frame:
# V  [jvm.dll+0x4b243d]
#
# Failed to write core dump. Minidumps are not enabled by default on client versions of Windows
#
# If you would like to submit a bug report, please visit:
#   http://bugreport.java.com/bugreport/crash.jsp
#

---------------  T H R E A D  ---------------

Current thread (0x000000005734a800):  JavaThread "C2 CompilerThread0" daemon [_thread_in_native, id=4404, stack(0x0000000058410000,0x0000000058510000)]

siginfo: ExceptionCode=0xc0000005, reading address 0x0000000080000008

Registers:
RAX=0x0000000059084f90, RBX=0x0000000080000000, RCX=0x000000005850bcd0, RDX=0x0000000000004000
RSP=0x000000005850b7c0, RBP=0x0000000000000000, RSI=0x0000000000000069, RDI=0x000000005850bcf0
R8 =0x0000000000000001, R9 =0x0000000000000000, R10=0x0000000059353c40, R11=0x0000000000000001
R12=0x000000005850b8e8, R13=0x000000005850b958, R14=0x000000005aa8b1b0, R15=0x0000000000000004
RIP=0x000000006707243d, EFLAGS=0x0000000000010206

Top of Stack: (sp=0x000000005850b7c0)
0x000000005850b7c0:   00000000572d32c0 0000000066c8c21a
0x000000005850b7d0:   000000005a2244b0 0000000000000080
0x000000005850b7e0:   000000005850b908 00000000670764fe
0x000000005850b7f0:   000000000000006a 000000005850bcd0
0x000000005850b800:   0000000000000080 00000000670a914a
0x000000005850b810:   0000000000000004 000000005850b958
0x000000005850b820:   000000005aa8b1b0 000000005850bcf0
0x000000005850b830:   000000005850bcd0 00000000670776c8
0x000000005850b840:   000000000000006a 0000000000000088
0x000000005850b850:   000000005850b908 000000005850b8e8
0x000000005850b860:   0000000058900300 00000000572d32c0
0x000000005850b870:   0000000000000000 0000000000000002
0x000000005850b880:   00000000573838e0 000000005a78aca0
0x000000005850b890:   00000000572d32c0 000000005850bcd0
0x000000005850b8a0:   000000005850b9b0 00000000670797b7
0x000000005850b8b0:   000000005850bcd0 000000005850b908 

Instructions: (pc=0x000000006707243d)
0x000000006707241d:   ec 20 8b 72 28 8b 51 28 48 8d 79 20 3b f2 73 0a
0x000000006707242d:   48 8b 47 10 48 8b 1c f0 eb 02 33 db 48 83 e3 fe
0x000000006707243d:   48 8b 43 08 48 83 38 00 75 34 8b 43 28 3b c2 73
0x000000006707244d:   0c 8b c8 48 8b 47 10 48 8b 1c c8 eb 02 33 db 48 


Register to memory mapping:

RAX=0x0000000059084f90 is an unknown value
RBX=0x0000000080000000 is an unknown value
RCX=0x000000005850bcd0 is pointing into the stack for thread: 0x000000005734a800
RDX=0x0000000000004000 is an unknown value
RSP=0x000000005850b7c0 is pointing into the stack for thread: 0x000000005734a800
RBP=0x0000000000000000 is an unknown value
RSI=0x0000000000000069 is an unknown value
RDI=0x000000005850bcf0 is pointing into the stack for thread: 0x000000005734a800
R8 =0x0000000000000001 is an unknown value
R9 =0x0000000000000000 is an unknown value
R10=0x0000000059353c40 is an unknown value
R11=0x0000000000000001 is an unknown value
R12=0x000000005850b8e8 is pointing into the stack for thread: 0x000000005734a800
R13=0x000000005850b958 is pointing into the stack for thread: 0x000000005734a800
R14=0x000000005aa8b1b0 is an unknown value
R15=0x0000000000000004 is an unknown value


Stack: [0x0000000058410000,0x0000000058510000],  sp=0x000000005850b7c0,  free space=1005k
Native frames: (J=compiled Java code, j=interpreted, Vv=VM code, C=native code)


Current CompileTask:
C2:  16968 5783       4       org.codehaus.plexus.components.io.resources.PlexusIoURLResource::getContents (8 bytes)


---------------  P R O C E S S  ---------------

Java Threads: ( => current thread )
  0x000000005aa69800 JavaThread "resolver-5" daemon [_thread_blocked, id=3136, stack(0x000000005ca80000,0x000000005cb80000)]
  0x000000005b473800 JavaThread "resolver-4" daemon [_thread_blocked, id=1676, stack(0x000000005c840000,0x000000005c940000)]
  0x0000000059fbf000 JavaThread "resolver-3" daemon [_thread_blocked, id=4444, stack(0x0000000058d50000,0x0000000058e50000)]
  0x0000000059fbe000 JavaThread "resolver-2" daemon [_thread_blocked, id=4240, stack(0x000000005c1a0000,0x000000005c2a0000)]
  0x0000000059fbd800 JavaThread "resolver-1" daemon [_thread_blocked, id=2152, stack(0x000000005c740000,0x000000005c840000)]
  0x000000005876b800 JavaThread "Monitor Ctrl-Break" daemon [_thread_in_native, id=4116, stack(0x0000000058eb0000,0x0000000058fb0000)]
  0x000000005739f000 JavaThread "Service Thread" daemon [_thread_blocked, id=1240, stack(0x00000000581c0000,0x00000000582c0000)]
  0x000000005735a000 JavaThread "C1 CompilerThread1" daemon [_thread_blocked, id=3284, stack(0x00000000585c0000,0x00000000586c0000)]
=>0x000000005734a800 JavaThread "C2 CompilerThread0" daemon [_thread_in_native, id=4404, stack(0x0000000058410000,0x0000000058510000)]
  0x0000000057349000 JavaThread "Attach Listener" daemon [_thread_blocked, id=1856, stack(0x00000000582e0000,0x00000000583e0000)]
  0x0000000057331800 JavaThread "Signal Dispatcher" daemon [_thread_blocked, id=3648, stack(0x00000000580b0000,0x00000000581b0000)]
  0x00000000572dc800 JavaThread "Finalizer" daemon [_thread_blocked, id=804, stack(0x0000000057b50000,0x0000000057c50000)]
  0x00000000572d2000 JavaThread "Reference Handler" daemon [_thread_blocked, id=3260, stack(0x0000000057ea0000,0x0000000057fa0000)]
  0x000000000245e800 JavaThread "main" [_thread_blocked, id=4208, stack(0x0000000002630000,0x0000000002730000)]

Other Threads:
  0x00000000572cc800 VMThread [stack: 0x0000000057c90000,0x0000000057d90000] [id=4224]
  0x0000000058712000 WatcherThread [stack: 0x0000000058ad0000,0x0000000058bd0000] [id=4760]

VM state:at safepoint (normal execution)

VM Mutex/Monitor currently owned by a thread:  ([mutex/lock_event])
[0x000000000245c3c0] Threads_lock - owner thread: 0x00000000572cc800
[0x000000000245c8c0] Heap_lock - owner thread: 0x000000000245e800

Heap:
 PSYoungGen      total 466432K, used 463616K [0x00000000d5980000, 0x00000000f4400000, 0x0000000100000000)
  eden space 450560K, 100% used [0x00000000d5980000,0x00000000f1180000,0x00000000f1180000)
  from space 15872K, 82% used [0x00000000f2200000,0x00000000f2ec0030,0x00000000f3180000)
  to   space 16896K, 99% used [0x00000000f1180000,0x00000000f21fb4b0,0x00000000f2200000)
 ParOldGen       total 92160K, used 42870K [0x0000000080c00000, 0x0000000086600000, 0x00000000d5980000)
  object space 92160K, 46% used [0x0000000080c00000,0x00000000835df908,0x0000000086600000)
 Metaspace       used 24812K, capacity 25496K, committed 25648K, reserved 1071104K
  class space    used 2866K, capacity 3035K, committed 3120K, reserved 1048576K

Card table byte_map: [0x0000000011af0000,0x0000000011ef0000] byte_map_base: 0x00000000116ea000

Marking Bits: (ParMarkBitMap*) 0x00000000673c4040
 Begin Bits: [0x0000000012600000, 0x00000000145d0000)
 End Bits:   [0x00000000145d0000, 0x00000000165a0000)

Polling page: 0x0000000000330000

CodeCache: size=245760Kb used=16814Kb max_used=17426Kb free=228945Kb
 bounds [0x0000000002730000, 0x00000000038b0000, 0x0000000011730000]
 total_blobs=5318 nmethods=4945 adapters=285
 compilation: enabled

Compilation events (10 events):
Event: 16.855 Thread 0x000000005734a800 nmethod 5778 0x0000000002a56450 code [0x0000000002a56820, 0x0000000002a58d60]
Event: 16.855 Thread 0x000000005734a800 5780       4       java.lang.ref.Reference::<init> (25 bytes)
Event: 16.856 Thread 0x000000005734a800 nmethod 5780 0x000000000342b4d0 code [0x000000000342b600, 0x000000000342b698]
Event: 16.856 Thread 0x000000005734a800 5779       4       org.codehaus.plexus.archiver.zip.ZipLong::<init> (81 bytes)
Event: 16.857 Thread 0x000000005734a800 nmethod 5779 0x0000000002fbb310 code [0x0000000002fbb440, 0x0000000002fbb558]
Event: 16.869 Thread 0x000000005734a800 5781       4       java.io.FilePermission$1::run (5 bytes)
Event: 16.877 Thread 0x000000005734a800 nmethod 5781 0x000000000336b090 code [0x000000000336b240, 0x000000000336b828]
Event: 16.881 Thread 0x000000005734a800 5782       4       org.codehaus.plexus.archiver.zip.AbstractZipArchiver::zipFile (334 bytes)
Event: 16.900 Thread 0x000000005734a800 nmethod 5782 0x0000000002a9ce90 code [0x0000000002a9d0e0, 0x0000000002a9e2d0]
Event: 16.900 Thread 0x000000005734a800 5783       4       org.codehaus.plexus.components.io.resources.PlexusIoURLResource::getContents (8 bytes)

GC Heap History (10 events):
Event: 8.659 GC heap after
Heap after GC invocations=13 (full 1):
 PSYoungGen      total 329728K, used 7584K [0x00000000d5980000, 0x00000000eab80000, 0x0000000100000000)
  eden space 312320K, 0% used [0x00000000d5980000,0x00000000d5980000,0x00000000e8a80000)
  from space 17408K, 43% used [0x00000000e9a80000,0x00000000ea1e8020,0x00000000eab80000)
  to   space 16384K, 0% used [0x00000000e8a80000,0x00000000e8a80000,0x00000000e9a80000)
 ParOldGen       total 92160K, used 31534K [0x0000000080c00000, 0x0000000086600000, 0x00000000d5980000)
  object space 92160K, 34% used [0x0000000080c00000,0x0000000082acb850,0x0000000086600000)
 Metaspace       used 24365K, capacity 25132K, committed 25392K, reserved 1071104K
  class space    used 2838K, capacity 3001K, committed 3120K, reserved 1048576K
}
Event: 9.457 GC heap before
{Heap before GC invocations=14 (full 1):
 PSYoungGen      total 329728K, used 319904K [0x00000000d5980000, 0x00000000eab80000, 0x0000000100000000)
  eden space 312320K, 100% used [0x00000000d5980000,0x00000000e8a80000,0x00000000e8a80000)
  from space 17408K, 43% used [0x00000000e9a80000,0x00000000ea1e8020,0x00000000eab80000)
  to   space 16384K, 0% used [0x00000000e8a80000,0x00000000e8a80000,0x00000000e9a80000)
 ParOldGen       total 92160K, used 31534K [0x0000000080c00000, 0x0000000086600000, 0x00000000d5980000)
  object space 92160K, 34% used [0x0000000080c00000,0x0000000082acb850,0x0000000086600000)
 Metaspace       used 24382K, capacity 25132K, committed 25392K, reserved 1071104K
  class space    used 2839K, capacity 3001K, committed 3120K, reserved 1048576K
Event: 9.468 GC heap after
Heap after GC invocations=14 (full 1):
 PSYoungGen      total 328704K, used 8576K [0x00000000d5980000, 0x00000000eef00000, 0x0000000100000000)
  eden space 312320K, 0% used [0x00000000d5980000,0x00000000d5980000,0x00000000e8a80000)
  from space 16384K, 52% used [0x00000000e8a80000,0x00000000e92e0020,0x00000000e9a80000)
  to   space 15872K, 0% used [0x00000000edf80000,0x00000000edf80000,0x00000000eef00000)
 ParOldGen       total 92160K, used 31542K [0x0000000080c00000, 0x0000000086600000, 0x00000000d5980000)
  object space 92160K, 34% used [0x0000000080c00000,0x0000000082acd850,0x0000000086600000)
 Metaspace       used 24382K, capacity 25132K, committed 25392K, reserved 1071104K
  class space    used 2839K, capacity 3001K, committed 3120K, reserved 1048576K
}
Event: 13.829 GC heap before
{Heap before GC invocations=15 (full 1):
 PSYoungGen      total 328704K, used 320896K [0x00000000d5980000, 0x00000000eef00000, 0x0000000100000000)
  eden space 312320K, 100% used [0x00000000d5980000,0x00000000e8a80000,0x00000000e8a80000)
  from space 16384K, 52% used [0x00000000e8a80000,0x00000000e92e0020,0x00000000e9a80000)
  to   space 15872K, 0% used [0x00000000edf80000,0x00000000edf80000,0x00000000eef00000)
 ParOldGen       total 92160K, used 31542K [0x0000000080c00000, 0x0000000086600000, 0x00000000d5980000)
  object space 92160K, 34% used [0x0000000080c00000,0x0000000082acd850,0x0000000086600000)
 Metaspace       used 24624K, capacity 25304K, committed 25648K, reserved 1071104K
  class space    used 2860K, capacity 3035K, committed 3120K, reserved 1048576K
Event: 13.844 GC heap after
Heap after GC invocations=15 (full 1):
 PSYoungGen      total 384000K, used 10296K [0x00000000d5980000, 0x00000000eea00000, 0x0000000100000000)
  eden space 373248K, 0% used [0x00000000d5980000,0x00000000d5980000,0x00000000ec600000)
  from space 10752K, 95% used [0x00000000edf80000,0x00000000ee98e090,0x00000000eea00000)
  to   space 15872K, 0% used [0x00000000ecb00000,0x00000000ecb00000,0x00000000eda80000)
 ParOldGen       total 92160K, used 31550K [0x0000000080c00000, 0x0000000086600000, 0x00000000d5980000)
  object space 92160K, 34% used [0x0000000080c00000,0x0000000082acf850,0x0000000086600000)
 Metaspace       used 24624K, capacity 25304K, committed 25648K, reserved 1071104K
  class space    used 2860K, capacity 3035K, committed 3120K, reserved 1048576K
}
Event: 14.401 GC heap before
{Heap before GC invocations=16 (full 1):
 PSYoungGen      total 384000K, used 383544K [0x00000000d5980000, 0x00000000eea00000, 0x0000000100000000)
  eden space 373248K, 100% used [0x00000000d5980000,0x00000000ec600000,0x00000000ec600000)
  from space 10752K, 95% used [0x00000000edf80000,0x00000000ee98e090,0x00000000eea00000)
  to   space 15872K, 0% used [0x00000000ecb00000,0x00000000ecb00000,0x00000000eda80000)
 ParOldGen       total 92160K, used 31550K [0x0000000080c00000, 0x0000000086600000, 0x00000000d5980000)
  object space 92160K, 34% used [0x0000000080c00000,0x0000000082acf850,0x0000000086600000)
 Metaspace       used 24658K, capacity 25368K, committed 25648K, reserved 1071104K
  class space    used 2860K, capacity 3035K, committed 3120K, reserved 1048576K
Event: 14.416 GC heap after
Heap after GC invocations=16 (full 1):
 PSYoungGen      total 394240K, used 10592K [0x00000000d5980000, 0x00000000f3180000, 0x0000000100000000)
  eden space 378368K, 0% used [0x00000000d5980000,0x00000000d5980000,0x00000000ecb00000)
  from space 15872K, 66% used [0x00000000ecb00000,0x00000000ed558030,0x00000000eda80000)
  to   space 15872K, 0% used [0x00000000f2200000,0x00000000f2200000,0x00000000f3180000)
 ParOldGen       total 92160K, used 31558K [0x0000000080c00000, 0x0000000086600000, 0x00000000d5980000)
  object space 92160K, 34% used [0x0000000080c00000,0x0000000082ad1850,0x0000000086600000)
 Metaspace       used 24658K, capacity 25368K, committed 25648K, reserved 1071104K
  class space    used 2860K, capacity 3035K, committed 3120K, reserved 1048576K
}
Event: 14.755 GC heap before
{Heap before GC invocations=17 (full 1):
 PSYoungGen      total 394240K, used 388960K [0x00000000d5980000, 0x00000000f3180000, 0x0000000100000000)
  eden space 378368K, 100% used [0x00000000d5980000,0x00000000ecb00000,0x00000000ecb00000)
  from space 15872K, 66% used [0x00000000ecb00000,0x00000000ed558030,0x00000000eda80000)
  to   space 15872K, 0% used [0x00000000f2200000,0x00000000f2200000,0x00000000f3180000)
 ParOldGen       total 92160K, used 31558K [0x0000000080c00000, 0x0000000086600000, 0x00000000d5980000)
  object space 92160K, 34% used [0x0000000080c00000,0x0000000082ad1850,0x0000000086600000)
 Metaspace       used 24658K, capacity 25368K, committed 25648K, reserved 1071104K
  class space    used 2860K, capacity 3035K, committed 3120K, reserved 1048576K
Event: 14.769 GC heap after
Heap after GC invocations=17 (full 1):
 PSYoungGen      total 466432K, used 13056K [0x00000000d5980000, 0x00000000f4400000, 0x0000000100000000)
  eden space 450560K, 0% used [0x00000000d5980000,0x00000000d5980000,0x00000000f1180000)
  from space 15872K, 82% used [0x00000000f2200000,0x00000000f2ec0030,0x00000000f3180000)
  to   space 16896K, 0% used [0x00000000f1180000,0x00000000f1180000,0x00000000f2200000)
 ParOldGen       total 92160K, used 31558K [0x0000000080c00000, 0x0000000086600000, 0x00000000d5980000)
  object space 92160K, 34% used [0x0000000080c00000,0x0000000082ad1850,0x0000000086600000)
 Metaspace       used 24658K, capacity 25368K, committed 25648K, reserved 1071104K
  class space    used 2860K, capacity 3035K, committed 3120K, reserved 1048576K
}
Event: 16.940 GC heap before
{Heap before GC invocations=18 (full 1):
 PSYoungGen      total 466432K, used 463616K [0x00000000d5980000, 0x00000000f4400000, 0x0000000100000000)
  eden space 450560K, 100% used [0x00000000d5980000,0x00000000f1180000,0x00000000f1180000)
  from space 15872K, 82% used [0x00000000f2200000,0x00000000f2ec0030,0x00000000f3180000)
  to   space 16896K, 0% used [0x00000000f1180000,0x00000000f1180000,0x00000000f2200000)
 ParOldGen       total 92160K, used 31558K [0x0000000080c00000, 0x0000000086600000, 0x00000000d5980000)
  object space 92160K, 34% used [0x0000000080c00000,0x0000000082ad1850,0x0000000086600000)
 Metaspace       used 24812K, capacity 25496K, committed 25648K, reserved 1071104K
  class space    used 2866K, capacity 3035K, committed 3120K, reserved 1048576K

Deoptimization events (10 events):
Event: 14.941 Thread 0x000000000245e800 Uncommon trap: reason=class_check action=maybe_recompile pc=0x00000000031f0900 method=org.codehaus.plexus.archiver.filters.JarSecurityFileSelector.isSelected(Lorg/codehaus/plexus/components/io/fileselectors/FileInfo;)Z @ 1
Event: 14.943 Thread 0x000000000245e800 Uncommon trap: reason=class_check action=maybe_recompile pc=0x000000000307f704 method=org.codehaus.plexus.archiver.AbstractArchiver$1.hasNext()Z @ 184
Event: 14.943 Thread 0x000000000245e800 Uncommon trap: reason=class_check action=maybe_recompile pc=0x0000000002d8de24 method=org.codehaus.plexus.archiver.AbstractArchiver.asArchiveEntry(Lorg/codehaus/plexus/components/io/resources/PlexusIoResourceCollection;Lorg/codehaus/plexus/components/io/re¬Þ†˜ã-@
Event: 14.943 Thread 0x000000000245e800 Uncommon trap: reason=class_check action=maybe_recompile pc=0x000000000307f704 method=org.codehaus.plexus.archiver.AbstractArchiver$1.hasNext()Z @ 184
Event: 14.943 Thread 0x000000000245e800 Uncommon trap: reason=class_check action=maybe_recompile pc=0x0000000002d8de24 method=org.codehaus.plexus.archiver.AbstractArchiver.asArchiveEntry(Lorg/codehaus/plexus/components/io/resources/PlexusIoResourceCollection;Lorg/codehaus/plexus/components/io/re
Event: 14.943 Thread 0x000000000245e800 Uncommon trap: reason=class_check action=maybe_recompile pc=0x000000000307f704 method=org.codehaus.plexus.archiver.AbstractArchiver$1.hasNext()Z @ 184
Event: 14.943 Thread 0x000000000245e800 Uncommon trap: reason=class_check action=maybe_recompile pc=0x0000000002d8de24 method=org.codehaus.plexus.archiver.AbstractArchiver.asArchiveEntry(Lorg/codehaus/plexus/components/io/resources/PlexusIoResourceCollection;Lorg/codehaus/plexus/components/io/reªFgÄã-@
Event: 14.943 Thread 0x000000000245e800 Uncommon trap: reason=class_check action=maybe_recompile pc=0x0000000002d8de24 method=org.codehaus.plexus.archiver.AbstractArchiver.asArchiveEntry(Lorg/codehaus/plexus/components/io/resources/PlexusIoResourceCollection;Lorg/codehaus/plexus/components/io/rexêˆañè-@
Event: 14.955 Thread 0x000000000245e800 Uncommon trap: reason=unstable_if action=reinterpret pc=0x0000000003509550 method=java.util.Vector.removeElementAt(I)V @ 75
Event: 14.958 Thread 0x000000000245e800 Uncommon trap: reason=unstable_if action=reinterpret pc=0x00000000031304f4 method=sun.util.calendar.BaseCalendar.getCalendarDateFromFixedDate(Lsun/util/calendar/CalendarDate;J)V @ 74

Internal exceptions (10 events):
Event: 3.671 Thread 0x000000000245e800 Exception <a 'java/io/FileNotFoundException'> (0x00000000d83d82c0) thrown at [C:\re\workspace\8-2-build-windows-amd64-cygwin\jdk8u45\3457\hotspot\src\share\vm\prims\jni.cpp, line 709]
Event: 3.673 Thread 0x000000000245e800 Exception <a 'java/io/FileNotFoundException'> (0x00000000d840c100) thrown at [C:\re\workspace\8-2-build-windows-amd64-cygwin\jdk8u45\3457\hotspot\src\share\vm\prims\jni.cpp, line 709]
Event: 3.719 Thread 0x000000000245e800 Exception <a 'java/io/FileNotFoundException'> (0x00000000d8c282f8) thrown at [C:\re\workspace\8-2-build-windows-amd64-cygwin\jdk8u45\3457\hotspot\src\share\vm\prims\jni.cpp, line 709]
Event: 3.719 Thread 0x000000000245e800 Exception <a 'java/io/FileNotFoundException'> (0x00000000d8c29128) thrown at [C:\re\workspace\8-2-build-windows-amd64-cygwin\jdk8u45\3457\hotspot\src\share\vm\prims\jni.cpp, line 709]
Event: 3.719 Thread 0x000000000245e800 Exception <a 'java/io/FileNotFoundException'> (0x00000000d8c29ee8) thrown at [C:\re\workspace\8-2-build-windows-amd64-cygwin\jdk8u45\3457\hotspot\src\share\vm\prims\jni.cpp, line 709]
Event: 3.719 Thread 0x000000000245e800 Exception <a 'java/io/FileNotFoundException'> (0x00000000d8c2acb8) thrown at [C:\re\workspace\8-2-build-windows-amd64-cygwin\jdk8u45\3457\hotspot\src\share\vm\prims\jni.cpp, line 709]
Event: 5.650 Thread 0x000000000245e800 Implicit null exception at 0x00000000034b72df to 0x00000000034b7521
Event: 6.702 Thread 0x000000000245e800 Implicit null exception at 0x0000000003668a4b to 0x000000000366c97d
Event: 8.103 Thread 0x000000000245e800 Implicit null exception at 0x000000000374bdaa to 0x000000000374f8e9
Event: 10.165 Thread 0x000000000245e800 Implicit null exception at 0x00000000037f2a17 to 0x00000000037f4705

Events (10 events):
Event: 15.131 Executing VM operation: RevokeBias done
Event: 15.131 Thread 0x000000000245e800 DEOPT PACKING pc=0x0000000002db8c73 sp=0x000000000272d760
Event: 15.131 Thread 0x000000000245e800 DEOPT UNPACKING pc=0x000000000277747f sp=0x000000000272d488 mode 0
Event: 15.328 Thread 0x000000000245e800 DEOPT PACKING pc=0x00000000031d1ff0 sp=0x000000000272d760
Event: 15.328 Thread 0x000000000245e800 DEOPT UNPACKING pc=0x000000000277747f sp=0x000000000272d488 mode 0
Event: 15.736 loading class java/net/Proxy
Event: 15.736 loading class java/net/Proxy done
Event: 16.390 Thread 0x000000000245e800 DEOPT PACKING pc=0x0000000003071855 sp=0x000000000272d0e0
Event: 16.390 Thread 0x000000000245e800 DEOPT UNPACKING pc=0x000000000277747f sp=0x000000000272cec8 mode 0
Event: 16.940 Executing VM operation: ParallelGCFailedAllocation


Dynamic libraries:
0x000000013f310000 - 0x000000013f347000 	C:\Program Files\Java\jdk1.8.0_45\bin\java.exe
0x0000000077150000 - 0x00000000772f9000 	C:\windows\SYSTEM32\ntdll.dll
0x0000000076bc0000 - 0x0000000076cdf000 	C:\windows\system32\kernel32.dll
0x000007fefd8f0000 - 0x000007fefd95c000 	C:\windows\system32\KERNELBASE.dll
0x000007fefeab0000 - 0x000007fefeb8b000 	C:\windows\system32\ADVAPI32.dll
0x000007feff2c0000 - 0x000007feff35f000 	C:\windows\system32\msvcrt.dll
0x000007feff440000 - 0x000007feff45f000 	C:\windows\SYSTEM32\sechost.dll
0x000007fefeed0000 - 0x000007fefeffd000 	C:\windows\system32\RPCRT4.dll
0x0000000076e40000 - 0x0000000076f3a000 	C:\windows\system32\USER32.dll
0x000007fefed80000 - 0x000007fefede7000 	C:\windows\system32\GDI32.dll
0x000007feff360000 - 0x000007feff36e000 	C:\windows\system32\LPK.dll
0x000007feff370000 - 0x000007feff439000 	C:\windows\system32\USP10.dll
0x000007fefd100000 - 0x000007fefd2f4000 	C:\windows\WinSxS\amd64_microsoft.windows.common-controls_6595b64144ccf1df_6.0.7601.17514_none_fa396087175ac9ac\COMCTL32.dll
0x000007fefeb90000 - 0x000007fefec01000 	C:\windows\system32\SHLWAPI.dll
0x000007fefdcd0000 - 0x000007fefdcfe000 	C:\windows\system32\IMM32.DLL
0x000007fefec70000 - 0x000007fefed79000 	C:\windows\system32\MSCTF.dll
0x0000000068f00000 - 0x0000000068fd2000 	C:\Program Files\Java\jdk1.8.0_45\jre\bin\msvcr100.dll
0x0000000066bc0000 - 0x0000000067443000 	C:\Program Files\Java\jdk1.8.0_45\jre\bin\server\jvm.dll
0x000007fefb890000 - 0x000007fefb899000 	C:\windows\system32\WSOCK32.dll
0x000007fefdc80000 - 0x000007fefdccd000 	C:\windows\system32\WS2_32.dll
0x000007feff000000 - 0x000007feff008000 	C:\windows\system32\NSI.dll
0x000007fefadc0000 - 0x000007fefadfb000 	C:\windows\system32\WINMM.dll
0x000007fefc0d0000 - 0x000007fefc0dc000 	C:\windows\system32\VERSION.dll
0x0000000077320000 - 0x0000000077327000 	C:\windows\system32\PSAPI.DLL
0x00000000694e0000 - 0x00000000694ef000 	C:\Program Files\Java\jdk1.8.0_45\jre\bin\verify.dll
0x00000000694b0000 - 0x00000000694d9000 	C:\Program Files\Java\jdk1.8.0_45\jre\bin\java.dll
0x0000000069490000 - 0x00000000694a6000 	C:\Program Files\Java\jdk1.8.0_45\jre\bin\zip.dll
0x000007fefdd20000 - 0x000007fefeaa8000 	C:\windows\system32\SHELL32.dll
0x000007feff010000 - 0x000007feff213000 	C:\windows\system32\ole32.dll
0x000007fefd5b0000 - 0x000007fefd5bf000 	C:\windows\system32\profapi.dll
0x000007fefb8a0000 - 0x000007fefb8b0000 	C:\Program Files (x86)\JetBrains\IntelliJ IDEA 12.1.7\bin\breakgen64.dll
0x0000000069470000 - 0x000000006948a000 	C:\Program Files\Java\jdk1.8.0_45\jre\bin\net.dll
0x000007fefcb20000 - 0x000007fefcb75000 	C:\windows\system32\mswsock.dll
0x000007fefcb10000 - 0x000007fefcb17000 	C:\windows\System32\wship6.dll
0x0000000069450000 - 0x0000000069461000 	C:\Program Files\Java\jdk1.8.0_45\jre\bin\nio.dll
0x000007fefd480000 - 0x000007fefd4d7000 	C:\windows\system32\apphelp.dll
0x000007fef0c70000 - 0x000007fef0d95000 	C:\windows\system32\dbghelp.dll

VM Arguments:
jvm_args: -Dmaven.home=F:\apache-maven-3.2.3 -Dclassworlds.conf=F:\apache-maven-3.2.3\bin\m2.conf -Didea.launcher.port=7534 -Didea.launcher.bin.path=C:\Program Files (x86)\JetBrains\IntelliJ IDEA 12.1.7\bin -Dfile.encoding=UTF-8 
java_command: com.intellij.rt.execution.application.AppMain org.codehaus.classworlds.Launcher --fail-fast --strict-checksums deploy
java_class_path (initial): F:\apache-maven-3.2.3\boot\plexus-classworlds-2.5.1.jar;C:\Program Files (x86)\JetBrains\IntelliJ IDEA 12.1.7\lib\idea_rt.jar
Launcher Type: SUN_STANDARD

Environment Variables:
JAVA_HOME=C:\Program Files\Java\jdk1.8.0_45
CLASSPATH=C:\Program Files\Java\jdk1.8.0_45\lib\dt.jar;C:\Program Files\Java\jdk1.8.0_45\lib\tools.jar;
PATH=C:\Program Files (x86)\JetBrains\IntelliJ IDEA 12.1.7\bin\..\.\bin;C:\ProgramData\Oracle\Java\javapath;C:\Program Files (x86)\Common Files\NetSarang;C:\windows\system32;C:\windows;C:\windows\System32\Wbem;C:\windows\System32\WindowsPowerShell\v1.0\;C:\Program Files\Java\jdk1.8.0_45\bin;C:\Program Files\Java\jdk1.8.0_45\jre\bin;C:\Program Files\TortoiseSVN\bin;C:\cygwin\bin;C:\cygwin\bin;;c:\program files (x86)\jetbrains\intellij idea 12.1.7\jre\jre\bin
USERNAME=Administrator
OS=Windows_NT
PROCESSOR_IDENTIFIER=Intel64 Family 6 Model 58 Stepping 9, GenuineIntel



---------------  S Y S T E M  ---------------

OS: Windows 7 , 64 bit Build 7601 (6.1.7601.17965)

CPU:total 2 (2 cores per cpu, 1 threads per core) family 6 model 58 stepping 9, cmov, cx8, fxsr, mmx, sse, sse2, sse3, ssse3, sse4.1, sse4.2, popcnt, clmul, erms, tsc, tscinvbit, tscinv

Memory: 4k page, physical 8333864k(5225804k free), swap 25109228k(21151864k free)

vm_info: Java HotSpot(TM) 64-Bit Server VM (25.45-b02) for windows-amd64 JRE (1.8.0_45-b14), built on Apr 10 2015 10:34:15 by "java_re" with MS VC++ 10.0 (VS2010)

time: Tue Jan 26 15:05:10 2016
elapsed time: 16 seconds (0d 0h 0m 16s)

