#
# A fatal error has been detected by the Java Runtime Environment:
#
#  EXCEPTION_ACCESS_VIOLATION (0xc0000005) at pc=0x0000000066c6dd80, pid=4504, tid=4928
#
# JRE version: Java(TM) SE Runtime Environment (8.0_45-b14) (build 1.8.0_45-b14)
# Java VM: Java HotSpot(TM) 64-Bit Server VM (25.45-b02 mixed mode windows-amd64 compressed oops)
# Problematic frame:
# V  [jvm.dll+0xadd80]
#
# Failed to write core dump. Minidumps are not enabled by default on client versions of Windows
#
# If you would like to submit a bug report, please visit:
#   http://bugreport.java.com/bugreport/crash.jsp
#

---------------  T H R E A D  ---------------

Current thread (0x0000000002343800):  GCTaskThread [stack: 0x0000000012220000,0x0000000012320000] [id=4928]

siginfo: ExceptionCode=0xc0000005, reading address 0x0000000017870210

Registers:
RAX=0x0000000000000001, RBX=0x00000000fd73a290, RCX=0x00000000fd73a290, RDX=0x0000000017870208
RSP=0x000000001231f708, RBP=0x0000000011b49d01, RSI=0x000000005719a700, RDI=0x0000000081f92a18
R8 =0x000000005719a700, R9 =0x0000000000000007, R10=0x0000000000000008, R11=0x00000000fc5ffff0
R12=0x0000000011b49c8e, R13=0x0000000000000031, R14=0x0000000000000000, R15=0x0000000002340a50
RIP=0x0000000066c6dd80, EFLAGS=0x0000000000010202

Top of Stack: (sp=0x000000001231f708)
0x000000001231f708:   0000000066fb83a2 00000000fd73a278
0x000000001231f718:   0000000000000003 000000005719a700
0x000000001231f728:   00000000fdb9cc5d 00000000fc5f8000
0x000000001231f738:   0000000000001000 00000000fdec9249
0x000000001231f748:   00000000fdec9249 0000000000000000
0x000000001231f758:   000000005719a700 0000000011b49c8e
0x000000001231f768:   0000000066fb8710 00000000fc5faa24
0x000000001231f778:   0000000011b49d01 000000005719a700
0x000000001231f788:   0000000081f92a18 00000000fc5faa24
0x000000001231f798:   0000000066fb92b5 00000000fd786e00
0x000000001231f7a8:   0000000011b49c01 000000005719a700
0x000000001231f7b8:   0000000000000003 000000005719a700
0x000000001231f7c8:   000000000233c900 0000000081199b7c
0x000000001231f7d8:   0000000066cd2ed7 000000005719a700
0x000000001231f7e8:   0000000066cd10d3 0000000081f924ed
0x000000001231f7f8:   0000000081f924ed 0000000081f92888 

Instructions: (pc=0x0000000066c6dd80)
0x0000000066c6dd60:   3c 95 1d 00 48 8b 9c 24 d0 00 00 00 48 81 c4 c0
0x0000000066c6dd70:   00 00 00 5d c3 cc cc cc cc cc cc cc cc cc cc cc
0x0000000066c6dd80:   44 8b 42 08 4c 8b ca 45 85 c0 7e 0e 41 f6 c0 01
0x0000000066c6dd90:   75 57 41 c1 f8 03 41 8b c0 c3 79 4d 80 3d 3e bf 


Register to memory mapping:

RAX=0x0000000000000001 is an unknown value
RBX=0x00000000fd73a290 is an oop

[error occurred during error reporting (printing register info), id 0xc0000005]

Stack: [0x0000000012220000,0x0000000012320000],  sp=0x000000001231f708,  free space=1021k
Native frames: (J=compiled Java code, j=interpreted, Vv=VM code, C=native code)
V  [jvm.dll+0xadd80]


---------------  P R O C E S S  ---------------

Java Threads: ( => current thread )
  0x00000000586e1800 JavaThread "resolver-5" daemon [_thread_blocked, id=4952, stack(0x000000005e2a0000,0x000000005e3a0000)]
  0x000000005b5fe000 JavaThread "resolver-4" daemon [_thread_blocked, id=3256, stack(0x000000005df00000,0x000000005e000000)]
  0x0000000059337800 JavaThread "resolver-3" daemon [_thread_blocked, id=4256, stack(0x000000005e040000,0x000000005e140000)]
  0x0000000059dde800 JavaThread "resolver-2" daemon [_thread_blocked, id=1868, stack(0x000000005dde0000,0x000000005dee0000)]
  0x000000005b720000 JavaThread "resolver-1" daemon [_thread_blocked, id=4608, stack(0x000000005db90000,0x000000005dc90000)]
  0x000000005841d000 JavaThread "Monitor Ctrl-Break" daemon [_thread_in_native, id=2920, stack(0x0000000058f40000,0x0000000059040000)]
  0x00000000583aa800 JavaThread "Service Thread" daemon [_thread_blocked, id=2364, stack(0x0000000058970000,0x0000000058a70000)]
  0x0000000058388800 JavaThread "C1 CompilerThread1" daemon [_thread_blocked, id=4800, stack(0x0000000058810000,0x0000000058910000)]
  0x000000005721a000 JavaThread "C2 CompilerThread0" daemon [_thread_blocked, id=1272, stack(0x0000000058100000,0x0000000058200000)]
  0x0000000057219000 JavaThread "Attach Listener" daemon [_thread_blocked, id=2468, stack(0x0000000058280000,0x0000000058380000)]
  0x0000000057201800 JavaThread "Signal Dispatcher" daemon [_thread_blocked, id=1480, stack(0x0000000057c00000,0x0000000057d00000)]
  0x00000000571ac800 JavaThread "Finalizer" daemon [_thread_blocked, id=3592, stack(0x0000000057e80000,0x0000000057f80000)]
  0x00000000571a2000 JavaThread "Reference Handler" daemon [_thread_blocked, id=2420, stack(0x0000000057fc0000,0x00000000580c0000)]
  0x000000000242e800 JavaThread "main" [_thread_blocked, id=4956, stack(0x0000000002680000,0x0000000002780000)]

Other Threads:
  0x000000005719c800 VMThread [stack: 0x0000000057d70000,0x0000000057e70000] [id=4260]
  0x00000000583b5000 WatcherThread [stack: 0x0000000058c50000,0x0000000058d50000] [id=4452]

=>0x0000000002343800 (exited) GCTaskThread [stack: 0x0000000012220000,0x0000000012320000] [id=4928]

VM state:at safepoint (normal execution)

VM Mutex/Monitor currently owned by a thread:  ([mutex/lock_event])
[0x000000000242c3c0] Threads_lock - owner thread: 0x000000005719c800
[0x000000000242c8c0] Heap_lock - owner thread: 0x000000000242e800

Heap:
 PSYoungGen      total 651264K, used 645696K [0x00000000d5980000, 0x00000000ff000000, 0x0000000100000000)
  eden space 633344K, 100% used [0x00000000d5980000,0x00000000fc400000,0x00000000fc400000)
  from space 17920K, 68% used [0x00000000fd600000,0x00000000fe210030,0x00000000fe780000)
  to   space 18432K, 12% used [0x00000000fc400000,0x00000000fc630000,0x00000000fd600000)
 ParOldGen       total 94208K, used 32277K [0x0000000080c00000, 0x0000000086800000, 0x00000000d5980000)
  object space 94208K, 34% used [0x0000000080c00000,0x0000000082b855c0,0x0000000086800000)
 Metaspace       used 24948K, capacity 25624K, committed 25904K, reserved 1073152K
  class space    used 2862K, capacity 3035K, committed 3120K, reserved 1048576K

Card table byte_map: [0x0000000011b40000,0x0000000011f40000] byte_map_base: 0x000000001173a000

Marking Bits: (ParMarkBitMap*) 0x00000000673c4040
 Begin Bits: [0x00000000124d0000, 0x00000000144a0000)
 End Bits:   [0x00000000144a0000, 0x0000000016470000)

Polling page: 0x0000000000430000

CodeCache: size=245760Kb used=17349Kb max_used=17491Kb free=228410Kb
 bounds [0x0000000002780000, 0x00000000038c0000, 0x0000000011780000]
 total_blobs=5418 nmethods=5045 adapters=285
 compilation: enabled

Compilation events (10 events):
Event: 17.678 Thread 0x000000005721a000 5932       4       java.io.FilePermission::getMask (948 bytes)
Event: 17.679 Thread 0x000000005721a000 nmethod 5932 0x0000000002ad4f10 code [0x0000000002ad5040, 0x0000000002ad50b8]
Event: 17.686 Thread 0x000000005721a000 5933   !   4       org.codehaus.plexus.archiver.zip.AbstractZipArchiver::zipFile (91 bytes)
Event: 17.706 Thread 0x0000000058388800 5934       3       java.nio.charset.Charset::forName (20 bytes)
Event: 17.707 Thread 0x0000000058388800 nmethod 5934 0x0000000002db8c10 code [0x0000000002db8d80, 0x0000000002db8ff8]
Event: 17.707 Thread 0x0000000058388800 5935       3       java.nio.charset.Charset::isSupported (13 bytes)
Event: 17.707 Thread 0x0000000058388800 nmethod 5935 0x00000000035cd1d0 code [0x00000000035cd340, 0x00000000035cd508]
Event: 17.709 Thread 0x000000005721a000 nmethod 5933 0x00000000029cbf50 code [0x00000000029cc160, 0x00000000029cd750]
Event: 17.742 Thread 0x000000005721a000 5937       4       java.io.WinNTFileSystem::canonicalize (372 bytes)
Event: 17.787 Thread 0x000000005721a000 nmethod 5937 0x0000000003742790 code [0x0000000003742a80, 0x0000000003744d98]

GC Heap History (10 events):
Event: 8.008 GC heap after
Heap after GC invocations=9 (full 1):
 PSYoungGen      total 408576K, used 6336K [0x00000000d5980000, 0x00000000f0780000, 0x0000000100000000)
  eden space 401408K, 0% used [0x00000000d5980000,0x00000000d5980000,0x00000000ee180000)
  from space 7168K, 88% used [0x00000000f0080000,0x00000000f06b0020,0x00000000f0780000)
  to   space 19456K, 0% used [0x00000000ee180000,0x00000000ee180000,0x00000000ef480000)
 ParOldGen       total 94208K, used 32261K [0x0000000080c00000, 0x0000000086800000, 0x00000000d5980000)
  object space 94208K, 34% used [0x0000000080c00000,0x0000000082b815c0,0x0000000086800000)
 Metaspace       used 24411K, capacity 25056K, committed 25392K, reserved 1071104K
  class space    used 2829K, capacity 2999K, committed 3120K, reserved 1048576K
}
Event: 9.074 GC heap before
{Heap before GC invocations=10 (full 1):
 PSYoungGen      total 408576K, used 407744K [0x00000000d5980000, 0x00000000f0780000, 0x0000000100000000)
  eden space 401408K, 100% used [0x00000000d5980000,0x00000000ee180000,0x00000000ee180000)
  from space 7168K, 88% used [0x00000000f0080000,0x00000000f06b0020,0x00000000f0780000)
  to   space 19456K, 0% used [0x00000000ee180000,0x00000000ee180000,0x00000000ef480000)
 ParOldGen       total 94208K, used 32261K [0x0000000080c00000, 0x0000000086800000, 0x00000000d5980000)
  object space 94208K, 34% used [0x0000000080c00000,0x0000000082b815c0,0x0000000086800000)
 Metaspace       used 24492K, capacity 25132K, committed 25392K, reserved 1071104K
  class space    used 2834K, capacity 3001K, committed 3120K, reserved 1048576K
Event: 9.100 GC heap after
Heap after GC invocations=10 (full 1):
 PSYoungGen      total 420864K, used 7712K [0x00000000d5980000, 0x00000000f7880000, 0x0000000100000000)
  eden space 401408K, 0% used [0x00000000d5980000,0x00000000d5980000,0x00000000ee180000)
  from space 19456K, 39% used [0x00000000ee180000,0x00000000ee908020,0x00000000ef480000)
  to   space 18944K, 0% used [0x00000000f6600000,0x00000000f6600000,0x00000000f7880000)
 ParOldGen       total 94208K, used 32261K [0x0000000080c00000, 0x0000000086800000, 0x00000000d5980000)
  object space 94208K, 34% used [0x0000000080c00000,0x0000000082b815c0,0x0000000086800000)
 Metaspace       used 24492K, capacity 25132K, committed 25392K, reserved 1071104K
  class space    used 2834K, capacity 3001K, committed 3120K, reserved 1048576K
}
Event: 10.207 GC heap before
{Heap before GC invocations=11 (full 1):
 PSYoungGen      total 420864K, used 409120K [0x00000000d5980000, 0x00000000f7880000, 0x0000000100000000)
  eden space 401408K, 100% used [0x00000000d5980000,0x00000000ee180000,0x00000000ee180000)
  from space 19456K, 39% used [0x00000000ee180000,0x00000000ee908020,0x00000000ef480000)
  to   space 18944K, 0% used [0x00000000f6600000,0x00000000f6600000,0x00000000f7880000)
 ParOldGen       total 94208K, used 32261K [0x0000000080c00000, 0x0000000086800000, 0x00000000d5980000)
  object space 94208K, 34% used [0x0000000080c00000,0x0000000082b815c0,0x0000000086800000)
 Metaspace       used 24500K, capacity 25132K, committed 25392K, reserved 1071104K
  class space    used 2834K, capacity 3001K, committed 3120K, reserved 1048576K
Event: 10.230 GC heap after
Heap after GC invocations=11 (full 1):
 PSYoungGen      total 522752K, used 8864K [0x00000000d5980000, 0x00000000f7080000, 0x0000000100000000)
  eden space 512000K, 0% used [0x00000000d5980000,0x00000000d5980000,0x00000000f4d80000)
  from space 10752K, 82% used [0x00000000f6600000,0x00000000f6ea8020,0x00000000f7080000)
  to   space 17920K, 0% used [0x00000000f4d80000,0x00000000f4d80000,0x00000000f5f00000)
 ParOldGen       total 94208K, used 32261K [0x0000000080c00000, 0x0000000086800000, 0x00000000d5980000)
  object space 94208K, 34% used [0x0000000080c00000,0x0000000082b815c0,0x0000000086800000)
 Metaspace       used 24500K, capacity 25132K, committed 25392K, reserved 1071104K
  class space    used 2834K, capacity 3001K, committed 3120K, reserved 1048576K
}
Event: 14.763 GC heap before
{Heap before GC invocations=12 (full 1):
 PSYoungGen      total 522752K, used 520864K [0x00000000d5980000, 0x00000000f7080000, 0x0000000100000000)
  eden space 512000K, 100% used [0x00000000d5980000,0x00000000f4d80000,0x00000000f4d80000)
  from space 10752K, 82% used [0x00000000f6600000,0x00000000f6ea8020,0x00000000f7080000)
  to   space 17920K, 0% used [0x00000000f4d80000,0x00000000f4d80000,0x00000000f5f00000)
 ParOldGen       total 94208K, used 32261K [0x0000000080c00000, 0x0000000086800000, 0x00000000d5980000)
  object space 94208K, 34% used [0x0000000080c00000,0x0000000082b815c0,0x0000000086800000)
 Metaspace       used 24788K, capacity 25432K, committed 25648K, reserved 1071104K
  class space    used 2856K, capacity 3035K, committed 3120K, reserved 1048576K
Event: 14.780 GC heap after
Heap after GC invocations=12 (full 1):
 PSYoungGen      total 529920K, used 11480K [0x00000000d5980000, 0x00000000fe780000, 0x0000000100000000)
  eden space 512000K, 0% used [0x00000000d5980000,0x00000000d5980000,0x00000000f4d80000)
  from space 17920K, 64% used [0x00000000f4d80000,0x00000000f58b60a0,0x00000000f5f00000)
  to   space 17920K, 0% used [0x00000000fd600000,0x00000000fd600000,0x00000000fe780000)
 ParOldGen       total 94208K, used 32269K [0x0000000080c00000, 0x0000000086800000, 0x00000000d5980000)
  object space 94208K, 34% used [0x0000000080c00000,0x0000000082b835c0,0x0000000086800000)
 Metaspace       used 24788K, capacity 25432K, committed 25648K, reserved 1071104K
  class space    used 2856K, capacity 3035K, committed 3120K, reserved 1048576K
}
Event: 15.213 GC heap before
{Heap before GC invocations=13 (full 1):
 PSYoungGen      total 529920K, used 523480K [0x00000000d5980000, 0x00000000fe780000, 0x0000000100000000)
  eden space 512000K, 100% used [0x00000000d5980000,0x00000000f4d80000,0x00000000f4d80000)
  from space 17920K, 64% used [0x00000000f4d80000,0x00000000f58b60a0,0x00000000f5f00000)
  to   space 17920K, 0% used [0x00000000fd600000,0x00000000fd600000,0x00000000fe780000)
 ParOldGen       total 94208K, used 32269K [0x0000000080c00000, 0x0000000086800000, 0x00000000d5980000)
  object space 94208K, 34% used [0x0000000080c00000,0x0000000082b835c0,0x0000000086800000)
 Metaspace       used 24793K, capacity 25432K, committed 25648K, reserved 1071104K
  class space    used 2856K, capacity 3035K, committed 3120K, reserved 1048576K
Event: 15.229 GC heap after
Heap after GC invocations=13 (full 1):
 PSYoungGen      total 651264K, used 12352K [0x00000000d5980000, 0x00000000ff000000, 0x0000000100000000)
  eden space 633344K, 0% used [0x00000000d5980000,0x00000000d5980000,0x00000000fc400000)
  from space 17920K, 68% used [0x00000000fd600000,0x00000000fe210030,0x00000000fe780000)
  to   space 18432K, 0% used [0x00000000fc400000,0x00000000fc400000,0x00000000fd600000)
 ParOldGen       total 94208K, used 32277K [0x0000000080c00000, 0x0000000086800000, 0x00000000d5980000)
  object space 94208K, 34% used [0x0000000080c00000,0x0000000082b855c0,0x0000000086800000)
 Metaspace       used 24793K, capacity 25432K, committed 25648K, reserved 1071104K
  class space    used 2856K, capacity 3035K, committed 3120K, reserved 1048576K
}
Event: 17.830 GC heap before
{Heap before GC invocations=14 (full 1):
 PSYoungGen      total 651264K, used 645696K [0x00000000d5980000, 0x00000000ff000000, 0x0000000100000000)
  eden space 633344K, 100% used [0x00000000d5980000,0x00000000fc400000,0x00000000fc400000)
  from space 17920K, 68% used [0x00000000fd600000,0x00000000fe210030,0x00000000fe780000)
  to   space 18432K, 0% used [0x00000000fc400000,0x00000000fc400000,0x00000000fd600000)
 ParOldGen       total 94208K, used 32277K [0x0000000080c00000, 0x0000000086800000, 0x00000000d5980000)
  object space 94208K, 34% used [0x0000000080c00000,0x0000000082b855c0,0x0000000086800000)
 Metaspace       used 24948K, capacity 25624K, committed 25904K, reserved 1073152K
  class space    used 2862K, capacity 3035K, committed 3120K, reserved 1048576K

Deoptimization events (10 events):
Event: 15.430 Thread 0x000000000242e800 Uncommon trap: reason=class_check action=maybe_recompile pc=0x0000000003549918 method=org.codehaus.plexus.archiver.filters.JarSecurityFileSelector.isSelected(Lorg/codehaus/plexus/components/io/fileselectors/FileInfo;)Z @ 1
Event: 15.430 Thread 0x000000000242e800 Uncommon trap: reason=class_check action=maybe_recompile pc=0x0000000003549918 method=org.codehaus.plexus.archiver.filters.JarSecurityFileSelector.isSelected(Lorg/codehaus/plexus/components/io/fileselectors/FileInfo;)Z @ 1
Event: 15.433 Thread 0x000000000242e800 Uncommon trap: reason=class_check action=maybe_recompile pc=0x0000000002d25054 method=org.codehaus.plexus.archiver.AbstractArchiver$1.hasNext()Z @ 184
Event: 15.433 Thread 0x000000000242e800 Uncommon trap: reason=unstable_if action=reinterpret pc=0x00000000035fb524 method=org.codehaus.plexus.archiver.ArchiveEntry.<init>(Ljava/lang/String;Lorg/codehaus/plexus/components/io/resources/PlexusIoResource;II)V @ 19
Event: 15.433 Thread 0x000000000242e800 Uncommon trap: reason=class_check action=maybe_recompile pc=0x0000000002d25054 method=org.codehaus.plexus.archiver.AbstractArchiver$1.hasNext()Z @ 184
Event: 15.433 Thread 0x000000000242e800 Uncommon trap: reason=class_check action=maybe_recompile pc=0x0000000002d25054 method=org.codehaus.plexus.archiver.AbstractArchiver$1.hasNext()Z @ 184
Event: 15.446 Thread 0x000000000242e800 Uncommon trap: reason=unstable_if action=reinterpret pc=0x000000000364d890 method=java.util.Vector.removeElementAt(I)V @ 75
Event: 15.450 Thread 0x000000000242e800 Uncommon trap: reason=unstable_if action=reinterpret pc=0x0000000002e6caac method=sun.util.calendar.BaseCalendar.getCalendarDateFromFixedDate(Lsun/util/calendar/CalendarDate;J)V @ 74
Event: 17.487 Thread 0x000000000242e800 Uncommon trap: reason=unstable_if action=reinterpret pc=0x0000000002c72d58 method=java.util.Hashtable.contains(Ljava/lang/Object;)Z @ 24
Event: 17.487 Thread 0x000000000242e800 Uncommon trap: reason=unstable_if action=reinterpret pc=0x00000000029a48d4 method=java.util.Hashtable.contains(Ljava/lang/Object;)Z @ 24

Internal exceptions (10 events):
Event: 3.830 Thread 0x000000000242e800 Exception <a 'java/security/PrivilegedActionException'> (0x00000000dbc37920) thrown at [C:\re\workspace\8-2-build-windows-amd64-cygwin\jdk8u45\3457\hotspot\src\share\vm\prims\jvm.cpp, line 1382]
Event: 3.830 Thread 0x000000000242e800 Exception <a 'java/security/PrivilegedActionException'> (0x00000000dbc37c68) thrown at [C:\re\workspace\8-2-build-windows-amd64-cygwin\jdk8u45\3457\hotspot\src\share\vm\prims\jvm.cpp, line 1382]
Event: 3.967 Thread 0x000000000242e800 Exception <a 'java/io/FileNotFoundException'> (0x00000000dc35fce8) thrown at [C:\re\workspace\8-2-build-windows-amd64-cygwin\jdk8u45\3457\hotspot\src\share\vm\prims\jni.cpp, line 709]
Event: 3.969 Thread 0x000000000242e800 Exception <a 'java/io/FileNotFoundException'> (0x00000000dc393b38) thrown at [C:\re\workspace\8-2-build-windows-amd64-cygwin\jdk8u45\3457\hotspot\src\share\vm\prims\jni.cpp, line 709]
Event: 4.014 Thread 0x000000000242e800 Exception <a 'java/io/FileNotFoundException'> (0x00000000dcbb9968) thrown at [C:\re\workspace\8-2-build-windows-amd64-cygwin\jdk8u45\3457\hotspot\src\share\vm\prims\jni.cpp, line 709]
Event: 4.014 Thread 0x000000000242e800 Exception <a 'java/io/FileNotFoundException'> (0x00000000dcbba6f8) thrown at [C:\re\workspace\8-2-build-windows-amd64-cygwin\jdk8u45\3457\hotspot\src\share\vm\prims\jni.cpp, line 709]
Event: 4.014 Thread 0x000000000242e800 Exception <a 'java/io/FileNotFoundException'> (0x00000000dcbbb4b8) thrown at [C:\re\workspace\8-2-build-windows-amd64-cygwin\jdk8u45\3457\hotspot\src\share\vm\prims\jni.cpp, line 709]
Event: 4.014 Thread 0x000000000242e800 Exception <a 'java/io/FileNotFoundException'> (0x00000000dcbbc288) thrown at [C:\re\workspace\8-2-build-windows-amd64-cygwin\jdk8u45\3457\hotspot\src\share\vm\prims\jni.cpp, line 709]
Event: 8.103 Thread 0x000000000242e800 Implicit null exception at 0x00000000031332d1 to 0x000000000313545d
Event: 11.115 Thread 0x000000000242e800 Implicit null exception at 0x0000000002a4355f to 0x0000000002a437a5

Events (10 events):
Event: 17.506 Thread 0x000000000242e800 DEOPT UNPACKING pc=0x00000000027c747f sp=0x000000000277d1e8 mode 0
Event: 17.509 Thread 0x000000000242e800 DEOPT PACKING pc=0x0000000002f549b0 sp=0x000000000277d4b0
Event: 17.509 Thread 0x000000000242e800 DEOPT UNPACKING pc=0x00000000027c747f sp=0x000000000277d1e8 mode 0
Event: 17.514 Thread 0x000000000242e800 DEOPT PACKING pc=0x0000000002f549b0 sp=0x000000000277d3a0
Event: 17.514 Thread 0x000000000242e800 DEOPT UNPACKING pc=0x00000000027c747f sp=0x000000000277d0c8 mode 0
Event: 17.517 Thread 0x000000000242e800 DEOPT PACKING pc=0x0000000002f54999 sp=0x000000000277d3a0
Event: 17.517 Thread 0x000000000242e800 DEOPT UNPACKING pc=0x00000000027c747f sp=0x000000000277d0c8 mode 0
Event: 17.521 Thread 0x000000000242e800 DEOPT PACKING pc=0x0000000002f549b0 sp=0x000000000277d3a0
Event: 17.521 Thread 0x000000000242e800 DEOPT UNPACKING pc=0x00000000027c747f sp=0x000000000277d0c8 mode 0
Event: 17.830 Executing VM operation: ParallelGCFailedAllocation


Dynamic libraries:
0x000000013f020000 - 0x000000013f057000 	C:\Program Files\Java\jdk1.8.0_45\bin\java.exe
0x0000000077150000 - 0x00000000772f9000 	C:\windows\SYSTEM32\ntdll.dll
0x0000000076bc0000 - 0x0000000076cdf000 	C:\windows\system32\kernel32.dll
0x000007fefd8f0000 - 0x000007fefd95c000 	C:\windows\system32\KERNELBASE.dll
0x000007fefeab0000 - 0x000007fefeb8b000 	C:\windows\system32\ADVAPI32.dll
0x000007feff2c0000 - 0x000007feff35f000 	C:\windows\system32\msvcrt.dll
0x000007feff440000 - 0x000007feff45f000 	C:\windows\SYSTEM32\sechost.dll
0x000007fefeed0000 - 0x000007fefeffd000 	C:\windows\system32\RPCRT4.dll
0x0000000076e40000 - 0x0000000076f3a000 	C:\windows\system32\USER32.dll
0x000007fefed80000 - 0x000007fefede7000 	C:\windows\system32\GDI32.dll
0x000007feff360000 - 0x000007feff36e000 	C:\windows\system32\LPK.dll
0x000007feff370000 - 0x000007feff439000 	C:\windows\system32\USP10.dll
0x000007fefd100000 - 0x000007fefd2f4000 	C:\windows\WinSxS\amd64_microsoft.windows.common-controls_6595b64144ccf1df_6.0.7601.17514_none_fa396087175ac9ac\COMCTL32.dll
0x000007fefeb90000 - 0x000007fefec01000 	C:\windows\system32\SHLWAPI.dll
0x000007fefdcd0000 - 0x000007fefdcfe000 	C:\windows\system32\IMM32.DLL
0x000007fefec70000 - 0x000007fefed79000 	C:\windows\system32\MSCTF.dll
0x0000000068f00000 - 0x0000000068fd2000 	C:\Program Files\Java\jdk1.8.0_45\jre\bin\msvcr100.dll
0x0000000066bc0000 - 0x0000000067443000 	C:\Program Files\Java\jdk1.8.0_45\jre\bin\server\jvm.dll
0x000007fefb8a0000 - 0x000007fefb8a9000 	C:\windows\system32\WSOCK32.dll
0x000007fefdc80000 - 0x000007fefdccd000 	C:\windows\system32\WS2_32.dll
0x000007feff000000 - 0x000007feff008000 	C:\windows\system32\NSI.dll
0x000007fefadc0000 - 0x000007fefadfb000 	C:\windows\system32\WINMM.dll
0x000007fefc0d0000 - 0x000007fefc0dc000 	C:\windows\system32\VERSION.dll
0x0000000077320000 - 0x0000000077327000 	C:\windows\system32\PSAPI.DLL
0x00000000694e0000 - 0x00000000694ef000 	C:\Program Files\Java\jdk1.8.0_45\jre\bin\verify.dll
0x00000000694b0000 - 0x00000000694d9000 	C:\Program Files\Java\jdk1.8.0_45\jre\bin\java.dll
0x0000000069490000 - 0x00000000694a6000 	C:\Program Files\Java\jdk1.8.0_45\jre\bin\zip.dll
0x000007fefdd20000 - 0x000007fefeaa8000 	C:\windows\system32\SHELL32.dll
0x000007feff010000 - 0x000007feff213000 	C:\windows\system32\ole32.dll
0x000007fefd5b0000 - 0x000007fefd5bf000 	C:\windows\system32\profapi.dll
0x000007fefb890000 - 0x000007fefb8a0000 	C:\Program Files (x86)\JetBrains\IntelliJ IDEA 12.1.7\bin\breakgen64.dll
0x0000000069470000 - 0x000000006948a000 	C:\Program Files\Java\jdk1.8.0_45\jre\bin\net.dll
0x000007fefcb20000 - 0x000007fefcb75000 	C:\windows\system32\mswsock.dll
0x000007fefcb10000 - 0x000007fefcb17000 	C:\windows\System32\wship6.dll
0x0000000069450000 - 0x0000000069461000 	C:\Program Files\Java\jdk1.8.0_45\jre\bin\nio.dll
0x000007fefd480000 - 0x000007fefd4d7000 	C:\windows\system32\apphelp.dll
0x000007fef0c70000 - 0x000007fef0d95000 	C:\windows\system32\dbghelp.dll

VM Arguments:
jvm_args: -Dmaven.home=F:\apache-maven-3.2.3 -Dclassworlds.conf=F:\apache-maven-3.2.3\bin\m2.conf -Didea.launcher.port=7534 -Didea.launcher.bin.path=C:\Program Files (x86)\JetBrains\IntelliJ IDEA 12.1.7\bin -Dfile.encoding=UTF-8 
java_command: com.intellij.rt.execution.application.AppMain org.codehaus.classworlds.Launcher --fail-fast --strict-checksums deploy
java_class_path (initial): F:\apache-maven-3.2.3\boot\plexus-classworlds-2.5.1.jar;C:\Program Files (x86)\JetBrains\IntelliJ IDEA 12.1.7\lib\idea_rt.jar
Launcher Type: SUN_STANDARD

Environment Variables:
JAVA_HOME=C:\Program Files\Java\jdk1.8.0_45
CLASSPATH=C:\Program Files\Java\jdk1.8.0_45\lib\dt.jar;C:\Program Files\Java\jdk1.8.0_45\lib\tools.jar;
PATH=C:\Program Files (x86)\JetBrains\IntelliJ IDEA 12.1.7\bin\..\.\bin;C:\ProgramData\Oracle\Java\javapath;C:\Program Files (x86)\Common Files\NetSarang;C:\windows\system32;C:\windows;C:\windows\System32\Wbem;C:\windows\System32\WindowsPowerShell\v1.0\;C:\Program Files\Java\jdk1.8.0_45\bin;C:\Program Files\Java\jdk1.8.0_45\jre\bin;C:\Program Files\TortoiseSVN\bin;C:\cygwin\bin;C:\cygwin\bin;;c:\program files (x86)\jetbrains\intellij idea 12.1.7\jre\jre\bin
USERNAME=Administrator
OS=Windows_NT
PROCESSOR_IDENTIFIER=Intel64 Family 6 Model 58 Stepping 9, GenuineIntel



---------------  S Y S T E M  ---------------

OS: Windows 7 , 64 bit Build 7601 (6.1.7601.17965)

CPU:total 2 (2 cores per cpu, 1 threads per core) family 6 model 58 stepping 9, cmov, cx8, fxsr, mmx, sse, sse2, sse3, ssse3, sse4.1, sse4.2, popcnt, clmul, erms, tsc, tscinvbit, tscinv

Memory: 4k page, physical 8333864k(5113140k free), swap 25109228k(21039004k free)

vm_info: Java HotSpot(TM) 64-Bit Server VM (25.45-b02) for windows-amd64 JRE (1.8.0_45-b14), built on Apr 10 2015 10:34:15 by "java_re" with MS VC++ 10.0 (VS2010)

time: Tue Jan 26 15:11:06 2016
elapsed time: 17 seconds (0d 0h 0m 17s)

