#
# A fatal error has been detected by the Java Runtime Environment:
#
#  EXCEPTION_ACCESS_VIOLATION (0xc0000005) at pc=0x0000000060aa31f7, pid=5420, tid=2068
#
# JRE version: Java(TM) SE Runtime Environment (8.0_45-b14) (build 1.8.0_45-b14)
# Java VM: Java HotSpot(TM) 64-Bit Server VM (25.45-b02 mixed mode windows-amd64 compressed oops)
# Problematic frame:
# V  [jvm.dll+0x4931f7]
#
# Failed to write core dump. Minidumps are not enabled by default on client versions of Windows
#
# If you would like to submit a bug report, please visit:
#   http://bugreport.java.com/bugreport/crash.jsp
#

---------------  T H R E A D  ---------------

Current thread (0x00000000571ea000):  JavaThread "C2 CompilerThread0" daemon [_thread_in_native, id=2068, stack(0x0000000058500000,0x0000000058600000)]

siginfo: ExceptionCode=0xc0000005, reading address 0x000000005e9b63d8

Registers:
RAX=0x000000005e9b63b0, RBX=0x00000000000005cb, RCX=0x0000000000000005, RDX=0x000000005c6d0050
RSP=0x00000000585fc060, RBP=0x0000000000178b00, RSI=0x00000000000035d0, RDI=0x000000005c68a250
R8 =0x0000000000400000, R9 =0x00000000000288d0, R10=0x00000000585fc3d0, R11=0x0000000000000021
R12=0x000000005c6d0050, R13=0x00000000585fc6c0, R14=0x0000000060610000, R15=0x0000000060e14778
RIP=0x0000000060aa31f7, EFLAGS=0x0000000000010207

Top of Stack: (sp=0x00000000585fc060)
0x00000000585fc060:   00000000000018f0 0000000000000003
0x00000000585fc070:   0000000000178b00 00000000000035d0
0x00000000585fc080:   000005cf00000000 0000000000000007
0x00000000585fc090:   000000005a1f14c0 0000000000000006
0x00000000585fc0a0:   000000005a1f20a0 000000000000003c
0x00000000585fc0b0:   00000000585fc240 0000000060add504
0x00000000585fc0c0:   0000000000000003 000000005bb39290
0x00000000585fc0d0:   000000005921ab10 00000000585fc6c0
0x00000000585fc0e0:   00000000585fc6c0 0000000060aa46d8
0x00000000585fc0f0:   0000000000178b00 00000000000015d9
0x00000000585fc100:   00000000585fc1f0 000000005c6f9a68
0x00000000585fc110:   0000001500000000 0000000000000022
0x00000000585fc120:   000000005bb39290 000035d000000000
0x00000000585fc130:   0000036b00000021 0000000000000014
0x00000000585fc140:   0000000005155455 0000000000000000
0x00000000585fc150:   0000000000000000 0000000000000000 

Instructions: (pc=0x0000000060aa31f7)
0x0000000060aa31d7:   8b de 48 8d 3c 80 48 c1 e7 05 49 03 7a 10 85 db
0x0000000060aa31e7:   0f 84 f3 fe ff ff 48 8b 47 08 8b cb 48 c1 e9 08
0x0000000060aa31f7:   4c 8b 0c c8 4d 3b cf 75 0d 8b d3 48 8b cf e8 26
0x0000000060aa3207:   44 00 00 4c 8b c8 8b d3 83 e3 1f 41 b8 01 00 00 


Register to memory mapping:

RAX=0x000000005e9b63b0 is an unknown value
RBX=0x00000000000005cb is an unknown value
RCX=0x0000000000000005 is an unknown value
RDX=0x000000005c6d0050 is an unknown value
RSP=0x00000000585fc060 is pointing into the stack for thread: 0x00000000571ea000
RBP=0x0000000000178b00 is an unknown value
RSI=0x00000000000035d0 is an unknown value
RDI=0x000000005c68a250 is an unknown value
R8 =0x0000000000400000 is an unknown value
R9 =0x00000000000288d0 is an unknown value
R10=0x00000000585fc3d0 is pointing into the stack for thread: 0x00000000571ea000
R11=0x0000000000000021 is an unknown value
R12=0x000000005c6d0050 is an unknown value
R13=0x00000000585fc6c0 is pointing into the stack for thread: 0x00000000571ea000
R14=0x0000000060610000 is an unknown value
R15=0x0000000060e14778 is an unknown value


Stack: [0x0000000058500000,0x0000000058600000],  sp=0x00000000585fc060,  free space=1008k
Native frames: (J=compiled Java code, j=interpreted, Vv=VM code, C=native code)
V  [jvm.dll+0x4931f7]
V  [jvm.dll+0x4946d8]
V  [jvm.dll+0x45f8f8]
V  [jvm.dll+0x46a73b]
V  [jvm.dll+0x46cd52]
V  [jvm.dll+0x4500f2]
V  [jvm.dll+0xa4352]
V  [jvm.dll+0xa4c8f]
V  [jvm.dll+0x241984]
V  [jvm.dll+0x29853a]
C  [msvcr100.dll+0x21d9f]
C  [msvcr100.dll+0x21e3b]
C  [kernel32.dll+0x1652d]
C  [ntdll.dll+0x2c521]


Current CompileTask:
C2:   4449 3567   !   4       java.net.URLClassLoader$1::run (63 bytes)


---------------  P R O C E S S  ---------------

Java Threads: ( => current thread )
  0x00000000586a0000 JavaThread "Monitor Ctrl-Break" daemon [_thread_in_native, id=456, stack(0x0000000058ed0000,0x0000000058fd0000)]
  0x000000005862e000 JavaThread "Service Thread" daemon [_thread_blocked, id=2320, stack(0x0000000058b50000,0x0000000058c50000)]
  0x0000000057238800 JavaThread "C1 CompilerThread1" daemon [_thread_blocked, id=5448, stack(0x0000000058a40000,0x0000000058b40000)]
=>0x00000000571ea000 JavaThread "C2 CompilerThread0" daemon [_thread_in_native, id=2068, stack(0x0000000058500000,0x0000000058600000)]
  0x00000000571e9000 JavaThread "Attach Listener" daemon [_thread_blocked, id=3236, stack(0x0000000058390000,0x0000000058490000)]
  0x00000000571d1800 JavaThread "Signal Dispatcher" daemon [_thread_blocked, id=5596, stack(0x00000000581a0000,0x00000000582a0000)]
  0x000000005717c800 JavaThread "Finalizer" daemon [_thread_blocked, id=5288, stack(0x0000000057f50000,0x0000000058050000)]
  0x0000000057172000 JavaThread "Reference Handler" daemon [_thread_blocked, id=5180, stack(0x0000000057db0000,0x0000000057eb0000)]
  0x00000000026ee800 JavaThread "main" [_thread_in_native, id=5144, stack(0x0000000002770000,0x0000000002870000)]

Other Threads:
  0x000000005716c800 VMThread [stack: 0x0000000057bf0000,0x0000000057cf0000] [id=3304]
  0x0000000058640800 WatcherThread [stack: 0x0000000058080000,0x0000000058180000] [id=1548]

VM state:not at safepoint (normal execution)

VM Mutex/Monitor currently owned by a thread: None

Heap:
 PSYoungGen      total 142848K, used 40276K [0x00000000d5980000, 0x00000000e7680000, 0x0000000100000000)
  eden space 133120K, 22% used [0x00000000d5980000,0x00000000d7758fd0,0x00000000ddb80000)
  from space 9728K, 99% used [0x00000000ddb80000,0x00000000de4fc060,0x00000000de500000)
  to   space 12800K, 0% used [0x00000000e6a00000,0x00000000e6a00000,0x00000000e7680000)
 ParOldGen       total 87552K, used 13864K [0x0000000080c00000, 0x0000000086180000, 0x00000000d5980000)
  object space 87552K, 15% used [0x0000000080c00000,0x000000008198a308,0x0000000086180000)
 Metaspace       used 18538K, capacity 19124K, committed 19328K, reserved 1067008K
  class space    used 2169K, capacity 2347K, committed 2432K, reserved 1048576K

Card table byte_map: [0x0000000011cc0000,0x00000000120c0000] byte_map_base: 0x00000000118ba000

Marking Bits: (ParMarkBitMap*) 0x0000000060e14040
 Begin Bits: [0x00000000124a0000, 0x0000000014470000)
 End Bits:   [0x0000000014470000, 0x0000000016440000)

Polling page: 0x0000000000140000

CodeCache: size=245760Kb used=11918Kb max_used=11918Kb free=233841Kb
 bounds [0x0000000002900000, 0x00000000034b0000, 0x0000000011900000]
 total_blobs=4106 nmethods=3766 adapters=252
 compilation: enabled

Compilation events (10 events):
Event: 4.410 Thread 0x0000000057238800 nmethod 3777 0x00000000034957d0 code [0x0000000003495920, 0x0000000003495b10]
Event: 4.414 Thread 0x0000000057238800 3779       2       org.apache.maven.model.Parent::setLocation (35 bytes)
Event: 4.414 Thread 0x0000000057238800 nmethod 3779 0x0000000003495bd0 code [0x0000000003495d40, 0x0000000003495f48]
Event: 4.417 Thread 0x0000000057238800 3781       2       org.apache.maven.project.DefaultProjectBuilder::getProfileIds (58 bytes)
Event: 4.418 Thread 0x0000000057238800 nmethod 3781 0x0000000003496010 code [0x00000000034961e0, 0x0000000003496618]
Event: 4.418 Thread 0x0000000057238800 3780       2       org.apache.maven.model.building.DefaultModelBuildingResult::getActivePomProfiles (14 bytes)
Event: 4.418 Thread 0x0000000057238800 nmethod 3780 0x00000000034969d0 code [0x0000000003496b40, 0x0000000003496d08]
Event: 4.418 Thread 0x0000000057238800 3782       2       org.apache.maven.project.MavenProject::setInjectedProfileIds (38 bytes)
Event: 4.418 Thread 0x0000000057238800 nmethod 3782 0x0000000003496dd0 code [0x0000000003496f60, 0x00000000034971a8]
Event: 4.418 Thread 0x0000000057238800 3783       2       org.apache.maven.repository.legacy.resolver.DefaultLegacyArtifactCollector::fireEvent (460 bytes)

GC Heap History (10 events):
Event: 1.585 GC heap before
{Heap before GC invocations=3 (full 0):
 PSYoungGen      total 38400K, used 38394K [0x00000000d5980000, 0x00000000da480000, 0x0000000100000000)
  eden space 33280K, 100% used [0x00000000d5980000,0x00000000d7a00000,0x00000000d7a00000)
  from space 5120K, 99% used [0x00000000d7f00000,0x00000000d83fe830,0x00000000d8400000)
  to   space 5120K, 0% used [0x00000000d7a00000,0x00000000d7a00000,0x00000000d7f00000)
 ParOldGen       total 87552K, used 2831K [0x0000000080c00000, 0x0000000086180000, 0x00000000d5980000)
  object space 87552K, 3% used [0x0000000080c00000,0x0000000080ec3dc0,0x0000000086180000)
 Metaspace       used 14039K, capacity 14232K, committed 14336K, reserved 1062912K
  class space    used 1703K, capacity 1774K, committed 1792K, reserved 1048576K
Event: 1.596 GC heap after
Heap after GC invocations=3 (full 0):
 PSYoungGen      total 38400K, used 5112K [0x00000000d5980000, 0x00000000da480000, 0x0000000100000000)
  eden space 33280K, 0% used [0x00000000d5980000,0x00000000d5980000,0x00000000d7a00000)
  from space 5120K, 99% used [0x00000000d7a00000,0x00000000d7efe030,0x00000000d7f00000)
  to   space 5120K, 0% used [0x00000000d9f80000,0x00000000d9f80000,0x00000000da480000)
 ParOldGen       total 87552K, used 4905K [0x0000000080c00000, 0x0000000086180000, 0x00000000d5980000)
  object space 87552K, 5% used [0x0000000080c00000,0x00000000810ca618,0x0000000086180000)
 Metaspace       used 14039K, capacity 14232K, committed 14336K, reserved 1062912K
  class space    used 1703K, capacity 1774K, committed 1792K, reserved 1048576K
}
Event: 1.999 GC heap before
{Heap before GC invocations=4 (full 0):
 PSYoungGen      total 38400K, used 38392K [0x00000000d5980000, 0x00000000da480000, 0x0000000100000000)
  eden space 33280K, 100% used [0x00000000d5980000,0x00000000d7a00000,0x00000000d7a00000)
  from space 5120K, 99% used [0x00000000d7a00000,0x00000000d7efe030,0x00000000d7f00000)
  to   space 5120K, 0% used [0x00000000d9f80000,0x00000000d9f80000,0x00000000da480000)
 ParOldGen       total 87552K, used 4905K [0x0000000080c00000, 0x0000000086180000, 0x00000000d5980000)
  object space 87552K, 5% used [0x0000000080c00000,0x00000000810ca618,0x0000000086180000)
 Metaspace       used 14372K, capacity 14658K, committed 14848K, reserved 1062912K
  class space    used 1708K, capacity 1781K, committed 1792K, reserved 1048576K
Event: 2.010 GC heap after
Heap after GC invocations=4 (full 0):
 PSYoungGen      total 71680K, used 5112K [0x00000000d5980000, 0x00000000da480000, 0x0000000100000000)
  eden space 66560K, 0% used [0x00000000d5980000,0x00000000d5980000,0x00000000d9a80000)
  from space 5120K, 99% used [0x00000000d9f80000,0x00000000da47e050,0x00000000da480000)
  to   space 5120K, 0% used [0x00000000d9a80000,0x00000000d9a80000,0x00000000d9f80000)
 ParOldGen       total 87552K, used 6473K [0x0000000080c00000, 0x0000000086180000, 0x00000000d5980000)
  object space 87552K, 7% used [0x0000000080c00000,0x0000000081252638,0x0000000086180000)
 Metaspace       used 14372K, capacity 14658K, committed 14848K, reserved 1062912K
  class space    used 1708K, capacity 1781K, committed 1792K, reserved 1048576K
}
Event: 2.415 GC heap before
{Heap before GC invocations=5 (full 0):
 PSYoungGen      total 71680K, used 71672K [0x00000000d5980000, 0x00000000da480000, 0x0000000100000000)
  eden space 66560K, 100% used [0x00000000d5980000,0x00000000d9a80000,0x00000000d9a80000)
  from space 5120K, 99% used [0x00000000d9f80000,0x00000000da47e050,0x00000000da480000)
  to   space 5120K, 0% used [0x00000000d9a80000,0x00000000d9a80000,0x00000000d9f80000)
 ParOldGen       total 87552K, used 6473K [0x0000000080c00000, 0x0000000086180000, 0x00000000d5980000)
  object space 87552K, 7% used [0x0000000080c00000,0x0000000081252638,0x0000000086180000)
 Metaspace       used 14609K, capacity 14862K, committed 15104K, reserved 1062912K
  class space    used 1709K, capacity 1783K, committed 1792K, reserved 1048576K
Event: 2.431 GC heap after
Heap after GC invocations=5 (full 0):
 PSYoungGen      total 71680K, used 5112K [0x00000000d5980000, 0x00000000dee80000, 0x0000000100000000)
  eden space 66560K, 0% used [0x00000000d5980000,0x00000000d5980000,0x00000000d9a80000)
  from space 5120K, 99% used [0x00000000d9a80000,0x00000000d9f7e030,0x00000000d9f80000)
  to   space 9728K, 0% used [0x00000000de500000,0x00000000de500000,0x00000000dee80000)
 ParOldGen       total 87552K, used 9993K [0x0000000080c00000, 0x0000000086180000, 0x00000000d5980000)
  object space 87552K, 11% used [0x0000000080c00000,0x00000000815c2638,0x0000000086180000)
 Metaspace       used 14609K, capacity 14862K, committed 15104K, reserved 1062912K
  class space    used 1709K, capacity 1783K, committed 1792K, reserved 1048576K
}
Event: 3.038 GC heap before
{Heap before GC invocations=6 (full 0):
 PSYoungGen      total 71680K, used 71672K [0x00000000d5980000, 0x00000000dee80000, 0x0000000100000000)
  eden space 66560K, 100% used [0x00000000d5980000,0x00000000d9a80000,0x00000000d9a80000)
  from space 5120K, 99% used [0x00000000d9a80000,0x00000000d9f7e030,0x00000000d9f80000)
  to   space 9728K, 0% used [0x00000000de500000,0x00000000de500000,0x00000000dee80000)
 ParOldGen       total 87552K, used 9993K [0x0000000080c00000, 0x0000000086180000, 0x00000000d5980000)
  object space 87552K, 11% used [0x0000000080c00000,0x00000000815c2638,0x0000000086180000)
 Metaspace       used 15519K, capacity 15916K, committed 16000K, reserved 1062912K
  class space    used 1795K, capacity 1920K, committed 1920K, reserved 1048576K
Event: 3.054 GC heap after
Heap after GC invocations=6 (full 0):
 PSYoungGen      total 142848K, used 8460K [0x00000000d5980000, 0x00000000dee80000, 0x0000000100000000)
  eden space 133120K, 0% used [0x00000000d5980000,0x00000000d5980000,0x00000000ddb80000)
  from space 9728K, 86% used [0x00000000de500000,0x00000000ded43010,0x00000000dee80000)
  to   space 9728K, 0% used [0x00000000ddb80000,0x00000000ddb80000,0x00000000de500000)
 ParOldGen       total 87552K, used 10001K [0x0000000080c00000, 0x0000000086180000, 0x00000000d5980000)
  object space 87552K, 11% used [0x0000000080c00000,0x00000000815c4638,0x0000000086180000)
 Metaspace       used 15519K, capacity 15916K, committed 16000K, reserved 1062912K
  class space    used 1795K, capacity 1920K, committed 1920K, reserved 1048576K
}
Event: 4.294 GC heap before
{Heap before GC invocations=7 (full 0):
 PSYoungGen      total 142848K, used 141580K [0x00000000d5980000, 0x00000000dee80000, 0x0000000100000000)
  eden space 133120K, 100% used [0x00000000d5980000,0x00000000ddb80000,0x00000000ddb80000)
  from space 9728K, 86% used [0x00000000de500000,0x00000000ded43010,0x00000000dee80000)
  to   space 9728K, 0% used [0x00000000ddb80000,0x00000000ddb80000,0x00000000de500000)
 ParOldGen       total 87552K, used 10001K [0x0000000080c00000, 0x0000000086180000, 0x00000000d5980000)
  object space 87552K, 11% used [0x0000000080c00000,0x00000000815c4638,0x0000000086180000)
 Metaspace       used 18484K, capacity 19124K, committed 19328K, reserved 1067008K
  class space    used 2169K, capacity 2347K, committed 2432K, reserved 1048576K
Event: 4.334 GC heap after
Heap after GC invocations=7 (full 0):
 PSYoungGen      total 142848K, used 9712K [0x00000000d5980000, 0x00000000e7680000, 0x0000000100000000)
  eden space 133120K, 0% used [0x00000000d5980000,0x00000000d5980000,0x00000000ddb80000)
  from space 9728K, 99% used [0x00000000ddb80000,0x00000000de4fc060,0x00000000de500000)
  to   space 12800K, 0% used [0x00000000e6a00000,0x00000000e6a00000,0x00000000e7680000)
 ParOldGen       total 87552K, used 13864K [0x0000000080c00000, 0x0000000086180000, 0x00000000d5980000)
  object space 87552K, 15% used [0x0000000080c00000,0x000000008198a308,0x0000000086180000)
 Metaspace       used 18484K, capacity 19124K, committed 19328K, reserved 1067008K
  class space    used 2169K, capacity 2347K, committed 2432K, reserved 1048576K
}

Deoptimization events (10 events):
Event: 3.934 Thread 0x00000000026ee800 Uncommon trap: reason=unstable_if action=reinterpret pc=0x000000000330a910 method=java.util.StringTokenizer.setMaxDelimCodePoint()V @ 71
Event: 3.973 Thread 0x00000000026ee800 Uncommon trap: reason=predicate action=maybe_recompile pc=0x0000000002c159b8 method=sun.net.www.ParseUtil.encodePath(Ljava/lang/String;Z)Ljava/lang/String; @ 36
Event: 4.008 Thread 0x00000000026ee800 Uncommon trap: reason=unstable_if action=reinterpret pc=0x000000000338f64c method=org.apache.maven.model.ConfigurationContainer.getLocation(Ljava/lang/Object;)Lorg/apache/maven/model/InputLocation; @ 4
Event: 4.008 Thread 0x00000000026ee800 Uncommon trap: reason=unstable_if action=reinterpret pc=0x000000000338a5dc method=org.apache.maven.model.merge.ModelMerger.mergeConfigurationContainer_Configuration(Lorg/apache/maven/model/ConfigurationContainer;Lorg/apache/maven/model/ConfigurationContain›/8È@
Event: 4.013 Thread 0x00000000026ee800 Uncommon trap: reason=bimorphic action=maybe_recompile pc=0x0000000002fb717c method=java.util.regex.Matcher.match(II)Z @ 86
Event: 4.013 Thread 0x00000000026ee800 Uncommon trap: reason=bimorphic action=maybe_recompile pc=0x0000000002fb717c method=java.util.regex.Matcher.match(II)Z @ 86
Event: 4.013 Thread 0x00000000026ee800 Uncommon trap: reason=bimorphic action=maybe_recompile pc=0x0000000002fb717c method=java.util.regex.Matcher.match(II)Z @ 86
Event: 4.013 Thread 0x00000000026ee800 Uncommon trap: reason=bimorphic action=maybe_recompile pc=0x0000000002fb717c method=java.util.regex.Matcher.match(II)Z @ 86
Event: 4.126 Thread 0x00000000026ee800 Uncommon trap: reason=unstable_if action=reinterpret pc=0x0000000003326538 method=org.apache.maven.model.Contributor.clone()Lorg/apache/maven/model/Contributor; @ 65
Event: 4.197 Thread 0x00000000026ee800 Uncommon trap: reason=unstable_if action=reinterpret pc=0x000000000323f080 method=org.codehaus.plexus.util.xml.pull.MXParser.parseAttribute()C @ 990

Internal exceptions (10 events):
Event: 0.412 Thread 0x00000000026ee800 Exception <a 'java/lang/ArrayIndexOutOfBoundsException'> (0x00000000d68ec640) thrown at [C:\re\workspace\8-2-build-windows-amd64-cygwin\jdk8u45\3457\hotspot\src\share\vm\runtime\sharedRuntime.cpp, line 605]
Event: 0.423 Thread 0x00000000026ee800 Exception <a 'java/lang/ArrayIndexOutOfBoundsException'> (0x00000000d693a7c0) thrown at [C:\re\workspace\8-2-build-windows-amd64-cygwin\jdk8u45\3457\hotspot\src\share\vm\runtime\sharedRuntime.cpp, line 605]
Event: 0.572 Thread 0x00000000026ee800 Exception <a 'java/lang/ArrayIndexOutOfBoundsException'> (0x00000000d7754998) thrown at [C:\re\workspace\8-2-build-windows-amd64-cygwin\jdk8u45\3457\hotspot\src\share\vm\runtime\sharedRuntime.cpp, line 605]
Event: 0.572 Thread 0x00000000026ee800 Exception <a 'java/lang/ArrayIndexOutOfBoundsException'> (0x00000000d7756290) thrown at [C:\re\workspace\8-2-build-windows-amd64-cygwin\jdk8u45\3457\hotspot\src\share\vm\runtime\sharedRuntime.cpp, line 605]
Event: 0.609 Thread 0x00000000026ee800 Exception <a 'java/lang/ArrayIndexOutOfBoundsException'> (0x00000000d789a750) thrown at [C:\re\workspace\8-2-build-windows-amd64-cygwin\jdk8u45\3457\hotspot\src\share\vm\runtime\sharedRuntime.cpp, line 605]
Event: 0.617 Thread 0x00000000026ee800 Exception <a 'java/lang/ArrayIndexOutOfBoundsException'> (0x00000000d7937cb8) thrown at [C:\re\workspace\8-2-build-windows-amd64-cygwin\jdk8u45\3457\hotspot\src\share\vm\runtime\sharedRuntime.cpp, line 605]
Event: 0.617 Thread 0x00000000026ee800 Exception <a 'java/lang/ArrayIndexOutOfBoundsException'> (0x00000000d7938a10) thrown at [C:\re\workspace\8-2-build-windows-amd64-cygwin\jdk8u45\3457\hotspot\src\share\vm\runtime\sharedRuntime.cpp, line 605]
Event: 1.300 Thread 0x00000000026ee800 Implicit null exception at 0x0000000002c5b805 to 0x0000000002c5b9d1
Event: 1.300 Thread 0x00000000026ee800 Implicit null exception at 0x0000000002be9eaf to 0x0000000002be9f15
Event: 1.542 Thread 0x00000000026ee800 Implicit null exception at 0x0000000002e841ce to 0x0000000002e8552d

Events (10 events):
Event: 4.294 Executing VM operation: ParallelGCFailedAllocation
Event: 4.334 Executing VM operation: ParallelGCFailedAllocation done
Event: 4.336 Executing VM operation: RevokeBias
Event: 4.337 Executing VM operation: RevokeBias done
Event: 4.360 Thread 0x00000000026ee800 DEOPT PACKING pc=0x0000000003035ed7 sp=0x000000000286b6d0
Event: 4.360 Thread 0x00000000026ee800 DEOPT UNPACKING pc=0x000000000294747f sp=0x000000000286b428 mode 0
Event: 4.385 Executing VM operation: RevokeBias
Event: 4.385 Executing VM operation: RevokeBias done
Event: 4.385 Executing VM operation: RevokeBias
Event: 4.385 Executing VM operation: RevokeBias done


Dynamic libraries:
0x000000013f810000 - 0x000000013f847000 	C:\Program Files\Java\jdk1.8.0_45\bin\java.exe
0x0000000077150000 - 0x00000000772f9000 	C:\windows\SYSTEM32\ntdll.dll
0x0000000076bc0000 - 0x0000000076cdf000 	C:\windows\system32\kernel32.dll
0x000007fefd8f0000 - 0x000007fefd95c000 	C:\windows\system32\KERNELBASE.dll
0x000007fefeab0000 - 0x000007fefeb8b000 	C:\windows\system32\ADVAPI32.dll
0x000007feff2c0000 - 0x000007feff35f000 	C:\windows\system32\msvcrt.dll
0x000007feff440000 - 0x000007feff45f000 	C:\windows\SYSTEM32\sechost.dll
0x000007fefeed0000 - 0x000007fefeffd000 	C:\windows\system32\RPCRT4.dll
0x0000000076e40000 - 0x0000000076f3a000 	C:\windows\system32\USER32.dll
0x000007fefed80000 - 0x000007fefede7000 	C:\windows\system32\GDI32.dll
0x000007feff360000 - 0x000007feff36e000 	C:\windows\system32\LPK.dll
0x000007feff370000 - 0x000007feff439000 	C:\windows\system32\USP10.dll
0x000007fefd100000 - 0x000007fefd2f4000 	C:\windows\WinSxS\amd64_microsoft.windows.common-controls_6595b64144ccf1df_6.0.7601.17514_none_fa396087175ac9ac\COMCTL32.dll
0x000007fefeb90000 - 0x000007fefec01000 	C:\windows\system32\SHLWAPI.dll
0x000007fefdcd0000 - 0x000007fefdcfe000 	C:\windows\system32\IMM32.DLL
0x000007fefec70000 - 0x000007fefed79000 	C:\windows\system32\MSCTF.dll
0x00000000661a0000 - 0x0000000066272000 	C:\Program Files\Java\jdk1.8.0_45\jre\bin\msvcr100.dll
0x0000000060610000 - 0x0000000060e93000 	C:\Program Files\Java\jdk1.8.0_45\jre\bin\server\jvm.dll
0x000007fefa000000 - 0x000007fefa009000 	C:\windows\system32\WSOCK32.dll
0x000007fefdc80000 - 0x000007fefdccd000 	C:\windows\system32\WS2_32.dll
0x000007feff000000 - 0x000007feff008000 	C:\windows\system32\NSI.dll
0x000007fefadc0000 - 0x000007fefadfb000 	C:\windows\system32\WINMM.dll
0x000007fefc0d0000 - 0x000007fefc0dc000 	C:\windows\system32\VERSION.dll
0x0000000077320000 - 0x0000000077327000 	C:\windows\system32\PSAPI.DLL
0x0000000071990000 - 0x000000007199f000 	C:\Program Files\Java\jdk1.8.0_45\jre\bin\verify.dll
0x0000000071950000 - 0x0000000071979000 	C:\Program Files\Java\jdk1.8.0_45\jre\bin\java.dll
0x00000000717b0000 - 0x00000000717c6000 	C:\Program Files\Java\jdk1.8.0_45\jre\bin\zip.dll
0x000007fefdd20000 - 0x000007fefeaa8000 	C:\windows\system32\SHELL32.dll
0x000007feff010000 - 0x000007feff213000 	C:\windows\system32\ole32.dll
0x000007fefd5b0000 - 0x000007fefd5bf000 	C:\windows\system32\profapi.dll
0x000007fefaf50000 - 0x000007fefaf60000 	C:\Program Files (x86)\JetBrains\IntelliJ IDEA 12.1.7\bin\breakgen64.dll
0x0000000071790000 - 0x00000000717aa000 	C:\Program Files\Java\jdk1.8.0_45\jre\bin\net.dll
0x000007fefcb20000 - 0x000007fefcb75000 	C:\windows\system32\mswsock.dll
0x000007fefcb10000 - 0x000007fefcb17000 	C:\windows\System32\wship6.dll
0x0000000071420000 - 0x0000000071431000 	C:\Program Files\Java\jdk1.8.0_45\jre\bin\nio.dll
0x000007fefd480000 - 0x000007fefd4d7000 	C:\windows\system32\apphelp.dll
0x000007fef0c70000 - 0x000007fef0d95000 	C:\windows\system32\dbghelp.dll

VM Arguments:
jvm_args: -Dmaven.home=F:\apache-maven-3.2.3 -Dclassworlds.conf=F:\apache-maven-3.2.3\bin\m2.conf -Didea.launcher.port=7537 -Didea.launcher.bin.path=C:\Program Files (x86)\JetBrains\IntelliJ IDEA 12.1.7\bin -Dfile.encoding=UTF-8 
java_command: com.intellij.rt.execution.application.AppMain org.codehaus.classworlds.Launcher --fail-fast --strict-checksums deploy
java_class_path (initial): F:\apache-maven-3.2.3\boot\plexus-classworlds-2.5.1.jar;C:\Program Files (x86)\JetBrains\IntelliJ IDEA 12.1.7\lib\idea_rt.jar
Launcher Type: SUN_STANDARD

Environment Variables:
JAVA_HOME=C:\Program Files\Java\jdk1.8.0_45
CLASSPATH=C:\Program Files\Java\jdk1.8.0_45\lib\dt.jar;C:\Program Files\Java\jdk1.8.0_45\lib\tools.jar;
PATH=C:\Program Files (x86)\JetBrains\IntelliJ IDEA 12.1.7\bin\..\.\bin;C:\ProgramData\Oracle\Java\javapath;C:\Program Files (x86)\Common Files\NetSarang;C:\windows\system32;C:\windows;C:\windows\System32\Wbem;C:\windows\System32\WindowsPowerShell\v1.0\;C:\Program Files\Java\jdk1.8.0_45\bin;C:\Program Files\Java\jdk1.8.0_45\jre\bin;C:\Program Files\TortoiseSVN\bin;C:\cygwin\bin;C:\cygwin\bin;;c:\program files (x86)\jetbrains\intellij idea 12.1.7\jre\jre\bin
USERNAME=Administrator
OS=Windows_NT
PROCESSOR_IDENTIFIER=Intel64 Family 6 Model 58 Stepping 9, GenuineIntel



---------------  S Y S T E M  ---------------

OS: Windows 7 , 64 bit Build 7601 (6.1.7601.17965)

CPU:total 2 (2 cores per cpu, 1 threads per core) family 6 model 58 stepping 9, cmov, cx8, fxsr, mmx, sse, sse2, sse3, ssse3, sse4.1, sse4.2, popcnt, clmul, erms, tsc, tscinvbit, tscinv

Memory: 4k page, physical 8333864k(3728848k free), swap 25109228k(18840988k free)

vm_info: Java HotSpot(TM) 64-Bit Server VM (25.45-b02) for windows-amd64 JRE (1.8.0_45-b14), built on Apr 10 2015 10:34:15 by "java_re" with MS VC++ 10.0 (VS2010)

time: Wed Jan 27 17:58:28 2016
elapsed time: 4 seconds (0d 0h 0m 4s)

