#
# A fatal error has been detected by the Java Runtime Environment:
#
#  EXCEPTION_ACCESS_VIOLATION (0xc0000005) at pc=0x00000000032f90b3, pid=6320, tid=7012
#
# JRE version: Java(TM) SE Runtime Environment (8.0_45-b14) (build 1.8.0_45-b14)
# Java VM: Java HotSpot(TM) 64-Bit Server VM (25.45-b02 mixed mode windows-amd64 compressed oops)
# Problematic frame:
# J 3356 C2 java.util.HashSet.add(Ljava/lang/Object;)Z (20 bytes) @ 0x00000000032f90b3 [0x00000000032f9060+0x53]
#
# Failed to write core dump. Minidumps are not enabled by default on client versions of Windows
#
# If you would like to submit a bug report, please visit:
#   http://bugreport.java.com/bugreport/crash.jsp
#

---------------  T H R E A D  ---------------

Current thread (0x00000000004ae800):  JavaThread "main" [_thread_in_Java, id=7012, stack(0x00000000026c0000,0x00000000027c0000)]

siginfo: ExceptionCode=0xc0000005, reading address 0x00000000937d18a0

Registers:
RAX=0x0000000000000001, RBX=0x0000000000000000, RCX=0x00000000ff4e1f18, RDX=0x00000000ff4e1f08
RSP=0x00000000027bd950, RBP=0x00000000efe796c0, RSI=0x000000001dee7268, RDI=0x00000000ef969268
R8 =0x00000000567d0648, R9 =0x00000000ff4e1f18, R10=0x00000000ef969250, R11=0x00000000937d16d0
R12=0x0000000000000000, R13=0x00000000ef969250, R14=0x00000000ef969250, R15=0x00000000004ae800
RIP=0x00000000032f90b3, EFLAGS=0x0000000000010206

Top of Stack: (sp=0x00000000027bd950)
0x00000000027bd950:   00000000ef968f90 0000000000000000
0x00000000027bd960:   00000000027bd9a0 00000000027bd990
0x00000000027bd970:   00000000ff4e1bf8 0000000016a199a8
0x00000000027bd980:   0000000000008000 00000000032f9070
0x00000000027bd990:   00000000027bd990 0000000000000246
0x00000000027bd9a0:   00000000efe796c0 00000000031abdb4
0x00000000027bd9b0:   00000000eef3aa58 00000000027deba3
0x00000000027bd9c0:   0000000000000000 00000000027bd9e8
0x00000000027bd9d0:   00000000027bda30 00000000027c7b20
0x00000000027bd9e0:   00000000027c7b20 00000000ff4e1bf8
0x00000000027bd9f0:   00000000027bd9f0 000000005aec2b81
0x00000000027bda00:   00000000027bda50 000000005aec2fd8
0x00000000027bda10:   0000000000000000 000000005aec2c00
0x00000000027bda20:   00000000027bd9e8 00000000027bda48
0x00000000027bda30:   00000000027bda98 00000000027c7d06
0x00000000027bda40:   00000000ff4e1bf8 0000000082307ba8 

Instructions: (pc=0x00000000032f90b3)
0x00000000032f9093:   00 00 00 00 81 f9 88 de 7e 16 0f 85 ca 02 00 00
0x00000000032f90a3:   49 8b c9 4d 85 d2 0f 84 52 08 00 00 45 8b 5a 08
0x00000000032f90b3:   4d 8b 9b d0 01 00 00 4d 3b d8 0f 85 0f 08 00 00
0x00000000032f90c3:   4d 8b 1a 4d 8b c3 49 83 e0 07 49 83 f8 01 0f 85 


Register to memory mapping:

RAX=0x0000000000000001 is an unknown value
RBX=0x0000000000000000 is an unknown value
RCX=0x00000000ff4e1f18 is an oop
java.util.HashMap 
 - klass: 'java/util/HashMap'
RDX=0x00000000ff4e1f08 is an oop
java.util.HashSet 
 - klass: 'java/util/HashSet'
RSP=0x00000000027bd950 is pointing into the stack for thread: 0x00000000004ae800
RBP=0x00000000efe796c0 is an oop
org.codehaus.plexus.archiver.ArchiveEntry 
 - klass: 'org/codehaus/plexus/archiver/ArchiveEntry'
RSI=0x000000001dee7268 is an unknown value
RDI=0x00000000ef969268 is an oop
[C 
 - klass: {type array char}
 - length: 71
R8 ={method} {0x00000000567d0650} 'hashCode' '()I' in 'java/lang/Object'
R9 =0x00000000ff4e1f18 is an oop
java.util.HashMap 
 - klass: 'java/util/HashMap'
R10=0x00000000ef969250 is an unknown value
R11=0x00000000937d16d0 is an unallocated location in the heap
R12=0x0000000000000000 is an unknown value
R13=0x00000000ef969250 is an unknown value
R14=0x00000000ef969250 is an unknown value
R15=0x00000000004ae800 is a thread


Stack: [0x00000000026c0000,0x00000000027c0000],  sp=0x00000000027bd950,  free space=1014k
Native frames: (J=compiled Java code, j=interpreted, Vv=VM code, C=native code)
C  0x00000000032f90b3


---------------  P R O C E S S  ---------------

Java Threads: ( => current thread )
  0x00000000591df800 JavaThread "resolver-5" daemon [_thread_blocked, id=6452, stack(0x000000005c820000,0x000000005c920000)]
  0x0000000059eb5000 JavaThread "resolver-4" daemon [_thread_blocked, id=5596, stack(0x000000005c670000,0x000000005c770000)]
  0x000000005936c800 JavaThread "resolver-3" daemon [_thread_blocked, id=6720, stack(0x000000005c150000,0x000000005c250000)]
  0x000000005912e000 JavaThread "resolver-2" daemon [_thread_blocked, id=6108, stack(0x000000005c480000,0x000000005c580000)]
  0x0000000059cd2800 JavaThread "resolver-1" daemon [_thread_blocked, id=6684, stack(0x000000005c2d0000,0x000000005c3d0000)]
  0x00000000586b6000 JavaThread "Monitor Ctrl-Break" daemon [_thread_in_native, id=7064, stack(0x0000000058d00000,0x0000000058e00000)]
  0x00000000571cf800 JavaThread "Service Thread" daemon [_thread_blocked, id=6648, stack(0x0000000058a10000,0x0000000058b10000)]
  0x0000000057189800 JavaThread "C1 CompilerThread1" daemon [_thread_blocked, id=6364, stack(0x0000000058510000,0x0000000058610000)]
  0x000000005717a000 JavaThread "C2 CompilerThread0" daemon [_thread_in_native, id=5448, stack(0x0000000058280000,0x0000000058380000)]
  0x0000000057179000 JavaThread "Attach Listener" daemon [_thread_blocked, id=6256, stack(0x0000000057ef0000,0x0000000057ff0000)]
  0x0000000057161800 JavaThread "Signal Dispatcher" daemon [_thread_blocked, id=5348, stack(0x00000000580b0000,0x00000000581b0000)]
  0x000000005710c800 JavaThread "Finalizer" daemon [_thread_blocked, id=6464, stack(0x0000000057bb0000,0x0000000057cb0000)]
  0x0000000057102000 JavaThread "Reference Handler" daemon [_thread_blocked, id=6180, stack(0x0000000057de0000,0x0000000057ee0000)]
=>0x00000000004ae800 JavaThread "main" [_thread_in_Java, id=7012, stack(0x00000000026c0000,0x00000000027c0000)]

Other Threads:
  0x00000000570fc800 VMThread [stack: 0x0000000057cd0000,0x0000000057dd0000] [id=6940]
  0x0000000058638800 WatcherThread [stack: 0x0000000058b60000,0x0000000058c60000] [id=5880]

VM state:not at safepoint (normal execution)

VM Mutex/Monitor currently owned by a thread: None

Heap:
 PSYoungGen      total 680448K, used 444265K [0x00000000d5980000, 0x00000000fff00000, 0x0000000100000000)
  eden space 668160K, 65% used [0x00000000d5980000,0x00000000f05d4470,0x00000000fe600000)
  from space 12288K, 46% used [0x00000000ff300000,0x00000000ff886080,0x00000000fff00000)
  to   space 12800K, 0% used [0x00000000fe600000,0x00000000fe600000,0x00000000ff280000)
 ParOldGen       total 87552K, used 25173K [0x0000000080c00000, 0x0000000086180000, 0x00000000d5980000)
  object space 87552K, 28% used [0x0000000080c00000,0x00000000824954d0,0x0000000086180000)
 Metaspace       used 19179K, capacity 19830K, committed 20096K, reserved 1067008K
  class space    used 2202K, capacity 2386K, committed 2432K, reserved 1048576K

Card table byte_map: [0x0000000011b80000,0x0000000011f80000] byte_map_base: 0x000000001177a000

Marking Bits: (ParMarkBitMap*) 0x0000000062b04040
 Begin Bits: [0x0000000012430000, 0x0000000014400000)
 End Bits:   [0x0000000014400000, 0x00000000163d0000)

Polling page: 0x0000000000230000

CodeCache: size=245760Kb used=14584Kb max_used=14804Kb free=231176Kb
 bounds [0x00000000027c0000, 0x0000000003660000, 0x00000000117c0000]
 total_blobs=4440 nmethods=4101 adapters=252
 compilation: enabled

Compilation events (10 events):
Event: 15.216 Thread 0x000000005717a000 nmethod 4618 0x0000000002de4090 code [0x0000000002de4300, 0x0000000002de5860]
Event: 15.216 Thread 0x000000005717a000 4619       4       org.codehaus.plexus.archiver.AbstractArchiver::asArchiveEntry (64 bytes)
Event: 15.219 Thread 0x000000005717a000 nmethod 4619 0x0000000002d219d0 code [0x0000000002d21b40, 0x0000000002d21ef8]
Event: 15.224 Thread 0x000000005717a000 4626       4       org.codehaus.plexus.components.io.fileselectors.IncludeExcludeFileSelector::isIncluded (39 bytes)
Event: 15.228 Thread 0x000000005717a000 nmethod 4626 0x0000000002d47310 code [0x0000000002d47460, 0x0000000002d47728]
Event: 15.228 Thread 0x000000005717a000 4627       4       org.codehaus.plexus.components.io.attributes.PlexusIoResourceAttributeUtils::mergeAttributes (273 bytes)
Event: 15.228 Thread 0x000000005717a000 nmethod 4627 0x000000000335be50 code [0x000000000335bf80, 0x000000000335bfd8]
Event: 15.241 Thread 0x000000005717a000 4628       4       org.codehaus.plexus.archiver.AbstractArchiver$1::next (41 bytes)
Event: 15.242 Thread 0x000000005717a000 nmethod 4628 0x00000000031abc10 code [0x00000000031abd60, 0x00000000031abe58]
Event: 15.249 Thread 0x000000005717a000 4629       4       org.codehaus.plexus.components.io.fileselectors.IncludeExcludeFileSelector::isSelected (32 bytes)

GC Heap History (10 events):
Event: 5.011 GC heap before
{Heap before GC invocations=6 (full 0):
 PSYoungGen      total 138240K, used 138224K [0x00000000d5980000, 0x00000000e7980000, 0x0000000100000000)
  eden space 133120K, 100% used [0x00000000d5980000,0x00000000ddb80000,0x00000000ddb80000)
  from space 5120K, 99% used [0x00000000ddb80000,0x00000000de07c010,0x00000000de080000)
  to   space 14336K, 0% used [0x00000000e6b80000,0x00000000e6b80000,0x00000000e7980000)
 ParOldGen       total 87552K, used 18085K [0x0000000080c00000, 0x0000000086180000, 0x00000000d5980000)
  object space 87552K, 20% used [0x0000000080c00000,0x0000000081da9470,0x0000000086180000)
 Metaspace       used 18637K, capacity 19308K, committed 19584K, reserved 1067008K
  class space    used 2170K, capacity 2347K, committed 2432K, reserved 1048576K
Event: 5.064 GC heap after
Heap after GC invocations=6 (full 0):
 PSYoungGen      total 279552K, used 7081K [0x00000000d5980000, 0x00000000e7880000, 0x0000000100000000)
  eden space 266240K, 0% used [0x00000000d5980000,0x00000000d5980000,0x00000000e5d80000)
  from space 13312K, 53% used [0x00000000e6b80000,0x00000000e726a438,0x00000000e7880000)
  to   space 13824K, 0% used [0x00000000e5d80000,0x00000000e5d80000,0x00000000e6b00000)
 ParOldGen       total 87552K, used 18085K [0x0000000080c00000, 0x0000000086180000, 0x00000000d5980000)
  object space 87552K, 20% used [0x0000000080c00000,0x0000000081da9470,0x0000000086180000)
 Metaspace       used 18637K, capacity 19308K, committed 19584K, reserved 1067008K
  class space    used 2170K, capacity 2347K, committed 2432K, reserved 1048576K
}
Event: 6.252 GC heap before
{Heap before GC invocations=7 (full 0):
 PSYoungGen      total 279552K, used 273321K [0x00000000d5980000, 0x00000000e7880000, 0x0000000100000000)
  eden space 266240K, 100% used [0x00000000d5980000,0x00000000e5d80000,0x00000000e5d80000)
  from space 13312K, 53% used [0x00000000e6b80000,0x00000000e726a438,0x00000000e7880000)
  to   space 13824K, 0% used [0x00000000e5d80000,0x00000000e5d80000,0x00000000e6b00000)
 ParOldGen       total 87552K, used 18085K [0x0000000080c00000, 0x0000000086180000, 0x00000000d5980000)
  object space 87552K, 20% used [0x0000000080c00000,0x0000000081da9470,0x0000000086180000)
 Metaspace       used 18772K, capacity 19454K, committed 19584K, reserved 1067008K
  class space    used 2173K, capacity 2350K, committed 2432K, reserved 1048576K
Event: 6.293 GC heap after
Heap after GC invocations=7 (full 0):
 PSYoungGen      total 280064K, used 6800K [0x00000000d5980000, 0x00000000f7b80000, 0x0000000100000000)
  eden space 266240K, 0% used [0x00000000d5980000,0x00000000d5980000,0x00000000e5d80000)
  from space 13824K, 49% used [0x00000000e5d80000,0x00000000e6424010,0x00000000e6b00000)
  to   space 13312K, 0% used [0x00000000f6e80000,0x00000000f6e80000,0x00000000f7b80000)
 ParOldGen       total 87552K, used 18689K [0x0000000080c00000, 0x0000000086180000, 0x00000000d5980000)
  object space 87552K, 21% used [0x0000000080c00000,0x0000000081e404c0,0x0000000086180000)
 Metaspace       used 18772K, capacity 19454K, committed 19584K, reserved 1067008K
  class space    used 2173K, capacity 2350K, committed 2432K, reserved 1048576K
}
Event: 7.247 GC heap before
{Heap before GC invocations=8 (full 0):
 PSYoungGen      total 280064K, used 273040K [0x00000000d5980000, 0x00000000f7b80000, 0x0000000100000000)
  eden space 266240K, 100% used [0x00000000d5980000,0x00000000e5d80000,0x00000000e5d80000)
  from space 13824K, 49% used [0x00000000e5d80000,0x00000000e6424010,0x00000000e6b00000)
  to   space 13312K, 0% used [0x00000000f6e80000,0x00000000f6e80000,0x00000000f7b80000)
 ParOldGen       total 87552K, used 18689K [0x0000000080c00000, 0x0000000086180000, 0x00000000d5980000)
  object space 87552K, 21% used [0x0000000080c00000,0x0000000081e404c0,0x0000000086180000)
 Metaspace       used 18894K, capacity 19524K, committed 19840K, reserved 1067008K
  class space    used 2182K, capacity 2351K, committed 2432K, reserved 1048576K
Event: 7.267 GC heap after
Heap after GC invocations=8 (full 0):
 PSYoungGen      total 545792K, used 5296K [0x00000000d5980000, 0x00000000f7b80000, 0x0000000100000000)
  eden space 532480K, 0% used [0x00000000d5980000,0x00000000d5980000,0x00000000f6180000)
  from space 13312K, 39% used [0x00000000f6e80000,0x00000000f73ac010,0x00000000f7b80000)
  to   space 13312K, 0% used [0x00000000f6180000,0x00000000f6180000,0x00000000f6e80000)
 ParOldGen       total 87552K, used 20721K [0x0000000080c00000, 0x0000000086180000, 0x00000000d5980000)
  object space 87552K, 23% used [0x0000000080c00000,0x000000008203c4c0,0x0000000086180000)
 Metaspace       used 18894K, capacity 19524K, committed 19840K, reserved 1067008K
  class space    used 2182K, capacity 2351K, committed 2432K, reserved 1048576K
}
Event: 8.781 GC heap before
{Heap before GC invocations=9 (full 0):
 PSYoungGen      total 545792K, used 537776K [0x00000000d5980000, 0x00000000f7b80000, 0x0000000100000000)
  eden space 532480K, 100% used [0x00000000d5980000,0x00000000f6180000,0x00000000f6180000)
  from space 13312K, 39% used [0x00000000f6e80000,0x00000000f73ac010,0x00000000f7b80000)
  to   space 13312K, 0% used [0x00000000f6180000,0x00000000f6180000,0x00000000f6e80000)
 ParOldGen       total 87552K, used 20721K [0x0000000080c00000, 0x0000000086180000, 0x00000000d5980000)
  object space 87552K, 23% used [0x0000000080c00000,0x000000008203c4c0,0x0000000086180000)
 Metaspace       used 18933K, capacity 19594K, committed 19840K, reserved 1067008K
  class space    used 2183K, capacity 2352K, committed 2432K, reserved 1048576K
Event: 8.834 GC heap after
Heap after GC invocations=9 (full 0):
 PSYoungGen      total 545792K, used 5504K [0x00000000d5980000, 0x0000000100000000, 0x0000000100000000)
  eden space 532480K, 0% used [0x00000000d5980000,0x00000000d5980000,0x00000000f6180000)
  from space 13312K, 41% used [0x00000000f6180000,0x00000000f66e0000,0x00000000f6e80000)
  to   space 13312K, 0% used [0x00000000ff300000,0x00000000ff300000,0x0000000100000000)
 ParOldGen       total 87552K, used 23773K [0x0000000080c00000, 0x0000000086180000, 0x00000000d5980000)
  object space 87552K, 27% used [0x0000000080c00000,0x00000000823374d0,0x0000000086180000)
 Metaspace       used 18933K, capacity 19594K, committed 19840K, reserved 1067008K
  class space    used 2183K, capacity 2352K, committed 2432K, reserved 1048576K
}
Event: 14.768 GC heap before
{Heap before GC invocations=10 (full 0):
 PSYoungGen      total 545792K, used 537984K [0x00000000d5980000, 0x0000000100000000, 0x0000000100000000)
  eden space 532480K, 100% used [0x00000000d5980000,0x00000000f6180000,0x00000000f6180000)
  from space 13312K, 41% used [0x00000000f6180000,0x00000000f66e0000,0x00000000f6e80000)
  to   space 13312K, 0% used [0x00000000ff300000,0x00000000ff300000,0x0000000100000000)
 ParOldGen       total 87552K, used 23773K [0x0000000080c00000, 0x0000000086180000, 0x00000000d5980000)
  object space 87552K, 27% used [0x0000000080c00000,0x00000000823374d0,0x0000000086180000)
 Metaspace       used 19173K, capacity 19830K, committed 20096K, reserved 1067008K
  class space    used 2202K, capacity 2386K, committed 2432K, reserved 1048576K
Event: 14.795 GC heap after
Heap after GC invocations=10 (full 0):
 PSYoungGen      total 680448K, used 5656K [0x00000000d5980000, 0x00000000fff00000, 0x0000000100000000)
  eden space 668160K, 0% used [0x00000000d5980000,0x00000000d5980000,0x00000000fe600000)
  from space 12288K, 46% used [0x00000000ff300000,0x00000000ff886080,0x00000000fff00000)
  to   space 12800K, 0% used [0x00000000fe600000,0x00000000fe600000,0x00000000ff280000)
 ParOldGen       total 87552K, used 25173K [0x0000000080c00000, 0x0000000086180000, 0x00000000d5980000)
  object space 87552K, 28% used [0x0000000080c00000,0x00000000824954d0,0x0000000086180000)
 Metaspace       used 19173K, capacity 19830K, committed 20096K, reserved 1067008K
  class space    used 2202K, capacity 2386K, committed 2432K, reserved 1048576K
}

Deoptimization events (10 events):
Event: 11.024 Thread 0x00000000004ae800 Uncommon trap: reason=array_check action=maybe_recompile pc=0x0000000002a64fc8 method=java.util.AbstractCollection.toArray([Ljava/lang/Object;)[Ljava/lang/Object; @ 119
Event: 11.025 Thread 0x00000000004ae800 Uncommon trap: reason=array_check action=maybe_recompile pc=0x0000000002a64fc8 method=java.util.AbstractCollection.toArray([Ljava/lang/Object;)[Ljava/lang/Object; @ 119
Event: 11.025 Thread 0x00000000004ae800 Uncommon trap: reason=array_check action=maybe_recompile pc=0x0000000002a64fc8 method=java.util.AbstractCollection.toArray([Ljava/lang/Object;)[Ljava/lang/Object; @ 119
Event: 12.575 Thread 0x00000000004ae800 Uncommon trap: reason=null_check action=make_not_entrant pc=0x00000000035641e8 method=org.codehaus.plexus.util.xml.Xpp3Dom.mergeIntoXpp3Dom(Lorg/codehaus/plexus/util/xml/Xpp3Dom;Lorg/codehaus/plexus/util/xml/Xpp3Dom;Ljava/lang/Boolean;)V @ 19
Event: 12.980 Thread 0x00000000004ae800 Uncommon trap: reason=null_check action=make_not_entrant pc=0x0000000003587c3c method=org.codehaus.plexus.util.xml.Xpp3Dom.mergeIntoXpp3Dom(Lorg/codehaus/plexus/util/xml/Xpp3Dom;Lorg/codehaus/plexus/util/xml/Xpp3Dom;Ljava/lang/Boolean;)V @ 138
Event: 14.250 Thread 0x00000000004ae800 Uncommon trap: reason=class_check action=maybe_recompile pc=0x0000000003597904 method=org.apache.maven.RepositoryUtils.getLayout(Lorg/apache/maven/artifact/repository/ArtifactRepository;)Ljava/lang/String; @ 6
Event: 14.250 Thread 0x00000000004ae800 Uncommon trap: reason=class_check action=maybe_recompile pc=0x0000000003597904 method=org.apache.maven.RepositoryUtils.getLayout(Lorg/apache/maven/artifact/repository/ArtifactRepository;)Ljava/lang/String; @ 6
Event: 14.250 Thread 0x00000000004ae800 Uncommon trap: reason=class_check action=maybe_recompile pc=0x0000000003597c14 method=org.apache.maven.RepositoryUtils.getLayout(Lorg/apache/maven/artifact/repository/ArtifactRepository;)Ljava/lang/String; @ 6
Event: 14.250 Thread 0x00000000004ae800 Uncommon trap: reason=class_check action=maybe_recompile pc=0x0000000003597c14 method=org.apache.maven.RepositoryUtils.getLayout(Lorg/apache/maven/artifact/repository/ArtifactRepository;)Ljava/lang/String; @ 6
Event: 14.411 Thread 0x00000000004ae800 Uncommon trap: reason=null_check action=make_not_entrant pc=0x00000000035a69f8 method=org.apache.maven.model.building.DefaultModelBuilder.importDependencyManagement(Lorg/apache/maven/model/Model;Lorg/apache/maven/model/building/ModelBuildingRequest;Lorg/ap”è^J&@

Internal exceptions (10 events):
Event: 1.387 Thread 0x00000000004ae800 Implicit null exception at 0x0000000002b29bc5 to 0x0000000002b29d91
Event: 1.387 Thread 0x00000000004ae800 Implicit null exception at 0x0000000002b8db6f to 0x0000000002b8dbd5
Event: 1.435 Thread 0x00000000004ae800 Implicit null exception at 0x0000000002ce490d to 0x0000000002ce5abd
Event: 5.623 Thread 0x00000000004ae800 Implicit null exception at 0x00000000033276ef to 0x0000000003327f31
Event: 6.737 Thread 0x00000000004ae800 Implicit null exception at 0x00000000028d2fa6 to 0x00000000028d4d21
Event: 10.563 Thread 0x00000000004ae800 Implicit null exception at 0x0000000002c9351f to 0x0000000002c93761
Event: 10.980 Thread 0x00000000004ae800 Implicit null exception at 0x0000000002da7f47 to 0x0000000002dab8f7
Event: 12.575 Thread 0x00000000004ae800 Implicit null exception at 0x000000000356024b to 0x00000000035641d9
Event: 12.980 Thread 0x00000000004ae800 Implicit null exception at 0x0000000003584257 to 0x0000000003587c31
Event: 14.411 Thread 0x00000000004ae800 Implicit null exception at 0x00000000035a6409 to 0x00000000035a69a9

Events (10 events):
Event: 14.951 Thread 0x0000000057189800 flushing nmethod 0x0000000003175350
Event: 14.951 Thread 0x0000000057189800 flushing nmethod 0x000000000317f890
Event: 14.951 Thread 0x0000000057189800 flushing nmethod 0x00000000031aba90
Event: 14.953 Thread 0x000000005717a000 flushing nmethod 0x0000000003203610
Event: 14.953 Thread 0x000000005717a000 flushing nmethod 0x0000000003216390
Event: 14.953 Thread 0x000000005717a000 flushing nmethod 0x00000000032271d0
Event: 14.953 Thread 0x000000005717a000 flushing nmethod 0x000000000323e0d0
Event: 14.953 Thread 0x000000005717a000 flushing nmethod 0x00000000032ae410
Event: 14.953 Thread 0x000000005717a000 flushing nmethod 0x00000000032e6150
Event: 14.953 Thread 0x000000005717a000 flushing nmethod 0x00000000032faa90


Dynamic libraries:
0x000000013f8d0000 - 0x000000013f907000 	C:\Program Files\Java\jdk1.8.0_45\bin\java.exe
0x0000000077150000 - 0x00000000772f9000 	C:\windows\SYSTEM32\ntdll.dll
0x0000000076bc0000 - 0x0000000076cdf000 	C:\windows\system32\kernel32.dll
0x000007fefd8f0000 - 0x000007fefd95c000 	C:\windows\system32\KERNELBASE.dll
0x000007fefeab0000 - 0x000007fefeb8b000 	C:\windows\system32\ADVAPI32.dll
0x000007feff2c0000 - 0x000007feff35f000 	C:\windows\system32\msvcrt.dll
0x000007feff440000 - 0x000007feff45f000 	C:\windows\SYSTEM32\sechost.dll
0x000007fefeed0000 - 0x000007fefeffd000 	C:\windows\system32\RPCRT4.dll
0x0000000076e40000 - 0x0000000076f3a000 	C:\windows\system32\USER32.dll
0x000007fefed80000 - 0x000007fefede7000 	C:\windows\system32\GDI32.dll
0x000007feff360000 - 0x000007feff36e000 	C:\windows\system32\LPK.dll
0x000007feff370000 - 0x000007feff439000 	C:\windows\system32\USP10.dll
0x000007fefd100000 - 0x000007fefd2f4000 	C:\windows\WinSxS\amd64_microsoft.windows.common-controls_6595b64144ccf1df_6.0.7601.17514_none_fa396087175ac9ac\COMCTL32.dll
0x000007fefeb90000 - 0x000007fefec01000 	C:\windows\system32\SHLWAPI.dll
0x000007fefdcd0000 - 0x000007fefdcfe000 	C:\windows\system32\IMM32.DLL
0x000007fefec70000 - 0x000007fefed79000 	C:\windows\system32\MSCTF.dll
0x0000000066b20000 - 0x0000000066bf2000 	C:\Program Files\Java\jdk1.8.0_45\jre\bin\msvcr100.dll
0x0000000062300000 - 0x0000000062b83000 	C:\Program Files\Java\jdk1.8.0_45\jre\bin\server\jvm.dll
0x000007fefaf50000 - 0x000007fefaf59000 	C:\windows\system32\WSOCK32.dll
0x000007fefdc80000 - 0x000007fefdccd000 	C:\windows\system32\WS2_32.dll
0x000007feff000000 - 0x000007feff008000 	C:\windows\system32\NSI.dll
0x000007fefadc0000 - 0x000007fefadfb000 	C:\windows\system32\WINMM.dll
0x000007fefc0d0000 - 0x000007fefc0dc000 	C:\windows\system32\VERSION.dll
0x0000000077320000 - 0x0000000077327000 	C:\windows\system32\PSAPI.DLL
0x0000000071970000 - 0x000000007197f000 	C:\Program Files\Java\jdk1.8.0_45\jre\bin\verify.dll
0x00000000717a0000 - 0x00000000717c9000 	C:\Program Files\Java\jdk1.8.0_45\jre\bin\java.dll
0x0000000071950000 - 0x0000000071966000 	C:\Program Files\Java\jdk1.8.0_45\jre\bin\zip.dll
0x000007fefdd20000 - 0x000007fefeaa8000 	C:\windows\system32\SHELL32.dll
0x000007feff010000 - 0x000007feff213000 	C:\windows\system32\ole32.dll
0x000007fefd5b0000 - 0x000007fefd5bf000 	C:\windows\system32\profapi.dll
0x000007fefb8a0000 - 0x000007fefb8b0000 	C:\Program Files (x86)\JetBrains\IntelliJ IDEA 12.1.7\bin\breakgen64.dll
0x0000000071780000 - 0x000000007179a000 	C:\Program Files\Java\jdk1.8.0_45\jre\bin\net.dll
0x000007fefcb20000 - 0x000007fefcb75000 	C:\windows\system32\mswsock.dll
0x000007fefcb10000 - 0x000007fefcb17000 	C:\windows\System32\wship6.dll
0x0000000070e90000 - 0x0000000070ea1000 	C:\Program Files\Java\jdk1.8.0_45\jre\bin\nio.dll
0x000007fefd480000 - 0x000007fefd4d7000 	C:\windows\system32\apphelp.dll
0x000007fef0c70000 - 0x000007fef0d95000 	C:\windows\system32\dbghelp.dll

VM Arguments:
jvm_args: -Dmaven.home=F:\apache-maven-3.2.3 -Dclassworlds.conf=F:\apache-maven-3.2.3\bin\m2.conf -Didea.launcher.port=7535 -Didea.launcher.bin.path=C:\Program Files (x86)\JetBrains\IntelliJ IDEA 12.1.7\bin -Dfile.encoding=UTF-8 
java_command: com.intellij.rt.execution.application.AppMain org.codehaus.classworlds.Launcher --fail-fast --strict-checksums deploy
java_class_path (initial): F:\apache-maven-3.2.3\boot\plexus-classworlds-2.5.1.jar;C:\Program Files (x86)\JetBrains\IntelliJ IDEA 12.1.7\lib\idea_rt.jar
Launcher Type: SUN_STANDARD

Environment Variables:
JAVA_HOME=C:\Program Files\Java\jdk1.8.0_45
CLASSPATH=C:\Program Files\Java\jdk1.8.0_45\lib\dt.jar;C:\Program Files\Java\jdk1.8.0_45\lib\tools.jar;
PATH=C:\Program Files (x86)\JetBrains\IntelliJ IDEA 12.1.7\bin\..\.\bin;C:\ProgramData\Oracle\Java\javapath;C:\Program Files (x86)\Common Files\NetSarang;C:\windows\system32;C:\windows;C:\windows\System32\Wbem;C:\windows\System32\WindowsPowerShell\v1.0\;C:\Program Files\Java\jdk1.8.0_45\bin;C:\Program Files\Java\jdk1.8.0_45\jre\bin;C:\Program Files\TortoiseSVN\bin;C:\cygwin\bin;C:\cygwin\bin;;c:\program files (x86)\jetbrains\intellij idea 12.1.7\jre\jre\bin
USERNAME=Administrator
OS=Windows_NT
PROCESSOR_IDENTIFIER=Intel64 Family 6 Model 58 Stepping 9, GenuineIntel



---------------  S Y S T E M  ---------------

OS: Windows 7 , 64 bit Build 7601 (6.1.7601.17965)

CPU:total 2 (2 cores per cpu, 1 threads per core) family 6 model 58 stepping 9, cmov, cx8, fxsr, mmx, sse, sse2, sse3, ssse3, sse4.1, sse4.2, popcnt, clmul, erms, tsc, tscinvbit, tscinv

Memory: 4k page, physical 8333864k(3339312k free), swap 25109228k(18396036k free)

vm_info: Java HotSpot(TM) 64-Bit Server VM (25.45-b02) for windows-amd64 JRE (1.8.0_45-b14), built on Apr 10 2015 10:34:15 by "java_re" with MS VC++ 10.0 (VS2010)

time: Thu Jan 28 14:20:05 2016
elapsed time: 15 seconds (0d 0h 0m 15s)

