#
# A fatal error has been detected by the Java Runtime Environment:
#
#  EXCEPTION_ACCESS_VIOLATION (0xc0000005) at pc=0x0000000066cd2b4b, pid=5048, tid=4640
#
# JRE version: Java(TM) SE Runtime Environment (8.0_45-b14) (build 1.8.0_45-b14)
# Java VM: Java HotSpot(TM) 64-Bit Server VM (25.45-b02 mixed mode windows-amd64 compressed oops)
# Problematic frame:
# V  [jvm.dll+0x112b4b]
#
# Failed to write core dump. Minidumps are not enabled by default on client versions of Windows
#
# If you would like to submit a bug report, please visit:
#   http://bugreport.java.com/bugreport/crash.jsp
#

---------------  T H R E A D  ---------------

Current thread (0x0000000001ca5000):  GCTaskThread [stack: 0x00000000125b0000,0x00000000126b0000] [id=4640]

siginfo: ExceptionCode=0xc0000005, reading address 0x00000000d2a516d8

Registers:
RAX=0x00000000126b0000, RBX=0x0000000084b411d0, RCX=0x0000000000000000, RDX=0x0000000000000001
RSP=0x00000000126afb60, RBP=0x0000000084b41190, RSI=0x000000005733a4c0, RDI=0x000000005733a4c0
R8 =0x00000000d2a516d0, R9 =0x0000000016bfb498, R10=0x000000000000000c, R11=0x00000000671b49c8
R12=0x0000000084b411d0, R13=0x0000000016bfb9c0, R14=0x0000000016bfb9c8, R15=0x0000000084b41180
RIP=0x0000000066cd2b4b, EFLAGS=0x0000000000010202

Top of Stack: (sp=0x00000000126afb60)
0x00000000126afb60:   0000000016bfb498 0000000084b40f0c
0x00000000126afb70:   0000000000000005 0000000066dd9a62
0x00000000126afb80:   0000000000000000 0000000001ca59d0
0x00000000126afb90:   0000000001c9ca50 000000005733a4c0
0x00000000126afba0:   00000000000003b1 0000000066faf680
0x00000000126afbb0:   0000000057671dd0 00000000126afcc9
0x00000000126afbc0:   000000005733a4c0 0000000067205c28
0x00000000126afbd0:   0000000057670e98 00000000126afcc9
0x00000000126afbe0:   0000000000000000 0000000000000004
0x00000000126afbf0:   000000005733a4c0 0000000066cd1202
0x00000000126afc00:   0000000080d5f768 0000000000000000
0x00000000126afc10:   0000000000000000 0000000001c9ca50
0x00000000126afc20:   0000000001ca59e0 0000000001ca59d0
0x00000000126afc30:   0000000067205c28 000000005733a4c0
0x00000000126afc40:   0000000000000000 00000000126afcc9
0x00000000126afc50:   00000000572c5540 0000000066fac700 

Instructions: (pc=0x0000000066cd2b4b)
0x0000000066cd2b2b:   6e 00 84 d2 74 16 44 8b 43 08 8b 0d 6d dc 67 00
0x0000000066cd2b3b:   49 d3 e0 4c 03 05 5b dc 67 00 eb 04 4c 8b 43 08
0x0000000066cd2b4b:   45 8b 48 08 45 85 c9 7e 0c 41 f6 c1 01 75 4b 41
0x0000000066cd2b5b:   c1 f9 03 eb 57 79 43 84 d2 41 8b c9 b8 10 00 00 


Register to memory mapping:

RAX=0x00000000126b0000 is an unknown value
RBX=
[error occurred during error reporting (printing register info), id 0xc0000005]

Stack: [0x00000000125b0000,0x00000000126b0000],  sp=0x00000000126afb60,  free space=1022k
Native frames: (J=compiled Java code, j=interpreted, Vv=VM code, C=native code)
V  [jvm.dll+0x112b4b]
V  [jvm.dll+0x3ef680]
V  [jvm.dll+0x3ec700]
V  [jvm.dll+0x3ea33e]
V  [jvm.dll+0x29853a]
C  [msvcr100.dll+0x21d9f]
C  [msvcr100.dll+0x21e3b]
C  [kernel32.dll+0x1652d]
C  [ntdll.dll+0x2c521]


---------------  P R O C E S S  ---------------

Java Threads: ( => current thread )
  0x0000000059e43000 JavaThread "resolver-5" daemon [_thread_blocked, id=3340, stack(0x000000005e1b0000,0x000000005e2b0000)]
  0x0000000059e42000 JavaThread "resolver-4" daemon [_thread_blocked, id=4144, stack(0x000000005e000000,0x000000005e100000)]
  0x000000005ba41800 JavaThread "resolver-3" daemon [_thread_blocked, id=4076, stack(0x000000005dde0000,0x000000005dee0000)]
  0x000000005ba40800 JavaThread "resolver-2" daemon [_thread_blocked, id=3036, stack(0x000000005dc40000,0x000000005dd40000)]
  0x000000005a89b000 JavaThread "resolver-1" daemon [_thread_blocked, id=4548, stack(0x000000005daf0000,0x000000005dbf0000)]
  0x0000000058654000 JavaThread "Monitor Ctrl-Break" daemon [_thread_in_native, id=456, stack(0x0000000058f60000,0x0000000059060000)]
  0x00000000585cc800 JavaThread "Service Thread" daemon [_thread_blocked, id=4116, stack(0x0000000058ac0000,0x0000000058bc0000)]
  0x0000000057407000 JavaThread "C1 CompilerThread1" daemon [_thread_blocked, id=3148, stack(0x00000000584b0000,0x00000000585b0000)]
  0x00000000573fa000 JavaThread "C2 CompilerThread0" daemon [_thread_blocked, id=1704, stack(0x0000000058330000,0x0000000058430000)]
  0x00000000573f9000 JavaThread "Attach Listener" daemon [_thread_blocked, id=2280, stack(0x0000000058090000,0x0000000058190000)]
  0x00000000573e1800 JavaThread "Signal Dispatcher" daemon [_thread_blocked, id=3120, stack(0x00000000581d0000,0x00000000582d0000)]
  0x000000005738c800 JavaThread "Finalizer" daemon [_thread_blocked, id=3056, stack(0x0000000057f90000,0x0000000058090000)]
  0x0000000057382000 JavaThread "Reference Handler" daemon [_thread_blocked, id=3304, stack(0x0000000057e00000,0x0000000057f00000)]
  0x00000000025fe800 JavaThread "main" [_thread_blocked, id=4944, stack(0x00000000027a0000,0x00000000028a0000)]

Other Threads:
  0x000000005737c800 VMThread [stack: 0x0000000057c30000,0x0000000057d30000] [id=5016]
  0x00000000585da000 WatcherThread [stack: 0x0000000058c30000,0x0000000058d30000] [id=5012]

=>0x0000000001ca5000 (exited) GCTaskThread [stack: 0x00000000125b0000,0x00000000126b0000] [id=4640]

VM state:at safepoint (normal execution)

VM Mutex/Monitor currently owned by a thread:  ([mutex/lock_event])
[0x00000000025fc3c0] Threads_lock - owner thread: 0x000000005737c800
[0x00000000025fc8c0] Heap_lock - owner thread: 0x00000000025fe800

Heap:
 PSYoungGen      total 637952K, used 16296K [0x00000000d5980000, 0x0000000100000000, 0x0000000100000000)
  eden space 578048K, 0% used [0x00000000d5980000,0x00000000d5980000,0x00000000f8e00000)
  from space 59904K, 27% used [0x00000000fc580000,0x00000000fd56a170,0x0000000100000000)
  to   space 56832K, 0% used [0x00000000f8e00000,0x00000000f8e00000,0x00000000fc580000)
 ParOldGen       total 168960K, used 119886K [0x0000000080c00000, 0x000000008b100000, 0x00000000d5980000)
  object space 168960K, 70% used [0x0000000080c00000,0x0000000088113bb8,0x000000008b100000)
 Metaspace       used 27792K, capacity 28634K, committed 28848K, reserved 1075200K
  class space    used 3152K, capacity 3384K, committed 3504K, reserved 1048576K

Card table byte_map: [0x0000000011c60000,0x0000000012060000] byte_map_base: 0x000000001185a000

Marking Bits: (ParMarkBitMap*) 0x00000000673c4040
 Begin Bits: [0x00000000126b0000, 0x0000000014680000)
 End Bits:   [0x0000000014680000, 0x0000000016650000)

Polling page: 0x0000000000230000

CodeCache: size=245760Kb used=19219Kb max_used=19615Kb free=226540Kb
 bounds [0x00000000028a0000, 0x0000000003c00000, 0x00000000118a0000]
 total_blobs=5824 nmethods=5442 adapters=294
 compilation: enabled

Compilation events (10 events):
Event: 305.308 Thread 0x0000000057407000 6624       3       org.codehaus.plexus.util.xml.XmlStreamWriter::write (28 bytes)
Event: 305.308 Thread 0x0000000057407000 nmethod 6624 0x0000000002f1d550 code [0x0000000002f1d6c0, 0x0000000002f1d958]
Event: 305.310 Thread 0x00000000573fa000 6625   !   4       org.codehaus.plexus.util.xml.pull.MXParser::parseComment (486 bytes)
Event: 305.314 Thread 0x00000000573fa000 nmethod 6625 0x0000000002c36d10 code [0x0000000002c36e80, 0x0000000002c371b8]
Event: 305.314 Thread 0x00000000573fa000 6629       4       java.util.WeakHashMap::get (77 bytes)
Event: 305.317 Thread 0x00000000573fa000 nmethod 6629 0x00000000036c7750 code [0x00000000036c78a0, 0x00000000036c7a88]
Event: 305.317 Thread 0x00000000573fa000 6627   !   4       org.codehaus.plexus.interpolation.StringSearchInterpolator::interpolate (655 bytes)
Event: 305.329 Thread 0x0000000057407000 6633       3       java.util.IdentityHashMap::remove (102 bytes)
Event: 305.330 Thread 0x0000000057407000 nmethod 6633 0x0000000002d2de50 code [0x0000000002d2e020, 0x0000000002d2e798]
Event: 305.330 Thread 0x0000000057407000 6630       3       java.util.HashSet::iterator (13 bytes)

GC Heap History (10 events):
Event: 18.014 GC heap after
Heap after GC invocations=18 (full 1):
 PSYoungGen      total 506368K, used 15351K [0x00000000d5980000, 0x00000000fd000000, 0x0000000100000000)
  eden space 491008K, 0% used [0x00000000d5980000,0x00000000d5980000,0x00000000f3900000)
  from space 15360K, 99% used [0x00000000f3900000,0x00000000f47fdc28,0x00000000f4800000)
  to   space 31232K, 0% used [0x00000000fb180000,0x00000000fb180000,0x00000000fd000000)
 ParOldGen       total 91136K, used 71725K [0x0000000080c00000, 0x0000000086500000, 0x00000000d5980000)
  object space 91136K, 78% used [0x0000000080c00000,0x000000008520b610,0x0000000086500000)
 Metaspace       used 25066K, capacity 25804K, committed 25904K, reserved 1073152K
  class space    used 2865K, capacity 3035K, committed 3120K, reserved 1048576K
}
Event: 18.014 GC heap before
{Heap before GC invocations=19 (full 2):
 PSYoungGen      total 506368K, used 15351K [0x00000000d5980000, 0x00000000fd000000, 0x0000000100000000)
  eden space 491008K, 0% used [0x00000000d5980000,0x00000000d5980000,0x00000000f3900000)
  from space 15360K, 99% used [0x00000000f3900000,0x00000000f47fdc28,0x00000000f4800000)
  to   space 31232K, 0% used [0x00000000fb180000,0x00000000fb180000,0x00000000fd000000)
 ParOldGen       total 91136K, used 71725K [0x0000000080c00000, 0x0000000086500000, 0x00000000d5980000)
  object space 91136K, 78% used [0x0000000080c00000,0x000000008520b610,0x0000000086500000)
 Metaspace       used 25066K, capacity 25804K, committed 25904K, reserved 1073152K
  class space    used 2865K, capacity 3035K, committed 3120K, reserved 1048576K
Event: 18.221 GC heap after
Heap after GC invocations=19 (full 2):
 PSYoungGen      total 506368K, used 0K [0x00000000d5980000, 0x00000000fd000000, 0x0000000100000000)
  eden space 491008K, 0% used [0x00000000d5980000,0x00000000d5980000,0x00000000f3900000)
  from space 15360K, 0% used [0x00000000f3900000,0x00000000f3900000,0x00000000f4800000)
  to   space 31232K, 0% used [0x00000000fb180000,0x00000000fb180000,0x00000000fd000000)
 ParOldGen       total 168960K, used 77528K [0x0000000080c00000, 0x000000008b100000, 0x00000000d5980000)
  object space 168960K, 45% used [0x0000000080c00000,0x00000000857b63f8,0x000000008b100000)
 Metaspace       used 25066K, capacity 25804K, committed 25904K, reserved 1073152K
  class space    used 2865K, capacity 3035K, committed 3120K, reserved 1048576K
}
Event: 20.953 GC heap before
{Heap before GC invocations=20 (full 2):
 PSYoungGen      total 506368K, used 491008K [0x00000000d5980000, 0x00000000fd000000, 0x0000000100000000)
  eden space 491008K, 100% used [0x00000000d5980000,0x00000000f3900000,0x00000000f3900000)
  from space 15360K, 0% used [0x00000000f3900000,0x00000000f3900000,0x00000000f4800000)
  to   space 31232K, 0% used [0x00000000fb180000,0x00000000fb180000,0x00000000fd000000)
 ParOldGen       total 168960K, used 77528K [0x0000000080c00000, 0x000000008b100000, 0x00000000d5980000)
  object space 168960K, 45% used [0x0000000080c00000,0x00000000857b63f8,0x000000008b100000)
 Metaspace       used 25074K, capacity 25804K, committed 25904K, reserved 1073152K
  class space    used 2865K, capacity 3035K, committed 3120K, reserved 1048576K
Event: 20.994 GC heap after
Heap after GC invocations=20 (full 2):
 PSYoungGen      total 600576K, used 31201K [0x00000000d5980000, 0x00000000ff480000, 0x0000000100000000)
  eden space 569344K, 0% used [0x00000000d5980000,0x00000000d5980000,0x00000000f8580000)
  from space 31232K, 99% used [0x00000000fb180000,0x00000000fcff8698,0x00000000fd000000)
  to   space 45056K, 0% used [0x00000000f8580000,0x00000000f8580000,0x00000000fb180000)
 ParOldGen       total 168960K, used 100222K [0x0000000080c00000, 0x000000008b100000, 0x00000000d5980000)
  object space 168960K, 59% used [0x0000000080c00000,0x0000000086ddfb08,0x000000008b100000)
 Metaspace       used 25074K, capacity 25804K, committed 25904K, reserved 1073152K
  class space    used 2865K, capacity 3035K, committed 3120K, reserved 1048576K
}
Event: 24.199 GC heap before
{Heap before GC invocations=21 (full 2):
 PSYoungGen      total 600576K, used 600545K [0x00000000d5980000, 0x00000000ff480000, 0x0000000100000000)
  eden space 569344K, 100% used [0x00000000d5980000,0x00000000f8580000,0x00000000f8580000)
  from space 31232K, 99% used [0x00000000fb180000,0x00000000fcff8698,0x00000000fd000000)
  to   space 45056K, 0% used [0x00000000f8580000,0x00000000f8580000,0x00000000fb180000)
 ParOldGen       total 168960K, used 100222K [0x0000000080c00000, 0x000000008b100000, 0x00000000d5980000)
  object space 168960K, 59% used [0x0000000080c00000,0x0000000086ddfb08,0x000000008b100000)
 Metaspace       used 25074K, capacity 25804K, committed 25904K, reserved 1073152K
  class space    used 2865K, capacity 3035K, committed 3120K, reserved 1048576K
Event: 24.252 GC heap after
Heap after GC invocations=21 (full 2):
 PSYoungGen      total 614400K, used 45044K [0x00000000d5980000, 0x0000000100000000, 0x0000000100000000)
  eden space 569344K, 0% used [0x00000000d5980000,0x00000000d5980000,0x00000000f8580000)
  from space 45056K, 99% used [0x00000000f8580000,0x00000000fb17d010,0x00000000fb180000)
  to   space 59904K, 0% used [0x00000000fc580000,0x00000000fc580000,0x0000000100000000)
 ParOldGen       total 168960K, used 119878K [0x0000000080c00000, 0x000000008b100000, 0x00000000d5980000)
  object space 168960K, 70% used [0x0000000080c00000,0x0000000088111bb8,0x000000008b100000)
 Metaspace       used 25074K, capacity 25804K, committed 25904K, reserved 1073152K
  class space    used 2865K, capacity 3035K, committed 3120K, reserved 1048576K
}
Event: 305.330 GC heap before
{Heap before GC invocations=22 (full 2):
 PSYoungGen      total 614400K, used 158760K [0x00000000d5980000, 0x0000000100000000, 0x0000000100000000)
  eden space 569344K, 19% used [0x00000000d5980000,0x00000000dc88d180,0x00000000f8580000)
  from space 45056K, 99% used [0x00000000f8580000,0x00000000fb17d010,0x00000000fb180000)
  to   space 59904K, 0% used [0x00000000fc580000,0x00000000fc580000,0x0000000100000000)
 ParOldGen       total 168960K, used 119878K [0x0000000080c00000, 0x000000008b100000, 0x00000000d5980000)
  object space 168960K, 70% used [0x0000000080c00000,0x0000000088111bb8,0x000000008b100000)
 Metaspace       used 27792K, capacity 28634K, committed 28848K, reserved 1075200K
  class space    used 3152K, capacity 3384K, committed 3504K, reserved 1048576K
Event: 305.345 GC heap after
Heap after GC invocations=22 (full 2):
 PSYoungGen      total 637952K, used 16296K [0x00000000d5980000, 0x0000000100000000, 0x0000000100000000)
  eden space 578048K, 0% used [0x00000000d5980000,0x00000000d5980000,0x00000000f8e00000)
  from space 59904K, 27% used [0x00000000fc580000,0x00000000fd56a170,0x0000000100000000)
  to   space 56832K, 0% used [0x00000000f8e00000,0x00000000f8e00000,0x00000000fc580000)
 ParOldGen       total 168960K, used 119886K [0x0000000080c00000, 0x000000008b100000, 0x00000000d5980000)
  object space 168960K, 70% used [0x0000000080c00000,0x0000000088113bb8,0x000000008b100000)
 Metaspace       used 27792K, capacity 28634K, committed 28848K, reserved 1075200K
  class space    used 3152K, capacity 3384K, committed 3504K, reserved 1048576K
}
Event: 305.345 GC heap before
{Heap before GC invocations=23 (full 3):
 PSYoungGen      total 637952K, used 16296K [0x00000000d5980000, 0x0000000100000000, 0x0000000100000000)
  eden space 578048K, 0% used [0x00000000d5980000,0x00000000d5980000,0x00000000f8e00000)
  from space 59904K, 27% used [0x00000000fc580000,0x00000000fd56a170,0x0000000100000000)
  to   space 56832K, 0% used [0x00000000f8e00000,0x00000000f8e00000,0x00000000fc580000)
 ParOldGen       total 168960K, used 119886K [0x0000000080c00000, 0x000000008b100000, 0x00000000d5980000)
  object space 168960K, 70% used [0x0000000080c00000,0x0000000088113bb8,0x000000008b100000)
 Metaspace       used 27792K, capacity 28634K, committed 28848K, reserved 1075200K
  class space    used 3152K, capacity 3384K, committed 3504K, reserved 1048576K

Deoptimization events (10 events):
Event: 25.891 Thread 0x00000000025fe800 Uncommon trap: reason=unstable_if action=reinterpret pc=0x000000000372bc94 method=java.util.Properties$LineReader.readLine()I @ 200
Event: 25.922 Thread 0x00000000025fe800 Uncommon trap: reason=unstable_if action=reinterpret pc=0x0000000002af1ba8 method=sun.net.www.protocol.jar.Handler.parseURL(Ljava/net/URL;Ljava/lang/String;II)V @ 68
Event: 42.984 Thread 0x000000005a6d1000 Uncommon trap: reason=unstable_if action=reinterpret pc=0x00000000035c7844 method=java.io.BufferedReader.readLine(Z)Ljava/lang/String; @ 265
Event: 42.984 Thread 0x000000005a6d1000 Uncommon trap: reason=unstable_if action=reinterpret pc=0x00000000029ec1e8 method=sun.nio.cs.UTF_8$Encoder.encodeArrayLoop(Ljava/nio/CharBuffer;Ljava/nio/ByteBuffer;)Ljava/nio/charset/CoderResult; @ 113
Event: 305.206 Thread 0x00000000025fe800 Uncommon trap: reason=unstable_if action=reinterpret pc=0x0000000003acf500 method=java.io.ExpiringCache.entryFor(Ljava/lang/String;)Ljava/io/ExpiringCache$Entry; @ 39
Event: 305.206 Thread 0x00000000025fe800 Uncommon trap: reason=unstable_if action=reinterpret pc=0x0000000002e0aa90 method=java.io.ExpiringCache.entryFor(Ljava/lang/String;)Ljava/io/ExpiringCache$Entry; @ 39
Event: 305.213 Thread 0x00000000025fe800 Uncommon trap: reason=unstable_if action=reinterpret pc=0x0000000002e8e1d8 method=sun.net.www.protocol.jar.JarURLConnection$JarURLInputStream.close()V @ 11
Event: 305.223 Thread 0x00000000025fe800 Uncommon trap: reason=unstable_if action=reinterpret pc=0x00000000037d94ac method=java.util.IdentityHashMap.closeDeletion(I)V @ 37
Event: 305.232 Thread 0x00000000025fe800 Uncommon trap: reason=unstable_if action=reinterpret pc=0x000000000387d834 method=java.io.BufferedOutputStream.write([BII)V @ 6
Event: 305.328 Thread 0x00000000025fe800 Uncommon trap: reason=bimorphic action=maybe_recompile pc=0x0000000003b92bc4 method=java.lang.Throwable.<init>(Ljava/lang/String;Ljava/lang/Throwable;)V @ 24

Internal exceptions (10 events):
Event: 3.800 Thread 0x00000000025fe800 Exception <a 'java/io/FileNotFoundException'> (0x00000000d817c250) thrown at [C:\re\workspace\8-2-build-windows-amd64-cygwin\jdk8u45\3457\hotspot\src\share\vm\prims\jni.cpp, line 709]
Event: 3.802 Thread 0x00000000025fe800 Exception <a 'java/io/FileNotFoundException'> (0x00000000d81b0090) thrown at [C:\re\workspace\8-2-build-windows-amd64-cygwin\jdk8u45\3457\hotspot\src\share\vm\prims\jni.cpp, line 709]
Event: 3.849 Thread 0x00000000025fe800 Exception <a 'java/io/FileNotFoundException'> (0x00000000d89d47d0) thrown at [C:\re\workspace\8-2-build-windows-amd64-cygwin\jdk8u45\3457\hotspot\src\share\vm\prims\jni.cpp, line 709]
Event: 3.849 Thread 0x00000000025fe800 Exception <a 'java/io/FileNotFoundException'> (0x00000000d89d5560) thrown at [C:\re\workspace\8-2-build-windows-amd64-cygwin\jdk8u45\3457\hotspot\src\share\vm\prims\jni.cpp, line 709]
Event: 3.849 Thread 0x00000000025fe800 Exception <a 'java/io/FileNotFoundException'> (0x00000000d89d6320) thrown at [C:\re\workspace\8-2-build-windows-amd64-cygwin\jdk8u45\3457\hotspot\src\share\vm\prims\jni.cpp, line 709]
Event: 3.849 Thread 0x00000000025fe800 Exception <a 'java/io/FileNotFoundException'> (0x00000000d89d70f0) thrown at [C:\re\workspace\8-2-build-windows-amd64-cygwin\jdk8u45\3457\hotspot\src\share\vm\prims\jni.cpp, line 709]
Event: 6.039 Thread 0x00000000025fe800 Implicit null exception at 0x00000000029a8d1f to 0x00000000029a8f61
Event: 8.957 Thread 0x00000000025fe800 Implicit null exception at 0x0000000002f8f06f to 0x0000000002f91109
Event: 9.781 Thread 0x00000000025fe800 Implicit null exception at 0x00000000039dbc8b to 0x00000000039df6bf
Event: 12.834 Thread 0x00000000025fe800 Implicit null exception at 0x0000000003a66071 to 0x0000000003a699fd

Events (10 events):
Event: 305.324 loading class org/apache/maven/model/Model
Event: 305.324 loading class org/apache/maven/model/Model done
Event: 305.324 loading class org/apache/maven/model/Model
Event: 305.324 loading class org/apache/maven/model/Model done
Event: 305.327 loading class org/codehaus/plexus/util/introspection/ClassMap$MethodInfo
Event: 305.327 loading class org/codehaus/plexus/util/introspection/ClassMap$MethodInfo done
Event: 305.328 Thread 0x00000000025fe800 Uncommon trap: trap_request=0xffffffc6 fr.pc=0x0000000003b92bc4
Event: 305.328 Thread 0x00000000025fe800 DEOPT PACKING pc=0x0000000003b92bc4 sp=0x000000000289d620
Event: 305.328 Thread 0x00000000025fe800 DEOPT UNPACKING pc=0x00000000028e582a sp=0x000000000289d5f0 mode 2
Event: 305.330 Executing VM operation: ParallelGCSystemGC


Dynamic libraries:
0x000000013faf0000 - 0x000000013fb27000 	C:\Program Files\Java\jdk1.8.0_45\bin\java.exe
0x0000000077150000 - 0x00000000772f9000 	C:\windows\SYSTEM32\ntdll.dll
0x0000000076bc0000 - 0x0000000076cdf000 	C:\windows\system32\kernel32.dll
0x000007fefd8f0000 - 0x000007fefd95c000 	C:\windows\system32\KERNELBASE.dll
0x000007fefeab0000 - 0x000007fefeb8b000 	C:\windows\system32\ADVAPI32.dll
0x000007feff2c0000 - 0x000007feff35f000 	C:\windows\system32\msvcrt.dll
0x000007feff440000 - 0x000007feff45f000 	C:\windows\SYSTEM32\sechost.dll
0x000007fefeed0000 - 0x000007fefeffd000 	C:\windows\system32\RPCRT4.dll
0x0000000076e40000 - 0x0000000076f3a000 	C:\windows\system32\USER32.dll
0x000007fefed80000 - 0x000007fefede7000 	C:\windows\system32\GDI32.dll
0x000007feff360000 - 0x000007feff36e000 	C:\windows\system32\LPK.dll
0x000007feff370000 - 0x000007feff439000 	C:\windows\system32\USP10.dll
0x000007fefd100000 - 0x000007fefd2f4000 	C:\windows\WinSxS\amd64_microsoft.windows.common-controls_6595b64144ccf1df_6.0.7601.17514_none_fa396087175ac9ac\COMCTL32.dll
0x000007fefeb90000 - 0x000007fefec01000 	C:\windows\system32\SHLWAPI.dll
0x000007fefdcd0000 - 0x000007fefdcfe000 	C:\windows\system32\IMM32.DLL
0x000007fefec70000 - 0x000007fefed79000 	C:\windows\system32\MSCTF.dll
0x0000000068f00000 - 0x0000000068fd2000 	C:\Program Files\Java\jdk1.8.0_45\jre\bin\msvcr100.dll
0x0000000066bc0000 - 0x0000000067443000 	C:\Program Files\Java\jdk1.8.0_45\jre\bin\server\jvm.dll
0x000007fefb8a0000 - 0x000007fefb8a9000 	C:\windows\system32\WSOCK32.dll
0x000007fefdc80000 - 0x000007fefdccd000 	C:\windows\system32\WS2_32.dll
0x000007feff000000 - 0x000007feff008000 	C:\windows\system32\NSI.dll
0x000007fefadc0000 - 0x000007fefadfb000 	C:\windows\system32\WINMM.dll
0x000007fefc0d0000 - 0x000007fefc0dc000 	C:\windows\system32\VERSION.dll
0x0000000077320000 - 0x0000000077327000 	C:\windows\system32\PSAPI.DLL
0x00000000694e0000 - 0x00000000694ef000 	C:\Program Files\Java\jdk1.8.0_45\jre\bin\verify.dll
0x00000000694b0000 - 0x00000000694d9000 	C:\Program Files\Java\jdk1.8.0_45\jre\bin\java.dll
0x0000000069490000 - 0x00000000694a6000 	C:\Program Files\Java\jdk1.8.0_45\jre\bin\zip.dll
0x000007fefdd20000 - 0x000007fefeaa8000 	C:\windows\system32\SHELL32.dll
0x000007feff010000 - 0x000007feff213000 	C:\windows\system32\ole32.dll
0x000007fefd5b0000 - 0x000007fefd5bf000 	C:\windows\system32\profapi.dll
0x000007fefb890000 - 0x000007fefb8a0000 	C:\Program Files (x86)\JetBrains\IntelliJ IDEA 12.1.7\bin\breakgen64.dll
0x0000000069470000 - 0x000000006948a000 	C:\Program Files\Java\jdk1.8.0_45\jre\bin\net.dll
0x000007fefcb20000 - 0x000007fefcb75000 	C:\windows\system32\mswsock.dll
0x000007fefcb10000 - 0x000007fefcb17000 	C:\windows\System32\wship6.dll
0x0000000069450000 - 0x0000000069461000 	C:\Program Files\Java\jdk1.8.0_45\jre\bin\nio.dll
0x000007fefd480000 - 0x000007fefd4d7000 	C:\windows\system32\apphelp.dll
0x000007fef0c70000 - 0x000007fef0d95000 	C:\windows\system32\dbghelp.dll

VM Arguments:
jvm_args: -Dmaven.home=F:\apache-maven-3.2.3 -Dclassworlds.conf=F:\apache-maven-3.2.3\bin\m2.conf -Didea.launcher.port=7538 -Didea.launcher.bin.path=C:\Program Files (x86)\JetBrains\IntelliJ IDEA 12.1.7\bin -Dfile.encoding=UTF-8 
java_command: com.intellij.rt.execution.application.AppMain org.codehaus.classworlds.Launcher --fail-fast --strict-checksums deploy
java_class_path (initial): F:\apache-maven-3.2.3\boot\plexus-classworlds-2.5.1.jar;C:\Program Files (x86)\JetBrains\IntelliJ IDEA 12.1.7\lib\idea_rt.jar
Launcher Type: SUN_STANDARD

Environment Variables:
JAVA_HOME=C:\Program Files\Java\jdk1.8.0_45
CLASSPATH=C:\Program Files\Java\jdk1.8.0_45\lib\dt.jar;C:\Program Files\Java\jdk1.8.0_45\lib\tools.jar;
PATH=C:\Program Files (x86)\JetBrains\IntelliJ IDEA 12.1.7\bin\..\.\bin;C:\ProgramData\Oracle\Java\javapath;C:\Program Files (x86)\Common Files\NetSarang;C:\windows\system32;C:\windows;C:\windows\System32\Wbem;C:\windows\System32\WindowsPowerShell\v1.0\;C:\Program Files\Java\jdk1.8.0_45\bin;C:\Program Files\Java\jdk1.8.0_45\jre\bin;C:\Program Files\TortoiseSVN\bin;C:\cygwin\bin;C:\cygwin\bin;;c:\program files (x86)\jetbrains\intellij idea 12.1.7\jre\jre\bin
USERNAME=Administrator
OS=Windows_NT
PROCESSOR_IDENTIFIER=Intel64 Family 6 Model 58 Stepping 9, GenuineIntel



---------------  S Y S T E M  ---------------

OS: Windows 7 , 64 bit Build 7601 (6.1.7601.17965)

CPU:total 2 (2 cores per cpu, 1 threads per core) family 6 model 58 stepping 9, cmov, cx8, fxsr, mmx, sse, sse2, sse3, ssse3, sse4.1, sse4.2, popcnt, clmul, erms, tsc, tscinvbit, tscinv

Memory: 4k page, physical 8333864k(4945672k free), swap 25109228k(20934828k free)

vm_info: Java HotSpot(TM) 64-Bit Server VM (25.45-b02) for windows-amd64 JRE (1.8.0_45-b14), built on Apr 10 2015 10:34:15 by "java_re" with MS VC++ 10.0 (VS2010)

time: Tue Jan 26 15:47:15 2016
elapsed time: 305 seconds (0d 0h 5m 5s)

