#
# A fatal error has been detected by the Java Runtime Environment:
#
#  EXCEPTION_ACCESS_VIOLATION (0xc0000005) at pc=0x0000000060aa31f7, pid=6340, tid=6344
#
# JRE version: Java(TM) SE Runtime Environment (8.0_45-b14) (build 1.8.0_45-b14)
# Java VM: Java HotSpot(TM) 64-Bit Server VM (25.45-b02 mixed mode windows-amd64 compressed oops)
# Problematic frame:
# V  [jvm.dll+0x4931f7]
#
# Failed to write core dump. Minidumps are not enabled by default on client versions of Windows
#
# If you would like to submit a bug report, please visit:
#   http://bugreport.java.com/bugreport/crash.jsp
#

---------------  T H R E A D  ---------------

Current thread (0x00000000572ea000):  JavaThread "C2 CompilerThread0" daemon [_thread_in_native, id=6344, stack(0x0000000057f30000,0x0000000058030000)]

siginfo: ExceptionCode=0xc0000005, reading address 0x000000001f323630

Registers:
RAX=0x000000001f323630, RBX=0x0000000000000050, RCX=0x0000000000000000, RDX=0x000000005b8a7ec0
RSP=0x000000005802bee0, RBP=0x00000000000024c0, RSI=0x0000000000000054, RDI=0x00000000591934d0
R8 =0x0000000000400000, R9 =0x0000000000002300, R10=0x000000005802c250, R11=0x000000005802bf40
R12=0x000000005b8a7ec0, R13=0x000000005802c540, R14=0x0000000060610000, R15=0x0000000060e14778
RIP=0x0000000060aa31f7, EFLAGS=0x0000000000010246

Top of Stack: (sp=0x000000005802bee0)
0x000000005802bee0:   0000000000001ab2 000000005b8aa3b8
0x000000005802bef0:   00000000000024c0 0000000000000054
0x000000005802bf00:   0000005100000001 0000000000000003
0x000000005802bf10:   000000005ae50a80 0000000000000001
0x000000005802bf20:   000000005959e718 0000000000000023
0x000000005802bf30:   000000005802c0c0 0000000060add56a
0x000000005802bf40:   0000000000000006 000000005a2b8020
0x000000005802bf50:   000000005a06f550 000000005802c540
0x000000005802bf60:   000000005802c540 0000000060aa46d8
0x000000005802bf70:   00000000000024c0 000000005b8aa3b8
0x000000005802bf80:   000000005802c070 000000005b8aa498
0x000000005802bf90:   0000000600000000 000000000000000b
0x000000005802bfa0:   000000005a2b8020 0000005400000000
0x000000005802bfb0:   000000150000000a 0000000000000005
0x000000005802bfc0:   0000000005055455 0000000000000000
0x000000005802bfd0:   0000000000000000 0000000000000000 

Instructions: (pc=0x0000000060aa31f7)
0x0000000060aa31d7:   8b de 48 8d 3c 80 48 c1 e7 05 49 03 7a 10 85 db
0x0000000060aa31e7:   0f 84 f3 fe ff ff 48 8b 47 08 8b cb 48 c1 e9 08
0x0000000060aa31f7:   4c 8b 0c c8 4d 3b cf 75 0d 8b d3 48 8b cf e8 26
0x0000000060aa3207:   44 00 00 4c 8b c8 8b d3 83 e3 1f 41 b8 01 00 00 


Register to memory mapping:

RAX=0x000000001f323630 is an unknown value
RBX=0x0000000000000050 is an unknown value
RCX=0x0000000000000000 is an unknown value
RDX=0x000000005b8a7ec0 is an unknown value
RSP=0x000000005802bee0 is pointing into the stack for thread: 0x00000000572ea000
RBP=0x00000000000024c0 is an unknown value
RSI=0x0000000000000054 is an unknown value
RDI=0x00000000591934d0 is an unknown value
R8 =0x0000000000400000 is an unknown value
R9 =0x0000000000002300 is an unknown value
R10=0x000000005802c250 is pointing into the stack for thread: 0x00000000572ea000
R11=0x000000005802bf40 is pointing into the stack for thread: 0x00000000572ea000
R12=0x000000005b8a7ec0 is an unknown value
R13=0x000000005802c540 is pointing into the stack for thread: 0x00000000572ea000
R14=0x0000000060610000 is an unknown value
R15=0x0000000060e14778 is an unknown value


Stack: [0x0000000057f30000,0x0000000058030000],  sp=0x000000005802bee0,  free space=1007k
Native frames: (J=compiled Java code, j=interpreted, Vv=VM code, C=native code)
V  [jvm.dll+0x4931f7]
V  [jvm.dll+0x4946d8]
V  [jvm.dll+0x45f8f8]
V  [jvm.dll+0x46a73b]
V  [jvm.dll+0x46cd52]
V  [jvm.dll+0x4500f2]
V  [jvm.dll+0xa4352]
V  [jvm.dll+0xa4c8f]
V  [jvm.dll+0x241984]
V  [jvm.dll+0x29853a]
C  [msvcr100.dll+0x21d9f]
C  [msvcr100.dll+0x21e3b]
C  [kernel32.dll+0x1652d]
C  [ntdll.dll+0x2c521]


Current CompileTask:
C2:   8410 4183       4       org.apache.maven.model.io.xpp3.MavenXpp3ReaderEx::parseDependency (734 bytes)


---------------  P R O C E S S  ---------------

Java Threads: ( => current thread )
  0x00000000587ae000 JavaThread "Monitor Ctrl-Break" daemon [_thread_in_native, id=4092, stack(0x0000000059090000,0x0000000059190000)]
  0x000000005733d000 JavaThread "Service Thread" daemon [_thread_blocked, id=6764, stack(0x0000000058b10000,0x0000000058c10000)]
  0x00000000572fa800 JavaThread "C1 CompilerThread1" daemon [_thread_blocked, id=5748, stack(0x0000000058600000,0x0000000058700000)]
=>0x00000000572ea000 JavaThread "C2 CompilerThread0" daemon [_thread_in_native, id=6344, stack(0x0000000057f30000,0x0000000058030000)]
  0x00000000572e9000 JavaThread "Attach Listener" daemon [_thread_blocked, id=6388, stack(0x00000000583c0000,0x00000000584c0000)]
  0x00000000572d1800 JavaThread "Signal Dispatcher" daemon [_thread_blocked, id=3548, stack(0x00000000581e0000,0x00000000582e0000)]
  0x000000005727c800 JavaThread "Finalizer" daemon [_thread_blocked, id=6836, stack(0x0000000058080000,0x0000000058180000)]
  0x0000000057272000 JavaThread "Reference Handler" daemon [_thread_blocked, id=6968, stack(0x0000000057df0000,0x0000000057ef0000)]
  0x0000000001d8e800 JavaThread "main" [_thread_in_Java, id=6176, stack(0x0000000002730000,0x0000000002830000)]

Other Threads:
  0x000000005726c800 VMThread [stack: 0x0000000057ca0000,0x0000000057da0000] [id=4936]
  0x0000000058751800 WatcherThread [stack: 0x0000000058ca0000,0x0000000058da0000] [id=1548]

VM state:not at safepoint (normal execution)

VM Mutex/Monitor currently owned by a thread: None

Heap:
 PSYoungGen      total 437248K, used 45499K [0x00000000d5980000, 0x0000000100000000, 0x0000000100000000)
  eden space 423936K, 9% used [0x00000000d5980000,0x00000000d82dad68,0x00000000ef780000)
  from space 13312K, 23% used [0x00000000ef780000,0x00000000efa94010,0x00000000f0480000)
  to   space 13312K, 0% used [0x00000000ff300000,0x00000000ff300000,0x0000000100000000)
 ParOldGen       total 87552K, used 24317K [0x0000000080c00000, 0x0000000086180000, 0x00000000d5980000)
  object space 87552K, 27% used [0x0000000080c00000,0x00000000823bf640,0x0000000086180000)
 Metaspace       used 18931K, capacity 19602K, committed 19840K, reserved 1067008K
  class space    used 2183K, capacity 2352K, committed 2432K, reserved 1048576K

Card table byte_map: [0x0000000011bf0000,0x0000000011ff0000] byte_map_base: 0x00000000117ea000

Marking Bits: (ParMarkBitMap*) 0x0000000060e14040
 Begin Bits: [0x00000000125a0000, 0x0000000014570000)
 End Bits:   [0x0000000014570000, 0x0000000016540000)

Polling page: 0x0000000000130000

CodeCache: size=245760Kb used=12545Kb max_used=14610Kb free=233214Kb
 bounds [0x0000000002830000, 0x00000000036a0000, 0x0000000011830000]
 total_blobs=4013 nmethods=3673 adapters=252
 compilation: enabled

Compilation events (10 events):
Event: 8.144 Thread 0x00000000572ea000 nmethod 3983 0x00000000029d8c90 code [0x00000000029d8de0, 0x00000000029d8ee8]
Event: 8.144 Thread 0x00000000572ea000 4183       4       org.apache.maven.model.io.xpp3.MavenXpp3ReaderEx::parseDependency (734 bytes)
Event: 8.245 Thread 0x00000000572fa800 4217 %     3       org.apache.maven.model.normalization.DefaultModelNormalizer::mergeDuplicates @ 188 (264 bytes)
Event: 8.247 Thread 0x00000000572fa800 nmethod 4217% 0x0000000002f91190 code [0x0000000002f91620, 0x0000000002f94068]
Event: 8.303 Thread 0x00000000572fa800 4221       2       org.apache.maven.project.artifact.DefaultMavenMetadataCache::artifactEquals (154 bytes)
Event: 8.304 Thread 0x00000000572fa800 nmethod 4221 0x0000000002c9aed0 code [0x0000000002c9b0c0, 0x0000000002c9b828]
Event: 8.378 Thread 0x00000000572fa800 4223       2       org.apache.maven.project.artifact.DefaultMavenMetadataCache::repositoriesEquals (68 bytes)
Event: 8.378 Thread 0x00000000572fa800 nmethod 4223 0x0000000002966b90 code [0x0000000002966d60, 0x0000000002967118]
Event: 8.386 Thread 0x00000000572fa800 4224       1       org.apache.maven.model.ConfigurationContainer::setConfiguration (6 bytes)
Event: 8.386 Thread 0x00000000572fa800 nmethod 4224 0x0000000002b13a50 code [0x0000000002b13ba0, 0x0000000002b13cd0]

GC Heap History (10 events):
Event: 4.511 GC heap before
{Heap before GC invocations=7 (full 0):
 PSYoungGen      total 142336K, used 141084K [0x00000000d5980000, 0x00000000def80000, 0x0000000100000000)
  eden space 132608K, 100% used [0x00000000d5980000,0x00000000ddb00000,0x00000000ddb00000)
  from space 9728K, 87% used [0x00000000de500000,0x00000000ded47020,0x00000000dee80000)
  to   space 10240K, 0% used [0x00000000ddb00000,0x00000000ddb00000,0x00000000de500000)
 ParOldGen       total 87552K, used 10436K [0x0000000080c00000, 0x0000000086180000, 0x00000000d5980000)
  object space 87552K, 11% used [0x0000000080c00000,0x0000000081631188,0x0000000086180000)
 Metaspace       used 18492K, capacity 19124K, committed 19328K, reserved 1067008K
  class space    used 2170K, capacity 2347K, committed 2432K, reserved 1048576K
Event: 4.533 GC heap after
Heap after GC invocations=7 (full 0):
 PSYoungGen      total 142848K, used 10232K [0x00000000d5980000, 0x00000000e7580000, 0x0000000100000000)
  eden space 132608K, 0% used [0x00000000d5980000,0x00000000d5980000,0x00000000ddb00000)
  from space 10240K, 99% used [0x00000000ddb00000,0x00000000de4fe2e0,0x00000000de500000)
  to   space 12800K, 0% used [0x00000000e6900000,0x00000000e6900000,0x00000000e7580000)
 ParOldGen       total 87552K, used 13609K [0x0000000080c00000, 0x0000000086180000, 0x00000000d5980000)
  object space 87552K, 15% used [0x0000000080c00000,0x000000008194a610,0x0000000086180000)
 Metaspace       used 18492K, capacity 19124K, committed 19328K, reserved 1067008K
  class space    used 2170K, capacity 2347K, committed 2432K, reserved 1048576K
}
Event: 5.134 GC heap before
{Heap before GC invocations=8 (full 0):
 PSYoungGen      total 142848K, used 142840K [0x00000000d5980000, 0x00000000e7580000, 0x0000000100000000)
  eden space 132608K, 100% used [0x00000000d5980000,0x00000000ddb00000,0x00000000ddb00000)
  from space 10240K, 99% used [0x00000000ddb00000,0x00000000de4fe2e0,0x00000000de500000)
  to   space 12800K, 0% used [0x00000000e6900000,0x00000000e6900000,0x00000000e7580000)
 ParOldGen       total 87552K, used 13609K [0x0000000080c00000, 0x0000000086180000, 0x00000000d5980000)
  object space 87552K, 15% used [0x0000000080c00000,0x000000008194a610,0x0000000086180000)
 Metaspace       used 18650K, capacity 19316K, committed 19584K, reserved 1067008K
  class space    used 2170K, capacity 2347K, committed 2432K, reserved 1048576K
Event: 5.150 GC heap after
Heap after GC invocations=8 (full 0):
 PSYoungGen      total 278016K, used 9248K [0x00000000d5980000, 0x00000000e7580000, 0x0000000100000000)
  eden space 265216K, 0% used [0x00000000d5980000,0x00000000d5980000,0x00000000e5c80000)
  from space 12800K, 72% used [0x00000000e6900000,0x00000000e7208000,0x00000000e7580000)
  to   space 12800K, 0% used [0x00000000e5c80000,0x00000000e5c80000,0x00000000e6900000)
 ParOldGen       total 87552K, used 15105K [0x0000000080c00000, 0x0000000086180000, 0x00000000d5980000)
  object space 87552K, 17% used [0x0000000080c00000,0x0000000081ac0610,0x0000000086180000)
 Metaspace       used 18650K, capacity 19316K, committed 19584K, reserved 1067008K
  class space    used 2170K, capacity 2347K, committed 2432K, reserved 1048576K
}
Event: 6.001 GC heap before
{Heap before GC invocations=9 (full 0):
 PSYoungGen      total 278016K, used 274464K [0x00000000d5980000, 0x00000000e7580000, 0x0000000100000000)
  eden space 265216K, 100% used [0x00000000d5980000,0x00000000e5c80000,0x00000000e5c80000)
  from space 12800K, 72% used [0x00000000e6900000,0x00000000e7208000,0x00000000e7580000)
  to   space 12800K, 0% used [0x00000000e5c80000,0x00000000e5c80000,0x00000000e6900000)
 ParOldGen       total 87552K, used 15105K [0x0000000080c00000, 0x0000000086180000, 0x00000000d5980000)
  object space 87552K, 17% used [0x0000000080c00000,0x0000000081ac0610,0x0000000086180000)
 Metaspace       used 18766K, capacity 19398K, committed 19584K, reserved 1067008K
  class space    used 2173K, capacity 2350K, committed 2432K, reserved 1048576K
Event: 6.032 GC heap after
Heap after GC invocations=9 (full 0):
 PSYoungGen      total 278016K, used 5856K [0x00000000d5980000, 0x00000000f1100000, 0x0000000100000000)
  eden space 265216K, 0% used [0x00000000d5980000,0x00000000d5980000,0x00000000e5c80000)
  from space 12800K, 45% used [0x00000000e5c80000,0x00000000e6238000,0x00000000e6900000)
  to   space 12800K, 0% used [0x00000000f0480000,0x00000000f0480000,0x00000000f1100000)
 ParOldGen       total 87552K, used 19489K [0x0000000080c00000, 0x0000000086180000, 0x00000000d5980000)
  object space 87552K, 22% used [0x0000000080c00000,0x0000000081f08610,0x0000000086180000)
 Metaspace       used 18766K, capacity 19398K, committed 19584K, reserved 1067008K
  class space    used 2173K, capacity 2350K, committed 2432K, reserved 1048576K
}
Event: 6.877 GC heap before
{Heap before GC invocations=10 (full 0):
 PSYoungGen      total 278016K, used 271072K [0x00000000d5980000, 0x00000000f1100000, 0x0000000100000000)
  eden space 265216K, 100% used [0x00000000d5980000,0x00000000e5c80000,0x00000000e5c80000)
  from space 12800K, 45% used [0x00000000e5c80000,0x00000000e6238000,0x00000000e6900000)
  to   space 12800K, 0% used [0x00000000f0480000,0x00000000f0480000,0x00000000f1100000)
 ParOldGen       total 87552K, used 19489K [0x0000000080c00000, 0x0000000086180000, 0x00000000d5980000)
  object space 87552K, 22% used [0x0000000080c00000,0x0000000081f08610,0x0000000086180000)
 Metaspace       used 18903K, capacity 19538K, committed 19840K, reserved 1067008K
  class space    used 2182K, capacity 2352K, committed 2432K, reserved 1048576K
Event: 6.898 GC heap after
Heap after GC invocations=10 (full 0):
 PSYoungGen      total 436736K, used 3552K [0x00000000d5980000, 0x00000000f1200000, 0x0000000100000000)
  eden space 423936K, 0% used [0x00000000d5980000,0x00000000d5980000,0x00000000ef780000)
  from space 12800K, 27% used [0x00000000f0480000,0x00000000f07f8000,0x00000000f1100000)
  to   space 13312K, 0% used [0x00000000ef780000,0x00000000ef780000,0x00000000f0480000)
 ParOldGen       total 87552K, used 22725K [0x0000000080c00000, 0x0000000086180000, 0x00000000d5980000)
  object space 87552K, 25% used [0x0000000080c00000,0x0000000082231640,0x0000000086180000)
 Metaspace       used 18903K, capacity 19538K, committed 19840K, reserved 1067008K
  class space    used 2182K, capacity 2352K, committed 2432K, reserved 1048576K
}
Event: 8.263 GC heap before
{Heap before GC invocations=11 (full 0):
 PSYoungGen      total 436736K, used 427488K [0x00000000d5980000, 0x00000000f1200000, 0x0000000100000000)
  eden space 423936K, 100% used [0x00000000d5980000,0x00000000ef780000,0x00000000ef780000)
  from space 12800K, 27% used [0x00000000f0480000,0x00000000f07f8000,0x00000000f1100000)
  to   space 13312K, 0% used [0x00000000ef780000,0x00000000ef780000,0x00000000f0480000)
 ParOldGen       total 87552K, used 22725K [0x0000000080c00000, 0x0000000086180000, 0x00000000d5980000)
  object space 87552K, 25% used [0x0000000080c00000,0x0000000082231640,0x0000000086180000)
 Metaspace       used 18931K, capacity 19602K, committed 19840K, reserved 1067008K
  class space    used 2183K, capacity 2352K, committed 2432K, reserved 1048576K
Event: 8.295 GC heap after
Heap after GC invocations=11 (full 0):
 PSYoungGen      total 437248K, used 3152K [0x00000000d5980000, 0x0000000100000000, 0x0000000100000000)
  eden space 423936K, 0% used [0x00000000d5980000,0x00000000d5980000,0x00000000ef780000)
  from space 13312K, 23% used [0x00000000ef780000,0x00000000efa94010,0x00000000f0480000)
  to   space 13312K, 0% used [0x00000000ff300000,0x00000000ff300000,0x0000000100000000)
 ParOldGen       total 87552K, used 24317K [0x0000000080c00000, 0x0000000086180000, 0x00000000d5980000)
  object space 87552K, 27% used [0x0000000080c00000,0x00000000823bf640,0x0000000086180000)
 Metaspace       used 18931K, capacity 19602K, committed 19840K, reserved 1067008K
  class space    used 2183K, capacity 2352K, committed 2432K, reserved 1048576K
}

Deoptimization events (10 events):
Event: 5.527 Thread 0x0000000001d8e800 Uncommon trap: reason=class_check action=maybe_recompile pc=0x0000000003325c88 method=java.util.regex.Pattern$Curly.match0(Ljava/util/regex/Matcher;IILjava/lang/CharSequence;)Z @ 16
Event: 5.539 Thread 0x0000000001d8e800 Uncommon trap: reason=class_check action=maybe_recompile pc=0x00000000030e7154 method=java.util.regex.Pattern$Curly.match0(Ljava/util/regex/Matcher;IILjava/lang/CharSequence;)Z @ 16
Event: 5.577 Thread 0x0000000001d8e800 Uncommon trap: reason=unstable_if action=reinterpret pc=0x00000000033d3c68 method=org.apache.maven.model.merge.ModelMerger.mergePlugin_Dependencies(Lorg/apache/maven/model/Plugin;Lorg/apache/maven/model/Plugin;ZLjava/util/Map;)V @ 64
Event: 6.448 Thread 0x0000000001d8e800 Uncommon trap: reason=unstable_if action=reinterpret pc=0x000000000316d8e0 method=java.util.StringTokenizer.setMaxDelimCodePoint()V @ 71
Event: 7.048 Thread 0x0000000001d8e800 Uncommon trap: reason=unstable_if action=reinterpret pc=0x000000000316fd0c method=java.util.concurrent.ConcurrentHashMap.get(Ljava/lang/Object;)Ljava/lang/Object; @ 152
Event: 7.348 Thread 0x0000000001d8e800 Uncommon trap: reason=array_check action=maybe_recompile pc=0x0000000003639c88 method=java.util.AbstractCollection.toArray([Ljava/lang/Object;)[Ljava/lang/Object; @ 119
Event: 7.349 Thread 0x0000000001d8e800 Uncommon trap: reason=array_check action=maybe_recompile pc=0x0000000003639c88 method=java.util.AbstractCollection.toArray([Ljava/lang/Object;)[Ljava/lang/Object; @ 119
Event: 7.349 Thread 0x0000000001d8e800 Uncommon trap: reason=array_check action=maybe_recompile pc=0x0000000003639c88 method=java.util.AbstractCollection.toArray([Ljava/lang/Object;)[Ljava/lang/Object; @ 119
Event: 7.349 Thread 0x0000000001d8e800 Uncommon trap: reason=array_check action=maybe_recompile pc=0x0000000003639c88 method=java.util.AbstractCollection.toArray([Ljava/lang/Object;)[Ljava/lang/Object; @ 119
Event: 7.487 Thread 0x0000000001d8e800 Uncommon trap: reason=null_check action=make_not_entrant pc=0x0000000002943620 method=org.apache.maven.model.validation.DefaultModelValidator.validateEffectiveDependency(Lorg/apache/maven/model/building/ModelProblemCollector;Lorg/apache/maven/model/Depende

Internal exceptions (10 events):
Event: 0.575 Thread 0x0000000001d8e800 Exception <a 'java/lang/ArrayIndexOutOfBoundsException'> (0x00000000d7757bf8) thrown at [C:\re\workspace\8-2-build-windows-amd64-cygwin\jdk8u45\3457\hotspot\src\share\vm\runtime\sharedRuntime.cpp, line 605]
Event: 0.575 Thread 0x0000000001d8e800 Exception <a 'java/lang/ArrayIndexOutOfBoundsException'> (0x00000000d77594f0) thrown at [C:\re\workspace\8-2-build-windows-amd64-cygwin\jdk8u45\3457\hotspot\src\share\vm\runtime\sharedRuntime.cpp, line 605]
Event: 0.607 Thread 0x0000000001d8e800 Exception <a 'java/lang/ArrayIndexOutOfBoundsException'> (0x00000000d789d8b8) thrown at [C:\re\workspace\8-2-build-windows-amd64-cygwin\jdk8u45\3457\hotspot\src\share\vm\runtime\sharedRuntime.cpp, line 605]
Event: 0.623 Thread 0x0000000001d8e800 Exception <a 'java/lang/ArrayIndexOutOfBoundsException'> (0x00000000d793bc80) thrown at [C:\re\workspace\8-2-build-windows-amd64-cygwin\jdk8u45\3457\hotspot\src\share\vm\runtime\sharedRuntime.cpp, line 605]
Event: 0.623 Thread 0x0000000001d8e800 Exception <a 'java/lang/ArrayIndexOutOfBoundsException'> (0x00000000d793c9d8) thrown at [C:\re\workspace\8-2-build-windows-amd64-cygwin\jdk8u45\3457\hotspot\src\share\vm\runtime\sharedRuntime.cpp, line 605]
Event: 1.416 Thread 0x0000000001d8e800 Implicit null exception at 0x0000000002b98905 to 0x0000000002b98ad1
Event: 1.416 Thread 0x0000000001d8e800 Implicit null exception at 0x0000000002b61cef to 0x0000000002b61d55
Event: 1.468 Thread 0x0000000001d8e800 Implicit null exception at 0x0000000002d5d18d to 0x0000000002d5e339
Event: 4.572 Thread 0x0000000001d8e800 Implicit null exception at 0x000000000333159f to 0x00000000033317e1
Event: 7.487 Thread 0x0000000001d8e800 Implicit null exception at 0x000000000294199d to 0x0000000002943605

Events (10 events):
Event: 8.143 Thread 0x00000000572fa800 flushing nmethod 0x00000000032c5210
Event: 8.143 Thread 0x00000000572fa800 flushing nmethod 0x00000000032c6210
Event: 8.143 Thread 0x00000000572fa800 flushing nmethod 0x00000000032c6ed0
Event: 8.144 Thread 0x00000000572fa800 flushing nmethod 0x00000000033312d0
Event: 8.144 Thread 0x00000000572fa800 flushing nmethod 0x0000000003352f10
Event: 8.144 Thread 0x00000000572fa800 flushing nmethod 0x00000000033bb6d0
Event: 8.146 Thread 0x0000000001d8e800 DEOPT PACKING pc=0x0000000002edd8ac sp=0x000000000282cae0
Event: 8.146 Thread 0x0000000001d8e800 DEOPT UNPACKING pc=0x000000000287747f sp=0x000000000282c808 mode 0
Event: 8.263 Executing VM operation: ParallelGCFailedAllocation
Event: 8.295 Executing VM operation: ParallelGCFailedAllocation done


Dynamic libraries:
0x000000013f220000 - 0x000000013f257000 	C:\Program Files\Java\jdk1.8.0_45\bin\java.exe
0x0000000077150000 - 0x00000000772f9000 	C:\windows\SYSTEM32\ntdll.dll
0x0000000076bc0000 - 0x0000000076cdf000 	C:\windows\system32\kernel32.dll
0x000007fefd8f0000 - 0x000007fefd95c000 	C:\windows\system32\KERNELBASE.dll
0x000007fefeab0000 - 0x000007fefeb8b000 	C:\windows\system32\ADVAPI32.dll
0x000007feff2c0000 - 0x000007feff35f000 	C:\windows\system32\msvcrt.dll
0x000007feff440000 - 0x000007feff45f000 	C:\windows\SYSTEM32\sechost.dll
0x000007fefeed0000 - 0x000007fefeffd000 	C:\windows\system32\RPCRT4.dll
0x0000000076e40000 - 0x0000000076f3a000 	C:\windows\system32\USER32.dll
0x000007fefed80000 - 0x000007fefede7000 	C:\windows\system32\GDI32.dll
0x000007feff360000 - 0x000007feff36e000 	C:\windows\system32\LPK.dll
0x000007feff370000 - 0x000007feff439000 	C:\windows\system32\USP10.dll
0x000007fefd100000 - 0x000007fefd2f4000 	C:\windows\WinSxS\amd64_microsoft.windows.common-controls_6595b64144ccf1df_6.0.7601.17514_none_fa396087175ac9ac\COMCTL32.dll
0x000007fefeb90000 - 0x000007fefec01000 	C:\windows\system32\SHLWAPI.dll
0x000007fefdcd0000 - 0x000007fefdcfe000 	C:\windows\system32\IMM32.DLL
0x000007fefec70000 - 0x000007fefed79000 	C:\windows\system32\MSCTF.dll
0x0000000066200000 - 0x00000000662d2000 	C:\Program Files\Java\jdk1.8.0_45\jre\bin\msvcr100.dll
0x0000000060610000 - 0x0000000060e93000 	C:\Program Files\Java\jdk1.8.0_45\jre\bin\server\jvm.dll
0x000007fefb8a0000 - 0x000007fefb8a9000 	C:\windows\system32\WSOCK32.dll
0x000007fefdc80000 - 0x000007fefdccd000 	C:\windows\system32\WS2_32.dll
0x000007feff000000 - 0x000007feff008000 	C:\windows\system32\NSI.dll
0x000007fefadc0000 - 0x000007fefadfb000 	C:\windows\system32\WINMM.dll
0x000007fefc0d0000 - 0x000007fefc0dc000 	C:\windows\system32\VERSION.dll
0x0000000077320000 - 0x0000000077327000 	C:\windows\system32\PSAPI.DLL
0x0000000071990000 - 0x000000007199f000 	C:\Program Files\Java\jdk1.8.0_45\jre\bin\verify.dll
0x0000000071950000 - 0x0000000071979000 	C:\Program Files\Java\jdk1.8.0_45\jre\bin\java.dll
0x00000000717b0000 - 0x00000000717c6000 	C:\Program Files\Java\jdk1.8.0_45\jre\bin\zip.dll
0x000007fefdd20000 - 0x000007fefeaa8000 	C:\windows\system32\SHELL32.dll
0x000007feff010000 - 0x000007feff213000 	C:\windows\system32\ole32.dll
0x000007fefd5b0000 - 0x000007fefd5bf000 	C:\windows\system32\profapi.dll
0x000007fefaf50000 - 0x000007fefaf60000 	C:\Program Files (x86)\JetBrains\IntelliJ IDEA 12.1.7\bin\breakgen64.dll
0x0000000071790000 - 0x00000000717aa000 	C:\Program Files\Java\jdk1.8.0_45\jre\bin\net.dll
0x000007fefcb20000 - 0x000007fefcb75000 	C:\windows\system32\mswsock.dll
0x000007fefcb10000 - 0x000007fefcb17000 	C:\windows\System32\wship6.dll
0x0000000071420000 - 0x0000000071431000 	C:\Program Files\Java\jdk1.8.0_45\jre\bin\nio.dll
0x000007fefd480000 - 0x000007fefd4d7000 	C:\windows\system32\apphelp.dll
0x000007fef0c70000 - 0x000007fef0d95000 	C:\windows\system32\dbghelp.dll

VM Arguments:
jvm_args: -Dmaven.home=F:\apache-maven-3.2.3 -Dclassworlds.conf=F:\apache-maven-3.2.3\bin\m2.conf -Didea.launcher.port=7535 -Didea.launcher.bin.path=C:\Program Files (x86)\JetBrains\IntelliJ IDEA 12.1.7\bin -Dfile.encoding=UTF-8 
java_command: com.intellij.rt.execution.application.AppMain org.codehaus.classworlds.Launcher --fail-fast --strict-checksums deploy
java_class_path (initial): F:\apache-maven-3.2.3\boot\plexus-classworlds-2.5.1.jar;C:\Program Files (x86)\JetBrains\IntelliJ IDEA 12.1.7\lib\idea_rt.jar
Launcher Type: SUN_STANDARD

Environment Variables:
JAVA_HOME=C:\Program Files\Java\jdk1.8.0_45
CLASSPATH=C:\Program Files\Java\jdk1.8.0_45\lib\dt.jar;C:\Program Files\Java\jdk1.8.0_45\lib\tools.jar;
PATH=C:\Program Files (x86)\JetBrains\IntelliJ IDEA 12.1.7\bin\..\.\bin;C:\ProgramData\Oracle\Java\javapath;C:\Program Files (x86)\Common Files\NetSarang;C:\windows\system32;C:\windows;C:\windows\System32\Wbem;C:\windows\System32\WindowsPowerShell\v1.0\;C:\Program Files\Java\jdk1.8.0_45\bin;C:\Program Files\Java\jdk1.8.0_45\jre\bin;C:\Program Files\TortoiseSVN\bin;C:\cygwin\bin;C:\cygwin\bin;;c:\program files (x86)\jetbrains\intellij idea 12.1.7\jre\jre\bin
USERNAME=Administrator
OS=Windows_NT
PROCESSOR_IDENTIFIER=Intel64 Family 6 Model 58 Stepping 9, GenuineIntel



---------------  S Y S T E M  ---------------

OS: Windows 7 , 64 bit Build 7601 (6.1.7601.17965)

CPU:total 2 (2 cores per cpu, 1 threads per core) family 6 model 58 stepping 9, cmov, cx8, fxsr, mmx, sse, sse2, sse3, ssse3, sse4.1, sse4.2, popcnt, clmul, erms, tsc, tscinvbit, tscinv

Memory: 4k page, physical 8333864k(3480780k free), swap 25109228k(18445668k free)

vm_info: Java HotSpot(TM) 64-Bit Server VM (25.45-b02) for windows-amd64 JRE (1.8.0_45-b14), built on Apr 10 2015 10:34:15 by "java_re" with MS VC++ 10.0 (VS2010)

time: Thu Jan 28 14:21:05 2016
elapsed time: 8 seconds (0d 0h 0m 8s)

