#
# A fatal error has been detected by the Java Runtime Environment:
#
#  EXCEPTION_ACCESS_VIOLATION (0xc0000005) at pc=0x0000000067040f90, pid=3200, tid=2080
#
# JRE version: Java(TM) SE Runtime Environment (8.0_45-b14) (build 1.8.0_45-b14)
# Java VM: Java HotSpot(TM) 64-Bit Server VM (25.45-b02 mixed mode windows-amd64 compressed oops)
# Problematic frame:
# V  [jvm.dll+0x480f90]
#
# Failed to write core dump. Minidumps are not enabled by default on client versions of Windows
#
# If you would like to submit a bug report, please visit:
#   http://bugreport.java.com/bugreport/crash.jsp
#

---------------  T H R E A D  ---------------

Current thread (0x00000000574aa000):  JavaThread "C2 CompilerThread0" daemon [_thread_in_native, id=2080, stack(0x0000000058430000,0x0000000058530000)]

siginfo: ExceptionCode=0xc0000005, reading address 0x000000005d9c85b0

Registers:
RAX=0x000000005adc1440, RBX=0x0000000000000001, RCX=0x0000000000000067, RDX=0x000000005adc6c00
RSP=0x000000005852c1e0, RBP=0x000000005852c238, RSI=0x000000005ac78348, RDI=0xffffffffffffffff
R8 =0x0000000000000015, R9 =0x0000000000040000, R10=0x000000005a7636f8, R11=0x000000005a763730
R12=0x000000005d9c8588, R13=0x000000005852c3f0, R14=0x000000005852c2d8, R15=0x0000000000000000
RIP=0x0000000067040f90, EFLAGS=0x0000000000010202

Top of Stack: (sp=0x000000005852c1e0)
0x000000005852c1e0:   000000005852c3f0 000000005ac78540
0x000000005852c1f0:   0000000000000001 000000005852c238
0x000000005852c200:   00000af800000067 0000000000000000
0x000000005852c210:   0000000000000007 000000005adc1440
0x000000005852c220:   0000000057433310 000000005ba0a280
0x000000005852c230:   000000005ba0dfe8 000000005ba06000
0x000000005852c240:   000000005852c2d9 0000000067041e7c
0x000000005852c250:   000000005852c3f0 00000000000000b7
0x000000005852c260:   0000000057433310 0000000000000000
0x000000005852c270:   000000005ba081b0 000000005a068d18
0x000000005852c280:   0000000000000000 0000000000000000
0x000000005852c290:   0000000000000000 0000000000000000
0x000000005852c2a0:   0000000000000000 0000000000000000
0x000000005852c2b0:   0000000000000000 0000000067042b77
0x000000005852c2c0:   000000005852c310 000000005988bc30
0x000000005852c2d0:   0000000000000008 0000000067228538 

Instructions: (pc=0x0000000067040f90)
0x0000000067040f70:   00 bb 01 00 00 00 4c 89 64 24 50 0f 1f 44 00 00
0x0000000067040f80:   ff c8 89 45 c8 48 63 c8 48 8b 45 e0 4c 8b 24 c8
0x0000000067040f90:   41 8b 4c 24 28 8b c1 c1 e8 05 41 3b 46 10 72 0d
0x0000000067040fa0:   49 8b 06 8b d1 49 8b ce ff 50 18 eb 25 49 8b 56 


Register to memory mapping:

RAX=0x000000005adc1440 is an unknown value
RBX=0x0000000000000001 is an unknown value
RCX=0x0000000000000067 is an unknown value
RDX=0x000000005adc6c00 is an unknown value
RSP=0x000000005852c1e0 is pointing into the stack for thread: 0x00000000574aa000
RBP=0x000000005852c238 is pointing into the stack for thread: 0x00000000574aa000
RSI=0x000000005ac78348 is an unknown value
RDI=0xffffffffffffffff is an unknown value
R8 =0x0000000000000015 is an unknown value
R9 =0x0000000000040000 is an unknown value
R10=0x000000005a7636f8 is an unknown value
R11=0x000000005a763730 is an unknown value
R12=0x000000005d9c8588 is pointing into the stack for thread: 0x0000000059348000
R13=0x000000005852c3f0 is pointing into the stack for thread: 0x00000000574aa000
R14=0x000000005852c2d8 is pointing into the stack for thread: 0x00000000574aa000
R15=0x0000000000000000 is an unknown value


Stack: [0x0000000058430000,0x0000000058530000],  sp=0x000000005852c1e0,  free space=1008k
Native frames: (J=compiled Java code, j=interpreted, Vv=VM code, C=native code)
V  [jvm.dll+0x480f90]
V  [jvm.dll+0x481e7c]
V  [jvm.dll+0x482dfa]
V  [jvm.dll+0x46a65c]
V  [jvm.dll+0x46cd52]
V  [jvm.dll+0x4500f2]
V  [jvm.dll+0xa4352]
V  [jvm.dll+0xa4c8f]
V  [jvm.dll+0x241984]
V  [jvm.dll+0x29853a]
C  [msvcr100.dll+0x21d9f]
C  [msvcr100.dll+0x21e3b]
C  [kernel32.dll+0x1652d]
C  [ntdll.dll+0x2c521]


Current CompileTask:
C2:1757323 6449   !   4       java.io.PrintStream::write (69 bytes)


---------------  P R O C E S S  ---------------

Java Threads: ( => current thread )
  0x000000005923b000 JavaThread "Thread-2" daemon [_thread_blocked, id=440, stack(0x000000005e370000,0x000000005e470000)]
  0x000000005923a800 JavaThread "Thread-1" daemon [_thread_blocked, id=2804, stack(0x000000005db00000,0x000000005dc00000)]
  0x000000005b74c800 JavaThread "resolver-5" daemon [_thread_blocked, id=1236, stack(0x000000005e020000,0x000000005e120000)]
  0x000000005a8c7800 JavaThread "resolver-4" daemon [_thread_blocked, id=3368, stack(0x000000005dc00000,0x000000005dd00000)]
  0x0000000059284000 JavaThread "resolver-3" daemon [_thread_blocked, id=2844, stack(0x00000000590b0000,0x00000000591b0000)]
  0x0000000058b44800 JavaThread "resolver-2" daemon [_thread_blocked, id=2956, stack(0x000000005c620000,0x000000005c720000)]
  0x0000000059348000 JavaThread "resolver-1" daemon [_thread_blocked, id=4648, stack(0x000000005d9c0000,0x000000005dac0000)]
  0x0000000058814000 JavaThread "Monitor Ctrl-Break" daemon [_thread_in_native, id=4240, stack(0x0000000058f30000,0x0000000059030000)]
  0x00000000574ff800 JavaThread "Service Thread" daemon [_thread_blocked, id=4912, stack(0x0000000058b70000,0x0000000058c70000)]
  0x00000000574ba800 JavaThread "C1 CompilerThread1" daemon [_thread_blocked, id=3856, stack(0x0000000058670000,0x0000000058770000)]
=>0x00000000574aa000 JavaThread "C2 CompilerThread0" daemon [_thread_in_native, id=2080, stack(0x0000000058430000,0x0000000058530000)]
  0x00000000574a9000 JavaThread "Attach Listener" daemon [_thread_blocked, id=4228, stack(0x00000000580f0000,0x00000000581f0000)]
  0x0000000057491800 JavaThread "Signal Dispatcher" daemon [_thread_blocked, id=2720, stack(0x0000000058270000,0x0000000058370000)]
  0x000000005743c800 JavaThread "Finalizer" daemon [_thread_blocked, id=3296, stack(0x0000000057ff0000,0x00000000580f0000)]
  0x0000000057432000 JavaThread "Reference Handler" daemon [_thread_blocked, id=3416, stack(0x0000000057d00000,0x0000000057e00000)]
  0x000000000264e800 JavaThread "main" [_thread_in_native, id=3516, stack(0x0000000002800000,0x0000000002900000)]

Other Threads:
  0x000000005742c800 VMThread [stack: 0x0000000057e20000,0x0000000057f20000] [id=4748]
  0x00000000587c6800 WatcherThread [stack: 0x0000000058e00000,0x0000000058f00000] [id=1452]

VM state:not at safepoint (normal execution)

VM Mutex/Monitor currently owned by a thread: None

Heap:
 PSYoungGen      total 593920K, used 281646K [0x00000000d5980000, 0x0000000100000000, 0x0000000100000000)
  eden space 547328K, 42% used [0x00000000d5980000,0x00000000e3f0d2a0,0x00000000f7000000)
  from space 46592K, 99% used [0x00000000f7000000,0x00000000f9d7e8d0,0x00000000f9d80000)
  to   space 57344K, 0% used [0x00000000fc800000,0x00000000fc800000,0x0000000100000000)
 ParOldGen       total 185856K, used 93714K [0x0000000080c00000, 0x000000008c180000, 0x00000000d5980000)
  object space 185856K, 50% used [0x0000000080c00000,0x0000000086784bb8,0x000000008c180000)
 Metaspace       used 27414K, capacity 28162K, committed 28464K, reserved 1075200K
  class space    used 3117K, capacity 3304K, committed 3376K, reserved 1048576K

Card table byte_map: [0x0000000011cc0000,0x00000000120c0000] byte_map_base: 0x00000000118ba000

Marking Bits: (ParMarkBitMap*) 0x00000000673c4040
 Begin Bits: [0x0000000012760000, 0x0000000014730000)
 End Bits:   [0x0000000014730000, 0x0000000016700000)

Polling page: 0x0000000000140000

CodeCache: size=245760Kb used=18256Kb max_used=18312Kb free=227503Kb
 bounds [0x0000000002900000, 0x0000000003b10000, 0x0000000011900000]
 total_blobs=5727 nmethods=5347 adapters=293
 compilation: enabled

Compilation events (10 events):
Event: 78.681 Thread 0x00000000574ba800 nmethod 6444 0x0000000002d08350 code [0x0000000002d084e0, 0x0000000002d08958]
Event: 78.681 Thread 0x00000000574ba800 6445       3       java.lang.String::<init> (21 bytes)
Event: 78.681 Thread 0x00000000574ba800 nmethod 6445 0x0000000003af8550 code [0x0000000003af86c0, 0x0000000003af8918]
Event: 78.682 Thread 0x00000000574ba800 6446   !   3       java.lang.StringCoding::decode (64 bytes)
Event: 78.682 Thread 0x00000000574ba800 nmethod 6446 0x0000000002b03d50 code [0x0000000002b03fc0, 0x0000000002b04c88]
Event: 78.683 Thread 0x00000000574ba800 6447  s    3       java.io.ByteArrayOutputStream::reset (6 bytes)
Event: 78.683 Thread 0x00000000574ba800 nmethod 6447 0x0000000002ea73d0 code [0x0000000002ea7520, 0x0000000002ea77d0]
Event: 576.898 Thread 0x00000000574aa000 6448  s    4       java.io.BufferedInputStream::available (35 bytes)
Event: 576.900 Thread 0x00000000574aa000 nmethod 6448 0x00000000039e4550 code [0x00000000039e46a0, 0x00000000039e4a08]
Event: 1756.846 Thread 0x00000000574aa000 6449   !   4       java.io.PrintStream::write (69 bytes)

GC Heap History (10 events):
Event: 15.429 GC heap before
{Heap before GC invocations=17 (full 1):
 PSYoungGen      total 411136K, used 406016K [0x00000000d5980000, 0x00000000f5400000, 0x0000000100000000)
  eden space 395264K, 100% used [0x00000000d5980000,0x00000000edb80000,0x00000000edb80000)
  from space 15872K, 67% used [0x00000000edb80000,0x00000000ee600030,0x00000000eeb00000)
  to   space 15872K, 0% used [0x00000000f4480000,0x00000000f4480000,0x00000000f5400000)
 ParOldGen       total 91136K, used 31567K [0x0000000080c00000, 0x0000000086500000, 0x00000000d5980000)
  object space 91136K, 34% used [0x0000000080c00000,0x0000000082ad3ec8,0x0000000086500000)
 Metaspace       used 24873K, capacity 25560K, committed 25904K, reserved 1073152K
  class space    used 2861K, capacity 3035K, committed 3120K, reserved 1048576K
Event: 15.444 GC heap after
Heap after GC invocations=17 (full 1):
 PSYoungGen      total 501760K, used 13280K [0x00000000d5980000, 0x00000000f6180000, 0x0000000100000000)
  eden space 485888K, 0% used [0x00000000d5980000,0x00000000d5980000,0x00000000f3400000)
  from space 15872K, 83% used [0x00000000f4480000,0x00000000f5178030,0x00000000f5400000)
  to   space 16896K, 0% used [0x00000000f3400000,0x00000000f3400000,0x00000000f4480000)
 ParOldGen       total 91136K, used 31575K [0x0000000080c00000, 0x0000000086500000, 0x00000000d5980000)
  object space 91136K, 34% used [0x0000000080c00000,0x0000000082ad5ec8,0x0000000086500000)
 Metaspace       used 24873K, capacity 25560K, committed 25904K, reserved 1073152K
  class space    used 2861K, capacity 3035K, committed 3120K, reserved 1048576K
}
Event: 17.862 GC heap before
{Heap before GC invocations=18 (full 1):
 PSYoungGen      total 501760K, used 499168K [0x00000000d5980000, 0x00000000f6180000, 0x0000000100000000)
  eden space 485888K, 100% used [0x00000000d5980000,0x00000000f3400000,0x00000000f3400000)
  from space 15872K, 83% used [0x00000000f4480000,0x00000000f5178030,0x00000000f5400000)
  to   space 16896K, 0% used [0x00000000f3400000,0x00000000f3400000,0x00000000f4480000)
 ParOldGen       total 91136K, used 31575K [0x0000000080c00000, 0x0000000086500000, 0x00000000d5980000)
  object space 91136K, 34% used [0x0000000080c00000,0x0000000082ad5ec8,0x0000000086500000)
 Metaspace       used 25011K, capacity 25752K, committed 25904K, reserved 1073152K
  class space    used 2865K, capacity 3035K, committed 3120K, reserved 1048576K
Event: 17.895 GC heap after
Heap after GC invocations=18 (full 1):
 PSYoungGen      total 502784K, used 16886K [0x00000000d5980000, 0x00000000fbb00000, 0x0000000100000000)
  eden space 485888K, 0% used [0x00000000d5980000,0x00000000d5980000,0x00000000f3400000)
  from space 16896K, 99% used [0x00000000f3400000,0x00000000f447da90,0x00000000f4480000)
  to   space 30208K, 0% used [0x00000000f9d80000,0x00000000f9d80000,0x00000000fbb00000)
 ParOldGen       total 91136K, used 62224K [0x0000000080c00000, 0x0000000086500000, 0x00000000d5980000)
  object space 91136K, 68% used [0x0000000080c00000,0x00000000848c41d0,0x0000000086500000)
 Metaspace       used 25011K, capacity 25752K, committed 25904K, reserved 1073152K
  class space    used 2865K, capacity 3035K, committed 3120K, reserved 1048576K
}
Event: 20.630 GC heap before
{Heap before GC invocations=19 (full 1):
 PSYoungGen      total 502784K, used 502774K [0x00000000d5980000, 0x00000000fbb00000, 0x0000000100000000)
  eden space 485888K, 100% used [0x00000000d5980000,0x00000000f3400000,0x00000000f3400000)
  from space 16896K, 99% used [0x00000000f3400000,0x00000000f447da90,0x00000000f4480000)
  to   space 30208K, 0% used [0x00000000f9d80000,0x00000000f9d80000,0x00000000fbb00000)
 ParOldGen       total 91136K, used 62224K [0x0000000080c00000, 0x0000000086500000, 0x00000000d5980000)
  object space 91136K, 68% used [0x0000000080c00000,0x00000000848c41d0,0x0000000086500000)
 Metaspace       used 25013K, capacity 25752K, committed 25904K, reserved 1073152K
  class space    used 2865K, capacity 3035K, committed 3120K, reserved 1048576K
Event: 20.675 GC heap after
Heap after GC invocations=19 (full 1):
 PSYoungGen      total 577536K, used 30190K [0x00000000d5980000, 0x00000000fd700000, 0x0000000100000000)
  eden space 547328K, 0% used [0x00000000d5980000,0x00000000d5980000,0x00000000f7000000)
  from space 30208K, 99% used [0x00000000f9d80000,0x00000000fbafb890,0x00000000fbb00000)
  to   space 46592K, 0% used [0x00000000f7000000,0x00000000f7000000,0x00000000f9d80000)
 ParOldGen       total 93696K, used 93682K [0x0000000080c00000, 0x0000000086780000, 0x00000000d5980000)
  object space 93696K, 99% used [0x0000000080c00000,0x000000008677c9e8,0x0000000086780000)
 Metaspace       used 25013K, capacity 25752K, committed 25904K, reserved 1073152K
  class space    used 2865K, capacity 3035K, committed 3120K, reserved 1048576K
}
Event: 20.675 GC heap before
{Heap before GC invocations=20 (full 2):
 PSYoungGen      total 577536K, used 30190K [0x00000000d5980000, 0x00000000fd700000, 0x0000000100000000)
  eden space 547328K, 0% used [0x00000000d5980000,0x00000000d5980000,0x00000000f7000000)
  from space 30208K, 99% used [0x00000000f9d80000,0x00000000fbafb890,0x00000000fbb00000)
  to   space 46592K, 0% used [0x00000000f7000000,0x00000000f7000000,0x00000000f9d80000)
 ParOldGen       total 93696K, used 93682K [0x0000000080c00000, 0x0000000086780000, 0x00000000d5980000)
  object space 93696K, 99% used [0x0000000080c00000,0x000000008677c9e8,0x0000000086780000)
 Metaspace       used 25013K, capacity 25752K, committed 25904K, reserved 1073152K
  class space    used 2865K, capacity 3035K, committed 3120K, reserved 1048576K
Event: 20.829 GC heap after
Heap after GC invocations=20 (full 2):
 PSYoungGen      total 577536K, used 0K [0x00000000d5980000, 0x00000000fd700000, 0x0000000100000000)
  eden space 547328K, 0% used [0x00000000d5980000,0x00000000d5980000,0x00000000f7000000)
  from space 30208K, 0% used [0x00000000f9d80000,0x00000000f9d80000,0x00000000fbb00000)
  to   space 46592K, 0% used [0x00000000f7000000,0x00000000f7000000,0x00000000f9d80000)
 ParOldGen       total 185856K, used 84912K [0x0000000080c00000, 0x000000008c180000, 0x00000000d5980000)
  object space 185856K, 45% used [0x0000000080c00000,0x0000000085eec348,0x000000008c180000)
 Metaspace       used 25013K, capacity 25752K, committed 25904K, reserved 1073152K
  class space    used 2865K, capacity 3035K, committed 3120K, reserved 1048576K
}
Event: 23.738 GC heap before
{Heap before GC invocations=21 (full 2):
 PSYoungGen      total 577536K, used 547328K [0x00000000d5980000, 0x00000000fd700000, 0x0000000100000000)
  eden space 547328K, 100% used [0x00000000d5980000,0x00000000f7000000,0x00000000f7000000)
  from space 30208K, 0% used [0x00000000f9d80000,0x00000000f9d80000,0x00000000fbb00000)
  to   space 46592K, 0% used [0x00000000f7000000,0x00000000f7000000,0x00000000f9d80000)
 ParOldGen       total 185856K, used 84912K [0x0000000080c00000, 0x000000008c180000, 0x00000000d5980000)
  object space 185856K, 45% used [0x0000000080c00000,0x0000000085eec348,0x000000008c180000)
 Metaspace       used 25014K, capacity 25752K, committed 25904K, reserved 1073152K
  class space    used 2865K, capacity 3035K, committed 3120K, reserved 1048576K
Event: 23.774 GC heap after
Heap after GC invocations=21 (full 2):
 PSYoungGen      total 593920K, used 46586K [0x00000000d5980000, 0x0000000100000000, 0x0000000100000000)
  eden space 547328K, 0% used [0x00000000d5980000,0x00000000d5980000,0x00000000f7000000)
  from space 46592K, 99% used [0x00000000f7000000,0x00000000f9d7e8d0,0x00000000f9d80000)
  to   space 57344K, 0% used [0x00000000fc800000,0x00000000fc800000,0x0000000100000000)
 ParOldGen       total 185856K, used 93714K [0x0000000080c00000, 0x000000008c180000, 0x00000000d5980000)
  object space 185856K, 50% used [0x0000000080c00000,0x0000000086784bb8,0x000000008c180000)
 Metaspace       used 25014K, capacity 25752K, committed 25904K, reserved 1073152K
  class space    used 2865K, capacity 3035K, committed 3120K, reserved 1048576K
}

Deoptimization events (10 events):
Event: 26.186 Thread 0x000000000264e800 Uncommon trap: reason=null_check action=make_not_entrant pc=0x000000000340e2e0 method=org.eclipse.sisu.plexus.ClassRealmUtils.visibleRealmNames(Lorg/codehaus/plexus/classworlds/realm/ClassRealm;)Ljava/util/Set; @ 19
Event: 26.213 Thread 0x000000000264e800 Uncommon trap: reason=unstable_if action=reinterpret pc=0x0000000003ad81d4 method=org.codehaus.plexus.classworlds.realm.Entry.matches(Ljava/lang/String;)Z @ 20
Event: 26.225 Thread 0x000000000264e800 Uncommon trap: reason=class_check action=maybe_recompile pc=0x000000000375867c method=java.util.Hashtable.put(Ljava/lang/Object;Ljava/lang/Object;)Ljava/lang/Object; @ 60
Event: 26.225 Thread 0x000000000264e800 Uncommon trap: reason=class_check action=maybe_recompile pc=0x000000000375867c method=java.util.Hashtable.put(Ljava/lang/Object;Ljava/lang/Object;)Ljava/lang/Object; @ 60
Event: 26.251 Thread 0x000000000264e800 Uncommon trap: reason=unstable_if action=reinterpret pc=0x0000000002f79e30 method=java.lang.String.split(Ljava/lang/String;I)[Ljava/lang/String; @ 106
Event: 26.256 Thread 0x000000000264e800 Uncommon trap: reason=unstable_if action=reinterpret pc=0x0000000002e26dc8 method=java.util.Hashtable.<init>(IF)V @ 81
Event: 26.269 Thread 0x000000000264e800 Uncommon trap: reason=unstable_if action=reinterpret pc=0x00000000037553d4 method=java.util.Properties$LineReader.readLine()I @ 200
Event: 26.303 Thread 0x000000000264e800 Uncommon trap: reason=unstable_if action=reinterpret pc=0x0000000002ee8c38 method=sun.net.www.protocol.jar.Handler.parseURL(Ljava/net/URL;Ljava/lang/String;II)V @ 68
Event: 37.170 Thread 0x000000005923b000 Uncommon trap: reason=unstable_if action=reinterpret pc=0x0000000002f71818 method=java.io.BufferedReader.readLine(Z)Ljava/lang/String; @ 265
Event: 37.170 Thread 0x000000005923b000 Uncommon trap: reason=unstable_if action=reinterpret pc=0x0000000002a5a868 method=sun.nio.cs.UTF_8$Encoder.encodeArrayLoop(Ljava/nio/CharBuffer;Ljava/nio/ByteBuffer;)Ljava/nio/charset/CoderResult; @ 113

Internal exceptions (10 events):
Event: 3.839 Thread 0x000000000264e800 Exception <a 'java/io/FileNotFoundException'> (0x00000000d817aea0) thrown at [C:\re\workspace\8-2-build-windows-amd64-cygwin\jdk8u45\3457\hotspot\src\share\vm\prims\jni.cpp, line 709]
Event: 3.882 Thread 0x000000000264e800 Exception <a 'java/io/FileNotFoundException'> (0x00000000d8997120) thrown at [C:\re\workspace\8-2-build-windows-amd64-cygwin\jdk8u45\3457\hotspot\src\share\vm\prims\jni.cpp, line 709]
Event: 3.882 Thread 0x000000000264e800 Exception <a 'java/io/FileNotFoundException'> (0x00000000d8997eb0) thrown at [C:\re\workspace\8-2-build-windows-amd64-cygwin\jdk8u45\3457\hotspot\src\share\vm\prims\jni.cpp, line 709]
Event: 3.882 Thread 0x000000000264e800 Exception <a 'java/io/FileNotFoundException'> (0x00000000d8998c70) thrown at [C:\re\workspace\8-2-build-windows-amd64-cygwin\jdk8u45\3457\hotspot\src\share\vm\prims\jni.cpp, line 709]
Event: 3.882 Thread 0x000000000264e800 Exception <a 'java/io/FileNotFoundException'> (0x00000000d8999a40) thrown at [C:\re\workspace\8-2-build-windows-amd64-cygwin\jdk8u45\3457\hotspot\src\share\vm\prims\jni.cpp, line 709]
Event: 5.947 Thread 0x000000000264e800 Implicit null exception at 0x000000000381d75f to 0x000000000381d9a1
Event: 10.610 Thread 0x000000000264e800 Implicit null exception at 0x00000000035d1519 to 0x00000000035d3671
Event: 14.163 Thread 0x000000000264e800 Implicit null exception at 0x0000000003a3412b to 0x0000000003a3743d
Event: 26.121 Thread 0x000000000264e800 Implicit null exception at 0x0000000003a463cc to 0x0000000003a495bd
Event: 26.186 Thread 0x000000000264e800 Implicit null exception at 0x000000000340ddfb to 0x000000000340e2d5

Events (10 events):
Event: 48.188 Thread 0x00000000574aa000 flushing nmethod 0x000000000302ab50
Event: 48.877 Executing VM operation: RevokeBias
Event: 48.877 Executing VM operation: RevokeBias done
Event: 48.877 Thread 0x000000005923b000 DEOPT PACKING pc=0x0000000003829b28 sp=0x000000005e46e990
Event: 48.877 Thread 0x000000005923b000 DEOPT UNPACKING pc=0x000000000294747f sp=0x000000005e46e708 mode 0
Event: 78.681 Thread 0x00000000574ba800 flushing nmethod 0x0000000003697cd0
Event: 78.682 Thread 0x00000000574ba800 flushing nmethod 0x0000000003770d50
Event: 78.683 Thread 0x00000000574ba800 flushing nmethod 0x00000000039e44d0
Event: 78.683 Thread 0x00000000574ba800 flushing nmethod 0x0000000003a03410
Event: 576.900 Thread 0x00000000574aa000 flushing nmethod 0x0000000002a38490


Dynamic libraries:
0x000000013fef0000 - 0x000000013ff27000 	C:\Program Files\Java\jdk1.8.0_45\bin\java.exe
0x0000000077150000 - 0x00000000772f9000 	C:\windows\SYSTEM32\ntdll.dll
0x0000000076bc0000 - 0x0000000076cdf000 	C:\windows\system32\kernel32.dll
0x000007fefd8f0000 - 0x000007fefd95c000 	C:\windows\system32\KERNELBASE.dll
0x000007fefeab0000 - 0x000007fefeb8b000 	C:\windows\system32\ADVAPI32.dll
0x000007feff2c0000 - 0x000007feff35f000 	C:\windows\system32\msvcrt.dll
0x000007feff440000 - 0x000007feff45f000 	C:\windows\SYSTEM32\sechost.dll
0x000007fefeed0000 - 0x000007fefeffd000 	C:\windows\system32\RPCRT4.dll
0x0000000076e40000 - 0x0000000076f3a000 	C:\windows\system32\USER32.dll
0x000007fefed80000 - 0x000007fefede7000 	C:\windows\system32\GDI32.dll
0x000007feff360000 - 0x000007feff36e000 	C:\windows\system32\LPK.dll
0x000007feff370000 - 0x000007feff439000 	C:\windows\system32\USP10.dll
0x000007fefd100000 - 0x000007fefd2f4000 	C:\windows\WinSxS\amd64_microsoft.windows.common-controls_6595b64144ccf1df_6.0.7601.17514_none_fa396087175ac9ac\COMCTL32.dll
0x000007fefeb90000 - 0x000007fefec01000 	C:\windows\system32\SHLWAPI.dll
0x000007fefdcd0000 - 0x000007fefdcfe000 	C:\windows\system32\IMM32.DLL
0x000007fefec70000 - 0x000007fefed79000 	C:\windows\system32\MSCTF.dll
0x0000000068f00000 - 0x0000000068fd2000 	C:\Program Files\Java\jdk1.8.0_45\jre\bin\msvcr100.dll
0x0000000066bc0000 - 0x0000000067443000 	C:\Program Files\Java\jdk1.8.0_45\jre\bin\server\jvm.dll
0x000007fefba20000 - 0x000007fefba29000 	C:\windows\system32\WSOCK32.dll
0x000007fefdc80000 - 0x000007fefdccd000 	C:\windows\system32\WS2_32.dll
0x000007feff000000 - 0x000007feff008000 	C:\windows\system32\NSI.dll
0x000007fefadc0000 - 0x000007fefadfb000 	C:\windows\system32\WINMM.dll
0x000007fefc0d0000 - 0x000007fefc0dc000 	C:\windows\system32\VERSION.dll
0x0000000077320000 - 0x0000000077327000 	C:\windows\system32\PSAPI.DLL
0x00000000694e0000 - 0x00000000694ef000 	C:\Program Files\Java\jdk1.8.0_45\jre\bin\verify.dll
0x00000000694b0000 - 0x00000000694d9000 	C:\Program Files\Java\jdk1.8.0_45\jre\bin\java.dll
0x0000000069490000 - 0x00000000694a6000 	C:\Program Files\Java\jdk1.8.0_45\jre\bin\zip.dll
0x000007fefdd20000 - 0x000007fefeaa8000 	C:\windows\system32\SHELL32.dll
0x000007feff010000 - 0x000007feff213000 	C:\windows\system32\ole32.dll
0x000007fefd5b0000 - 0x000007fefd5bf000 	C:\windows\system32\profapi.dll
0x000007fefba30000 - 0x000007fefba40000 	C:\Program Files (x86)\JetBrains\IntelliJ IDEA 12.1.7\bin\breakgen64.dll
0x0000000069470000 - 0x000000006948a000 	C:\Program Files\Java\jdk1.8.0_45\jre\bin\net.dll
0x000007fefcb20000 - 0x000007fefcb75000 	C:\windows\system32\mswsock.dll
0x000007fefcb10000 - 0x000007fefcb17000 	C:\windows\System32\wship6.dll
0x0000000069450000 - 0x0000000069461000 	C:\Program Files\Java\jdk1.8.0_45\jre\bin\nio.dll
0x000007fefd480000 - 0x000007fefd4d7000 	C:\windows\system32\apphelp.dll
0x000007fef0c70000 - 0x000007fef0d95000 	C:\windows\system32\dbghelp.dll

VM Arguments:
jvm_args: -Dmaven.home=F:\apache-maven-3.2.3 -Dclassworlds.conf=F:\apache-maven-3.2.3\bin\m2.conf -Didea.launcher.port=7537 -Didea.launcher.bin.path=C:\Program Files (x86)\JetBrains\IntelliJ IDEA 12.1.7\bin -Dfile.encoding=UTF-8 
java_command: com.intellij.rt.execution.application.AppMain org.codehaus.classworlds.Launcher --fail-fast --strict-checksums deploy
java_class_path (initial): F:\apache-maven-3.2.3\boot\plexus-classworlds-2.5.1.jar;C:\Program Files (x86)\JetBrains\IntelliJ IDEA 12.1.7\lib\idea_rt.jar
Launcher Type: SUN_STANDARD

Environment Variables:
JAVA_HOME=C:\Program Files\Java\jdk1.8.0_45
CLASSPATH=C:\Program Files\Java\jdk1.8.0_45\lib\dt.jar;C:\Program Files\Java\jdk1.8.0_45\lib\tools.jar;
PATH=C:\Program Files (x86)\JetBrains\IntelliJ IDEA 12.1.7\bin\..\.\bin;C:\ProgramData\Oracle\Java\javapath;C:\Program Files (x86)\Common Files\NetSarang;C:\windows\system32;C:\windows;C:\windows\System32\Wbem;C:\windows\System32\WindowsPowerShell\v1.0\;C:\Program Files\Java\jdk1.8.0_45\bin;C:\Program Files\Java\jdk1.8.0_45\jre\bin;C:\Program Files\TortoiseSVN\bin;C:\cygwin\bin;C:\cygwin\bin;;c:\program files (x86)\jetbrains\intellij idea 12.1.7\jre\jre\bin
USERNAME=Administrator
OS=Windows_NT
PROCESSOR_IDENTIFIER=Intel64 Family 6 Model 58 Stepping 9, GenuineIntel



---------------  S Y S T E M  ---------------

OS: Windows 7 , 64 bit Build 7601 (6.1.7601.17965)

CPU:total 2 (2 cores per cpu, 1 threads per core) family 6 model 58 stepping 9, cmov, cx8, fxsr, mmx, sse, sse2, sse3, ssse3, sse4.1, sse4.2, popcnt, clmul, erms, tsc, tscinvbit, tscinv

Memory: 4k page, physical 8333864k(4632244k free), swap 25109228k(20625020k free)

vm_info: Java HotSpot(TM) 64-Bit Server VM (25.45-b02) for windows-amd64 JRE (1.8.0_45-b14), built on Apr 10 2015 10:34:15 by "java_re" with MS VC++ 10.0 (VS2010)

time: Tue Jan 26 16:37:30 2016
elapsed time: 1756 seconds (0d 0h 29m 16s)

