#
# A fatal error has been detected by the Java Runtime Environment:
#
#  EXCEPTION_ACCESS_VIOLATION (0xc0000005) at pc=0x0000000062793226, pid=6796, tid=6776
#
# JRE version: Java(TM) SE Runtime Environment (8.0_45-b14) (build 1.8.0_45-b14)
# Java VM: Java HotSpot(TM) 64-Bit Server VM (25.45-b02 mixed mode windows-amd64 compressed oops)
# Problematic frame:
# V  [jvm.dll+0x493226]
#
# Failed to write core dump. Minidumps are not enabled by default on client versions of Windows
#
# If you would like to submit a bug report, please visit:
#   http://bugreport.java.com/bugreport/crash.jsp
#

---------------  T H R E A D  ---------------

Current thread (0x000000005714a000):  JavaThread "C2 CompilerThread0" daemon [_thread_in_native, id=6776, stack(0x0000000058160000,0x0000000058260000)]

siginfo: ExceptionCode=0xc0000005, reading address 0x00000000009b0013

Registers:
RAX=0x000000005b021bf8, RBX=0x000000000000000f, RCX=0x0000000000000004, RDX=0x0000000000000004
RSP=0x000000005825c0a0, RBP=0x00000000000b3ec0, RSI=0x00000000000019b4, RDI=0x000000005c3e10d0
R8 =0x0000000000008000, R9 =0x00000000009b0003, R10=0x000000005825c410, R11=0x000000000000000c
R12=0x000000005c490050, R13=0x000000005825c700, R14=0x0000000062300000, R15=0x0000000062b04778
RIP=0x0000000062793226, EFLAGS=0x0000000000010206

Top of Stack: (sp=0x000000005825c0a0)
0x000000005825c0a0:   000000005825c280 00000000000012ce
0x000000005825c0b0:   00000000000b3ec0 00000000000019b4
0x000000005825c0c0:   0000159400000000 0000000000000005
0x000000005825c0d0:   0000000059101ee0 0000000000000016
0x000000005825c0e0:   0000000059102ce8 000000000000002b
0x000000005825c0f0:   000000005825c280 00000000627cd504
0x000000005825c100:   0000000000000000 000000005a4250c0
0x000000005825c110:   000000005a333040 000000005c490050
0x000000005825c120:   000000005825c700 00000000627946d8
0x000000005825c130:   00000000000b3ec0 0000000000093700
0x000000005825c140:   000000005825c230 000000005c4a89d8
0x000000005825c150:   0000000300000000 000000000000000d
0x000000005825c160:   000000005a4250c0 000019b400000005
0x000000005825c170:   0000018d0000000c 0000000000000002
0x000000005825c180:   0000000005155455 0000000000000000
0x000000005825c190:   0000000000000000 0000000000000000 

Instructions: (pc=0x0000000062793226)
0x0000000062793206:   26 44 00 00 4c 8b c8 8b d3 83 e3 1f 41 b8 01 00
0x0000000062793216:   00 00 c1 ea 05 0f b6 cb 83 e2 07 41 d3 e0 8b ca
0x0000000062793226:   41 8b 14 91 8b c2 41 0b c0 41 89 04 89 41 85 d0
0x0000000062793236:   0f 85 a4 fe ff ff ff 07 e9 9d fe ff ff 48 8b bc 


Register to memory mapping:

RAX=0x000000005b021bf8 is pointing into metadata
RBX=0x000000000000000f is an unknown value
RCX=0x0000000000000004 is an unknown value
RDX=0x0000000000000004 is an unknown value
RSP=0x000000005825c0a0 is pointing into the stack for thread: 0x000000005714a000
RBP=0x00000000000b3ec0 is an unknown value
RSI=0x00000000000019b4 is an unknown value
RDI=0x000000005c3e10d0 is an unknown value
R8 =0x0000000000008000 is an unknown value
R9 =0x00000000009b0003 is an unknown value
R10=0x000000005825c410 is pointing into the stack for thread: 0x000000005714a000
R11=0x000000000000000c is an unknown value
R12=0x000000005c490050 is an unknown value
R13=0x000000005825c700 is pointing into the stack for thread: 0x000000005714a000
R14=0x0000000062300000 is an unknown value
R15=0x0000000062b04778 is an unknown value


Stack: [0x0000000058160000,0x0000000058260000],  sp=0x000000005825c0a0,  free space=1008k
Native frames: (J=compiled Java code, j=interpreted, Vv=VM code, C=native code)
V  [jvm.dll+0x493226]
V  [jvm.dll+0x4946d8]
V  [jvm.dll+0x45f72d]
V  [jvm.dll+0x46a73b]
V  [jvm.dll+0x46cd52]
V  [jvm.dll+0x4500f2]
V  [jvm.dll+0xa4352]
V  [jvm.dll+0xa4c8f]
V  [jvm.dll+0x241984]
V  [jvm.dll+0x29853a]
C  [msvcr100.dll+0x21d9f]
C  [msvcr100.dll+0x21e3b]
C  [kernel32.dll+0x1652d]
C  [ntdll.dll+0x2c521]


Current CompileTask:
C2:   6904 4343       4       org.apache.maven.model.inheritance.DefaultInheritanceAssembler$InheritanceModelMerger::mergePluginContainer_Plugins (430 bytes)


---------------  P R O C E S S  ---------------

Java Threads: ( => current thread )
  0x00000000585a7000 JavaThread "Monitor Ctrl-Break" daemon [_thread_in_native, id=6312, stack(0x0000000058e80000,0x0000000058f80000)]
  0x000000005719f000 JavaThread "Service Thread" daemon [_thread_blocked, id=7132, stack(0x0000000058a00000,0x0000000058b00000)]
  0x000000005715a800 JavaThread "C1 CompilerThread1" daemon [_thread_blocked, id=5980, stack(0x0000000058400000,0x0000000058500000)]
=>0x000000005714a000 JavaThread "C2 CompilerThread0" daemon [_thread_in_native, id=6776, stack(0x0000000058160000,0x0000000058260000)]
  0x0000000057149000 JavaThread "Attach Listener" daemon [_thread_blocked, id=1948, stack(0x0000000058260000,0x0000000058360000)]
  0x0000000057131800 JavaThread "Signal Dispatcher" daemon [_thread_blocked, id=6124, stack(0x0000000058000000,0x0000000058100000)]
  0x00000000570dc800 JavaThread "Finalizer" daemon [_thread_blocked, id=6288, stack(0x0000000057e20000,0x0000000057f20000)]
  0x00000000570d2000 JavaThread "Reference Handler" daemon [_thread_blocked, id=6204, stack(0x0000000057b50000,0x0000000057c50000)]
  0x0000000001dfe800 JavaThread "main" [_thread_in_Java, id=6480, stack(0x0000000002560000,0x0000000002660000)]

Other Threads:
  0x00000000570cc800 VMThread [stack: 0x0000000057d00000,0x0000000057e00000] [id=6440]
  0x000000005854b800 WatcherThread [stack: 0x0000000058cb0000,0x0000000058db0000] [id=6508]

VM state:not at safepoint (normal execution)

VM Mutex/Monitor currently owned by a thread: None

Heap:
 PSYoungGen      total 278016K, used 227771K [0x00000000d5980000, 0x00000000f1100000, 0x0000000100000000)
  eden space 265216K, 83% used [0x00000000d5980000,0x00000000e31c6e08,0x00000000e5c80000)
  from space 12800K, 49% used [0x00000000e5c80000,0x00000000e62a8000,0x00000000e6900000)
  to   space 12800K, 0% used [0x00000000f0480000,0x00000000f0480000,0x00000000f1100000)
 ParOldGen       total 87552K, used 18634K [0x0000000080c00000, 0x0000000086180000, 0x00000000d5980000)
  object space 87552K, 21% used [0x0000000080c00000,0x0000000081e32990,0x0000000086180000)
 Metaspace       used 18917K, capacity 19596K, committed 19840K, reserved 1067008K
  class space    used 2179K, capacity 2351K, committed 2432K, reserved 1048576K

Card table byte_map: [0x0000000011ab0000,0x0000000011eb0000] byte_map_base: 0x00000000116aa000

Marking Bits: (ParMarkBitMap*) 0x0000000062b04040
 Begin Bits: [0x0000000012400000, 0x00000000143d0000)
 End Bits:   [0x00000000143d0000, 0x00000000163a0000)

Polling page: 0x0000000000230000

CodeCache: size=245760Kb used=14398Kb max_used=15342Kb free=231361Kb
 bounds [0x00000000026f0000, 0x0000000003600000, 0x00000000116f0000]
 total_blobs=4500 nmethods=4160 adapters=252
 compilation: enabled

Compilation events (10 events):
Event: 6.829 Thread 0x000000005715a800 4364       2       java.util.regex.Pattern::newSlice (181 bytes)
Event: 6.829 Thread 0x000000005715a800 nmethod 4364 0x00000000028ad690 code [0x00000000028ad8c0, 0x00000000028ae108]
Event: 6.832 Thread 0x000000005715a800 4365   !   2       org.apache.maven.model.Extension::clone (73 bytes)
Event: 6.832 Thread 0x000000005715a800 nmethod 4365 0x00000000028e0190 code [0x00000000028e0380, 0x00000000028e0978]
Event: 6.866 Thread 0x000000005715a800 4366       2       org.apache.maven.model.merge.ModelMerger::mergeIssueManagement_Url (41 bytes)
Event: 6.867 Thread 0x000000005715a800 nmethod 4366 0x000000000280aed0 code [0x000000000280b060, 0x000000000280b358]
Event: 6.867 Thread 0x000000005715a800 4367       2       org.apache.maven.model.merge.ModelMerger::mergeIssueManagement_System (43 bytes)
Event: 6.867 Thread 0x000000005715a800 nmethod 4367 0x000000000285a190 code [0x000000000285a320, 0x000000000285a618]
Event: 6.878 Thread 0x000000005715a800 4368       2       org.apache.maven.artifact.resolver.ResolutionNode::isChildOfRootNode (23 bytes)
Event: 6.878 Thread 0x000000005715a800 nmethod 4368 0x0000000002814ad0 code [0x0000000002814c20, 0x0000000002814db0]

GC Heap History (10 events):
Event: 2.415 GC heap before
{Heap before GC invocations=5 (full 0):
 PSYoungGen      total 71680K, used 71656K [0x00000000d5980000, 0x00000000da480000, 0x0000000100000000)
  eden space 66560K, 100% used [0x00000000d5980000,0x00000000d9a80000,0x00000000d9a80000)
  from space 5120K, 99% used [0x00000000d9f80000,0x00000000da47a040,0x00000000da480000)
  to   space 5120K, 0% used [0x00000000d9a80000,0x00000000d9a80000,0x00000000d9f80000)
 ParOldGen       total 87552K, used 6632K [0x0000000080c00000, 0x0000000086180000, 0x00000000d5980000)
  object space 87552K, 7% used [0x0000000080c00000,0x000000008127a398,0x0000000086180000)
 Metaspace       used 14575K, capacity 14862K, committed 15104K, reserved 1062912K
  class space    used 1706K, capacity 1783K, committed 1792K, reserved 1048576K
Event: 2.445 GC heap after
Heap after GC invocations=5 (full 0):
 PSYoungGen      total 71680K, used 5096K [0x00000000d5980000, 0x00000000dee80000, 0x0000000100000000)
  eden space 66560K, 0% used [0x00000000d5980000,0x00000000d5980000,0x00000000d9a80000)
  from space 5120K, 99% used [0x00000000d9a80000,0x00000000d9f7a040,0x00000000d9f80000)
  to   space 9728K, 0% used [0x00000000de500000,0x00000000de500000,0x00000000dee80000)
 ParOldGen       total 87552K, used 10112K [0x0000000080c00000, 0x0000000086180000, 0x00000000d5980000)
  object space 87552K, 11% used [0x0000000080c00000,0x00000000815e0398,0x0000000086180000)
 Metaspace       used 14575K, capacity 14862K, committed 15104K, reserved 1062912K
  class space    used 1706K, capacity 1783K, committed 1792K, reserved 1048576K
}
Event: 3.081 GC heap before
{Heap before GC invocations=6 (full 0):
 PSYoungGen      total 71680K, used 71656K [0x00000000d5980000, 0x00000000dee80000, 0x0000000100000000)
  eden space 66560K, 100% used [0x00000000d5980000,0x00000000d9a80000,0x00000000d9a80000)
  from space 5120K, 99% used [0x00000000d9a80000,0x00000000d9f7a040,0x00000000d9f80000)
  to   space 9728K, 0% used [0x00000000de500000,0x00000000de500000,0x00000000dee80000)
 ParOldGen       total 87552K, used 10112K [0x0000000080c00000, 0x0000000086180000, 0x00000000d5980000)
  object space 87552K, 11% used [0x0000000080c00000,0x00000000815e0398,0x0000000086180000)
 Metaspace       used 15507K, capacity 15916K, committed 16000K, reserved 1062912K
  class space    used 1792K, capacity 1920K, committed 1920K, reserved 1048576K
Event: 3.098 GC heap after
Heap after GC invocations=6 (full 0):
 PSYoungGen      total 142336K, used 8492K [0x00000000d5980000, 0x00000000def80000, 0x0000000100000000)
  eden space 132608K, 0% used [0x00000000d5980000,0x00000000d5980000,0x00000000ddb00000)
  from space 9728K, 87% used [0x00000000de500000,0x00000000ded4b030,0x00000000dee80000)
  to   space 10240K, 0% used [0x00000000ddb00000,0x00000000ddb00000,0x00000000de500000)
 ParOldGen       total 87552K, used 10120K [0x0000000080c00000, 0x0000000086180000, 0x00000000d5980000)
  object space 87552K, 11% used [0x0000000080c00000,0x00000000815e2398,0x0000000086180000)
 Metaspace       used 15507K, capacity 15916K, committed 16000K, reserved 1062912K
  class space    used 1792K, capacity 1920K, committed 1920K, reserved 1048576K
}
Event: 4.423 GC heap before
{Heap before GC invocations=7 (full 0):
 PSYoungGen      total 142336K, used 141100K [0x00000000d5980000, 0x00000000def80000, 0x0000000100000000)
  eden space 132608K, 100% used [0x00000000d5980000,0x00000000ddb00000,0x00000000ddb00000)
  from space 9728K, 87% used [0x00000000de500000,0x00000000ded4b030,0x00000000dee80000)
  to   space 10240K, 0% used [0x00000000ddb00000,0x00000000ddb00000,0x00000000de500000)
 ParOldGen       total 87552K, used 10120K [0x0000000080c00000, 0x0000000086180000, 0x00000000d5980000)
  object space 87552K, 11% used [0x0000000080c00000,0x00000000815e2398,0x0000000086180000)
 Metaspace       used 18520K, capacity 19124K, committed 19328K, reserved 1067008K
  class space    used 2166K, capacity 2347K, committed 2432K, reserved 1048576K
Event: 4.445 GC heap after
Heap after GC invocations=7 (full 0):
 PSYoungGen      total 142848K, used 10213K [0x00000000d5980000, 0x00000000e7580000, 0x0000000100000000)
  eden space 132608K, 0% used [0x00000000d5980000,0x00000000d5980000,0x00000000ddb00000)
  from space 10240K, 99% used [0x00000000ddb00000,0x00000000de4f94c0,0x00000000de500000)
  to   space 12800K, 0% used [0x00000000e6900000,0x00000000e6900000,0x00000000e7580000)
 ParOldGen       total 87552K, used 13466K [0x0000000080c00000, 0x0000000086180000, 0x00000000d5980000)
  object space 87552K, 15% used [0x0000000080c00000,0x0000000081926990,0x0000000086180000)
 Metaspace       used 18520K, capacity 19124K, committed 19328K, reserved 1067008K
  class space    used 2166K, capacity 2347K, committed 2432K, reserved 1048576K
}
Event: 4.996 GC heap before
{Heap before GC invocations=8 (full 0):
 PSYoungGen      total 142848K, used 142821K [0x00000000d5980000, 0x00000000e7580000, 0x0000000100000000)
  eden space 132608K, 100% used [0x00000000d5980000,0x00000000ddb00000,0x00000000ddb00000)
  from space 10240K, 99% used [0x00000000ddb00000,0x00000000de4f94c0,0x00000000de500000)
  to   space 12800K, 0% used [0x00000000e6900000,0x00000000e6900000,0x00000000e7580000)
 ParOldGen       total 87552K, used 13466K [0x0000000080c00000, 0x0000000086180000, 0x00000000d5980000)
  object space 87552K, 15% used [0x0000000080c00000,0x0000000081926990,0x0000000086180000)
 Metaspace       used 18677K, capacity 19316K, committed 19584K, reserved 1067008K
  class space    used 2167K, capacity 2347K, committed 2432K, reserved 1048576K
Event: 5.010 GC heap after
Heap after GC invocations=8 (full 0):
 PSYoungGen      total 278016K, used 9344K [0x00000000d5980000, 0x00000000e7580000, 0x0000000100000000)
  eden space 265216K, 0% used [0x00000000d5980000,0x00000000d5980000,0x00000000e5c80000)
  from space 12800K, 73% used [0x00000000e6900000,0x00000000e7220000,0x00000000e7580000)
  to   space 12800K, 0% used [0x00000000e5c80000,0x00000000e5c80000,0x00000000e6900000)
 ParOldGen       total 87552K, used 14498K [0x0000000080c00000, 0x0000000086180000, 0x00000000d5980000)
  object space 87552K, 16% used [0x0000000080c00000,0x0000000081a28990,0x0000000086180000)
 Metaspace       used 18677K, capacity 19316K, committed 19584K, reserved 1067008K
  class space    used 2167K, capacity 2347K, committed 2432K, reserved 1048576K
}
Event: 6.123 GC heap before
{Heap before GC invocations=9 (full 0):
 PSYoungGen      total 278016K, used 274560K [0x00000000d5980000, 0x00000000e7580000, 0x0000000100000000)
  eden space 265216K, 100% used [0x00000000d5980000,0x00000000e5c80000,0x00000000e5c80000)
  from space 12800K, 73% used [0x00000000e6900000,0x00000000e7220000,0x00000000e7580000)
  to   space 12800K, 0% used [0x00000000e5c80000,0x00000000e5c80000,0x00000000e6900000)
 ParOldGen       total 87552K, used 14498K [0x0000000080c00000, 0x0000000086180000, 0x00000000d5980000)
  object space 87552K, 16% used [0x0000000080c00000,0x0000000081a28990,0x0000000086180000)
 Metaspace       used 18817K, capacity 19462K, committed 19584K, reserved 1067008K
  class space    used 2170K, capacity 2350K, committed 2432K, reserved 1048576K
Event: 6.179 GC heap after
Heap after GC invocations=9 (full 0):
 PSYoungGen      total 278016K, used 6304K [0x00000000d5980000, 0x00000000f1100000, 0x0000000100000000)
  eden space 265216K, 0% used [0x00000000d5980000,0x00000000d5980000,0x00000000e5c80000)
  from space 12800K, 49% used [0x00000000e5c80000,0x00000000e62a8000,0x00000000e6900000)
  to   space 12800K, 0% used [0x00000000f0480000,0x00000000f0480000,0x00000000f1100000)
 ParOldGen       total 87552K, used 18634K [0x0000000080c00000, 0x0000000086180000, 0x00000000d5980000)
  object space 87552K, 21% used [0x0000000080c00000,0x0000000081e32990,0x0000000086180000)
 Metaspace       used 18817K, capacity 19462K, committed 19584K, reserved 1067008K
  class space    used 2170K, capacity 2350K, committed 2432K, reserved 1048576K
}

Deoptimization events (10 events):
Event: 4.772 Thread 0x0000000001dfe800 Uncommon trap: reason=class_check action=maybe_recompile pc=0x0000000002f872d0 method=java.util.regex.Pattern$Curly.match0(Ljava/util/regex/Matcher;IILjava/lang/CharSequence;)Z @ 16
Event: 5.543 Thread 0x0000000001dfe800 Uncommon trap: reason=unstable_if action=reinterpret pc=0x000000000335229c method=java.math.BigInteger.<init>(Ljava/lang/String;I)V @ 326
Event: 5.543 Thread 0x0000000001dfe800 Uncommon trap: reason=unstable_if action=reinterpret pc=0x00000000033d3c54 method=java.math.MutableBigInteger.compare(Ljava/math/MutableBigInteger;)I @ 10
Event: 5.605 Thread 0x0000000001dfe800 Uncommon trap: reason=unstable_if action=reinterpret pc=0x000000000335f500 method=org.apache.maven.model.merge.ModelMerger.mergePlugin_Dependencies(Lorg/apache/maven/model/Plugin;Lorg/apache/maven/model/Plugin;ZLjava/util/Map;)V @ 64
Event: 6.522 Thread 0x0000000001dfe800 Uncommon trap: reason=null_check action=make_not_entrant pc=0x00000000035c2928 method=org.apache.maven.model.validation.DefaultModelValidator.validateEffectiveDependency(Lorg/apache/maven/model/building/ModelProblemCollector;Lorg/apache/maven/model/DependeçJ∂
@
Event: 6.525 Thread 0x0000000001dfe800 Uncommon trap: reason=predicate action=maybe_recompile pc=0x00000000035bd9d8 method=java.util.AbstractCollection.toArray([Ljava/lang/Object;)[Ljava/lang/Object; @ 49
Event: 6.542 Thread 0x0000000001dfe800 Uncommon trap: reason=array_check action=maybe_recompile pc=0x00000000035a8d88 method=java.util.AbstractCollection.toArray([Ljava/lang/Object;)[Ljava/lang/Object; @ 119
Event: 6.542 Thread 0x0000000001dfe800 Uncommon trap: reason=array_check action=maybe_recompile pc=0x00000000035a8d88 method=java.util.AbstractCollection.toArray([Ljava/lang/Object;)[Ljava/lang/Object; @ 119
Event: 6.543 Thread 0x0000000001dfe800 Uncommon trap: reason=array_check action=maybe_recompile pc=0x00000000035a8d88 method=java.util.AbstractCollection.toArray([Ljava/lang/Object;)[Ljava/lang/Object; @ 119
Event: 6.545 Thread 0x0000000001dfe800 Uncommon trap: reason=array_check action=maybe_recompile pc=0x00000000035a8d88 method=java.util.AbstractCollection.toArray([Ljava/lang/Object;)[Ljava/lang/Object; @ 119

Internal exceptions (10 events):
Event: 0.563 Thread 0x0000000001dfe800 Exception <a 'java/lang/ArrayIndexOutOfBoundsException'> (0x00000000d77575b8) thrown at [C:\re\workspace\8-2-build-windows-amd64-cygwin\jdk8u45\3457\hotspot\src\share\vm\runtime\sharedRuntime.cpp, line 605]
Event: 0.563 Thread 0x0000000001dfe800 Exception <a 'java/lang/ArrayIndexOutOfBoundsException'> (0x00000000d7758eb0) thrown at [C:\re\workspace\8-2-build-windows-amd64-cygwin\jdk8u45\3457\hotspot\src\share\vm\runtime\sharedRuntime.cpp, line 605]
Event: 0.596 Thread 0x0000000001dfe800 Exception <a 'java/lang/ArrayIndexOutOfBoundsException'> (0x00000000d789d2b0) thrown at [C:\re\workspace\8-2-build-windows-amd64-cygwin\jdk8u45\3457\hotspot\src\share\vm\runtime\sharedRuntime.cpp, line 605]
Event: 0.605 Thread 0x0000000001dfe800 Exception <a 'java/lang/ArrayIndexOutOfBoundsException'> (0x00000000d793b988) thrown at [C:\re\workspace\8-2-build-windows-amd64-cygwin\jdk8u45\3457\hotspot\src\share\vm\runtime\sharedRuntime.cpp, line 605]
Event: 0.605 Thread 0x0000000001dfe800 Exception <a 'java/lang/ArrayIndexOutOfBoundsException'> (0x00000000d793c6e0) thrown at [C:\re\workspace\8-2-build-windows-amd64-cygwin\jdk8u45\3457\hotspot\src\share\vm\runtime\sharedRuntime.cpp, line 605]
Event: 1.347 Thread 0x0000000001dfe800 Implicit null exception at 0x0000000002a77f85 to 0x0000000002a78151
Event: 1.347 Thread 0x0000000001dfe800 Implicit null exception at 0x00000000029f2c6f to 0x00000000029f2cd5
Event: 1.578 Thread 0x0000000001dfe800 Implicit null exception at 0x0000000002c8a78e to 0x0000000002c8bad9
Event: 4.182 Thread 0x0000000001dfe800 Implicit null exception at 0x00000000032592df to 0x0000000003259521
Event: 6.522 Thread 0x0000000001dfe800 Implicit null exception at 0x00000000035c05c9 to 0x00000000035c2911

Events (10 events):
Event: 6.867 Thread 0x000000005715a800 flushing nmethod 0x0000000002bc2dd0
Event: 6.867 Thread 0x000000005715a800 flushing nmethod 0x0000000002bc5f90
Event: 6.867 Thread 0x000000005715a800 flushing nmethod 0x0000000002bcb390
Event: 6.867 Thread 0x000000005715a800 flushing nmethod 0x0000000002bcce50
Event: 6.867 Thread 0x000000005715a800 flushing nmethod 0x0000000002bfd390
Event: 6.879 Thread 0x000000005715a800 flushing nmethod 0x0000000002c0d7d0
Event: 6.879 Thread 0x000000005715a800 flushing nmethod 0x0000000002c0fcd0
Event: 6.879 Thread 0x000000005715a800 flushing nmethod 0x0000000002c18290
Event: 6.879 Thread 0x000000005715a800 flushing nmethod 0x0000000002c5f450
Event: 6.879 Thread 0x000000005715a800 flushing nmethod 0x0000000002c8a350


Dynamic libraries:
0x000000013fe50000 - 0x000000013fe87000 	C:\Program Files\Java\jdk1.8.0_45\bin\java.exe
0x0000000077150000 - 0x00000000772f9000 	C:\windows\SYSTEM32\ntdll.dll
0x0000000076bc0000 - 0x0000000076cdf000 	C:\windows\system32\kernel32.dll
0x000007fefd8f0000 - 0x000007fefd95c000 	C:\windows\system32\KERNELBASE.dll
0x000007fefeab0000 - 0x000007fefeb8b000 	C:\windows\system32\ADVAPI32.dll
0x000007feff2c0000 - 0x000007feff35f000 	C:\windows\system32\msvcrt.dll
0x000007feff440000 - 0x000007feff45f000 	C:\windows\SYSTEM32\sechost.dll
0x000007fefeed0000 - 0x000007fefeffd000 	C:\windows\system32\RPCRT4.dll
0x0000000076e40000 - 0x0000000076f3a000 	C:\windows\system32\USER32.dll
0x000007fefed80000 - 0x000007fefede7000 	C:\windows\system32\GDI32.dll
0x000007feff360000 - 0x000007feff36e000 	C:\windows\system32\LPK.dll
0x000007feff370000 - 0x000007feff439000 	C:\windows\system32\USP10.dll
0x000007fefd100000 - 0x000007fefd2f4000 	C:\windows\WinSxS\amd64_microsoft.windows.common-controls_6595b64144ccf1df_6.0.7601.17514_none_fa396087175ac9ac\COMCTL32.dll
0x000007fefeb90000 - 0x000007fefec01000 	C:\windows\system32\SHLWAPI.dll
0x000007fefdcd0000 - 0x000007fefdcfe000 	C:\windows\system32\IMM32.DLL
0x000007fefec70000 - 0x000007fefed79000 	C:\windows\system32\MSCTF.dll
0x0000000066db0000 - 0x0000000066e82000 	C:\Program Files\Java\jdk1.8.0_45\jre\bin\msvcr100.dll
0x0000000062300000 - 0x0000000062b83000 	C:\Program Files\Java\jdk1.8.0_45\jre\bin\server\jvm.dll
0x000007fefaf50000 - 0x000007fefaf59000 	C:\windows\system32\WSOCK32.dll
0x000007fefdc80000 - 0x000007fefdccd000 	C:\windows\system32\WS2_32.dll
0x000007feff000000 - 0x000007feff008000 	C:\windows\system32\NSI.dll
0x000007fefadc0000 - 0x000007fefadfb000 	C:\windows\system32\WINMM.dll
0x000007fefc0d0000 - 0x000007fefc0dc000 	C:\windows\system32\VERSION.dll
0x0000000077320000 - 0x0000000077327000 	C:\windows\system32\PSAPI.DLL
0x0000000071970000 - 0x000000007197f000 	C:\Program Files\Java\jdk1.8.0_45\jre\bin\verify.dll
0x00000000717a0000 - 0x00000000717c9000 	C:\Program Files\Java\jdk1.8.0_45\jre\bin\java.dll
0x0000000071950000 - 0x0000000071966000 	C:\Program Files\Java\jdk1.8.0_45\jre\bin\zip.dll
0x000007fefdd20000 - 0x000007fefeaa8000 	C:\windows\system32\SHELL32.dll
0x000007feff010000 - 0x000007feff213000 	C:\windows\system32\ole32.dll
0x000007fefd5b0000 - 0x000007fefd5bf000 	C:\windows\system32\profapi.dll
0x000007fefb8a0000 - 0x000007fefb8b0000 	C:\Program Files (x86)\JetBrains\IntelliJ IDEA 12.1.7\bin\breakgen64.dll
0x0000000071780000 - 0x000000007179a000 	C:\Program Files\Java\jdk1.8.0_45\jre\bin\net.dll
0x000007fefcb20000 - 0x000007fefcb75000 	C:\windows\system32\mswsock.dll
0x000007fefcb10000 - 0x000007fefcb17000 	C:\windows\System32\wship6.dll
0x0000000070e90000 - 0x0000000070ea1000 	C:\Program Files\Java\jdk1.8.0_45\jre\bin\nio.dll
0x000007fefd480000 - 0x000007fefd4d7000 	C:\windows\system32\apphelp.dll
0x000007fef0c70000 - 0x000007fef0d95000 	C:\windows\system32\dbghelp.dll

VM Arguments:
jvm_args: -Dmaven.home=F:\apache-maven-3.2.3 -Dclassworlds.conf=F:\apache-maven-3.2.3\bin\m2.conf -Didea.launcher.port=7533 -Didea.launcher.bin.path=C:\Program Files (x86)\JetBrains\IntelliJ IDEA 12.1.7\bin -Dfile.encoding=UTF-8 
java_command: com.intellij.rt.execution.application.AppMain org.codehaus.classworlds.Launcher --fail-fast --strict-checksums deploy
java_class_path (initial): F:\apache-maven-3.2.3\boot\plexus-classworlds-2.5.1.jar;C:\Program Files (x86)\JetBrains\IntelliJ IDEA 12.1.7\lib\idea_rt.jar
Launcher Type: SUN_STANDARD

Environment Variables:
JAVA_HOME=C:\Program Files\Java\jdk1.8.0_45
CLASSPATH=C:\Program Files\Java\jdk1.8.0_45\lib\dt.jar;C:\Program Files\Java\jdk1.8.0_45\lib\tools.jar;
PATH=C:\Program Files (x86)\JetBrains\IntelliJ IDEA 12.1.7\bin\..\.\bin;C:\ProgramData\Oracle\Java\javapath;C:\Program Files (x86)\Common Files\NetSarang;C:\windows\system32;C:\windows;C:\windows\System32\Wbem;C:\windows\System32\WindowsPowerShell\v1.0\;C:\Program Files\Java\jdk1.8.0_45\bin;C:\Program Files\Java\jdk1.8.0_45\jre\bin;C:\Program Files\TortoiseSVN\bin;C:\cygwin\bin;C:\cygwin\bin;;c:\program files (x86)\jetbrains\intellij idea 12.1.7\jre\jre\bin
USERNAME=Administrator
OS=Windows_NT
PROCESSOR_IDENTIFIER=Intel64 Family 6 Model 58 Stepping 9, GenuineIntel



---------------  S Y S T E M  ---------------

OS: Windows 7 , 64 bit Build 7601 (6.1.7601.17965)

CPU:total 2 (2 cores per cpu, 1 threads per core) family 6 model 58 stepping 9, cmov, cx8, fxsr, mmx, sse, sse2, sse3, ssse3, sse4.1, sse4.2, popcnt, clmul, erms, tsc, tscinvbit, tscinv

Memory: 4k page, physical 8333864k(3633980k free), swap 25109228k(18649760k free)

vm_info: Java HotSpot(TM) 64-Bit Server VM (25.45-b02) for windows-amd64 JRE (1.8.0_45-b14), built on Apr 10 2015 10:34:15 by "java_re" with MS VC++ 10.0 (VS2010)

time: Thu Jan 28 14:07:28 2016
elapsed time: 6 seconds (0d 0h 0m 6s)

