#
# A fatal error has been detected by the Java Runtime Environment:
#
#  EXCEPTION_ACCESS_VIOLATION (0xc0000005) at pc=0x00000000627b5eae, pid=6360, tid=6424
#
# JRE version: Java(TM) SE Runtime Environment (8.0_45-b14) (build 1.8.0_45-b14)
# Java VM: Java HotSpot(TM) 64-Bit Server VM (25.45-b02 mixed mode windows-amd64 compressed oops)
# Problematic frame:
# V  [jvm.dll+0x4b5eae]
#
# Failed to write core dump. Minidumps are not enabled by default on client versions of Windows
#
# If you would like to submit a bug report, please visit:
#   http://bugreport.java.com/bugreport/crash.jsp
#

---------------  T H R E A D  ---------------

Current thread (0x000000005717f000):  JavaThread "C2 CompilerThread0" daemon [_thread_in_native, id=6424, stack(0x00000000582f0000,0x00000000583f0000)]

siginfo: ExceptionCode=0xc0000005, reading address 0x000000009b61cb7c

Registers:
RAX=0x000000005b872810, RBX=0x0000000059f203b0, RCX=0x000000000000033b, RDX=0x000000000000033b
RSP=0x00000000583eb790, RBP=0x00000000583eb7d0, RSI=0x000000005a620430, RDI=0x000000005a61fbe0
R8 =0x000000009b61cb50, R9 =0x000000005c07f030, R10=0x000000005a917900, R11=0x000000005b892810
R12=0x00000000593326f8, R13=0x000000005a61fbe0, R14=0x00000000583ebcd0, R15=0x0000000059331448
RIP=0x00000000627b5eae, EFLAGS=0x0000000000010202

Top of Stack: (sp=0x00000000583eb790)
0x00000000583eb790:   00000000583eb7d0 0000000059f203b0
0x00000000583eb7a0:   000000005a620430 000000005a25fae0
0x00000000583eb7b0:   0000000057108f60 0000000000004000
0x00000000583eb7c0:   000000005b872810 000000000000033b
0x00000000583eb7d0:   00000000583eb908 00000000583eb8e8
0x00000000583eb7e0:   0000000000000001 00000000583ebcd0
0x00000000583eb7f0:   000000005a25fae0 00000000627b6123
0x00000000583eb800:   000000005a2606f0 000000005a25fae0
0x00000000583eb810:   0000000000000220 0000000059331448
0x00000000583eb820:   000000005a25fae0 00000000583eb958
0x00000000583eb830:   00000000583eb9b0 00000000627b79a9
0x00000000583eb840:   000000005a2606f0 0000000000000220
0x00000000583eb850:   0000000000000004 000000005c07f030
0x00000000583eb860:   00000000583ec6a0 00000000627ea280
0x00000000583eb870:   000000005c087010 0000000057108f60
0x00000000583eb880:   0000000057191080 00000000583eb9b0 

Instructions: (pc=0x00000000627b5eae)
0x00000000627b5e8e:   85 d2 0f 84 19 01 00 00 4d 3b e7 0f 84 10 01 00
0x00000000627b5e9e:   00 48 8b 45 f0 ff ca 89 55 f8 4c 8b 04 d0 8b ca
0x00000000627b5eae:   41 0f b7 48 2c 0f b6 c1 24 3f 3c 30 0f 84 e7 00
0x00000000627b5ebe:   00 00 80 f9 80 75 4e 49 8b 78 10 41 8b 40 20 4c 


Register to memory mapping:

RAX=0x000000005b872810 is an unknown value
RBX=0x0000000059f203b0 is an unknown value
RCX=0x000000000000033b is an unknown value
RDX=0x000000000000033b is an unknown value
RSP=0x00000000583eb790 is pointing into the stack for thread: 0x000000005717f000
RBP=0x00000000583eb7d0 is pointing into the stack for thread: 0x000000005717f000
RSI=0x000000005a620430 is an unknown value
RDI=0x000000005a61fbe0 is an unknown value
R8 =0x000000009b61cb50 is an unallocated location in the heap
R9 =0x000000005c07f030 is an unknown value
R10=0x000000005a917900 is an unknown value
R11=0x000000005b892810 is an unknown value
R12=0x00000000593326f8 is an unknown value
R13=0x000000005a61fbe0 is an unknown value
R14=0x00000000583ebcd0 is pointing into the stack for thread: 0x000000005717f000
R15=0x0000000059331448 is an unknown value


Stack: [0x00000000582f0000,0x00000000583f0000],  sp=0x00000000583eb790,  free space=1005k
Native frames: (J=compiled Java code, j=interpreted, Vv=VM code, C=native code)
V  [jvm.dll+0x4b5eae]
V  [jvm.dll+0x4b6123]
V  [jvm.dll+0x4b79a9]
V  [jvm.dll+0x4b988f]
V  [jvm.dll+0x46bc14]
V  [jvm.dll+0x46ccbe]
V  [jvm.dll+0x4500f2]
V  [jvm.dll+0xa4352]
V  [jvm.dll+0xa4c8f]
V  [jvm.dll+0x241984]
V  [jvm.dll+0x29853a]
C  [msvcr100.dll+0x21d9f]
C  [msvcr100.dll+0x21e3b]
C  [kernel32.dll+0x1652d]
C  [ntdll.dll+0x2c521]


Current CompileTask:
C2:  11206 4586   !   4       org.apache.maven.project.DefaultProjectBuilder::initProject (1331 bytes)


---------------  P R O C E S S  ---------------

Java Threads: ( => current thread )
  0x0000000059409000 JavaThread "resolver-5" daemon [_thread_blocked, id=6492, stack(0x000000005dc80000,0x000000005dd80000)]
  0x000000005a230000 JavaThread "resolver-4" daemon [_thread_blocked, id=6560, stack(0x000000005dad0000,0x000000005dbd0000)]
  0x0000000059f7f000 JavaThread "resolver-3" daemon [_thread_blocked, id=6660, stack(0x000000005d890000,0x000000005d990000)]
  0x000000005a231000 JavaThread "resolver-2" daemon [_thread_blocked, id=6752, stack(0x000000005d6a0000,0x000000005d7a0000)]
  0x000000005a836000 JavaThread "resolver-1" daemon [_thread_blocked, id=6984, stack(0x000000005d4f0000,0x000000005d5f0000)]
  0x00000000585d5800 JavaThread "Monitor Ctrl-Break" daemon [_thread_in_native, id=6736, stack(0x0000000058f90000,0x0000000059090000)]
  0x0000000058560800 JavaThread "Service Thread" daemon [_thread_blocked, id=4232, stack(0x0000000058a80000,0x0000000058b80000)]
  0x000000005718e800 JavaThread "C1 CompilerThread1" daemon [_thread_blocked, id=6216, stack(0x0000000058430000,0x0000000058530000)]
=>0x000000005717f000 JavaThread "C2 CompilerThread0" daemon [_thread_in_native, id=6424, stack(0x00000000582f0000,0x00000000583f0000)]
  0x000000005717e000 JavaThread "Attach Listener" daemon [_thread_blocked, id=6300, stack(0x0000000058170000,0x0000000058270000)]
  0x0000000057166800 JavaThread "Signal Dispatcher" daemon [_thread_blocked, id=6884, stack(0x0000000057cf0000,0x0000000057df0000)]
  0x0000000057112000 JavaThread "Finalizer" daemon [_thread_blocked, id=6568, stack(0x0000000057fb0000,0x00000000580b0000)]
  0x0000000057108000 JavaThread "Reference Handler" daemon [_thread_blocked, id=7116, stack(0x0000000057e80000,0x0000000057f80000)]
  0x00000000023ce800 JavaThread "main" [_thread_in_native, id=7028, stack(0x0000000002780000,0x0000000002880000)]

Other Threads:
  0x00000000570fe800 VMThread [stack: 0x0000000057bc0000,0x0000000057cc0000] [id=6964]
  0x00000000571ce800 WatcherThread [stack: 0x0000000058c70000,0x0000000058d70000] [id=6164]

VM state:not at safepoint (normal execution)

VM Mutex/Monitor currently owned by a thread: None

Heap:
 PSYoungGen      total 438272K, used 278447K [0x00000000d5980000, 0x0000000100000000, 0x0000000100000000)
  eden space 425472K, 64% used [0x00000000d5980000,0x00000000e6713e58,0x00000000ef900000)
  from space 12800K, 18% used [0x00000000ef900000,0x00000000efb58000,0x00000000f0580000)
  to   space 12800K, 0% used [0x00000000ff380000,0x00000000ff380000,0x0000000100000000)
 ParOldGen       total 87552K, used 23696K [0x0000000080c00000, 0x0000000086180000, 0x00000000d5980000)
  object space 87552K, 27% used [0x0000000080c00000,0x0000000082324100,0x0000000086180000)
 Metaspace       used 19016K, capacity 19610K, committed 19840K, reserved 1067008K
  class space    used 2191K, capacity 2354K, committed 2432K, reserved 1048576K

Card table byte_map: [0x0000000011c40000,0x0000000012040000] byte_map_base: 0x000000001183a000

Marking Bits: (ParMarkBitMap*) 0x0000000062b04040
 Begin Bits: [0x0000000012430000, 0x0000000014400000)
 End Bits:   [0x0000000014400000, 0x00000000163d0000)

Polling page: 0x0000000000140000

CodeCache: size=245760Kb used=13431Kb max_used=15018Kb free=232328Kb
 bounds [0x0000000002880000, 0x0000000003770000, 0x0000000011880000]
 total_blobs=4134 nmethods=3794 adapters=252
 compilation: enabled

Compilation events (10 events):
Event: 11.006 Thread 0x000000005718e800 4601       3       java.lang.Integer::formatUnsignedInt (48 bytes)
Event: 11.007 Thread 0x000000005718e800 nmethod 4601 0x0000000002c80490 code [0x0000000002c80600, 0x0000000002c80870]
Event: 11.086 Thread 0x000000005718e800 4602   !   3       com.google.inject.internal.ProvisionListenerStackCallback::provision (117 bytes)
Event: 11.087 Thread 0x000000005718e800 nmethod 4602 0x00000000032c6350 code [0x00000000032c65c0, 0x00000000032c7708]
Event: 11.087 Thread 0x000000005718e800 4603       3       com.google.inject.internal.ConstructionContext::setProxyDelegates (45 bytes)
Event: 11.087 Thread 0x000000005718e800 nmethod 4603 0x0000000002cfdcd0 code [0x0000000002cfde80, 0x0000000002cfe4d8]
Event: 11.087 Thread 0x000000005718e800 4604       3       com.google.inject.internal.ConstructionContext::removeCurrentReference (6 bytes)
Event: 11.087 Thread 0x000000005718e800 nmethod 4604 0x0000000002f0e950 code [0x0000000002f0eaa0, 0x0000000002f0ec10]
Event: 11.093 Thread 0x000000005718e800 4605       1       org.apache.maven.model.Plugin::setDependencies (6 bytes)
Event: 11.093 Thread 0x000000005718e800 nmethod 4605 0x0000000002f9de10 code [0x0000000002f9df60, 0x0000000002f9e090]

GC Heap History (10 events):
Event: 3.987 GC heap before
{Heap before GC invocations=7 (full 0):
 PSYoungGen      total 142848K, used 141592K [0x00000000d5980000, 0x00000000dee80000, 0x0000000100000000)
  eden space 133120K, 100% used [0x00000000d5980000,0x00000000ddb80000,0x00000000ddb80000)
  from space 9728K, 87% used [0x00000000de500000,0x00000000ded46030,0x00000000dee80000)
  to   space 9728K, 0% used [0x00000000ddb80000,0x00000000ddb80000,0x00000000de500000)
 ParOldGen       total 87552K, used 9902K [0x0000000080c00000, 0x0000000086180000, 0x00000000d5980000)
  object space 87552K, 11% used [0x0000000080c00000,0x00000000815aba58,0x0000000086180000)
 Metaspace       used 18449K, capacity 19056K, committed 19328K, reserved 1067008K
  class space    used 2166K, capacity 2347K, committed 2432K, reserved 1048576K
Event: 4.014 GC heap after
Heap after GC invocations=7 (full 0):
 PSYoungGen      total 142848K, used 9697K [0x00000000d5980000, 0x00000000e7680000, 0x0000000100000000)
  eden space 133120K, 0% used [0x00000000d5980000,0x00000000d5980000,0x00000000ddb80000)
  from space 9728K, 99% used [0x00000000ddb80000,0x00000000de4f8660,0x00000000de500000)
  to   space 12800K, 0% used [0x00000000e6a00000,0x00000000e6a00000,0x00000000e7680000)
 ParOldGen       total 87552K, used 13712K [0x0000000080c00000, 0x0000000086180000, 0x00000000d5980000)
  object space 87552K, 15% used [0x0000000080c00000,0x00000000819640e0,0x0000000086180000)
 Metaspace       used 18449K, capacity 19056K, committed 19328K, reserved 1067008K
  class space    used 2166K, capacity 2347K, committed 2432K, reserved 1048576K
}
Event: 4.721 GC heap before
{Heap before GC invocations=8 (full 0):
 PSYoungGen      total 142848K, used 142817K [0x00000000d5980000, 0x00000000e7680000, 0x0000000100000000)
  eden space 133120K, 100% used [0x00000000d5980000,0x00000000ddb80000,0x00000000ddb80000)
  from space 9728K, 99% used [0x00000000ddb80000,0x00000000de4f8660,0x00000000de500000)
  to   space 12800K, 0% used [0x00000000e6a00000,0x00000000e6a00000,0x00000000e7680000)
 ParOldGen       total 87552K, used 13712K [0x0000000080c00000, 0x0000000086180000, 0x00000000d5980000)
  object space 87552K, 15% used [0x0000000080c00000,0x00000000819640e0,0x0000000086180000)
 Metaspace       used 18618K, capacity 19248K, committed 19584K, reserved 1067008K
  class space    used 2167K, capacity 2347K, committed 2432K, reserved 1048576K
Event: 4.735 GC heap after
Heap after GC invocations=8 (full 0):
 PSYoungGen      total 278016K, used 8224K [0x00000000d5980000, 0x00000000e7580000, 0x0000000100000000)
  eden space 266240K, 0% used [0x00000000d5980000,0x00000000d5980000,0x00000000e5d80000)
  from space 11776K, 69% used [0x00000000e6a00000,0x00000000e7208020,0x00000000e7580000)
  to   space 12288K, 0% used [0x00000000e5d80000,0x00000000e5d80000,0x00000000e6980000)
 ParOldGen       total 87552K, used 15408K [0x0000000080c00000, 0x0000000086180000, 0x00000000d5980000)
  object space 87552K, 17% used [0x0000000080c00000,0x0000000081b0c0e0,0x0000000086180000)
 Metaspace       used 18618K, capacity 19248K, committed 19584K, reserved 1067008K
  class space    used 2167K, capacity 2347K, committed 2432K, reserved 1048576K
}
Event: 5.838 GC heap before
{Heap before GC invocations=9 (full 0):
 PSYoungGen      total 278016K, used 274464K [0x00000000d5980000, 0x00000000e7580000, 0x0000000100000000)
  eden space 266240K, 100% used [0x00000000d5980000,0x00000000e5d80000,0x00000000e5d80000)
  from space 11776K, 69% used [0x00000000e6a00000,0x00000000e7208020,0x00000000e7580000)
  to   space 12288K, 0% used [0x00000000e5d80000,0x00000000e5d80000,0x00000000e6980000)
 ParOldGen       total 87552K, used 15408K [0x0000000080c00000, 0x0000000086180000, 0x00000000d5980000)
  object space 87552K, 17% used [0x0000000080c00000,0x0000000081b0c0e0,0x0000000086180000)
 Metaspace       used 18760K, capacity 19394K, committed 19584K, reserved 1067008K
  class space    used 2170K, capacity 2350K, committed 2432K, reserved 1048576K
Event: 5.855 GC heap after
Heap after GC invocations=9 (full 0):
 PSYoungGen      total 278528K, used 6304K [0x00000000d5980000, 0x00000000f1180000, 0x0000000100000000)
  eden space 266240K, 0% used [0x00000000d5980000,0x00000000d5980000,0x00000000e5d80000)
  from space 12288K, 51% used [0x00000000e5d80000,0x00000000e63a8000,0x00000000e6980000)
  to   space 12288K, 0% used [0x00000000f0580000,0x00000000f0580000,0x00000000f1180000)
 ParOldGen       total 87552K, used 18808K [0x0000000080c00000, 0x0000000086180000, 0x00000000d5980000)
  object space 87552K, 21% used [0x0000000080c00000,0x0000000081e5e0e0,0x0000000086180000)
 Metaspace       used 18760K, capacity 19394K, committed 19584K, reserved 1067008K
  class space    used 2170K, capacity 2350K, committed 2432K, reserved 1048576K
}
Event: 6.841 GC heap before
{Heap before GC invocations=10 (full 0):
 PSYoungGen      total 278528K, used 272544K [0x00000000d5980000, 0x00000000f1180000, 0x0000000100000000)
  eden space 266240K, 100% used [0x00000000d5980000,0x00000000e5d80000,0x00000000e5d80000)
  from space 12288K, 51% used [0x00000000e5d80000,0x00000000e63a8000,0x00000000e6980000)
  to   space 12288K, 0% used [0x00000000f0580000,0x00000000f0580000,0x00000000f1180000)
 ParOldGen       total 87552K, used 18808K [0x0000000080c00000, 0x0000000086180000, 0x00000000d5980000)
  object space 87552K, 21% used [0x0000000080c00000,0x0000000081e5e0e0,0x0000000086180000)
 Metaspace       used 18882K, capacity 19534K, committed 19840K, reserved 1067008K
  class space    used 2180K, capacity 2352K, committed 2432K, reserved 1048576K
Event: 6.849 GC heap after
Heap after GC invocations=10 (full 0):
 PSYoungGen      total 437760K, used 2528K [0x00000000d5980000, 0x00000000f1280000, 0x0000000100000000)
  eden space 425472K, 0% used [0x00000000d5980000,0x00000000d5980000,0x00000000ef900000)
  from space 12288K, 20% used [0x00000000f0580000,0x00000000f07f8000,0x00000000f1180000)
  to   space 12800K, 0% used [0x00000000ef900000,0x00000000ef900000,0x00000000f0580000)
 ParOldGen       total 87552K, used 22088K [0x0000000080c00000, 0x0000000086180000, 0x00000000d5980000)
  object space 87552K, 25% used [0x0000000080c00000,0x0000000082192100,0x0000000086180000)
 Metaspace       used 18882K, capacity 19534K, committed 19840K, reserved 1067008K
  class space    used 2180K, capacity 2352K, committed 2432K, reserved 1048576K
}
Event: 8.148 GC heap before
{Heap before GC invocations=11 (full 0):
 PSYoungGen      total 437760K, used 428000K [0x00000000d5980000, 0x00000000f1280000, 0x0000000100000000)
  eden space 425472K, 100% used [0x00000000d5980000,0x00000000ef900000,0x00000000ef900000)
  from space 12288K, 20% used [0x00000000f0580000,0x00000000f07f8000,0x00000000f1180000)
  to   space 12800K, 0% used [0x00000000ef900000,0x00000000ef900000,0x00000000f0580000)
 ParOldGen       total 87552K, used 22088K [0x0000000080c00000, 0x0000000086180000, 0x00000000d5980000)
  object space 87552K, 25% used [0x0000000080c00000,0x0000000082192100,0x0000000086180000)
 Metaspace       used 18902K, capacity 19534K, committed 19840K, reserved 1067008K
  class space    used 2180K, capacity 2352K, committed 2432K, reserved 1048576K
Event: 8.359 GC heap after
Heap after GC invocations=11 (full 0):
 PSYoungGen      total 438272K, used 2400K [0x00000000d5980000, 0x0000000100000000, 0x0000000100000000)
  eden space 425472K, 0% used [0x00000000d5980000,0x00000000d5980000,0x00000000ef900000)
  from space 12800K, 18% used [0x00000000ef900000,0x00000000efb58000,0x00000000f0580000)
  to   space 12800K, 0% used [0x00000000ff380000,0x00000000ff380000,0x0000000100000000)
 ParOldGen       total 87552K, used 23696K [0x0000000080c00000, 0x0000000086180000, 0x00000000d5980000)
  object space 87552K, 27% used [0x0000000080c00000,0x0000000082324100,0x0000000086180000)
 Metaspace       used 18902K, capacity 19534K, committed 19840K, reserved 1067008K
  class space    used 2180K, capacity 2352K, committed 2432K, reserved 1048576K
}

Deoptimization events (10 events):
Event: 5.410 Thread 0x00000000023ce800 Uncommon trap: reason=array_check action=maybe_recompile pc=0x000000000366ce48 method=java.util.AbstractCollection.toArray([Ljava/lang/Object;)[Ljava/lang/Object; @ 119
Event: 5.922 Thread 0x00000000023ce800 Uncommon trap: reason=null_check action=make_not_entrant pc=0x00000000029b8f10 method=org.apache.maven.bridge.MavenRepositorySystem.XcreateArtifact(Ljava/lang/String;Ljava/lang/String;Lorg/apache/maven/artifact/versioning/VersionRange;Ljava/lang/String;LjaÍ™p·\„@
Event: 5.972 Thread 0x00000000023ce800 Uncommon trap: reason=null_check action=make_not_entrant pc=0x00000000036ce610 method=org.apache.maven.bridge.MavenRepositorySystem.XcreateArtifact(Ljava/lang/String;Ljava/lang/String;Lorg/apache/maven/artifact/versioning/VersionRange;Ljava/lang/String;Lja;G∆‰ @
Event: 6.198 Thread 0x00000000023ce800 Uncommon trap: reason=null_check action=make_not_entrant pc=0x0000000003705478 method=org.apache.maven.bridge.MavenRepositorySystem.XcreateArtifact(Ljava/lang/String;Ljava/lang/String;Lorg/apache/maven/artifact/versioning/VersionRange;Ljava/lang/String;Lja„Íbáç@
Event: 7.518 Thread 0x00000000023ce800 Uncommon trap: reason=unstable_if action=reinterpret pc=0x0000000002abb59c method=org.apache.maven.artifact.repository.ArtifactRepositoryPolicy.<init>(ZLjava/lang/String;Ljava/lang/String;)V @ 22
Event: 7.531 Thread 0x00000000023ce800 Uncommon trap: reason=null_check action=make_not_entrant pc=0x00000000029935d4 method=org.apache.maven.bridge.MavenRepositorySystem.createDependencyArtifact(Lorg/apache/maven/model/Dependency;)Lorg/apache/maven/artifact/Artifact; @ 50
Event: 8.729 Thread 0x00000000023ce800 Uncommon trap: reason=unstable_if action=reinterpret pc=0x0000000002ad81c0 method=org.apache.maven.model.io.xpp3.MavenXpp3ReaderEx.parseModel(Lorg/codehaus/plexus/util/xml/pull/XmlPullParser;ZLorg/apache/maven/model/InputSource;)Lorg/apache/maven/model/Modó)ë4˘7"@
Event: 9.109 Thread 0x00000000023ce800 Uncommon trap: reason=unstable_if action=reinterpret pc=0x0000000002dea644 method=org.eclipse.aether.internal.impl.DefaultRemoteRepositoryManager.mergeMirrors(Lorg/eclipse/aether/RepositorySystemSession;Lorg/eclipse/aether/repository/RemoteRepository;Lorg/qúltSo"@
Event: 9.217 Thread 0x00000000023ce800 Uncommon trap: reason=unstable_if action=reinterpret pc=0x0000000003391fc0 method=java.io.BufferedReader.readLine(Z)Ljava/lang/String; @ 192
Event: 9.520 Thread 0x00000000023ce800 Uncommon trap: reason=unstable_if action=reinterpret pc=0x0000000002dff5cc method=org.eclipse.aether.repository.RemoteRepository.<init>(Lorg/eclipse/aether/repository/RemoteRepository$Builder;)V @ 128

Internal exceptions (10 events):
Event: 0.552 Thread 0x00000000023ce800 Exception <a 'java/lang/ArrayIndexOutOfBoundsException'> (0x00000000d7759160) thrown at [C:\re\workspace\8-2-build-windows-amd64-cygwin\jdk8u45\3457\hotspot\src\share\vm\runtime\sharedRuntime.cpp, line 605]
Event: 0.582 Thread 0x00000000023ce800 Exception <a 'java/lang/ArrayIndexOutOfBoundsException'> (0x00000000d789d560) thrown at [C:\re\workspace\8-2-build-windows-amd64-cygwin\jdk8u45\3457\hotspot\src\share\vm\runtime\sharedRuntime.cpp, line 605]
Event: 0.590 Thread 0x00000000023ce800 Exception <a 'java/lang/ArrayIndexOutOfBoundsException'> (0x00000000d793b488) thrown at [C:\re\workspace\8-2-build-windows-amd64-cygwin\jdk8u45\3457\hotspot\src\share\vm\runtime\sharedRuntime.cpp, line 605]
Event: 0.591 Thread 0x00000000023ce800 Exception <a 'java/lang/ArrayIndexOutOfBoundsException'> (0x00000000d793c1e0) thrown at [C:\re\workspace\8-2-build-windows-amd64-cygwin\jdk8u45\3457\hotspot\src\share\vm\runtime\sharedRuntime.cpp, line 605]
Event: 0.617 Thread 0x00000000023ce800 Exception <a 'java/lang/ArrayIndexOutOfBoundsException'> (0x00000000d5a51840) thrown at [C:\re\workspace\8-2-build-windows-amd64-cygwin\jdk8u45\3457\hotspot\src\share\vm\runtime\sharedRuntime.cpp, line 605]
Event: 1.332 Thread 0x00000000023ce800 Implicit null exception at 0x0000000002c05745 to 0x0000000002c05911
Event: 1.622 Thread 0x00000000023ce800 Implicit null exception at 0x0000000002e7528f to 0x0000000002e76591
Event: 3.913 Thread 0x00000000023ce800 Implicit null exception at 0x00000000032def1f to 0x00000000032df161
Event: 6.198 Thread 0x00000000023ce800 Implicit null exception at 0x000000000370521e to 0x0000000003705459
Event: 7.531 Thread 0x00000000023ce800 Implicit null exception at 0x0000000002991b57 to 0x00000000029935c9

Events (10 events):
Event: 10.698 Thread 0x000000005717f000 flushing nmethod 0x0000000003494e10
Event: 10.745 Executing VM operation: BulkRevokeBias
Event: 10.745 Executing VM operation: BulkRevokeBias done
Event: 10.754 Thread 0x000000005718e800 flushing nmethod 0x00000000035ef550
Event: 10.754 Thread 0x000000005718e800 flushing nmethod 0x00000000036587d0
Event: 10.755 Thread 0x000000005718e800 flushing nmethod 0x000000000365ea50
Event: 10.755 Thread 0x000000005718e800 flushing nmethod 0x00000000036ce490
Event: 10.755 Thread 0x000000005718e800 flushing nmethod 0x00000000036ce750
Event: 10.755 Thread 0x000000005718e800 flushing nmethod 0x00000000036dd910
Event: 10.755 Thread 0x000000005718e800 flushing nmethod 0x0000000003705050


Dynamic libraries:
0x000000013fb00000 - 0x000000013fb37000 	C:\Program Files\Java\jdk1.8.0_45\bin\java.exe
0x0000000077150000 - 0x00000000772f9000 	C:\windows\SYSTEM32\ntdll.dll
0x0000000076bc0000 - 0x0000000076cdf000 	C:\windows\system32\kernel32.dll
0x000007fefd8f0000 - 0x000007fefd95c000 	C:\windows\system32\KERNELBASE.dll
0x000007fefeab0000 - 0x000007fefeb8b000 	C:\windows\system32\ADVAPI32.dll
0x000007feff2c0000 - 0x000007feff35f000 	C:\windows\system32\msvcrt.dll
0x000007feff440000 - 0x000007feff45f000 	C:\windows\SYSTEM32\sechost.dll
0x000007fefeed0000 - 0x000007fefeffd000 	C:\windows\system32\RPCRT4.dll
0x0000000076e40000 - 0x0000000076f3a000 	C:\windows\system32\USER32.dll
0x000007fefed80000 - 0x000007fefede7000 	C:\windows\system32\GDI32.dll
0x000007feff360000 - 0x000007feff36e000 	C:\windows\system32\LPK.dll
0x000007feff370000 - 0x000007feff439000 	C:\windows\system32\USP10.dll
0x000007fefd100000 - 0x000007fefd2f4000 	C:\windows\WinSxS\amd64_microsoft.windows.common-controls_6595b64144ccf1df_6.0.7601.17514_none_fa396087175ac9ac\COMCTL32.dll
0x000007fefeb90000 - 0x000007fefec01000 	C:\windows\system32\SHLWAPI.dll
0x000007fefdcd0000 - 0x000007fefdcfe000 	C:\windows\system32\IMM32.DLL
0x000007fefec70000 - 0x000007fefed79000 	C:\windows\system32\MSCTF.dll
0x0000000066b20000 - 0x0000000066bf2000 	C:\Program Files\Java\jdk1.8.0_45\jre\bin\msvcr100.dll
0x0000000062300000 - 0x0000000062b83000 	C:\Program Files\Java\jdk1.8.0_45\jre\bin\server\jvm.dll
0x000007fefaf50000 - 0x000007fefaf59000 	C:\windows\system32\WSOCK32.dll
0x000007fefdc80000 - 0x000007fefdccd000 	C:\windows\system32\WS2_32.dll
0x000007feff000000 - 0x000007feff008000 	C:\windows\system32\NSI.dll
0x000007fefadc0000 - 0x000007fefadfb000 	C:\windows\system32\WINMM.dll
0x000007fefc0d0000 - 0x000007fefc0dc000 	C:\windows\system32\VERSION.dll
0x0000000077320000 - 0x0000000077327000 	C:\windows\system32\PSAPI.DLL
0x0000000071970000 - 0x000000007197f000 	C:\Program Files\Java\jdk1.8.0_45\jre\bin\verify.dll
0x00000000717a0000 - 0x00000000717c9000 	C:\Program Files\Java\jdk1.8.0_45\jre\bin\java.dll
0x0000000071950000 - 0x0000000071966000 	C:\Program Files\Java\jdk1.8.0_45\jre\bin\zip.dll
0x000007fefdd20000 - 0x000007fefeaa8000 	C:\windows\system32\SHELL32.dll
0x000007feff010000 - 0x000007feff213000 	C:\windows\system32\ole32.dll
0x000007fefd5b0000 - 0x000007fefd5bf000 	C:\windows\system32\profapi.dll
0x000007fefb8a0000 - 0x000007fefb8b0000 	C:\Program Files (x86)\JetBrains\IntelliJ IDEA 12.1.7\bin\breakgen64.dll
0x0000000071780000 - 0x000000007179a000 	C:\Program Files\Java\jdk1.8.0_45\jre\bin\net.dll
0x000007fefcb20000 - 0x000007fefcb75000 	C:\windows\system32\mswsock.dll
0x000007fefcb10000 - 0x000007fefcb17000 	C:\windows\System32\wship6.dll
0x0000000070e90000 - 0x0000000070ea1000 	C:\Program Files\Java\jdk1.8.0_45\jre\bin\nio.dll
0x000007fefd480000 - 0x000007fefd4d7000 	C:\windows\system32\apphelp.dll
0x000007fef0c70000 - 0x000007fef0d95000 	C:\windows\system32\dbghelp.dll

VM Arguments:
jvm_args: -Dmaven.home=F:\apache-maven-3.2.3 -Dclassworlds.conf=F:\apache-maven-3.2.3\bin\m2.conf -Didea.launcher.port=7538 -Didea.launcher.bin.path=C:\Program Files (x86)\JetBrains\IntelliJ IDEA 12.1.7\bin -Dfile.encoding=UTF-8 
java_command: com.intellij.rt.execution.application.AppMain org.codehaus.classworlds.Launcher --fail-fast --strict-checksums deploy
java_class_path (initial): F:\apache-maven-3.2.3\boot\plexus-classworlds-2.5.1.jar;C:\Program Files (x86)\JetBrains\IntelliJ IDEA 12.1.7\lib\idea_rt.jar
Launcher Type: SUN_STANDARD

Environment Variables:
JAVA_HOME=C:\Program Files\Java\jdk1.8.0_45
CLASSPATH=C:\Program Files\Java\jdk1.8.0_45\lib\dt.jar;C:\Program Files\Java\jdk1.8.0_45\lib\tools.jar;
PATH=C:\Program Files (x86)\JetBrains\IntelliJ IDEA 12.1.7\bin\..\.\bin;C:\ProgramData\Oracle\Java\javapath;C:\Program Files (x86)\Common Files\NetSarang;C:\windows\system32;C:\windows;C:\windows\System32\Wbem;C:\windows\System32\WindowsPowerShell\v1.0\;C:\Program Files\Java\jdk1.8.0_45\bin;C:\Program Files\Java\jdk1.8.0_45\jre\bin;C:\Program Files\TortoiseSVN\bin;C:\cygwin\bin;C:\cygwin\bin;;c:\program files (x86)\jetbrains\intellij idea 12.1.7\jre\jre\bin
USERNAME=Administrator
OS=Windows_NT
PROCESSOR_IDENTIFIER=Intel64 Family 6 Model 58 Stepping 9, GenuineIntel



---------------  S Y S T E M  ---------------

OS: Windows 7 , 64 bit Build 7601 (6.1.7601.17965)

CPU:total 2 (2 cores per cpu, 1 threads per core) family 6 model 58 stepping 9, cmov, cx8, fxsr, mmx, sse, sse2, sse3, ssse3, sse4.1, sse4.2, popcnt, clmul, erms, tsc, tscinvbit, tscinv

Memory: 4k page, physical 8333864k(3443168k free), swap 25109228k(18391128k free)

vm_info: Java HotSpot(TM) 64-Bit Server VM (25.45-b02) for windows-amd64 JRE (1.8.0_45-b14), built on Apr 10 2015 10:34:15 by "java_re" with MS VC++ 10.0 (VS2010)

time: Thu Jan 28 14:20:40 2016
elapsed time: 11 seconds (0d 0h 0m 11s)

