#
# A fatal error has been detected by the Java Runtime Environment:
#
#  EXCEPTION_ACCESS_VIOLATION (0xc0000005) at pc=0x00000000026e225c, pid=3628, tid=1788
#
# JRE version: Java(TM) SE Runtime Environment (8.0_45-b14) (build 1.8.0_45-b14)
# Java VM: Java HotSpot(TM) 64-Bit Server VM (25.45-b02 mixed mode windows-amd64 compressed oops)
# Problematic frame:
# j  org.codehaus.plexus.util.xml.Xpp3Dom.getChildCount()I+14
#
# Failed to write core dump. Minidumps are not enabled by default on client versions of Windows
#
# If you would like to submit a bug report, please visit:
#   http://bugreport.java.com/bugreport/crash.jsp
#

---------------  T H R E A D  ---------------

Current thread (0x00000000002be800):  JavaThread "main" [_thread_in_Java, id=1788, stack(0x00000000025c0000,0x00000000026c0000)]

siginfo: ExceptionCode=0xc0000005, reading address 0x000000017d80c6c0

Registers:
RAX=0x00000000167e5838, RBX=0x000000000000000c, RCX=0x000000005ae089e8, RDX=0x0000000002455260
RSP=0x00000000026ba9e0, RBP=0x00000000026baa30, RSI=0x000000005a88bca0, RDI=0x000000005a2691d0
R8 =0x0000012f039b0176, R9 =0x0000013003980177, R10=0x000000005d98bb50, R11=0x00000000026ba9a0
R12=0x0000000000000000, R13=0x000000017d80c6c0, R14=0x0000000000000001, R15=0x00000000002be800
RIP=0x00000000026e225c, EFLAGS=0x0000000000010206

Top of Stack: (sp=0x00000000026ba9e0)
0x00000000026ba9e0:   00000000026c7755 000000005ae089e8
0x00000000026ba9f0:   00000000026ba9f0 00000000598695ae
0x00000000026baa00:   00000000026baa40 0000000059ac87b8
0x00000000026baa10:   0000000059b73448 00000000598695d0
0x00000000026baa20:   0000000000000000 00000000026baa40
0x00000000026baa30:   00000000026baa88 00000000026c7710
0x00000000026baa40:   0000000000000000 00000000026baa48
0x00000000026baa50:   0000000059868aa2 00000000026baac8
0x00000000026baa60:   0000000059ac87b8 0000000059b735d0
0x00000000026baa70:   0000000059868b90 00000000026baa40
0x00000000026baa80:   00000000026baad0 00000000dae2aed8
0x00000000026baa90:   0000000002e62d08 0000000000000000
0x00000000026baaa0:   0000000000000000 0000000000000000
0x00000000026baab0:   0000000000000000 0000000000000000
0x00000000026baac0:   00000000dae089c0 00000000dae2af60
0x00000000026baad0:   00000000dae2aaf0 0000000000000006 

Instructions: (pc=0x00000000026e225c)
0x00000000026e223c:   00 4d 89 75 18 49 83 c5 30 4c 89 6d e0 44 8b aa
0x00000000026e224c:   20 01 00 00 4e 8d ac ea b8 01 00 00 48 8d 14 da
0x00000000026e225c:   49 8b 5d 00 48 3b c3 74 16 48 85 db 0f 84 e2 02
0x00000000026e226c:   00 00 49 83 c5 10 49 8b 5d 00 48 3b c3 75 ea 45 


Register to memory mapping:

RAX=0x00000000167e5838 is pointing into metadata
RBX=0x000000000000000c is an unknown value
RCX=0x000000005ae089e8 is pointing into metadata
RDX=0x0000000002455260 is an unknown value
RSP=0x00000000026ba9e0 is pointing into the stack for thread: 0x00000000002be800
RBP=0x00000000026baa30 is pointing into the stack for thread: 0x00000000002be800
RSI=0x000000005a88bca0 is an unknown value
RDI=0x000000005a2691d0 is an unknown value
R8 =0x0000012f039b0176 is an unknown value
R9 =0x0000013003980177 is an unknown value
R10=0x000000005d98bb50 is an unknown value
R11=0x00000000026ba9a0 is pointing into the stack for thread: 0x00000000002be800
R12=0x0000000000000000 is an unknown value
R13=0x000000017d80c6c0 is an unknown value
R14=0x0000000000000001 is an unknown value
R15=0x00000000002be800 is a thread


Stack: [0x00000000025c0000,0x00000000026c0000],  sp=0x00000000026ba9e0,  free space=1002k
Native frames: (J=compiled Java code, j=interpreted, Vv=VM code, C=native code)
C  0x00000000026e225c


---------------  P R O C E S S  ---------------

Java Threads: ( => current thread )
  0x00000000585d7800 JavaThread "Monitor Ctrl-Break" daemon [_thread_in_native, id=2684, stack(0x0000000058db0000,0x0000000058eb0000)]
  0x00000000571cf800 JavaThread "Service Thread" daemon [_thread_blocked, id=2736, stack(0x0000000058aa0000,0x0000000058ba0000)]
  0x0000000057189800 JavaThread "C1 CompilerThread1" daemon [_thread_blocked, id=4704, stack(0x0000000058430000,0x0000000058530000)]
  0x000000005717a000 JavaThread "C2 CompilerThread0" daemon [_thread_in_native, id=3872, stack(0x0000000057fc0000,0x00000000580c0000)]
  0x0000000057179000 JavaThread "Attach Listener" daemon [_thread_blocked, id=3132, stack(0x00000000582b0000,0x00000000583b0000)]
  0x0000000057161800 JavaThread "Signal Dispatcher" daemon [_thread_blocked, id=4340, stack(0x00000000580c0000,0x00000000581c0000)]
  0x000000005710c800 JavaThread "Finalizer" daemon [_thread_blocked, id=4908, stack(0x0000000057e80000,0x0000000057f80000)]
  0x0000000057102000 JavaThread "Reference Handler" daemon [_thread_blocked, id=1360, stack(0x0000000057d50000,0x0000000057e50000)]
=>0x00000000002be800 JavaThread "main" [_thread_in_Java, id=1788, stack(0x00000000025c0000,0x00000000026c0000)]

Other Threads:
  0x00000000570fc800 VMThread [stack: 0x0000000057bf0000,0x0000000057cf0000] [id=2288]
  0x000000005857d000 WatcherThread [stack: 0x0000000058990000,0x0000000058a90000] [id=1316]

VM state:not at safepoint (normal execution)

VM Mutex/Monitor currently owned by a thread: None

Heap:
 PSYoungGen      total 437760K, used 90233K [0x00000000d5980000, 0x00000000f1280000, 0x0000000100000000)
  eden space 425472K, 20% used [0x00000000d5980000,0x00000000daeae558,0x00000000ef900000)
  from space 12288K, 24% used [0x00000000f0580000,0x00000000f0870000,0x00000000f1180000)
  to   space 12800K, 0% used [0x00000000ef900000,0x00000000ef900000,0x00000000f0580000)
 ParOldGen       total 87552K, used 22200K [0x0000000080c00000, 0x0000000086180000, 0x00000000d5980000)
  object space 87552K, 25% used [0x0000000080c00000,0x00000000821ae048,0x0000000086180000)
 Metaspace       used 18935K, capacity 19590K, committed 19840K, reserved 1067008K
  class space    used 2179K, capacity 2352K, committed 2432K, reserved 1048576K

Card table byte_map: [0x0000000011a80000,0x0000000011e80000] byte_map_base: 0x000000001167a000

Marking Bits: (ParMarkBitMap*) 0x000000005d9a4040
 Begin Bits: [0x0000000012430000, 0x0000000014400000)
 End Bits:   [0x0000000014400000, 0x00000000163d0000)

Polling page: 0x0000000000240000

CodeCache: size=245760Kb used=12947Kb max_used=13931Kb free=232812Kb
 bounds [0x00000000026c0000, 0x0000000003470000, 0x00000000116c0000]
 total_blobs=4363 nmethods=4024 adapters=252
 compilation: enabled

Compilation events (10 events):
Event: 6.899 Thread 0x0000000057189800 4270       2       org.apache.maven.artifact.DefaultArtifact::setVersion (16 bytes)
Event: 6.899 Thread 0x0000000057189800 nmethod 4270 0x00000000027e5d50 code [0x00000000027e5ec0, 0x00000000027e6088]
Event: 6.899 Thread 0x0000000057189800 4271       2       org.apache.maven.repository.legacy.resolver.DefaultLegacyArtifactCollector::manageArtifact (189 bytes)
Event: 6.900 Thread 0x0000000057189800 nmethod 4271 0x0000000002b6df10 code [0x0000000002b6e120, 0x0000000002b6e978]
Event: 6.937 Thread 0x0000000057189800 4272       2       java.util.concurrent.ConcurrentHashMap::get (162 bytes)
Event: 6.937 Thread 0x0000000057189800 nmethod 4272 0x0000000002978910 code [0x0000000002978ac0, 0x0000000002978fb8]
Event: 6.942 Thread 0x0000000057189800 4273       2       org.apache.maven.model.ConfigurationContainer::setInherited (6 bytes)
Event: 6.943 Thread 0x0000000057189800 nmethod 4273 0x00000000027ce790 code [0x00000000027ce8e0, 0x00000000027cea50]
Event: 6.943 Thread 0x0000000057189800 4274       2       java.util.regex.Pattern$BnM::optimize (179 bytes)
Event: 6.944 Thread 0x0000000057189800 nmethod 4274 0x0000000002846ad0 code [0x0000000002846c80, 0x0000000002847328]

GC Heap History (10 events):
Event: 2.857 GC heap before
{Heap before GC invocations=6 (full 0):
 PSYoungGen      total 71680K, used 71672K [0x00000000d5980000, 0x00000000dee80000, 0x0000000100000000)
  eden space 66560K, 100% used [0x00000000d5980000,0x00000000d9a80000,0x00000000d9a80000)
  from space 5120K, 99% used [0x00000000d9a80000,0x00000000d9f7e030,0x00000000d9f80000)
  to   space 9728K, 0% used [0x00000000de500000,0x00000000de500000,0x00000000dee80000)
 ParOldGen       total 87552K, used 10056K [0x0000000080c00000, 0x0000000086180000, 0x00000000d5980000)
  object space 87552K, 11% used [0x0000000080c00000,0x00000000815d2218,0x0000000086180000)
 Metaspace       used 15513K, capacity 15904K, committed 16000K, reserved 1062912K
  class space    used 1792K, capacity 1920K, committed 1920K, reserved 1048576K
Event: 2.874 GC heap after
Heap after GC invocations=6 (full 0):
 PSYoungGen      total 142848K, used 8424K [0x00000000d5980000, 0x00000000dee80000, 0x0000000100000000)
  eden space 133120K, 0% used [0x00000000d5980000,0x00000000d5980000,0x00000000ddb80000)
  from space 9728K, 86% used [0x00000000de500000,0x00000000ded3a060,0x00000000dee80000)
  to   space 9728K, 0% used [0x00000000ddb80000,0x00000000ddb80000,0x00000000de500000)
 ParOldGen       total 87552K, used 10064K [0x0000000080c00000, 0x0000000086180000, 0x00000000d5980000)
  object space 87552K, 11% used [0x0000000080c00000,0x00000000815d4218,0x0000000086180000)
 Metaspace       used 15513K, capacity 15904K, committed 16000K, reserved 1062912K
  class space    used 1792K, capacity 1920K, committed 1920K, reserved 1048576K
}
Event: 4.133 GC heap before
{Heap before GC invocations=7 (full 0):
 PSYoungGen      total 142848K, used 141544K [0x00000000d5980000, 0x00000000dee80000, 0x0000000100000000)
  eden space 133120K, 100% used [0x00000000d5980000,0x00000000ddb80000,0x00000000ddb80000)
  from space 9728K, 86% used [0x00000000de500000,0x00000000ded3a060,0x00000000dee80000)
  to   space 9728K, 0% used [0x00000000ddb80000,0x00000000ddb80000,0x00000000de500000)
 ParOldGen       total 87552K, used 10064K [0x0000000080c00000, 0x0000000086180000, 0x00000000d5980000)
  object space 87552K, 11% used [0x0000000080c00000,0x00000000815d4218,0x0000000086180000)
 Metaspace       used 18513K, capacity 19176K, committed 19328K, reserved 1067008K
  class space    used 2166K, capacity 2347K, committed 2432K, reserved 1048576K
Event: 4.180 GC heap after
Heap after GC invocations=7 (full 0):
 PSYoungGen      total 142848K, used 9702K [0x00000000d5980000, 0x00000000e7680000, 0x0000000100000000)
  eden space 133120K, 0% used [0x00000000d5980000,0x00000000d5980000,0x00000000ddb80000)
  from space 9728K, 99% used [0x00000000ddb80000,0x00000000de4f99b8,0x00000000de500000)
  to   space 12800K, 0% used [0x00000000e6a00000,0x00000000e6a00000,0x00000000e7680000)
 ParOldGen       total 87552K, used 13776K [0x0000000080c00000, 0x0000000086180000, 0x00000000d5980000)
  object space 87552K, 15% used [0x0000000080c00000,0x0000000081974028,0x0000000086180000)
 Metaspace       used 18513K, capacity 19176K, committed 19328K, reserved 1067008K
  class space    used 2166K, capacity 2347K, committed 2432K, reserved 1048576K
}
Event: 4.766 GC heap before
{Heap before GC invocations=8 (full 0):
 PSYoungGen      total 142848K, used 142822K [0x00000000d5980000, 0x00000000e7680000, 0x0000000100000000)
  eden space 133120K, 100% used [0x00000000d5980000,0x00000000ddb80000,0x00000000ddb80000)
  from space 9728K, 99% used [0x00000000ddb80000,0x00000000de4f99b8,0x00000000de500000)
  to   space 12800K, 0% used [0x00000000e6a00000,0x00000000e6a00000,0x00000000e7680000)
 ParOldGen       total 87552K, used 13776K [0x0000000080c00000, 0x0000000086180000, 0x00000000d5980000)
  object space 87552K, 15% used [0x0000000080c00000,0x0000000081974028,0x0000000086180000)
 Metaspace       used 18675K, capacity 19304K, committed 19584K, reserved 1067008K
  class space    used 2166K, capacity 2347K, committed 2432K, reserved 1048576K
Event: 4.791 GC heap after
Heap after GC invocations=8 (full 0):
 PSYoungGen      total 278016K, used 8672K [0x00000000d5980000, 0x00000000e7580000, 0x0000000100000000)
  eden space 266240K, 0% used [0x00000000d5980000,0x00000000d5980000,0x00000000e5d80000)
  from space 11776K, 73% used [0x00000000e6a00000,0x00000000e7278000,0x00000000e7580000)
  to   space 12288K, 0% used [0x00000000e5d80000,0x00000000e5d80000,0x00000000e6980000)
 ParOldGen       total 87552K, used 15656K [0x0000000080c00000, 0x0000000086180000, 0x00000000d5980000)
  object space 87552K, 17% used [0x0000000080c00000,0x0000000081b4a028,0x0000000086180000)
 Metaspace       used 18675K, capacity 19304K, committed 19584K, reserved 1067008K
  class space    used 2166K, capacity 2347K, committed 2432K, reserved 1048576K
}
Event: 5.759 GC heap before
{Heap before GC invocations=9 (full 0):
 PSYoungGen      total 278016K, used 274912K [0x00000000d5980000, 0x00000000e7580000, 0x0000000100000000)
  eden space 266240K, 100% used [0x00000000d5980000,0x00000000e5d80000,0x00000000e5d80000)
  from space 11776K, 73% used [0x00000000e6a00000,0x00000000e7278000,0x00000000e7580000)
  to   space 12288K, 0% used [0x00000000e5d80000,0x00000000e5d80000,0x00000000e6980000)
 ParOldGen       total 87552K, used 15656K [0x0000000080c00000, 0x0000000086180000, 0x00000000d5980000)
  object space 87552K, 17% used [0x0000000080c00000,0x0000000081b4a028,0x0000000086180000)
 Metaspace       used 18811K, capacity 19450K, committed 19584K, reserved 1067008K
  class space    used 2168K, capacity 2350K, committed 2432K, reserved 1048576K
Event: 5.801 GC heap after
Heap after GC invocations=9 (full 0):
 PSYoungGen      total 278528K, used 5632K [0x00000000d5980000, 0x00000000f1180000, 0x0000000100000000)
  eden space 266240K, 0% used [0x00000000d5980000,0x00000000d5980000,0x00000000e5d80000)
  from space 12288K, 45% used [0x00000000e5d80000,0x00000000e6300000,0x00000000e6980000)
  to   space 12288K, 0% used [0x00000000f0580000,0x00000000f0580000,0x00000000f1180000)
 ParOldGen       total 87552K, used 18920K [0x0000000080c00000, 0x0000000086180000, 0x00000000d5980000)
  object space 87552K, 21% used [0x0000000080c00000,0x0000000081e7a028,0x0000000086180000)
 Metaspace       used 18811K, capacity 19450K, committed 19584K, reserved 1067008K
  class space    used 2168K, capacity 2350K, committed 2432K, reserved 1048576K
}
Event: 6.674 GC heap before
{Heap before GC invocations=10 (full 0):
 PSYoungGen      total 278528K, used 271872K [0x00000000d5980000, 0x00000000f1180000, 0x0000000100000000)
  eden space 266240K, 100% used [0x00000000d5980000,0x00000000e5d80000,0x00000000e5d80000)
  from space 12288K, 45% used [0x00000000e5d80000,0x00000000e6300000,0x00000000e6980000)
  to   space 12288K, 0% used [0x00000000f0580000,0x00000000f0580000,0x00000000f1180000)
 ParOldGen       total 87552K, used 18920K [0x0000000080c00000, 0x0000000086180000, 0x00000000d5980000)
  object space 87552K, 21% used [0x0000000080c00000,0x0000000081e7a028,0x0000000086180000)
 Metaspace       used 18927K, capacity 19584K, committed 19840K, reserved 1067008K
  class space    used 2178K, capacity 2351K, committed 2432K, reserved 1048576K
Event: 6.708 GC heap after
Heap after GC invocations=10 (full 0):
 PSYoungGen      total 437760K, used 3008K [0x00000000d5980000, 0x00000000f1280000, 0x0000000100000000)
  eden space 425472K, 0% used [0x00000000d5980000,0x00000000d5980000,0x00000000ef900000)
  from space 12288K, 24% used [0x00000000f0580000,0x00000000f0870000,0x00000000f1180000)
  to   space 12800K, 0% used [0x00000000ef900000,0x00000000ef900000,0x00000000f0580000)
 ParOldGen       total 87552K, used 22200K [0x0000000080c00000, 0x0000000086180000, 0x00000000d5980000)
  object space 87552K, 25% used [0x0000000080c00000,0x00000000821ae048,0x0000000086180000)
 Metaspace       used 18927K, capacity 19584K, committed 19840K, reserved 1067008K
  class space    used 2178K, capacity 2351K, committed 2432K, reserved 1048576K
}

Deoptimization events (10 events):
Event: 6.165 Thread 0x00000000002be800 Uncommon trap: reason=array_check action=maybe_recompile pc=0x0000000003409688 method=java.util.AbstractCollection.toArray([Ljava/lang/Object;)[Ljava/lang/Object; @ 119
Event: 6.166 Thread 0x00000000002be800 Uncommon trap: reason=array_check action=maybe_recompile pc=0x0000000003409688 method=java.util.AbstractCollection.toArray([Ljava/lang/Object;)[Ljava/lang/Object; @ 119
Event: 6.167 Thread 0x00000000002be800 Uncommon trap: reason=array_check action=maybe_recompile pc=0x0000000003409688 method=java.util.AbstractCollection.toArray([Ljava/lang/Object;)[Ljava/lang/Object; @ 119
Event: 6.381 Thread 0x00000000002be800 Uncommon trap: reason=unstable_if action=reinterpret pc=0x00000000031ce7f4 method=java.io.BufferedReader.readLine(Z)Ljava/lang/String; @ 192
Event: 6.485 Thread 0x00000000002be800 Uncommon trap: reason=bimorphic action=maybe_recompile pc=0x000000000342ad44 method=java.util.regex.Pattern$Curly.match(Ljava/util/regex/Matcher;ILjava/lang/CharSequence;)Z @ 19
Event: 6.485 Thread 0x00000000002be800 Uncommon trap: reason=bimorphic action=maybe_recompile pc=0x000000000342ad44 method=java.util.regex.Pattern$Curly.match(Ljava/util/regex/Matcher;ILjava/lang/CharSequence;)Z @ 19
Event: 6.485 Thread 0x00000000002be800 Uncommon trap: reason=bimorphic action=maybe_recompile pc=0x000000000342ad44 method=java.util.regex.Pattern$Curly.match(Ljava/util/regex/Matcher;ILjava/lang/CharSequence;)Z @ 19
Event: 6.485 Thread 0x00000000002be800 Uncommon trap: reason=bimorphic action=maybe_recompile pc=0x000000000342ad44 method=java.util.regex.Pattern$Curly.match(Ljava/util/regex/Matcher;ILjava/lang/CharSequence;)Z @ 19
Event: 6.934 Thread 0x00000000002be800 Uncommon trap: reason=unstable_if action=reinterpret pc=0x0000000002c60584 method=java.util.concurrent.ConcurrentHashMap.get(Ljava/lang/Object;)Ljava/lang/Object; @ 76
Event: 6.946 Thread 0x00000000002be800 Uncommon trap: reason=class_check action=maybe_recompile pc=0x0000000002e65514 method=org.codehaus.plexus.util.xml.Xpp3Dom.getChildCount()I @ 14

Internal exceptions (10 events):
Event: 0.554 Thread 0x00000000002be800 Exception <a 'java/lang/ArrayIndexOutOfBoundsException'> (0x00000000d7756e40) thrown at [C:\re\workspace\8-2-build-windows-amd64-cygwin\jdk8u45\3457\hotspot\src\share\vm\runtime\sharedRuntime.cpp, line 605]
Event: 0.601 Thread 0x00000000002be800 Exception <a 'java/lang/ArrayIndexOutOfBoundsException'> (0x00000000d789b208) thrown at [C:\re\workspace\8-2-build-windows-amd64-cygwin\jdk8u45\3457\hotspot\src\share\vm\runtime\sharedRuntime.cpp, line 605]
Event: 0.609 Thread 0x00000000002be800 Exception <a 'java/lang/ArrayIndexOutOfBoundsException'> (0x00000000d7939578) thrown at [C:\re\workspace\8-2-build-windows-amd64-cygwin\jdk8u45\3457\hotspot\src\share\vm\runtime\sharedRuntime.cpp, line 605]
Event: 0.609 Thread 0x00000000002be800 Exception <a 'java/lang/ArrayIndexOutOfBoundsException'> (0x00000000d793a2d0) thrown at [C:\re\workspace\8-2-build-windows-amd64-cygwin\jdk8u45\3457\hotspot\src\share\vm\runtime\sharedRuntime.cpp, line 605]
Event: 1.330 Thread 0x00000000002be800 Implicit null exception at 0x0000000002a4bf05 to 0x0000000002a4c0d1
Event: 1.332 Thread 0x00000000002be800 Implicit null exception at 0x00000000029d112f to 0x00000000029d1195
Event: 1.609 Thread 0x00000000002be800 Implicit null exception at 0x0000000002c6424e to 0x0000000002c655a5
Event: 3.969 Thread 0x00000000002be800 Implicit null exception at 0x000000000311bc1f to 0x000000000311be61
Event: 4.245 Thread 0x00000000002be800 Implicit null exception at 0x00000000031b5ea0 to 0x00000000031b85bc
Event: 4.438 Thread 0x00000000002be800 Implicit null exception at 0x000000000328b974 to 0x000000000328d2bd

Events (10 events):
Event: 6.850 Thread 0x000000005717a000 flushing nmethod 0x0000000002c21950
Event: 6.850 Thread 0x000000005717a000 flushing nmethod 0x0000000002c247d0
Event: 6.852 Thread 0x0000000057189800 flushing nmethod 0x0000000002c63e10
Event: 6.870 Thread 0x0000000057189800 flushing nmethod 0x0000000002d42f90
Event: 6.934 Thread 0x00000000002be800 Uncommon trap: trap_request=0xffffff65 fr.pc=0x0000000002c60584
Event: 6.934 Thread 0x00000000002be800 DEOPT PACKING pc=0x0000000002c60584 sp=0x00000000026bbd00
Event: 6.934 Thread 0x00000000002be800 DEOPT UNPACKING pc=0x000000000270582a sp=0x00000000026bbc70 mode 2
Event: 6.946 Thread 0x00000000002be800 Uncommon trap: trap_request=0xffffffde fr.pc=0x0000000002e65514
Event: 6.946 Thread 0x00000000002be800 DEOPT PACKING pc=0x0000000002e65514 sp=0x00000000026ba9c0
Event: 6.946 Thread 0x00000000002be800 DEOPT UNPACKING pc=0x000000000270582a sp=0x00000000026ba9b8 mode 2


Dynamic libraries:
0x000000013f980000 - 0x000000013f9b7000 	C:\Program Files\Java\jdk1.8.0_45\bin\java.exe
0x0000000077820000 - 0x00000000779c9000 	C:\windows\SYSTEM32\ntdll.dll
0x00000000775a0000 - 0x00000000776bf000 	C:\windows\system32\kernel32.dll
0x000007fefdd30000 - 0x000007fefdd9c000 	C:\windows\system32\KERNELBASE.dll
0x000007fefe5d0000 - 0x000007fefe6ab000 	C:\windows\system32\ADVAPI32.dll
0x000007fefe430000 - 0x000007fefe4cf000 	C:\windows\system32\msvcrt.dll
0x000007fefe050000 - 0x000007fefe06f000 	C:\windows\SYSTEM32\sechost.dll
0x000007feff620000 - 0x000007feff74d000 	C:\windows\system32\RPCRT4.dll
0x0000000077140000 - 0x000000007723a000 	C:\windows\system32\USER32.dll
0x000007feff5b0000 - 0x000007feff617000 	C:\windows\system32\GDI32.dll
0x000007feff5a0000 - 0x000007feff5ae000 	C:\windows\system32\LPK.dll
0x000007feff970000 - 0x000007feffa39000 	C:\windows\system32\USP10.dll
0x000007fefc8a0000 - 0x000007fefca94000 	C:\windows\WinSxS\amd64_microsoft.windows.common-controls_6595b64144ccf1df_6.0.7601.17514_none_fa396087175ac9ac\COMCTL32.dll
0x000007fefe4d0000 - 0x000007fefe541000 	C:\windows\system32\SHLWAPI.dll
0x000007feffa40000 - 0x000007feffa6e000 	C:\windows\system32\IMM32.DLL
0x000007fefe6b0000 - 0x000007fefe7b9000 	C:\windows\system32\MSCTF.dll
0x0000000066e60000 - 0x0000000066f32000 	C:\Program Files\Java\jdk1.8.0_45\jre\bin\msvcr100.dll
0x000000005d1a0000 - 0x000000005da23000 	C:\Program Files\Java\jdk1.8.0_45\jre\bin\server\jvm.dll
0x000007fef95c0000 - 0x000007fef95c9000 	C:\windows\system32\WSOCK32.dll
0x000007fefe7c0000 - 0x000007fefe80d000 	C:\windows\system32\WS2_32.dll
0x000007feff960000 - 0x000007feff968000 	C:\windows\system32\NSI.dll
0x000007fefba30000 - 0x000007fefba6b000 	C:\windows\system32\WINMM.dll
0x000007fefcdc0000 - 0x000007fefcdcc000 	C:\windows\system32\VERSION.dll
0x00000000779f0000 - 0x00000000779f7000 	C:\windows\system32\PSAPI.DLL
0x0000000069310000 - 0x000000006931f000 	C:\Program Files\Java\jdk1.8.0_45\jre\bin\verify.dll
0x0000000068940000 - 0x0000000068969000 	C:\Program Files\Java\jdk1.8.0_45\jre\bin\java.dll
0x0000000067070000 - 0x0000000067086000 	C:\Program Files\Java\jdk1.8.0_45\jre\bin\zip.dll
0x000007fefe810000 - 0x000007feff598000 	C:\windows\system32\SHELL32.dll
0x000007feff750000 - 0x000007feff953000 	C:\windows\system32\ole32.dll
0x000007fefdc80000 - 0x000007fefdc8f000 	C:\windows\system32\profapi.dll
0x000007fef96c0000 - 0x000007fef96d0000 	C:\Program Files (x86)\JetBrains\IntelliJ IDEA 12.1.7\bin\breakgen64.dll
0x0000000067050000 - 0x000000006706a000 	C:\Program Files\Java\jdk1.8.0_45\jre\bin\net.dll
0x000007fefd4b0000 - 0x000007fefd505000 	C:\windows\system32\mswsock.dll
0x000007fefd4a0000 - 0x000007fefd4a7000 	C:\windows\System32\wship6.dll
0x0000000066e40000 - 0x0000000066e51000 	C:\Program Files\Java\jdk1.8.0_45\jre\bin\nio.dll
0x000007fefdb50000 - 0x000007fefdba7000 	C:\windows\system32\apphelp.dll
0x000007fef3080000 - 0x000007fef31a5000 	C:\windows\system32\dbghelp.dll

VM Arguments:
jvm_args: -Dmaven.home=F:\apache-maven-3.2.3 -Dclassworlds.conf=F:\apache-maven-3.2.3\bin\m2.conf -Didea.launcher.port=7537 -Didea.launcher.bin.path=C:\Program Files (x86)\JetBrains\IntelliJ IDEA 12.1.7\bin -Dfile.encoding=UTF-8 
java_command: com.intellij.rt.execution.application.AppMain org.codehaus.classworlds.Launcher --fail-fast --strict-checksums deploy
java_class_path (initial): F:\apache-maven-3.2.3\boot\plexus-classworlds-2.5.1.jar;C:\Program Files (x86)\JetBrains\IntelliJ IDEA 12.1.7\lib\idea_rt.jar
Launcher Type: SUN_STANDARD

Environment Variables:
JAVA_HOME=C:\Program Files\Java\jdk1.8.0_45
CLASSPATH=C:\Program Files\Java\jdk1.8.0_45\lib\dt.jar;C:\Program Files\Java\jdk1.8.0_45\lib\tools.jar;
PATH=C:\Program Files (x86)\JetBrains\IntelliJ IDEA 12.1.7\bin\..\.\bin;C:\ProgramData\Oracle\Java\javapath;C:\Program Files (x86)\Common Files\NetSarang;C:\windows\system32;C:\windows;C:\windows\System32\Wbem;C:\windows\System32\WindowsPowerShell\v1.0\;C:\Program Files\Java\jdk1.8.0_45\bin;C:\Program Files\Java\jdk1.8.0_45\jre\bin;C:\Program Files\TortoiseSVN\bin;C:\cygwin\bin;C:\cygwin\bin;;c:\program files (x86)\jetbrains\intellij idea 12.1.7\jre\jre\bin
USERNAME=Administrator
OS=Windows_NT
PROCESSOR_IDENTIFIER=Intel64 Family 6 Model 58 Stepping 9, GenuineIntel



---------------  S Y S T E M  ---------------

OS: Windows 7 , 64 bit Build 7601 (6.1.7601.17965)

CPU:total 2 (2 cores per cpu, 1 threads per core) family 6 model 58 stepping 9, cmov, cx8, fxsr, mmx, sse, sse2, sse3, ssse3, sse4.1, sse4.2, popcnt, clmul, erms, tsc, tscinvbit, tscinv

Memory: 4k page, physical 8333864k(4932172k free), swap 25109228k(20637376k free)

vm_info: Java HotSpot(TM) 64-Bit Server VM (25.45-b02) for windows-amd64 JRE (1.8.0_45-b14), built on Apr 10 2015 10:34:15 by "java_re" with MS VC++ 10.0 (VS2010)

time: Mon Jan 25 16:55:08 2016
elapsed time: 6 seconds (0d 0h 0m 6s)

