#
# A fatal error has been detected by the Java Runtime Environment:
#
#  EXCEPTION_ACCESS_VIOLATION (0xc0000005) at pc=0x000000005e4eddf2, pid=3868, tid=2960
#
# JRE version: Java(TM) SE Runtime Environment (8.0_45-b14) (build 1.8.0_45-b14)
# Java VM: Java HotSpot(TM) 64-Bit Server VM (25.45-b02 mixed mode windows-amd64 compressed oops)
# Problematic frame:
# V  [jvm.dll+0xaddf2]
#
# Failed to write core dump. Minidumps are not enabled by default on client versions of Windows
#
# If you would like to submit a bug report, please visit:
#   http://bugreport.java.com/bugreport/crash.jsp
#

---------------  T H R E A D  ---------------

Current thread (0x0000000002523800):  GCTaskThread [stack: 0x0000000012240000,0x0000000012340000] [id=2960]

siginfo: ExceptionCode=0xc0000005, reading address 0x00000000000000e8

Registers:
RAX=0x0000000000000000, RBX=0x00000000e5e24050, RCX=0x0000000013881770, RDX=0x00000000e5e24050
RSP=0x000000001233f568, RBP=0x0000000011ac3d81, RSI=0x000000005719a700, RDI=0x00000000813ac828
R8 =0x0000000000000000, R9 =0x0000000013881770, R10=0x000000000000000c, R11=0x000000000000000c
R12=0x0000000011ac3d63, R13=0x0000000000000019, R14=0x0000000000000000, R15=0x0000000002520a50
RIP=0x000000005e4eddf2, EFLAGS=0x0000000000010246

Top of Stack: (sp=0x000000001233f568)
0x000000001233f568:   000000005e8383a2 00000000e5e24038
0x000000001233f578:   0000000000000003 000000005719a700
0x000000001233f588:   000000000251c950 00000000f0478000
0x000000001233f598:   0000000000001000 0000000081fce670
0x000000001233f5a8:   0000000000000400 0000000000000000
0x000000001233f5b8:   000000005719a700 0000000011ac3d63
0x000000001233f5c8:   000000005e838710 0000000081fcfe4c
0x000000001233f5d8:   0000000011ac3d81 000000005719a700
0x000000001233f5e8:   00000000813ac828 0000000081fcfe4c
0x000000001233f5f8:   000000005e8392b5 00000000e5d78dc0
0x000000001233f608:   0000000011ac3d81 000000005719a700
0x000000001233f618:   0000000000000005 000000005719a700
0x000000001233f628:   0000000002eedde8 0000000080f017d4
0x000000001233f638:   000000005e552ed7 000000005719a700
0x000000001233f648:   000000005e5510d3 00000000810809dd
0x000000001233f658:   00000000810809dd 00000000813ac788 

Instructions: (pc=0x000000005e4eddf2)
0x000000005e4eddd2:   e2 49 8d 0c 11 49 f7 d1 48 03 c1 49 c1 e9 03 48
0x000000005e4edde2:   c1 e8 03 41 23 c1 c3 48 8b 02 48 8b d1 49 8b c9
0x000000005e4eddf2:   48 ff a0 e8 00 00 00 cc cc cc cc cc cc cc 80 3d
0x000000005e4ede02:   da be 74 00 00 48 8b c1 74 1b 8b 51 08 8b 0d 93 


Register to memory mapping:

RAX=0x0000000000000000 is an unknown value
RBX=0x00000000e5e24050 is an oop

[error occurred during error reporting (printing register info), id 0xc0000005]

Stack: [0x0000000012240000,0x0000000012340000],  sp=0x000000001233f568,  free space=1021k
Native frames: (J=compiled Java code, j=interpreted, Vv=VM code, C=native code)
V  [jvm.dll+0xaddf2]


---------------  P R O C E S S  ---------------

Java Threads: ( => current thread )
  0x0000000058604000 JavaThread "Monitor Ctrl-Break" daemon [_thread_in_native, id=2684, stack(0x0000000058ec0000,0x0000000058fc0000)]
  0x0000000058585000 JavaThread "Service Thread" daemon [_thread_blocked, id=752, stack(0x0000000058a10000,0x0000000058b10000)]
  0x000000005722d800 JavaThread "C1 CompilerThread1" daemon [_thread_blocked, id=4216, stack(0x00000000580b0000,0x00000000581b0000)]
  0x000000005721a000 JavaThread "C2 CompilerThread0" daemon [_thread_in_native, id=3056, stack(0x00000000582e0000,0x00000000583e0000)]
  0x0000000057219000 JavaThread "Attach Listener" daemon [_thread_blocked, id=2180, stack(0x0000000058460000,0x0000000058560000)]
  0x0000000057201800 JavaThread "Signal Dispatcher" daemon [_thread_blocked, id=4584, stack(0x00000000581b0000,0x00000000582b0000)]
  0x00000000571ac800 JavaThread "Finalizer" daemon [_thread_blocked, id=4392, stack(0x0000000057fa0000,0x00000000580a0000)]
  0x00000000571a2800 JavaThread "Reference Handler" daemon [_thread_blocked, id=112, stack(0x0000000057db0000,0x0000000057eb0000)]
  0x00000000023de800 JavaThread "main" [_thread_blocked, id=3872, stack(0x0000000002600000,0x0000000002700000)]

Other Threads:
  0x000000005719c800 VMThread [stack: 0x0000000057c00000,0x0000000057d00000] [id=4908]
  0x0000000058597000 WatcherThread [stack: 0x0000000058c80000,0x0000000058d80000] [id=2108]

=>0x0000000002523800 (exited) GCTaskThread [stack: 0x0000000012240000,0x0000000012340000] [id=2960]

VM state:at safepoint (normal execution)

VM Mutex/Monitor currently owned by a thread:  ([mutex/lock_event])
[0x00000000023dc3c0] Threads_lock - owner thread: 0x000000005719c800
[0x00000000023dc8c0] Heap_lock - owner thread: 0x00000000023de800

Heap:
 PSYoungGen      total 277504K, used 271200K [0x00000000d5980000, 0x00000000f1000000, 0x0000000100000000)
  eden space 265216K, 100% used [0x00000000d5980000,0x00000000e5c80000,0x00000000e5c80000)
  from space 12288K, 48% used [0x00000000e5c80000,0x00000000e6258000,0x00000000e6880000)
  to   space 12288K, 5% used [0x00000000f0400000,0x00000000f04b0000,0x00000000f1000000)
 ParOldGen       total 87552K, used 20537K [0x0000000080c00000, 0x0000000086180000, 0x00000000d5980000)
  object space 87552K, 23% used [0x0000000080c00000,0x000000008200e670,0x0000000086180000)
 Metaspace       used 18925K, capacity 19602K, committed 19840K, reserved 1067008K
  class space    used 2180K, capacity 2352K, committed 2432K, reserved 1048576K

Card table byte_map: [0x0000000011ac0000,0x0000000011ec0000] byte_map_base: 0x00000000116ba000

Marking Bits: (ParMarkBitMap*) 0x000000005ec44040
 Begin Bits: [0x00000000124d0000, 0x00000000144a0000)
 End Bits:   [0x00000000144a0000, 0x0000000016470000)

Polling page: 0x0000000000140000

CodeCache: size=245760Kb used=14005Kb max_used=14005Kb free=231754Kb
 bounds [0x0000000002700000, 0x00000000034c0000, 0x0000000011700000]
 total_blobs=4474 nmethods=4135 adapters=252
 compilation: enabled

Compilation events (10 events):
Event: 6.754 Thread 0x000000005722d800 4170       2       org.apache.maven.project.artifact.MavenMetadataSource::aggregateRepositories (175 bytes)
Event: 6.755 Thread 0x000000005722d800 nmethod 4170 0x00000000034b2610 code [0x00000000034b2880, 0x00000000034b3118]
Event: 6.755 Thread 0x000000005722d800 4171       2       org.apache.maven.project.artifact.DefaultMavenMetadataCache::put (42 bytes)
Event: 6.755 Thread 0x000000005722d800 nmethod 4171 0x00000000034b38d0 code [0x00000000034b3a40, 0x00000000034b3c98]
Event: 6.766 Thread 0x000000005722d800 4172       2       java.util.regex.Pattern::newSingle (98 bytes)
Event: 6.767 Thread 0x000000005722d800 nmethod 4172 0x00000000034b3dd0 code [0x00000000034b3fa0, 0x00000000034b44c8]
Event: 6.768 Thread 0x000000005722d800 4173   !   2       sun.reflect.GeneratedMethodAccessor8::invoke (61 bytes)
Event: 6.768 Thread 0x000000005722d800 nmethod 4173 0x00000000034b4750 code [0x00000000034b4900, 0x00000000034b4d88]
Event: 6.768 Thread 0x000000005722d800 4174   !   2       sun.reflect.GeneratedMethodAccessor9::invoke (61 bytes)
Event: 6.768 Thread 0x000000005722d800 nmethod 4174 0x00000000034b5110 code [0x00000000034b52c0, 0x00000000034b5748]

GC Heap History (10 events):
Event: 2.461 GC heap after
Heap after GC invocations=5 (full 0):
 PSYoungGen      total 71680K, used 5112K [0x00000000d5980000, 0x00000000dee80000, 0x0000000100000000)
  eden space 66560K, 0% used [0x00000000d5980000,0x00000000d5980000,0x00000000d9a80000)
  from space 5120K, 99% used [0x00000000d9a80000,0x00000000d9f7e030,0x00000000d9f80000)
  to   space 9728K, 0% used [0x00000000de500000,0x00000000de500000,0x00000000dee80000)
 ParOldGen       total 87552K, used 10440K [0x0000000080c00000, 0x0000000086180000, 0x00000000d5980000)
  object space 87552K, 11% used [0x0000000080c00000,0x0000000081632020,0x0000000086180000)
 Metaspace       used 14626K, capacity 14862K, committed 15104K, reserved 1062912K
  class space    used 1706K, capacity 1783K, committed 1792K, reserved 1048576K
}
Event: 3.035 GC heap before
{Heap before GC invocations=6 (full 0):
 PSYoungGen      total 71680K, used 71672K [0x00000000d5980000, 0x00000000dee80000, 0x0000000100000000)
  eden space 66560K, 100% used [0x00000000d5980000,0x00000000d9a80000,0x00000000d9a80000)
  from space 5120K, 99% used [0x00000000d9a80000,0x00000000d9f7e030,0x00000000d9f80000)
  to   space 9728K, 0% used [0x00000000de500000,0x00000000de500000,0x00000000dee80000)
 ParOldGen       total 87552K, used 10440K [0x0000000080c00000, 0x0000000086180000, 0x00000000d5980000)
  object space 87552K, 11% used [0x0000000080c00000,0x0000000081632020,0x0000000086180000)
 Metaspace       used 15518K, capacity 15916K, committed 16000K, reserved 1062912K
  class space    used 1792K, capacity 1920K, committed 1920K, reserved 1048576K
Event: 3.055 GC heap after
Heap after GC invocations=6 (full 0):
 PSYoungGen      total 142336K, used 8492K [0x00000000d5980000, 0x00000000def80000, 0x0000000100000000)
  eden space 132608K, 0% used [0x00000000d5980000,0x00000000d5980000,0x00000000ddb00000)
  from space 9728K, 87% used [0x00000000de500000,0x00000000ded4b010,0x00000000dee80000)
  to   space 10240K, 0% used [0x00000000ddb00000,0x00000000ddb00000,0x00000000de500000)
 ParOldGen       total 87552K, used 10440K [0x0000000080c00000, 0x0000000086180000, 0x00000000d5980000)
  object space 87552K, 11% used [0x0000000080c00000,0x0000000081632020,0x0000000086180000)
 Metaspace       used 15518K, capacity 15916K, committed 16000K, reserved 1062912K
  class space    used 1792K, capacity 1920K, committed 1920K, reserved 1048576K
}
Event: 4.256 GC heap before
{Heap before GC invocations=7 (full 0):
 PSYoungGen      total 142336K, used 141100K [0x00000000d5980000, 0x00000000def80000, 0x0000000100000000)
  eden space 132608K, 100% used [0x00000000d5980000,0x00000000ddb00000,0x00000000ddb00000)
  from space 9728K, 87% used [0x00000000de500000,0x00000000ded4b010,0x00000000dee80000)
  to   space 10240K, 0% used [0x00000000ddb00000,0x00000000ddb00000,0x00000000de500000)
 ParOldGen       total 87552K, used 10440K [0x0000000080c00000, 0x0000000086180000, 0x00000000d5980000)
  object space 87552K, 11% used [0x0000000080c00000,0x0000000081632020,0x0000000086180000)
 Metaspace       used 18514K, capacity 19124K, committed 19328K, reserved 1067008K
  class space    used 2166K, capacity 2347K, committed 2432K, reserved 1048576K
Event: 4.296 GC heap after
Heap after GC invocations=7 (full 0):
 PSYoungGen      total 142848K, used 10215K [0x00000000d5980000, 0x00000000e7580000, 0x0000000100000000)
  eden space 132608K, 0% used [0x00000000d5980000,0x00000000d5980000,0x00000000ddb00000)
  from space 10240K, 99% used [0x00000000ddb00000,0x00000000de4f9f90,0x00000000de500000)
  to   space 12800K, 0% used [0x00000000e6900000,0x00000000e6900000,0x00000000e7580000)
 ParOldGen       total 87552K, used 13781K [0x0000000080c00000, 0x0000000086180000, 0x00000000d5980000)
  object space 87552K, 15% used [0x0000000080c00000,0x0000000081975660,0x0000000086180000)
 Metaspace       used 18514K, capacity 19124K, committed 19328K, reserved 1067008K
  class space    used 2166K, capacity 2347K, committed 2432K, reserved 1048576K
}
Event: 4.898 GC heap before
{Heap before GC invocations=8 (full 0):
 PSYoungGen      total 142848K, used 142823K [0x00000000d5980000, 0x00000000e7580000, 0x0000000100000000)
  eden space 132608K, 100% used [0x00000000d5980000,0x00000000ddb00000,0x00000000ddb00000)
  from space 10240K, 99% used [0x00000000ddb00000,0x00000000de4f9f90,0x00000000de500000)
  to   space 12800K, 0% used [0x00000000e6900000,0x00000000e6900000,0x00000000e7580000)
 ParOldGen       total 87552K, used 13781K [0x0000000080c00000, 0x0000000086180000, 0x00000000d5980000)
  object space 87552K, 15% used [0x0000000080c00000,0x0000000081975660,0x0000000086180000)
 Metaspace       used 18671K, capacity 19316K, committed 19584K, reserved 1067008K
  class space    used 2167K, capacity 2347K, committed 2432K, reserved 1048576K
Event: 4.922 GC heap after
Heap after GC invocations=8 (full 0):
 PSYoungGen      total 276992K, used 7520K [0x00000000d5980000, 0x00000000e7480000, 0x0000000100000000)
  eden space 265216K, 0% used [0x00000000d5980000,0x00000000d5980000,0x00000000e5c80000)
  from space 11776K, 63% used [0x00000000e6900000,0x00000000e7058000,0x00000000e7480000)
  to   space 12288K, 0% used [0x00000000e5c80000,0x00000000e5c80000,0x00000000e6880000)
 ParOldGen       total 87552K, used 15301K [0x0000000080c00000, 0x0000000086180000, 0x00000000d5980000)
  object space 87552K, 17% used [0x0000000080c00000,0x0000000081af1660,0x0000000086180000)
 Metaspace       used 18671K, capacity 19316K, committed 19584K, reserved 1067008K
  class space    used 2167K, capacity 2347K, committed 2432K, reserved 1048576K
}
Event: 5.961 GC heap before
{Heap before GC invocations=9 (full 0):
 PSYoungGen      total 276992K, used 272736K [0x00000000d5980000, 0x00000000e7480000, 0x0000000100000000)
  eden space 265216K, 100% used [0x00000000d5980000,0x00000000e5c80000,0x00000000e5c80000)
  from space 11776K, 63% used [0x00000000e6900000,0x00000000e7058000,0x00000000e7480000)
  to   space 12288K, 0% used [0x00000000e5c80000,0x00000000e5c80000,0x00000000e6880000)
 ParOldGen       total 87552K, used 15301K [0x0000000080c00000, 0x0000000086180000, 0x00000000d5980000)
  object space 87552K, 17% used [0x0000000080c00000,0x0000000081af1660,0x0000000086180000)
 Metaspace       used 18802K, capacity 19462K, committed 19584K, reserved 1067008K
  class space    used 2169K, capacity 2350K, committed 2432K, reserved 1048576K
Event: 5.974 GC heap after
Heap after GC invocations=9 (full 0):
 PSYoungGen      total 277504K, used 5984K [0x00000000d5980000, 0x00000000f1000000, 0x0000000100000000)
  eden space 265216K, 0% used [0x00000000d5980000,0x00000000d5980000,0x00000000e5c80000)
  from space 12288K, 48% used [0x00000000e5c80000,0x00000000e6258000,0x00000000e6880000)
  to   space 12288K, 0% used [0x00000000f0400000,0x00000000f0400000,0x00000000f1000000)
 ParOldGen       total 87552K, used 18901K [0x0000000080c00000, 0x0000000086180000, 0x00000000d5980000)
  object space 87552K, 21% used [0x0000000080c00000,0x0000000081e75660,0x0000000086180000)
 Metaspace       used 18802K, capacity 19462K, committed 19584K, reserved 1067008K
  class space    used 2169K, capacity 2350K, committed 2432K, reserved 1048576K
}
Event: 6.827 GC heap before
{Heap before GC invocations=10 (full 0):
 PSYoungGen      total 277504K, used 271200K [0x00000000d5980000, 0x00000000f1000000, 0x0000000100000000)
  eden space 265216K, 100% used [0x00000000d5980000,0x00000000e5c80000,0x00000000e5c80000)
  from space 12288K, 48% used [0x00000000e5c80000,0x00000000e6258000,0x00000000e6880000)
  to   space 12288K, 0% used [0x00000000f0400000,0x00000000f0400000,0x00000000f1000000)
 ParOldGen       total 87552K, used 18901K [0x0000000080c00000, 0x0000000086180000, 0x00000000d5980000)
  object space 87552K, 21% used [0x0000000080c00000,0x0000000081e75660,0x0000000086180000)
 Metaspace       used 18925K, capacity 19602K, committed 19840K, reserved 1067008K
  class space    used 2180K, capacity 2352K, committed 2432K, reserved 1048576K

Deoptimization events (10 events):
Event: 3.913 Thread 0x00000000023de800 Uncommon trap: reason=predicate action=maybe_recompile pc=0x0000000002a2f1f8 method=sun.net.www.ParseUtil.encodePath(Ljava/lang/String;Z)Ljava/lang/String; @ 36
Event: 3.939 Thread 0x00000000023de800 Uncommon trap: reason=unstable_if action=reinterpret pc=0x0000000002f58304 method=org.apache.maven.model.ConfigurationContainer.setLocation(Ljava/lang/Object;Lorg/apache/maven/model/InputLocation;)V @ 1
Event: 3.948 Thread 0x00000000023de800 Uncommon trap: reason=unstable_if action=reinterpret pc=0x0000000002fe6ca0 method=org.apache.maven.model.Dependency.clone()Lorg/apache/maven/model/Dependency; @ 76
Event: 3.952 Thread 0x00000000023de800 Uncommon trap: reason=bimorphic action=maybe_recompile pc=0x0000000002d71c44 method=java.util.regex.Matcher.match(II)Z @ 86
Event: 3.952 Thread 0x00000000023de800 Uncommon trap: reason=bimorphic action=maybe_recompile pc=0x0000000002d71c44 method=java.util.regex.Matcher.match(II)Z @ 86
Event: 3.953 Thread 0x00000000023de800 Uncommon trap: reason=bimorphic action=maybe_recompile pc=0x0000000002d71c44 method=java.util.regex.Matcher.match(II)Z @ 86
Event: 3.953 Thread 0x00000000023de800 Uncommon trap: reason=bimorphic action=maybe_recompile pc=0x0000000002d71c44 method=java.util.regex.Matcher.match(II)Z @ 86
Event: 4.635 Thread 0x00000000023de800 Uncommon trap: reason=class_check action=maybe_recompile pc=0x0000000002ff6490 method=java.util.regex.Pattern$Curly.match0(Ljava/util/regex/Matcher;IILjava/lang/CharSequence;)Z @ 16
Event: 4.928 Thread 0x00000000023de800 Uncommon trap: reason=null_check action=make_not_entrant pc=0x00000000032a38bc method=org.apache.maven.model.io.xpp3.MavenXpp3ReaderEx.checkFieldWithDuplicate(Lorg/codehaus/plexus/util/xml/pull/XmlPullParser;Ljava/lang/String;Ljava/lang/String;Ljava/util/SUŽ0Ðh@
Event: 6.102 Thread 0x00000000023de800 Uncommon trap: reason=null_check action=make_not_entrant pc=0x0000000003430b64 method=org.apache.maven.model.validation.DefaultModelValidator.validateEffectiveDependency(Lorg/apache/maven/model/building/ModelProblemCollector;Lorg/apache/maven/model/Dependei¾(PÇN@

Internal exceptions (10 events):
Event: 0.421 Thread 0x00000000023de800 Exception <a 'java/lang/ArrayIndexOutOfBoundsException'> (0x00000000d693d688) thrown at [C:\re\workspace\8-2-build-windows-amd64-cygwin\jdk8u45\3457\hotspot\src\share\vm\runtime\sharedRuntime.cpp, line 605]
Event: 0.568 Thread 0x00000000023de800 Exception <a 'java/lang/ArrayIndexOutOfBoundsException'> (0x00000000d7759610) thrown at [C:\re\workspace\8-2-build-windows-amd64-cygwin\jdk8u45\3457\hotspot\src\share\vm\runtime\sharedRuntime.cpp, line 605]
Event: 0.568 Thread 0x00000000023de800 Exception <a 'java/lang/ArrayIndexOutOfBoundsException'> (0x00000000d775af08) thrown at [C:\re\workspace\8-2-build-windows-amd64-cygwin\jdk8u45\3457\hotspot\src\share\vm\runtime\sharedRuntime.cpp, line 605]
Event: 0.602 Thread 0x00000000023de800 Exception <a 'java/lang/ArrayIndexOutOfBoundsException'> (0x00000000d789f3a0) thrown at [C:\re\workspace\8-2-build-windows-amd64-cygwin\jdk8u45\3457\hotspot\src\share\vm\runtime\sharedRuntime.cpp, line 605]
Event: 0.610 Thread 0x00000000023de800 Exception <a 'java/lang/ArrayIndexOutOfBoundsException'> (0x00000000d793d6e0) thrown at [C:\re\workspace\8-2-build-windows-amd64-cygwin\jdk8u45\3457\hotspot\src\share\vm\runtime\sharedRuntime.cpp, line 605]
Event: 0.610 Thread 0x00000000023de800 Exception <a 'java/lang/ArrayIndexOutOfBoundsException'> (0x00000000d793e438) thrown at [C:\re\workspace\8-2-build-windows-amd64-cygwin\jdk8u45\3457\hotspot\src\share\vm\runtime\sharedRuntime.cpp, line 605]
Event: 1.338 Thread 0x00000000023de800 Implicit null exception at 0x0000000002a6fd85 to 0x0000000002a6ff51
Event: 1.476 Thread 0x00000000023de800 Implicit null exception at 0x0000000002c5efcd to 0x0000000002c60185
Event: 4.928 Thread 0x00000000023de800 Implicit null exception at 0x00000000032a365f to 0x00000000032a38a1
Event: 6.102 Thread 0x00000000023de800 Implicit null exception at 0x000000000342e7c6 to 0x0000000003430b49

Events (10 events):
Event: 6.473 Thread 0x00000000023de800 DEOPT UNPACKING pc=0x000000000274747f sp=0x00000000026fa840 mode 0
Event: 6.476 loading class org/apache/maven/artifact/resolver/ResolutionListenerForDepMgmt
Event: 6.476 loading class org/apache/maven/artifact/resolver/ResolutionListenerForDepMgmt done
Event: 6.585 Thread 0x00000000023de800 DEOPT PACKING pc=0x000000000312db84 sp=0x00000000026fb170
Event: 6.585 Thread 0x00000000023de800 DEOPT UNPACKING pc=0x000000000274747f sp=0x00000000026faf20 mode 0
Event: 6.724 loading class java/util/AbstractList$1
Event: 6.724 loading class java/util/AbstractList$1 done
Event: 6.732 Thread 0x00000000023de800 DEOPT PACKING pc=0x000000000327c0d5 sp=0x00000000026fa270
Event: 6.732 Thread 0x00000000023de800 DEOPT UNPACKING pc=0x000000000274747f sp=0x00000000026fa020 mode 0
Event: 6.827 Executing VM operation: ParallelGCFailedAllocation


Dynamic libraries:
0x000000013ff90000 - 0x000000013ffc7000 	C:\Program Files\Java\jdk1.8.0_45\bin\java.exe
0x0000000077820000 - 0x00000000779c9000 	C:\windows\SYSTEM32\ntdll.dll
0x00000000775a0000 - 0x00000000776bf000 	C:\windows\system32\kernel32.dll
0x000007fefdd30000 - 0x000007fefdd9c000 	C:\windows\system32\KERNELBASE.dll
0x000007fefe5d0000 - 0x000007fefe6ab000 	C:\windows\system32\ADVAPI32.dll
0x000007fefe430000 - 0x000007fefe4cf000 	C:\windows\system32\msvcrt.dll
0x000007fefe050000 - 0x000007fefe06f000 	C:\windows\SYSTEM32\sechost.dll
0x000007feff620000 - 0x000007feff74d000 	C:\windows\system32\RPCRT4.dll
0x0000000077140000 - 0x000000007723a000 	C:\windows\system32\USER32.dll
0x000007feff5b0000 - 0x000007feff617000 	C:\windows\system32\GDI32.dll
0x000007feff5a0000 - 0x000007feff5ae000 	C:\windows\system32\LPK.dll
0x000007feff970000 - 0x000007feffa39000 	C:\windows\system32\USP10.dll
0x000007fefc8a0000 - 0x000007fefca94000 	C:\windows\WinSxS\amd64_microsoft.windows.common-controls_6595b64144ccf1df_6.0.7601.17514_none_fa396087175ac9ac\COMCTL32.dll
0x000007fefe4d0000 - 0x000007fefe541000 	C:\windows\system32\SHLWAPI.dll
0x000007feffa40000 - 0x000007feffa6e000 	C:\windows\system32\IMM32.DLL
0x000007fefe6b0000 - 0x000007fefe7b9000 	C:\windows\system32\MSCTF.dll
0x0000000063660000 - 0x0000000063732000 	C:\Program Files\Java\jdk1.8.0_45\jre\bin\msvcr100.dll
0x000000005e440000 - 0x000000005ecc3000 	C:\Program Files\Java\jdk1.8.0_45\jre\bin\server\jvm.dll
0x000007fef96c0000 - 0x000007fef96c9000 	C:\windows\system32\WSOCK32.dll
0x000007fefe7c0000 - 0x000007fefe80d000 	C:\windows\system32\WS2_32.dll
0x000007feff960000 - 0x000007feff968000 	C:\windows\system32\NSI.dll
0x000007fefba30000 - 0x000007fefba6b000 	C:\windows\system32\WINMM.dll
0x000007fefcdc0000 - 0x000007fefcdcc000 	C:\windows\system32\VERSION.dll
0x00000000779f0000 - 0x00000000779f7000 	C:\windows\system32\PSAPI.DLL
0x000000006c8d0000 - 0x000000006c8df000 	C:\Program Files\Java\jdk1.8.0_45\jre\bin\verify.dll
0x0000000067060000 - 0x0000000067089000 	C:\Program Files\Java\jdk1.8.0_45\jre\bin\java.dll
0x0000000068950000 - 0x0000000068966000 	C:\Program Files\Java\jdk1.8.0_45\jre\bin\zip.dll
0x000007fefe810000 - 0x000007feff598000 	C:\windows\system32\SHELL32.dll
0x000007feff750000 - 0x000007feff953000 	C:\windows\system32\ole32.dll
0x000007fefdc80000 - 0x000007fefdc8f000 	C:\windows\system32\profapi.dll
0x000007fef6870000 - 0x000007fef6880000 	C:\Program Files (x86)\JetBrains\IntelliJ IDEA 12.1.7\bin\breakgen64.dll
0x0000000066f20000 - 0x0000000066f3a000 	C:\Program Files\Java\jdk1.8.0_45\jre\bin\net.dll
0x000007fefd4b0000 - 0x000007fefd505000 	C:\windows\system32\mswsock.dll
0x000007fefd4a0000 - 0x000007fefd4a7000 	C:\windows\System32\wship6.dll
0x0000000066f00000 - 0x0000000066f11000 	C:\Program Files\Java\jdk1.8.0_45\jre\bin\nio.dll
0x000007fefdb50000 - 0x000007fefdba7000 	C:\windows\system32\apphelp.dll
0x000007fef3080000 - 0x000007fef31a5000 	C:\windows\system32\dbghelp.dll

VM Arguments:
jvm_args: -Dmaven.home=F:\apache-maven-3.2.3 -Dclassworlds.conf=F:\apache-maven-3.2.3\bin\m2.conf -Didea.launcher.port=7535 -Didea.launcher.bin.path=C:\Program Files (x86)\JetBrains\IntelliJ IDEA 12.1.7\bin -Dfile.encoding=UTF-8 
java_command: com.intellij.rt.execution.application.AppMain org.codehaus.classworlds.Launcher --fail-fast --strict-checksums deploy
java_class_path (initial): F:\apache-maven-3.2.3\boot\plexus-classworlds-2.5.1.jar;C:\Program Files (x86)\JetBrains\IntelliJ IDEA 12.1.7\lib\idea_rt.jar
Launcher Type: SUN_STANDARD

Environment Variables:
JAVA_HOME=C:\Program Files\Java\jdk1.8.0_45
CLASSPATH=C:\Program Files\Java\jdk1.8.0_45\lib\dt.jar;C:\Program Files\Java\jdk1.8.0_45\lib\tools.jar;
PATH=C:\Program Files (x86)\JetBrains\IntelliJ IDEA 12.1.7\bin\..\.\bin;C:\ProgramData\Oracle\Java\javapath;C:\Program Files (x86)\Common Files\NetSarang;C:\windows\system32;C:\windows;C:\windows\System32\Wbem;C:\windows\System32\WindowsPowerShell\v1.0\;C:\Program Files\Java\jdk1.8.0_45\bin;C:\Program Files\Java\jdk1.8.0_45\jre\bin;C:\Program Files\TortoiseSVN\bin;C:\cygwin\bin;C:\cygwin\bin;;c:\program files (x86)\jetbrains\intellij idea 12.1.7\jre\jre\bin
USERNAME=Administrator
OS=Windows_NT
PROCESSOR_IDENTIFIER=Intel64 Family 6 Model 58 Stepping 9, GenuineIntel



---------------  S Y S T E M  ---------------

OS: Windows 7 , 64 bit Build 7601 (6.1.7601.17965)

CPU:total 2 (2 cores per cpu, 1 threads per core) family 6 model 58 stepping 9, cmov, cx8, fxsr, mmx, sse, sse2, sse3, ssse3, sse4.1, sse4.2, popcnt, clmul, erms, tsc, tscinvbit, tscinv

Memory: 4k page, physical 8333864k(4943084k free), swap 25109228k(20631984k free)

vm_info: Java HotSpot(TM) 64-Bit Server VM (25.45-b02) for windows-amd64 JRE (1.8.0_45-b14), built on Apr 10 2015 10:34:15 by "java_re" with MS VC++ 10.0 (VS2010)

time: Mon Jan 25 16:53:43 2016
elapsed time: 6 seconds (0d 0h 0m 6s)

